[ 2012-12-11T14:28:48+08:00 ] 127.0.0.1 /ad/material
INFO: [ route_check ] --START--
INFO: Run CheckRoute Behavior [ RunTime:0.000106s ]
INFO: [ route_check ] --END-- [ RunTime:0.000167s ]
INFO: [ app_begin ] --START--
INFO: Run ReadHtmlCache Behavior [ RunTime:-0.000267s ]
INFO: [ app_begin ] --END-- [ RunTime:0.000121s ]
INFO: [ view_template ] --START--
INFO: Run LocationTemplate Behavior [ RunTime:-0.028708s ]
INFO: [ view_template ] --END-- [ RunTime:0.000185s ]
INFO: [ view_parse ] --START--
NOTIC: [8] Use of undefined constant loca - assumed 'loca' /Users/adnetsalso/Sites/ad/Runtime/Cache/387af992d86f6f54ef27a1ec78648937.php 第 23 行.
NOTIC: [8] Use of undefined constant mater - assumed 'mater' /Users/adnetsalso/Sites/ad/Runtime/Cache/387af992d86f6f54ef27a1ec78648937.php 第 31 行.
INFO: Run ParseTemplate Behavior [ RunTime:-0.028914s ]
INFO: [ view_parse ] --END-- [ RunTime:0.046253s ]
INFO: [ view_filter ] --START--
INFO: Run ContentReplace Behavior [ RunTime:-0.075198s ]
INFO: Run TokenBuild Behavior [ RunTime:-0.075376s ]
INFO: Run WriteHtmlCache Behavior [ RunTime:-0.075488s ]
INFO: Run ShowRuntime Behavior [ RunTime:-0.075588s ]
INFO: [ view_filter ] --END-- [ RunTime:0.000541s ]
INFO: [ view_end ] --START--
INFO: Run ShowPageTrace Behavior [ RunTime:-0.075780s ]
INFO: [ view_end ] --END-- [ RunTime:0.000127s ]

[ 2012-12-11T14:28:48+08:00 ] 127.0.0.1 /ad/material/cnt
INFO: [ route_check ] --START--
INFO: Run CheckRoute Behavior [ RunTime:0.000100s ]
INFO: [ route_check ] --END-- [ RunTime:0.000179s ]
INFO: [ app_begin ] --START--
INFO: Run ReadHtmlCache Behavior [ RunTime:-0.000303s ]
INFO: [ app_begin ] --END-- [ RunTime:0.000171s ]
NOTIC: [8] Undefined offset: 2 /Users/adnetsalso/Sites/ad/Lib/Action/MaterialAction.class.php 第 64 行.
SQL: alsogood.getCollection(material) [ RunTime:0.000223s ]
NOTIC: [8] Undefined index: model /Users/adnetsalso/Sites/ad/ThinkPHP/Lib/Driver/Db/DbMongo.class.php 第 552 行.
SQL: alsogood.material.find({"site":{"$id":"509a04be96838cb770a61bd2"},"state":1}).count() [ RunTime:0.000496s ]

[ 2012-12-11T14:28:48+08:00 ] 127.0.0.1 /ad/material/cnt
INFO: [ route_check ] --START--
INFO: Run CheckRoute Behavior [ RunTime:0.000066s ]
INFO: [ route_check ] --END-- [ RunTime:0.000116s ]
INFO: [ app_begin ] --START--
INFO: Run ReadHtmlCache Behavior [ RunTime:-0.000183s ]
INFO: [ app_begin ] --END-- [ RunTime:0.000092s ]
NOTIC: [8] Undefined offset: 2 /Users/adnetsalso/Sites/ad/Lib/Action/MaterialAction.class.php 第 64 行.
SQL: alsogood.getCollection(material) [ RunTime:0.000027s ]
NOTIC: [8] Undefined index: model /Users/adnetsalso/Sites/ad/ThinkPHP/Lib/Driver/Db/DbMongo.class.php 第 552 行.
SQL: alsogood.material.find({"site":{"$id":"509a04be96838cb770a61bd2"},"state":1}).count() [ RunTime:0.000330s ]

[ 2012-12-11T14:28:48+08:00 ] 127.0.0.1 /ad/material/lst/1
INFO: [ route_check ] --START--
INFO: Run CheckRoute Behavior [ RunTime:0.000161s ]
INFO: [ route_check ] --END-- [ RunTime:0.000257s ]
INFO: [ app_begin ] --START--
INFO: Run ReadHtmlCache Behavior [ RunTime:-0.000369s ]
INFO: [ app_begin ] --END-- [ RunTime:0.000216s ]
SQL: alsogood.getCollection(material) [ RunTime:0.000038s ]
NOTIC: [8] Undefined index: field /Users/adnetsalso/Sites/ad/ThinkPHP/Lib/Driver/Db/DbMongo.class.php 第 436 行.
SQL: alsogood.material.find({"site":{"$id":"509a04be96838cb770a61bd2"},"state":1}).sort({"_id":-1}).limit(5) [ RunTime:0.000075s ]

[ 2012-12-11T14:28:50+08:00 ] 127.0.0.1 /ad/index/index
INFO: [ route_check ] --START--
INFO: Run CheckRoute Behavior [ RunTime:0.000065s ]
INFO: [ route_check ] --END-- [ RunTime:0.000120s ]
INFO: [ app_begin ] --START--
INFO: Run ReadHtmlCache Behavior [ RunTime:-0.000187s ]
INFO: [ app_begin ] --END-- [ RunTime:0.000094s ]
INFO: [ view_template ] --START--
INFO: Run LocationTemplate Behavior [ RunTime:-0.000573s ]
INFO: [ view_template ] --END-- [ RunTime:0.000169s ]
INFO: [ view_parse ] --START--
NOTIC: [8] Use of undefined constant loca - assumed 'loca' /Users/adnetsalso/Sites/ad/Runtime/Cache/bf2e1548e4d3802caafd8c341c9d9507.php 第 22 行.
NOTIC: [8] Use of undefined constant mater - assumed 'mater' /Users/adnetsalso/Sites/ad/Runtime/Cache/bf2e1548e4d3802caafd8c341c9d9507.php 第 30 行.
INFO: Run ParseTemplate Behavior [ RunTime:-0.000772s ]
INFO: [ view_parse ] --END-- [ RunTime:0.027997s ]
INFO: [ view_filter ] --START--
INFO: Run ContentReplace Behavior [ RunTime:-0.028821s ]
INFO: Run TokenBuild Behavior [ RunTime:-0.029044s ]
INFO: Run WriteHtmlCache Behavior [ RunTime:-0.029161s ]
INFO: Run ShowRuntime Behavior [ RunTime:-0.029241s ]
INFO: [ view_filter ] --END-- [ RunTime:0.000577s ]
INFO: [ view_end ] --START--
INFO: Run ShowPageTrace Behavior [ RunTime:-0.029454s ]
INFO: [ view_end ] --END-- [ RunTime:0.000124s ]

[ 2012-12-11T14:28:50+08:00 ] 127.0.0.1 /ad/adseat/cnt
INFO: [ route_check ] --START--
INFO: Run CheckRoute Behavior [ RunTime:0.000075s ]
INFO: [ route_check ] --END-- [ RunTime:0.000127s ]
INFO: [ app_begin ] --START--
INFO: Run ReadHtmlCache Behavior [ RunTime:-0.000244s ]
INFO: [ app_begin ] --END-- [ RunTime:0.000105s ]
NOTIC: [8] Undefined offset: 2 /Users/adnetsalso/Sites/ad/Lib/Action/AdseatAction.class.php 第 168 行.
NOTIC: [8] Undefined offset: 3 /Users/adnetsalso/Sites/ad/Lib/Action/AdseatAction.class.php 第 170 行.
SQL: alsogood.getCollection(adseat) [ RunTime:0.000050s ]
NOTIC: [8] Undefined index: model /Users/adnetsalso/Sites/ad/ThinkPHP/Lib/Driver/Db/DbMongo.class.php 第 552 行.
SQL: alsogood.adseat.find({"website":{"$id":"509a04be96838cb770a61bd2"}}).count() [ RunTime:0.000762s ]

[ 2012-12-11T14:28:50+08:00 ] 127.0.0.1 /ad/adseat/chn
INFO: [ route_check ] --START--
INFO: Run CheckRoute Behavior [ RunTime:0.000105s ]
INFO: [ route_check ] --END-- [ RunTime:0.000174s ]
INFO: [ app_begin ] --START--
INFO: Run ReadHtmlCache Behavior [ RunTime:-0.000333s ]
INFO: [ app_begin ] --END-- [ RunTime:0.000147s ]
SQL: alsogood.getCollection(website) [ RunTime:0.000032s ]
NOTIC: [8] Undefined index: model /Users/adnetsalso/Sites/ad/ThinkPHP/Lib/Driver/Db/DbMongo.class.php 第 433 行.
NOTIC: [8] Undefined index: order /Users/adnetsalso/Sites/ad/ThinkPHP/Lib/Driver/Db/DbMongo.class.php 第 447 行.
SQL: alsogood.website.find({"_id":{"$id":"509a04be96838cb770a61bd2"},"channel.state":1},["channel","channel.chnName","channel.desc"]) [ RunTime:0.000073s ]

[ 2012-12-11T14:28:50+08:00 ] 127.0.0.1 /ad/adseat/cnt/all/all
INFO: [ route_check ] --START--
INFO: Run CheckRoute Behavior [ RunTime:0.000102s ]
INFO: [ route_check ] --END-- [ RunTime:0.000169s ]
INFO: [ app_begin ] --START--
INFO: Run ReadHtmlCache Behavior [ RunTime:-0.000364s ]
INFO: [ app_begin ] --END-- [ RunTime:0.000171s ]
SQL: alsogood.getCollection(adseat) [ RunTime:0.000018s ]
NOTIC: [8] Undefined index: model /Users/adnetsalso/Sites/ad/ThinkPHP/Lib/Driver/Db/DbMongo.class.php 第 552 行.
SQL: alsogood.adseat.find({"website":{"$id":"509a04be96838cb770a61bd2"}}).count() [ RunTime:0.000588s ]

[ 2012-12-11T14:28:50+08:00 ] 127.0.0.1 /ad/adseat/index/1/all/all
INFO: [ route_check ] --START--
INFO: Run CheckRoute Behavior [ RunTime:0.000080s ]
INFO: [ route_check ] --END-- [ RunTime:0.000128s ]
INFO: [ app_begin ] --START--
INFO: Run ReadHtmlCache Behavior [ RunTime:-0.000215s ]
INFO: [ app_begin ] --END-- [ RunTime:0.000096s ]
SQL: alsogood.getCollection(website) [ RunTime:0.000019s ]
NOTIC: [8] Undefined index: model /Users/adnetsalso/Sites/ad/ThinkPHP/Lib/Driver/Db/DbMongo.class.php 第 513 行.
NOTIC: [8] Undefined index: field /Users/adnetsalso/Sites/ad/ThinkPHP/Lib/Driver/Db/DbMongo.class.php 第 516 行.
SQL: alsogood.website.findOne({"uid":{"$id":"509a041296838cb770a61bd0"}}) [ RunTime:0.000269s ]
SQL: alsogood.getCollection(adseat) [ RunTime:0.000013s ]
SQL: alsogood.adseat.find({"website":{"$id":"509a04be96838cb770a61bd2"}},["name","shape","chnName","priSize","desc"]).sort({"_id":-1}).limit(5) [ RunTime:0.000043s ]
NOTIC: [8] Undefined index: auxSize /Users/adnetsalso/Sites/ad/Lib/Action/AdseatAction.class.php 第 35 行.
NOTIC: [8] Undefined index: auxSize /Users/adnetsalso/Sites/ad/Lib/Action/AdseatAction.class.php 第 35 行.
NOTIC: [8] Undefined index: auxSize /Users/adnetsalso/Sites/ad/Lib/Action/AdseatAction.class.php 第 35 行.
NOTIC: [8] Undefined index: auxSize /Users/adnetsalso/Sites/ad/Lib/Action/AdseatAction.class.php 第 35 行.
NOTIC: [8] Undefined index: auxSize /Users/adnetsalso/Sites/ad/Lib/Action/AdseatAction.class.php 第 35 行.

[ 2012-12-11T14:28:52+08:00 ] 127.0.0.1 /ad/material/index
INFO: [ route_check ] --START--
INFO: Run CheckRoute Behavior [ RunTime:0.000075s ]
INFO: [ route_check ] --END-- [ RunTime:0.000137s ]
INFO: [ app_begin ] --START--
INFO: Run ReadHtmlCache Behavior [ RunTime:-0.000224s ]
INFO: [ app_begin ] --END-- [ RunTime:0.000151s ]
INFO: [ view_template ] --START--
INFO: Run LocationTemplate Behavior [ RunTime:-0.000731s ]
INFO: [ view_template ] --END-- [ RunTime:0.000085s ]
INFO: [ view_parse ] --START--
NOTIC: [8] Use of undefined constant loca - assumed 'loca' /Users/adnetsalso/Sites/ad/Runtime/Cache/387af992d86f6f54ef27a1ec78648937.php 第 23 行.
NOTIC: [8] Use of undefined constant mater - assumed 'mater' /Users/adnetsalso/Sites/ad/Runtime/Cache/387af992d86f6f54ef27a1ec78648937.php 第 31 行.
INFO: Run ParseTemplate Behavior [ RunTime:-0.000844s ]
INFO: [ view_parse ] --END-- [ RunTime:0.003213s ]
INFO: [ view_filter ] --START--
INFO: Run ContentReplace Behavior [ RunTime:-0.004086s ]
INFO: Run TokenBuild Behavior [ RunTime:-0.004253s ]
INFO: Run WriteHtmlCache Behavior [ RunTime:-0.004337s ]
INFO: Run ShowRuntime Behavior [ RunTime:-0.004393s ]
INFO: [ view_filter ] --END-- [ RunTime:0.000424s ]
INFO: [ view_end ] --START--
INFO: Run ShowPageTrace Behavior [ RunTime:-0.004550s ]
INFO: [ view_end ] --END-- [ RunTime:0.000088s ]

[ 2012-12-11T14:28:52+08:00 ] 127.0.0.1 /ad/material/cnt
INFO: [ route_check ] --START--
INFO: Run CheckRoute Behavior [ RunTime:0.000066s ]
INFO: [ route_check ] --END-- [ RunTime:0.000114s ]
INFO: [ app_begin ] --START--
INFO: Run ReadHtmlCache Behavior [ RunTime:-0.000182s ]
INFO: [ app_begin ] --END-- [ RunTime:0.000091s ]
NOTIC: [8] Undefined offset: 2 /Users/adnetsalso/Sites/ad/Lib/Action/MaterialAction.class.php 第 64 行.
SQL: alsogood.getCollection(material) [ RunTime:0.000031s ]
NOTIC: [8] Undefined index: model /Users/adnetsalso/Sites/ad/ThinkPHP/Lib/Driver/Db/DbMongo.class.php 第 552 行.
SQL: alsogood.material.find({"site":{"$id":"509a04be96838cb770a61bd2"},"state":1}).count() [ RunTime:0.000425s ]

[ 2012-12-11T14:28:52+08:00 ] 127.0.0.1 /ad/material/cnt
INFO: [ route_check ] --START--
INFO: Run CheckRoute Behavior [ RunTime:0.000082s ]
INFO: [ route_check ] --END-- [ RunTime:0.000138s ]
INFO: [ app_begin ] --START--
INFO: Run ReadHtmlCache Behavior [ RunTime:-0.000189s ]
INFO: [ app_begin ] --END-- [ RunTime:0.000131s ]
NOTIC: [8] Undefined offset: 2 /Users/adnetsalso/Sites/ad/Lib/Action/MaterialAction.class.php 第 64 行.
SQL: alsogood.getCollection(material) [ RunTime:0.000026s ]
NOTIC: [8] Undefined index: model /Users/adnetsalso/Sites/ad/ThinkPHP/Lib/Driver/Db/DbMongo.class.php 第 552 行.
SQL: alsogood.material.find({"site":{"$id":"509a04be96838cb770a61bd2"},"state":1}).count() [ RunTime:0.000381s ]

[ 2012-12-11T14:28:52+08:00 ] 127.0.0.1 /ad/material/lst/1
INFO: [ route_check ] --START--
INFO: Run CheckRoute Behavior [ RunTime:0.000061s ]
INFO: [ route_check ] --END-- [ RunTime:0.000106s ]
INFO: [ app_begin ] --START--
INFO: Run ReadHtmlCache Behavior [ RunTime:-0.000177s ]
INFO: [ app_begin ] --END-- [ RunTime:0.000103s ]
SQL: alsogood.getCollection(material) [ RunTime:0.000021s ]
NOTIC: [8] Undefined index: field /Users/adnetsalso/Sites/ad/ThinkPHP/Lib/Driver/Db/DbMongo.class.php 第 436 行.
SQL: alsogood.material.find({"site":{"$id":"509a04be96838cb770a61bd2"},"state":1}).sort({"_id":-1}).limit(5) [ RunTime:0.000097s ]

[ 2012-12-11T14:30:04+08:00 ] 127.0.0.1 /ad/index/index
INFO: [ route_check ] --START--
INFO: Run CheckRoute Behavior [ RunTime:0.000138s ]
INFO: [ route_check ] --END-- [ RunTime:0.000229s ]
INFO: [ app_begin ] --START--
INFO: Run ReadHtmlCache Behavior [ RunTime:-0.000324s ]
INFO: [ app_begin ] --END-- [ RunTime:0.000159s ]
INFO: [ view_template ] --START--
INFO: Run LocationTemplate Behavior [ RunTime:-0.001004s ]
INFO: [ view_template ] --END-- [ RunTime:0.000157s ]
INFO: [ view_parse ] --START--
NOTIC: [8] Use of undefined constant loca - assumed 'loca' /Users/adnetsalso/Sites/ad/Runtime/Cache/bf2e1548e4d3802caafd8c341c9d9507.php 第 22 行.
NOTIC: [8] Use of undefined constant mater - assumed 'mater' /Users/adnetsalso/Sites/ad/Runtime/Cache/bf2e1548e4d3802caafd8c341c9d9507.php 第 30 行.
INFO: Run ParseTemplate Behavior [ RunTime:-0.001201s ]
INFO: [ view_parse ] --END-- [ RunTime:0.004207s ]
INFO: [ view_filter ] --START--
INFO: Run ContentReplace Behavior [ RunTime:-0.005437s ]
INFO: Run TokenBuild Behavior [ RunTime:-0.005656s ]
INFO: Run WriteHtmlCache Behavior [ RunTime:-0.005786s ]
INFO: Run ShowRuntime Behavior [ RunTime:-0.005872s ]
INFO: [ view_filter ] --END-- [ RunTime:0.000598s ]
INFO: [ view_end ] --START--
INFO: Run ShowPageTrace Behavior [ RunTime:-0.006071s ]
INFO: [ view_end ] --END-- [ RunTime:0.000118s ]

[ 2012-12-11T14:30:04+08:00 ] 127.0.0.1 /ad/adseat/cnt
INFO: [ route_check ] --START--
INFO: Run CheckRoute Behavior [ RunTime:0.000066s ]
INFO: [ route_check ] --END-- [ RunTime:0.000116s ]
INFO: [ app_begin ] --START--
INFO: Run ReadHtmlCache Behavior [ RunTime:-0.000197s ]
INFO: [ app_begin ] --END-- [ RunTime:0.000094s ]
NOTIC: [8] Undefined offset: 2 /Users/adnetsalso/Sites/ad/Lib/Action/AdseatAction.class.php 第 168 行.
NOTIC: [8] Undefined offset: 3 /Users/adnetsalso/Sites/ad/Lib/Action/AdseatAction.class.php 第 170 行.
SQL: alsogood.getCollection(adseat) [ RunTime:0.000029s ]
NOTIC: [8] Undefined index: model /Users/adnetsalso/Sites/ad/ThinkPHP/Lib/Driver/Db/DbMongo.class.php 第 552 行.
SQL: alsogood.adseat.find({"website":{"$id":"509a04be96838cb770a61bd2"}}).count() [ RunTime:0.001565s ]

[ 2012-12-11T14:30:04+08:00 ] 127.0.0.1 /ad/adseat/chn
INFO: [ route_check ] --START--
INFO: Run CheckRoute Behavior [ RunTime:0.000172s ]
INFO: [ route_check ] --END-- [ RunTime:0.000261s ]
INFO: [ app_begin ] --START--
INFO: Run ReadHtmlCache Behavior [ RunTime:-0.000409s ]
INFO: [ app_begin ] --END-- [ RunTime:0.000194s ]
SQL: alsogood.getCollection(website) [ RunTime:0.000028s ]
NOTIC: [8] Undefined index: model /Users/adnetsalso/Sites/ad/ThinkPHP/Lib/Driver/Db/DbMongo.class.php 第 433 行.
NOTIC: [8] Undefined index: order /Users/adnetsalso/Sites/ad/ThinkPHP/Lib/Driver/Db/DbMongo.class.php 第 447 行.
SQL: alsogood.website.find({"_id":{"$id":"509a04be96838cb770a61bd2"},"channel.state":1},["channel","channel.chnName","channel.desc"]) [ RunTime:0.000238s ]

[ 2012-12-11T14:30:04+08:00 ] 127.0.0.1 /ad/adseat/cnt/all/all
INFO: [ route_check ] --START--
INFO: Run CheckRoute Behavior [ RunTime:0.000105s ]
INFO: [ route_check ] --END-- [ RunTime:0.000182s ]
INFO: [ app_begin ] --START--
INFO: Run ReadHtmlCache Behavior [ RunTime:-0.000391s ]
INFO: [ app_begin ] --END-- [ RunTime:0.000161s ]
SQL: alsogood.getCollection(adseat) [ RunTime:0.000030s ]
NOTIC: [8] Undefined index: model /Users/adnetsalso/Sites/ad/ThinkPHP/Lib/Driver/Db/DbMongo.class.php 第 552 行.
SQL: alsogood.adseat.find({"website":{"$id":"509a04be96838cb770a61bd2"}}).count() [ RunTime:0.000340s ]

[ 2012-12-11T14:30:04+08:00 ] 127.0.0.1 /ad/adseat/index/1/all/all
INFO: [ route_check ] --START--
INFO: Run CheckRoute Behavior [ RunTime:0.000061s ]
INFO: [ route_check ] --END-- [ RunTime:0.000107s ]
INFO: [ app_begin ] --START--
INFO: Run ReadHtmlCache Behavior [ RunTime:-0.000200s ]
INFO: [ app_begin ] --END-- [ RunTime:0.000086s ]
SQL: alsogood.getCollection(website) [ RunTime:0.000017s ]
NOTIC: [8] Undefined index: model /Users/adnetsalso/Sites/ad/ThinkPHP/Lib/Driver/Db/DbMongo.class.php 第 513 行.
NOTIC: [8] Undefined index: field /Users/adnetsalso/Sites/ad/ThinkPHP/Lib/Driver/Db/DbMongo.class.php 第 516 行.
SQL: alsogood.website.findOne({"uid":{"$id":"509a041296838cb770a61bd0"}}) [ RunTime:0.000353s ]
SQL: alsogood.getCollection(adseat) [ RunTime:0.000012s ]
SQL: alsogood.adseat.find({"website":{"$id":"509a04be96838cb770a61bd2"}},["name","shape","chnName","priSize","desc"]).sort({"_id":-1}).limit(5) [ RunTime:0.000153s ]
NOTIC: [8] Undefined index: auxSize /Users/adnetsalso/Sites/ad/Lib/Action/AdseatAction.class.php 第 35 行.
NOTIC: [8] Undefined index: auxSize /Users/adnetsalso/Sites/ad/Lib/Action/AdseatAction.class.php 第 35 行.
NOTIC: [8] Undefined index: auxSize /Users/adnetsalso/Sites/ad/Lib/Action/AdseatAction.class.php 第 35 行.
NOTIC: [8] Undefined index: auxSize /Users/adnetsalso/Sites/ad/Lib/Action/AdseatAction.class.php 第 35 行.
NOTIC: [8] Undefined index: auxSize /Users/adnetsalso/Sites/ad/Lib/Action/AdseatAction.class.php 第 35 行.

[ 2012-12-11T14:30:05+08:00 ] 127.0.0.1 /ad/material/index
INFO: [ route_check ] --START--
INFO: Run CheckRoute Behavior [ RunTime:0.000075s ]
INFO: [ route_check ] --END-- [ RunTime:0.000138s ]
INFO: [ app_begin ] --START--
INFO: Run ReadHtmlCache Behavior [ RunTime:-0.000220s ]
INFO: [ app_begin ] --END-- [ RunTime:0.000123s ]
INFO: [ view_template ] --START--
INFO: Run LocationTemplate Behavior [ RunTime:-0.000774s ]
INFO: [ view_template ] --END-- [ RunTime:0.000101s ]
INFO: [ view_parse ] --START--
NOTIC: [8] Use of undefined constant loca - assumed 'loca' /Users/adnetsalso/Sites/ad/Runtime/Cache/387af992d86f6f54ef27a1ec78648937.php 第 23 行.
NOTIC: [8] Use of undefined constant mater - assumed 'mater' /Users/adnetsalso/Sites/ad/Runtime/Cache/387af992d86f6f54ef27a1ec78648937.php 第 31 行.
INFO: Run ParseTemplate Behavior [ RunTime:-0.000908s ]
INFO: [ view_parse ] --END-- [ RunTime:0.003387s ]
INFO: [ view_filter ] --START--
INFO: Run ContentReplace Behavior [ RunTime:-0.004325s ]
INFO: Run TokenBuild Behavior [ RunTime:-0.004555s ]
INFO: Run WriteHtmlCache Behavior [ RunTime:-0.004658s ]
INFO: Run ShowRuntime Behavior [ RunTime:-0.004716s ]
INFO: [ view_filter ] --END-- [ RunTime:0.000506s ]
INFO: [ view_end ] --START--
INFO: Run ShowPageTrace Behavior [ RunTime:-0.004871s ]
INFO: [ view_end ] --END-- [ RunTime:0.000089s ]

[ 2012-12-11T14:30:05+08:00 ] 127.0.0.1 /ad/material/cnt
INFO: [ route_check ] --START--
INFO: Run CheckRoute Behavior [ RunTime:0.000126s ]
INFO: [ route_check ] --END-- [ RunTime:0.000209s ]
INFO: [ app_begin ] --START--
INFO: Run ReadHtmlCache Behavior [ RunTime:-0.000297s ]
INFO: [ app_begin ] --END-- [ RunTime:0.000166s ]
NOTIC: [8] Undefined offset: 2 /Users/adnetsalso/Sites/ad/Lib/Action/MaterialAction.class.php 第 64 行.
SQL: alsogood.getCollection(material) [ RunTime:0.000026s ]
NOTIC: [8] Undefined index: model /Users/adnetsalso/Sites/ad/ThinkPHP/Lib/Driver/Db/DbMongo.class.php 第 552 行.
SQL: alsogood.material.find({"site":{"$id":"509a04be96838cb770a61bd2"},"state":1}).count() [ RunTime:0.000470s ]

[ 2012-12-11T14:30:05+08:00 ] 127.0.0.1 /ad/material/cnt
INFO: [ route_check ] --START--
INFO: Run CheckRoute Behavior [ RunTime:0.000059s ]
INFO: [ route_check ] --END-- [ RunTime:0.000104s ]
INFO: [ app_begin ] --START--
INFO: Run ReadHtmlCache Behavior [ RunTime:-0.000264s ]
INFO: [ app_begin ] --END-- [ RunTime:0.000137s ]
NOTIC: [8] Undefined offset: 2 /Users/adnetsalso/Sites/ad/Lib/Action/MaterialAction.class.php 第 64 行.
SQL: alsogood.getCollection(material) [ RunTime:0.000028s ]
NOTIC: [8] Undefined index: model /Users/adnetsalso/Sites/ad/ThinkPHP/Lib/Driver/Db/DbMongo.class.php 第 552 行.
SQL: alsogood.material.find({"site":{"$id":"509a04be96838cb770a61bd2"},"state":1}).count() [ RunTime:0.000503s ]

[ 2012-12-11T14:30:05+08:00 ] 127.0.0.1 /ad/material/lst/1
INFO: [ route_check ] --START--
INFO: Run CheckRoute Behavior [ RunTime:0.000070s ]
INFO: [ route_check ] --END-- [ RunTime:0.000121s ]
INFO: [ app_begin ] --START--
INFO: Run ReadHtmlCache Behavior [ RunTime:-0.000186s ]
INFO: [ app_begin ] --END-- [ RunTime:0.000092s ]
SQL: alsogood.getCollection(material) [ RunTime:0.000018s ]
NOTIC: [8] Undefined index: field /Users/adnetsalso/Sites/ad/ThinkPHP/Lib/Driver/Db/DbMongo.class.php 第 436 行.
SQL: alsogood.material.find({"site":{"$id":"509a04be96838cb770a61bd2"},"state":1}).sort({"_id":-1}).limit(5) [ RunTime:0.000073s ]

[ 2012-12-11T14:36:06+08:00 ] 127.0.0.1 /ad/material/cnt
INFO: [ route_check ] --START--
INFO: Run CheckRoute Behavior [ RunTime:0.000103s ]
INFO: [ route_check ] --END-- [ RunTime:0.000167s ]
INFO: [ app_begin ] --START--
INFO: Run ReadHtmlCache Behavior [ RunTime:-0.000263s ]
INFO: [ app_begin ] --END-- [ RunTime:0.000115s ]
NOTIC: [8] Undefined offset: 2 /Users/adnetsalso/Sites/ad/Lib/Action/MaterialAction.class.php 第 64 行.
SQL: alsogood.getCollection(material) [ RunTime:0.000026s ]
NOTIC: [8] Undefined index: model /Users/adnetsalso/Sites/ad/ThinkPHP/Lib/Driver/Db/DbMongo.class.php 第 552 行.
SQL: alsogood.material.find({"site":{"$id":"509a04be96838cb770a61bd2"},"state":1}).count() [ RunTime:0.000302s ]

[ 2012-12-11T14:43:11+08:00 ] 127.0.0.1 /ad/material/cnt
INFO: [ route_check ] --START--
INFO: Run CheckRoute Behavior [ RunTime:0.000062s ]
INFO: [ route_check ] --END-- [ RunTime:0.000116s ]
INFO: [ app_begin ] --START--
INFO: Run ReadHtmlCache Behavior [ RunTime:-0.000199s ]
INFO: [ app_begin ] --END-- [ RunTime:0.000088s ]
NOTIC: [8] Undefined offset: 2 /Users/adnetsalso/Sites/ad/Lib/Action/MaterialAction.class.php 第 64 行.
SQL: alsogood.getCollection(material) [ RunTime:0.000018s ]
NOTIC: [8] Undefined index: model /Users/adnetsalso/Sites/ad/ThinkPHP/Lib/Driver/Db/DbMongo.class.php 第 552 行.
SQL: alsogood.material.find({"site":{"$id":"509a04be96838cb770a61bd2"},"state":1}).count() [ RunTime:0.000330s ]

[ 2012-12-11T14:43:14+08:00 ] 127.0.0.1 /ad/material/cnt/p
INFO: [ route_check ] --START--
INFO: Run CheckRoute Behavior [ RunTime:0.000125s ]
INFO: [ route_check ] --END-- [ RunTime:0.000226s ]
INFO: [ app_begin ] --START--
INFO: Run ReadHtmlCache Behavior [ RunTime:-0.000367s ]
INFO: [ app_begin ] --END-- [ RunTime:0.000171s ]
SQL: alsogood.getCollection(material) [ RunTime:0.000025s ]
NOTIC: [8] Undefined index: model /Users/adnetsalso/Sites/ad/ThinkPHP/Lib/Driver/Db/DbMongo.class.php 第 552 行.
SQL: alsogood.material.find({"site":{"$id":"509a04be96838cb770a61bd2"},"state":1,"genre":"p"}).count() [ RunTime:0.000357s ]

[ 2012-12-11T14:43:17+08:00 ] 127.0.0.1 /ad/material/cnt/f
INFO: [ route_check ] --START--
INFO: Run CheckRoute Behavior [ RunTime:0.000130s ]
INFO: [ route_check ] --END-- [ RunTime:0.000233s ]
INFO: [ app_begin ] --START--
INFO: Run ReadHtmlCache Behavior [ RunTime:-0.000385s ]
INFO: [ app_begin ] --END-- [ RunTime:0.000183s ]
SQL: alsogood.getCollection(material) [ RunTime:0.000027s ]
NOTIC: [8] Undefined index: model /Users/adnetsalso/Sites/ad/ThinkPHP/Lib/Driver/Db/DbMongo.class.php 第 552 行.
SQL: alsogood.material.find({"site":{"$id":"509a04be96838cb770a61bd2"},"state":1,"genre":"f"}).count() [ RunTime:0.000360s ]

[ 2012-12-11T14:43:20+08:00 ] 127.0.0.1 /ad/material/cnt/s
INFO: [ route_check ] --START--
INFO: Run CheckRoute Behavior [ RunTime:0.000097s ]
INFO: [ route_check ] --END-- [ RunTime:0.000178s ]
INFO: [ app_begin ] --START--
INFO: Run ReadHtmlCache Behavior [ RunTime:-0.000311s ]
INFO: [ app_begin ] --END-- [ RunTime:0.000175s ]
SQL: alsogood.getCollection(material) [ RunTime:0.000026s ]
NOTIC: [8] Undefined index: model /Users/adnetsalso/Sites/ad/ThinkPHP/Lib/Driver/Db/DbMongo.class.php 第 552 行.
SQL: alsogood.material.find({"site":{"$id":"509a04be96838cb770a61bd2"},"state":1,"genre":"s"}).count() [ RunTime:0.000350s ]

[ 2012-12-11T14:43:23+08:00 ] 127.0.0.1 /ad/material/cnt/all
INFO: [ route_check ] --START--
INFO: Run CheckRoute Behavior [ RunTime:0.000124s ]
INFO: [ route_check ] --END-- [ RunTime:0.000223s ]
INFO: [ app_begin ] --START--
INFO: Run ReadHtmlCache Behavior [ RunTime:-0.000311s ]
INFO: [ app_begin ] --END-- [ RunTime:0.000209s ]
SQL: alsogood.getCollection(material) [ RunTime:0.000026s ]
NOTIC: [8] Undefined index: model /Users/adnetsalso/Sites/ad/ThinkPHP/Lib/Driver/Db/DbMongo.class.php 第 552 行.
SQL: alsogood.material.find({"site":{"$id":"509a04be96838cb770a61bd2"},"state":1}).count() [ RunTime:0.000340s ]

[ 2012-12-11T14:43:27+08:00 ] 127.0.0.1 /ad/material/cnt/ALL
INFO: [ route_check ] --START--
INFO: Run CheckRoute Behavior [ RunTime:0.000065s ]
INFO: [ route_check ] --END-- [ RunTime:0.000122s ]
INFO: [ app_begin ] --START--
INFO: Run ReadHtmlCache Behavior [ RunTime:-0.000186s ]
INFO: [ app_begin ] --END-- [ RunTime:0.000094s ]
SQL: alsogood.getCollection(material) [ RunTime:0.000016s ]
NOTIC: [8] Undefined index: model /Users/adnetsalso/Sites/ad/ThinkPHP/Lib/Driver/Db/DbMongo.class.php 第 552 行.
SQL: alsogood.material.find({"site":{"$id":"509a04be96838cb770a61bd2"},"state":1}).count() [ RunTime:0.000279s ]

[ 2012-12-11T14:43:31+08:00 ] 127.0.0.1 /ad/material/cnt/P
INFO: [ route_check ] --START--
INFO: Run CheckRoute Behavior [ RunTime:0.000096s ]
INFO: [ route_check ] --END-- [ RunTime:0.000177s ]
INFO: [ app_begin ] --START--
INFO: Run ReadHtmlCache Behavior [ RunTime:-0.000281s ]
INFO: [ app_begin ] --END-- [ RunTime:0.000159s ]
SQL: alsogood.getCollection(material) [ RunTime:0.000017s ]
NOTIC: [8] Undefined index: model /Users/adnetsalso/Sites/ad/ThinkPHP/Lib/Driver/Db/DbMongo.class.php 第 552 行.
SQL: alsogood.material.find({"site":{"$id":"509a04be96838cb770a61bd2"},"state":1,"genre":"p"}).count() [ RunTime:0.000449s ]

[ 2012-12-11T15:03:27+08:00 ] 127.0.0.1 /ad/material/cnt/P/20
INFO: [ route_check ] --START--
INFO: Run CheckRoute Behavior [ RunTime:0.000064s ]
INFO: [ route_check ] --END-- [ RunTime:0.000118s ]
INFO: [ app_begin ] --START--
INFO: Run ReadHtmlCache Behavior [ RunTime:-0.000240s ]
INFO: [ app_begin ] --END-- [ RunTime:0.000094s ]
SQL: alsogood.getCollection(material) [ RunTime:0.000016s ]
NOTIC: [8] Undefined index: model /Users/adnetsalso/Sites/ad/ThinkPHP/Lib/Driver/Db/DbMongo.class.php 第 552 行.
SQL: alsogood.material.find({"site":{"$id":"509a04be96838cb770a61bd2"},"state":1,"genre":"p"}).count() [ RunTime:0.000600s ]

[ 2012-12-11T15:03:45+08:00 ] 127.0.0.1 /ad/material/cnt/P/
INFO: [ route_check ] --START--
INFO: Run CheckRoute Behavior [ RunTime:0.000106s ]
INFO: [ route_check ] --END-- [ RunTime:0.000168s ]
INFO: [ app_begin ] --START--
INFO: Run ReadHtmlCache Behavior [ RunTime:-0.000283s ]
INFO: [ app_begin ] --END-- [ RunTime:0.000120s ]
SQL: alsogood.getCollection(material) [ RunTime:0.000018s ]
NOTIC: [8] Undefined index: model /Users/adnetsalso/Sites/ad/ThinkPHP/Lib/Driver/Db/DbMongo.class.php 第 552 行.
SQL: alsogood.material.find({"site":{"$id":"509a04be96838cb770a61bd2"},"state":1,"genre":"p"}).count() [ RunTime:0.000361s ]

[ 2012-12-11T15:03:49+08:00 ] 127.0.0.1 /ad/material/cnt/P/
INFO: [ route_check ] --START--
INFO: Run CheckRoute Behavior [ RunTime:0.000088s ]
INFO: [ route_check ] --END-- [ RunTime:0.000162s ]
INFO: [ app_begin ] --START--
INFO: Run ReadHtmlCache Behavior [ RunTime:-0.000256s ]
INFO: [ app_begin ] --END-- [ RunTime:0.000133s ]
SQL: alsogood.getCollection(material) [ RunTime:0.000027s ]
NOTIC: [8] Undefined index: model /Users/adnetsalso/Sites/ad/ThinkPHP/Lib/Driver/Db/DbMongo.class.php 第 552 行.
SQL: alsogood.material.find({"site":{"$id":"509a04be96838cb770a61bd2"},"state":1,"genre":"p"}).count() [ RunTime:0.000310s ]

[ 2012-12-11T15:03:56+08:00 ] 127.0.0.1 /ad/material/cnt/P
INFO: [ route_check ] --START--
INFO: Run CheckRoute Behavior [ RunTime:0.000073s ]
INFO: [ route_check ] --END-- [ RunTime:0.000163s ]
INFO: [ app_begin ] --START--
INFO: Run ReadHtmlCache Behavior [ RunTime:-0.000278s ]
INFO: [ app_begin ] --END-- [ RunTime:0.000110s ]
SQL: alsogood.getCollection(material) [ RunTime:0.000025s ]
NOTIC: [8] Undefined index: model /Users/adnetsalso/Sites/ad/ThinkPHP/Lib/Driver/Db/DbMongo.class.php 第 552 行.
SQL: alsogood.material.find({"site":{"$id":"509a04be96838cb770a61bd2"},"state":1,"genre":"p"}).count() [ RunTime:0.000465s ]

[ 2012-12-11T15:04:47+08:00 ] 127.0.0.1 /ad/material/cnt/P
INFO: [ route_check ] --START--
INFO: Run CheckRoute Behavior [ RunTime:0.000087s ]
INFO: [ route_check ] --END-- [ RunTime:0.000161s ]
INFO: [ app_begin ] --START--
INFO: Run ReadHtmlCache Behavior [ RunTime:-0.000286s ]
INFO: [ app_begin ] --END-- [ RunTime:0.000131s ]
SQL: alsogood.getCollection(material) [ RunTime:0.000024s ]
NOTIC: [8] Undefined index: model /Users/adnetsalso/Sites/ad/ThinkPHP/Lib/Driver/Db/DbMongo.class.php 第 552 行.
SQL: alsogood.material.find({"site":{"$id":"509a04be96838cb770a61bd2"},"state":1,"genre":"p"}).count() [ RunTime:0.000278s ]

[ 2012-12-11T15:04:57+08:00 ] 127.0.0.1 /ad/material/cnt/P
INFO: [ route_check ] --START--
INFO: Run CheckRoute Behavior [ RunTime:0.000064s ]
INFO: [ route_check ] --END-- [ RunTime:0.000120s ]
INFO: [ app_begin ] --START--
INFO: Run ReadHtmlCache Behavior [ RunTime:-0.000229s ]
INFO: [ app_begin ] --END-- [ RunTime:0.000090s ]
NOTIC: [8] Undefined offset: 3 /Users/adnetsalso/Sites/ad/Lib/Action/MaterialAction.class.php 第 67 行.
SQL: alsogood.getCollection(material) [ RunTime:0.000027s ]
NOTIC: [8] Undefined index: model /Users/adnetsalso/Sites/ad/ThinkPHP/Lib/Driver/Db/DbMongo.class.php 第 552 行.
SQL: alsogood.material.find({"site":{"$id":"509a04be96838cb770a61bd2"},"state":1,"genre":"p"}).count() [ RunTime:0.000373s ]

[ 2012-12-11T15:05:07+08:00 ] 127.0.0.1 /ad/material/cnt/P
INFO: [ route_check ] --START--
INFO: Run CheckRoute Behavior [ RunTime:0.000077s ]
INFO: [ route_check ] --END-- [ RunTime:0.000142s ]
INFO: [ app_begin ] --START--
INFO: Run ReadHtmlCache Behavior [ RunTime:-0.000244s ]
INFO: [ app_begin ] --END-- [ RunTime:0.000121s ]
NOTIC: [8] Undefined offset: 3 /Users/adnetsalso/Sites/ad/Lib/Action/MaterialAction.class.php 第 67 行.
SQL: alsogood.getCollection(material) [ RunTime:0.000023s ]
NOTIC: [8] Undefined index: model /Users/adnetsalso/Sites/ad/ThinkPHP/Lib/Driver/Db/DbMongo.class.php 第 552 行.
SQL: alsogood.material.find({"site":{"$id":"509a04be96838cb770a61bd2"},"state":1,"genre":"p"}).count() [ RunTime:0.000340s ]

[ 2012-12-11T15:05:15+08:00 ] 127.0.0.1 /ad/material/cnt/P
INFO: [ route_check ] --START--
INFO: Run CheckRoute Behavior [ RunTime:0.000113s ]
INFO: [ route_check ] --END-- [ RunTime:0.000189s ]
INFO: [ app_begin ] --START--
INFO: Run ReadHtmlCache Behavior [ RunTime:-0.000295s ]
INFO: [ app_begin ] --END-- [ RunTime:0.000135s ]
NOTIC: [8] Undefined offset: 3 /Users/adnetsalso/Sites/ad/Lib/Action/MaterialAction.class.php 第 67 行.
SQL: alsogood.getCollection(material) [ RunTime:0.000017s ]
NOTIC: [8] Undefined index: model /Users/adnetsalso/Sites/ad/ThinkPHP/Lib/Driver/Db/DbMongo.class.php 第 552 行.
SQL: alsogood.material.find({"site":{"$id":"509a04be96838cb770a61bd2"},"state":1,"genre":"p"}).count() [ RunTime:0.000272s ]

[ 2012-12-11T15:05:46+08:00 ] 127.0.0.1 /ad/material
INFO: [ route_check ] --START--
INFO: Run CheckRoute Behavior [ RunTime:0.000069s ]
INFO: [ route_check ] --END-- [ RunTime:0.000127s ]
INFO: [ app_begin ] --START--
INFO: Run ReadHtmlCache Behavior [ RunTime:-0.000211s ]
INFO: [ app_begin ] --END-- [ RunTime:0.000095s ]
INFO: [ view_template ] --START--
INFO: Run LocationTemplate Behavior [ RunTime:-0.003892s ]
INFO: [ view_template ] --END-- [ RunTime:0.000094s ]
INFO: [ view_parse ] --START--
NOTIC: [8] Use of undefined constant loca - assumed 'loca' /Users/adnetsalso/Sites/ad/Runtime/Cache/387af992d86f6f54ef27a1ec78648937.php 第 23 行.
NOTIC: [8] Use of undefined constant mater - assumed 'mater' /Users/adnetsalso/Sites/ad/Runtime/Cache/387af992d86f6f54ef27a1ec78648937.php 第 31 行.
INFO: Run ParseTemplate Behavior [ RunTime:-0.004013s ]
INFO: [ view_parse ] --END-- [ RunTime:0.002948s ]
INFO: [ view_filter ] --START--
INFO: Run ContentReplace Behavior [ RunTime:-0.006984s ]
INFO: Run TokenBuild Behavior [ RunTime:-0.007127s ]
INFO: Run WriteHtmlCache Behavior [ RunTime:-0.007205s ]
INFO: Run ShowRuntime Behavior [ RunTime:-0.007256s ]
INFO: [ view_filter ] --END-- [ RunTime:0.000377s ]
INFO: [ view_end ] --START--
INFO: Run ShowPageTrace Behavior [ RunTime:-0.007398s ]
INFO: [ view_end ] --END-- [ RunTime:0.000109s ]

[ 2012-12-11T15:05:47+08:00 ] 127.0.0.1 /ad/material/cnt
INFO: [ route_check ] --START--
INFO: Run CheckRoute Behavior [ RunTime:0.000109s ]
INFO: [ route_check ] --END-- [ RunTime:0.000187s ]
INFO: [ app_begin ] --START--
INFO: Run ReadHtmlCache Behavior [ RunTime:-0.000306s ]
INFO: [ app_begin ] --END-- [ RunTime:0.000156s ]
NOTIC: [8] Undefined offset: 2 /Users/adnetsalso/Sites/ad/Lib/Action/MaterialAction.class.php 第 64 行.
NOTIC: [8] Undefined offset: 3 /Users/adnetsalso/Sites/ad/Lib/Action/MaterialAction.class.php 第 67 行.
SQL: alsogood.getCollection(material) [ RunTime:0.000027s ]
NOTIC: [8] Undefined offset: 1 /Users/adnetsalso/Sites/ad/Lib/Model/MaterialModel.class.php 第 49 行.
NOTIC: [8] Undefined index: model /Users/adnetsalso/Sites/ad/ThinkPHP/Lib/Driver/Db/DbMongo.class.php 第 552 行.
SQL: alsogood.material.find({"site":{"$id":"509a04be96838cb770a61bd2"},"state":1,"file.width":"","file.height":null}).count() [ RunTime:0.000878s ]

[ 2012-12-11T15:05:47+08:00 ] 127.0.0.1 /ad/material/cnt
INFO: [ route_check ] --START--
INFO: Run CheckRoute Behavior [ RunTime:0.000086s ]
INFO: [ route_check ] --END-- [ RunTime:0.000150s ]
INFO: [ app_begin ] --START--
INFO: Run ReadHtmlCache Behavior [ RunTime:-0.000256s ]
INFO: [ app_begin ] --END-- [ RunTime:0.000126s ]
NOTIC: [8] Undefined offset: 2 /Users/adnetsalso/Sites/ad/Lib/Action/MaterialAction.class.php 第 64 行.
NOTIC: [8] Undefined offset: 3 /Users/adnetsalso/Sites/ad/Lib/Action/MaterialAction.class.php 第 67 行.
SQL: alsogood.getCollection(material) [ RunTime:0.000024s ]
NOTIC: [8] Undefined offset: 1 /Users/adnetsalso/Sites/ad/Lib/Model/MaterialModel.class.php 第 49 行.
NOTIC: [8] Undefined index: model /Users/adnetsalso/Sites/ad/ThinkPHP/Lib/Driver/Db/DbMongo.class.php 第 552 行.
SQL: alsogood.material.find({"site":{"$id":"509a04be96838cb770a61bd2"},"state":1,"file.width":"","file.height":null}).count() [ RunTime:0.000393s ]

[ 2012-12-11T15:05:47+08:00 ] 127.0.0.1 /ad/material/lst/1
INFO: [ route_check ] --START--
INFO: Run CheckRoute Behavior [ RunTime:0.000103s ]
INFO: [ route_check ] --END-- [ RunTime:0.000178s ]
INFO: [ app_begin ] --START--
INFO: Run ReadHtmlCache Behavior [ RunTime:-0.000301s ]
INFO: [ app_begin ] --END-- [ RunTime:0.000161s ]
SQL: alsogood.getCollection(material) [ RunTime:0.000036s ]
NOTIC: [8] Undefined index: field /Users/adnetsalso/Sites/ad/ThinkPHP/Lib/Driver/Db/DbMongo.class.php 第 436 行.
SQL: alsogood.material.find({"site":{"$id":"509a04be96838cb770a61bd2"},"state":1}).sort({"_id":-1}).limit(5) [ RunTime:0.000094s ]

[ 2012-12-11T15:05:49+08:00 ] 127.0.0.1 /ad/material/index
INFO: [ route_check ] --START--
INFO: Run CheckRoute Behavior [ RunTime:0.000143s ]
INFO: [ route_check ] --END-- [ RunTime:0.000254s ]
INFO: [ app_begin ] --START--
INFO: Run ReadHtmlCache Behavior [ RunTime:-0.000349s ]
INFO: [ app_begin ] --END-- [ RunTime:0.000217s ]
INFO: [ view_template ] --START--
INFO: Run LocationTemplate Behavior [ RunTime:-0.001093s ]
INFO: [ view_template ] --END-- [ RunTime:0.000102s ]
INFO: [ view_parse ] --START--
NOTIC: [8] Use of undefined constant loca - assumed 'loca' /Users/adnetsalso/Sites/ad/Runtime/Cache/387af992d86f6f54ef27a1ec78648937.php 第 23 行.
NOTIC: [8] Use of undefined constant mater - assumed 'mater' /Users/adnetsalso/Sites/ad/Runtime/Cache/387af992d86f6f54ef27a1ec78648937.php 第 31 行.
INFO: Run ParseTemplate Behavior [ RunTime:-0.001227s ]
INFO: [ view_parse ] --END-- [ RunTime:0.004426s ]
INFO: [ view_filter ] --START--
INFO: Run ContentReplace Behavior [ RunTime:-0.005682s ]
INFO: Run TokenBuild Behavior [ RunTime:-0.005842s ]
INFO: Run WriteHtmlCache Behavior [ RunTime:-0.005921s ]
INFO: Run ShowRuntime Behavior [ RunTime:-0.005973s ]
INFO: [ view_filter ] --END-- [ RunTime:0.000397s ]
INFO: [ view_end ] --START--
INFO: Run ShowPageTrace Behavior [ RunTime:-0.006115s ]
INFO: [ view_end ] --END-- [ RunTime:0.000082s ]

[ 2012-12-11T15:05:49+08:00 ] 127.0.0.1 /ad/material/cnt
INFO: [ route_check ] --START--
INFO: Run CheckRoute Behavior [ RunTime:0.000107s ]
INFO: [ route_check ] --END-- [ RunTime:0.000187s ]
INFO: [ app_begin ] --START--
INFO: Run ReadHtmlCache Behavior [ RunTime:-0.000300s ]
INFO: [ app_begin ] --END-- [ RunTime:0.000158s ]
NOTIC: [8] Undefined offset: 2 /Users/adnetsalso/Sites/ad/Lib/Action/MaterialAction.class.php 第 64 行.
NOTIC: [8] Undefined offset: 3 /Users/adnetsalso/Sites/ad/Lib/Action/MaterialAction.class.php 第 67 行.
SQL: alsogood.getCollection(material) [ RunTime:0.000037s ]
NOTIC: [8] Undefined offset: 1 /Users/adnetsalso/Sites/ad/Lib/Model/MaterialModel.class.php 第 49 行.
NOTIC: [8] Undefined index: model /Users/adnetsalso/Sites/ad/ThinkPHP/Lib/Driver/Db/DbMongo.class.php 第 552 行.
SQL: alsogood.material.find({"site":{"$id":"509a04be96838cb770a61bd2"},"state":1,"file.width":"","file.height":null}).count() [ RunTime:0.000437s ]

[ 2012-12-11T15:05:49+08:00 ] 127.0.0.1 /ad/material/cnt
INFO: [ route_check ] --START--
INFO: Run CheckRoute Behavior [ RunTime:0.000111s ]
INFO: [ route_check ] --END-- [ RunTime:0.000182s ]
INFO: [ app_begin ] --START--
INFO: Run ReadHtmlCache Behavior [ RunTime:-0.000361s ]
INFO: [ app_begin ] --END-- [ RunTime:0.000174s ]
NOTIC: [8] Undefined offset: 2 /Users/adnetsalso/Sites/ad/Lib/Action/MaterialAction.class.php 第 64 行.
NOTIC: [8] Undefined offset: 3 /Users/adnetsalso/Sites/ad/Lib/Action/MaterialAction.class.php 第 67 行.
SQL: alsogood.getCollection(material) [ RunTime:0.000031s ]
NOTIC: [8] Undefined offset: 1 /Users/adnetsalso/Sites/ad/Lib/Model/MaterialModel.class.php 第 49 行.
NOTIC: [8] Undefined index: model /Users/adnetsalso/Sites/ad/ThinkPHP/Lib/Driver/Db/DbMongo.class.php 第 552 行.
SQL: alsogood.material.find({"site":{"$id":"509a04be96838cb770a61bd2"},"state":1,"file.width":"","file.height":null}).count() [ RunTime:0.000373s ]

[ 2012-12-11T15:05:49+08:00 ] 127.0.0.1 /ad/material/lst/1
INFO: [ route_check ] --START--
INFO: Run CheckRoute Behavior [ RunTime:0.000065s ]
INFO: [ route_check ] --END-- [ RunTime:0.000114s ]
INFO: [ app_begin ] --START--
INFO: Run ReadHtmlCache Behavior [ RunTime:-0.000186s ]
INFO: [ app_begin ] --END-- [ RunTime:0.000084s ]
SQL: alsogood.getCollection(material) [ RunTime:0.000029s ]
NOTIC: [8] Undefined index: field /Users/adnetsalso/Sites/ad/ThinkPHP/Lib/Driver/Db/DbMongo.class.php 第 436 行.
SQL: alsogood.material.find({"site":{"$id":"509a04be96838cb770a61bd2"},"state":1}).sort({"_id":-1}).limit(5) [ RunTime:0.000078s ]

[ 2012-12-11T15:05:50+08:00 ] 127.0.0.1 /ad/index/index
INFO: [ route_check ] --START--
INFO: Run CheckRoute Behavior [ RunTime:0.000091s ]
INFO: [ route_check ] --END-- [ RunTime:0.000161s ]
INFO: [ app_begin ] --START--
INFO: Run ReadHtmlCache Behavior [ RunTime:-0.000248s ]
INFO: [ app_begin ] --END-- [ RunTime:0.000123s ]
INFO: [ view_template ] --START--
INFO: Run LocationTemplate Behavior [ RunTime:-0.000742s ]
INFO: [ view_template ] --END-- [ RunTime:0.000119s ]
INFO: [ view_parse ] --START--
NOTIC: [8] Use of undefined constant loca - assumed 'loca' /Users/adnetsalso/Sites/ad/Runtime/Cache/bf2e1548e4d3802caafd8c341c9d9507.php 第 22 行.
NOTIC: [8] Use of undefined constant mater - assumed 'mater' /Users/adnetsalso/Sites/ad/Runtime/Cache/bf2e1548e4d3802caafd8c341c9d9507.php 第 30 行.
INFO: Run ParseTemplate Behavior [ RunTime:-0.000901s ]
INFO: [ view_parse ] --END-- [ RunTime:0.004187s ]
INFO: [ view_filter ] --START--
INFO: Run ContentReplace Behavior [ RunTime:-0.005129s ]
INFO: Run TokenBuild Behavior [ RunTime:-0.005340s ]
INFO: Run WriteHtmlCache Behavior [ RunTime:-0.005448s ]
INFO: Run ShowRuntime Behavior [ RunTime:-0.005517s ]
INFO: [ view_filter ] --END-- [ RunTime:0.000540s ]
INFO: [ view_end ] --START--
INFO: Run ShowPageTrace Behavior [ RunTime:-0.005722s ]
INFO: [ view_end ] --END-- [ RunTime:0.000113s ]

[ 2012-12-11T15:05:50+08:00 ] 127.0.0.1 /ad/adseat/cnt
INFO: [ route_check ] --START--
INFO: Run CheckRoute Behavior [ RunTime:0.000102s ]
INFO: [ route_check ] --END-- [ RunTime:0.000176s ]
INFO: [ app_begin ] --START--
INFO: Run ReadHtmlCache Behavior [ RunTime:-0.000304s ]
INFO: [ app_begin ] --END-- [ RunTime:0.000153s ]
NOTIC: [8] Undefined offset: 2 /Users/adnetsalso/Sites/ad/Lib/Action/AdseatAction.class.php 第 168 行.
NOTIC: [8] Undefined offset: 3 /Users/adnetsalso/Sites/ad/Lib/Action/AdseatAction.class.php 第 170 行.
SQL: alsogood.getCollection(adseat) [ RunTime:0.000026s ]
NOTIC: [8] Undefined index: model /Users/adnetsalso/Sites/ad/ThinkPHP/Lib/Driver/Db/DbMongo.class.php 第 552 行.
SQL: alsogood.adseat.find({"website":{"$id":"509a04be96838cb770a61bd2"}}).count() [ RunTime:0.001090s ]

[ 2012-12-11T15:05:50+08:00 ] 127.0.0.1 /ad/adseat/chn
INFO: [ route_check ] --START--
INFO: Run CheckRoute Behavior [ RunTime:0.000089s ]
INFO: [ route_check ] --END-- [ RunTime:0.000154s ]
INFO: [ app_begin ] --START--
INFO: Run ReadHtmlCache Behavior [ RunTime:-0.000260s ]
INFO: [ app_begin ] --END-- [ RunTime:0.000129s ]
SQL: alsogood.getCollection(website) [ RunTime:0.000029s ]
NOTIC: [8] Undefined index: model /Users/adnetsalso/Sites/ad/ThinkPHP/Lib/Driver/Db/DbMongo.class.php 第 433 行.
NOTIC: [8] Undefined index: order /Users/adnetsalso/Sites/ad/ThinkPHP/Lib/Driver/Db/DbMongo.class.php 第 447 行.
SQL: alsogood.website.find({"_id":{"$id":"509a04be96838cb770a61bd2"},"channel.state":1},["channel","channel.chnName","channel.desc"]) [ RunTime:0.000233s ]

[ 2012-12-11T15:05:50+08:00 ] 127.0.0.1 /ad/adseat/cnt/all/all
INFO: [ route_check ] --START--
INFO: Run CheckRoute Behavior [ RunTime:0.000101s ]
INFO: [ route_check ] --END-- [ RunTime:0.000164s ]
INFO: [ app_begin ] --START--
INFO: Run ReadHtmlCache Behavior [ RunTime:-0.000373s ]
INFO: [ app_begin ] --END-- [ RunTime:0.000163s ]
SQL: alsogood.getCollection(adseat) [ RunTime:0.000017s ]
NOTIC: [8] Undefined index: model /Users/adnetsalso/Sites/ad/ThinkPHP/Lib/Driver/Db/DbMongo.class.php 第 552 行.
SQL: alsogood.adseat.find({"website":{"$id":"509a04be96838cb770a61bd2"}}).count() [ RunTime:0.000546s ]

[ 2012-12-11T15:05:50+08:00 ] 127.0.0.1 /ad/adseat/index/1/all/all
INFO: [ route_check ] --START--
INFO: Run CheckRoute Behavior [ RunTime:0.000060s ]
INFO: [ route_check ] --END-- [ RunTime:0.000115s ]
INFO: [ app_begin ] --START--
INFO: Run ReadHtmlCache Behavior [ RunTime:-0.000200s ]
INFO: [ app_begin ] --END-- [ RunTime:0.000086s ]
SQL: alsogood.getCollection(website) [ RunTime:0.000025s ]
NOTIC: [8] Undefined index: model /Users/adnetsalso/Sites/ad/ThinkPHP/Lib/Driver/Db/DbMongo.class.php 第 513 行.
NOTIC: [8] Undefined index: field /Users/adnetsalso/Sites/ad/ThinkPHP/Lib/Driver/Db/DbMongo.class.php 第 516 行.
SQL: alsogood.website.findOne({"uid":{"$id":"509a041296838cb770a61bd0"}}) [ RunTime:0.000264s ]
SQL: alsogood.getCollection(adseat) [ RunTime:0.000012s ]
SQL: alsogood.adseat.find({"website":{"$id":"509a04be96838cb770a61bd2"}},["name","shape","chnName","priSize","desc"]).sort({"_id":-1}).limit(5) [ RunTime:0.000042s ]
NOTIC: [8] Undefined index: auxSize /Users/adnetsalso/Sites/ad/Lib/Action/AdseatAction.class.php 第 35 行.
NOTIC: [8] Undefined index: auxSize /Users/adnetsalso/Sites/ad/Lib/Action/AdseatAction.class.php 第 35 行.
NOTIC: [8] Undefined index: auxSize /Users/adnetsalso/Sites/ad/Lib/Action/AdseatAction.class.php 第 35 行.
NOTIC: [8] Undefined index: auxSize /Users/adnetsalso/Sites/ad/Lib/Action/AdseatAction.class.php 第 35 行.
NOTIC: [8] Undefined index: auxSize /Users/adnetsalso/Sites/ad/Lib/Action/AdseatAction.class.php 第 35 行.

[ 2012-12-11T15:05:52+08:00 ] 127.0.0.1 /ad/material/index
INFO: [ route_check ] --START--
INFO: Run CheckRoute Behavior [ RunTime:0.000088s ]
INFO: [ route_check ] --END-- [ RunTime:0.000156s ]
INFO: [ app_begin ] --START--
INFO: Run ReadHtmlCache Behavior [ RunTime:-0.000212s ]
INFO: [ app_begin ] --END-- [ RunTime:0.000109s ]
INFO: [ view_template ] --START--
INFO: Run LocationTemplate Behavior [ RunTime:-0.000662s ]
INFO: [ view_template ] --END-- [ RunTime:0.000096s ]
INFO: [ view_parse ] --START--
NOTIC: [8] Use of undefined constant loca - assumed 'loca' /Users/adnetsalso/Sites/ad/Runtime/Cache/387af992d86f6f54ef27a1ec78648937.php 第 23 行.
NOTIC: [8] Use of undefined constant mater - assumed 'mater' /Users/adnetsalso/Sites/ad/Runtime/Cache/387af992d86f6f54ef27a1ec78648937.php 第 31 行.
INFO: Run ParseTemplate Behavior [ RunTime:-0.000791s ]
INFO: [ view_parse ] --END-- [ RunTime:0.003339s ]
INFO: [ view_filter ] --START--
INFO: Run ContentReplace Behavior [ RunTime:-0.004167s ]
INFO: Run TokenBuild Behavior [ RunTime:-0.004337s ]
INFO: Run WriteHtmlCache Behavior [ RunTime:-0.004416s ]
INFO: Run ShowRuntime Behavior [ RunTime:-0.004468s ]
INFO: [ view_filter ] --END-- [ RunTime:0.000408s ]
INFO: [ view_end ] --START--
INFO: Run ShowPageTrace Behavior [ RunTime:-0.004611s ]
INFO: [ view_end ] --END-- [ RunTime:0.000081s ]

[ 2012-12-11T15:05:52+08:00 ] 127.0.0.1 /ad/material/cnt
INFO: [ route_check ] --START--
INFO: Run CheckRoute Behavior [ RunTime:0.000105s ]
INFO: [ route_check ] --END-- [ RunTime:0.000195s ]
INFO: [ app_begin ] --START--
INFO: Run ReadHtmlCache Behavior [ RunTime:-0.000318s ]
INFO: [ app_begin ] --END-- [ RunTime:0.000147s ]
NOTIC: [8] Undefined offset: 2 /Users/adnetsalso/Sites/ad/Lib/Action/MaterialAction.class.php 第 64 行.
NOTIC: [8] Undefined offset: 3 /Users/adnetsalso/Sites/ad/Lib/Action/MaterialAction.class.php 第 67 行.
SQL: alsogood.getCollection(material) [ RunTime:0.000024s ]
NOTIC: [8] Undefined offset: 1 /Users/adnetsalso/Sites/ad/Lib/Model/MaterialModel.class.php 第 49 行.
NOTIC: [8] Undefined index: model /Users/adnetsalso/Sites/ad/ThinkPHP/Lib/Driver/Db/DbMongo.class.php 第 552 行.
SQL: alsogood.material.find({"site":{"$id":"509a04be96838cb770a61bd2"},"state":1,"file.width":"","file.height":null}).count() [ RunTime:0.000381s ]

[ 2012-12-11T15:05:52+08:00 ] 127.0.0.1 /ad/material/cnt
INFO: [ route_check ] --START--
INFO: Run CheckRoute Behavior [ RunTime:0.000109s ]
INFO: [ route_check ] --END-- [ RunTime:0.000185s ]
INFO: [ app_begin ] --START--
INFO: Run ReadHtmlCache Behavior [ RunTime:-0.000310s ]
INFO: [ app_begin ] --END-- [ RunTime:0.000147s ]
NOTIC: [8] Undefined offset: 2 /Users/adnetsalso/Sites/ad/Lib/Action/MaterialAction.class.php 第 64 行.
NOTIC: [8] Undefined offset: 3 /Users/adnetsalso/Sites/ad/Lib/Action/MaterialAction.class.php 第 67 行.
SQL: alsogood.getCollection(material) [ RunTime:0.000018s ]
NOTIC: [8] Undefined offset: 1 /Users/adnetsalso/Sites/ad/Lib/Model/MaterialModel.class.php 第 49 行.
NOTIC: [8] Undefined index: model /Users/adnetsalso/Sites/ad/ThinkPHP/Lib/Driver/Db/DbMongo.class.php 第 552 行.
SQL: alsogood.material.find({"site":{"$id":"509a04be96838cb770a61bd2"},"state":1,"file.width":"","file.height":null}).count() [ RunTime:0.000356s ]

[ 2012-12-11T15:05:52+08:00 ] 127.0.0.1 /ad/material/lst/1
INFO: [ route_check ] --START--
INFO: Run CheckRoute Behavior [ RunTime:0.000062s ]
INFO: [ route_check ] --END-- [ RunTime:0.000117s ]
INFO: [ app_begin ] --START--
INFO: Run ReadHtmlCache Behavior [ RunTime:-0.000223s ]
INFO: [ app_begin ] --END-- [ RunTime:0.000132s ]
SQL: alsogood.getCollection(material) [ RunTime:0.000027s ]
NOTIC: [8] Undefined index: field /Users/adnetsalso/Sites/ad/ThinkPHP/Lib/Driver/Db/DbMongo.class.php 第 436 行.
SQL: alsogood.material.find({"site":{"$id":"509a04be96838cb770a61bd2"},"state":1}).sort({"_id":-1}).limit(5) [ RunTime:0.000089s ]

[ 2012-12-11T15:05:55+08:00 ] 127.0.0.1 /ad/material
INFO: [ route_check ] --START--
INFO: Run CheckRoute Behavior [ RunTime:0.000085s ]
INFO: [ route_check ] --END-- [ RunTime:0.000144s ]
INFO: [ app_begin ] --START--
INFO: Run ReadHtmlCache Behavior [ RunTime:-0.000229s ]
INFO: [ app_begin ] --END-- [ RunTime:0.000113s ]
INFO: [ view_template ] --START--
INFO: Run LocationTemplate Behavior [ RunTime:-0.000692s ]
INFO: [ view_template ] --END-- [ RunTime:0.000104s ]
INFO: [ view_parse ] --START--
NOTIC: [8] Use of undefined constant loca - assumed 'loca' /Users/adnetsalso/Sites/ad/Runtime/Cache/387af992d86f6f54ef27a1ec78648937.php 第 23 行.
NOTIC: [8] Use of undefined constant mater - assumed 'mater' /Users/adnetsalso/Sites/ad/Runtime/Cache/387af992d86f6f54ef27a1ec78648937.php 第 31 行.
INFO: Run ParseTemplate Behavior [ RunTime:-0.000833s ]
INFO: [ view_parse ] --END-- [ RunTime:0.003234s ]
INFO: [ view_filter ] --START--
INFO: Run ContentReplace Behavior [ RunTime:-0.004100s ]
INFO: Run TokenBuild Behavior [ RunTime:-0.004266s ]
INFO: Run WriteHtmlCache Behavior [ RunTime:-0.004350s ]
INFO: Run ShowRuntime Behavior [ RunTime:-0.004406s ]
INFO: [ view_filter ] --END-- [ RunTime:0.000418s ]
INFO: [ view_end ] --START--
INFO: Run ShowPageTrace Behavior [ RunTime:-0.004558s ]
INFO: [ view_end ] --END-- [ RunTime:0.000104s ]

[ 2012-12-11T15:05:55+08:00 ] 127.0.0.1 /ad/material/cnt
INFO: [ route_check ] --START--
INFO: Run CheckRoute Behavior [ RunTime:0.000068s ]
INFO: [ route_check ] --END-- [ RunTime:0.000119s ]
INFO: [ app_begin ] --START--
INFO: Run ReadHtmlCache Behavior [ RunTime:-0.000187s ]
INFO: [ app_begin ] --END-- [ RunTime:0.000109s ]
NOTIC: [8] Undefined offset: 2 /Users/adnetsalso/Sites/ad/Lib/Action/MaterialAction.class.php 第 64 行.
NOTIC: [8] Undefined offset: 3 /Users/adnetsalso/Sites/ad/Lib/Action/MaterialAction.class.php 第 67 行.
SQL: alsogood.getCollection(material) [ RunTime:0.000147s ]
NOTIC: [8] Undefined offset: 1 /Users/adnetsalso/Sites/ad/Lib/Model/MaterialModel.class.php 第 49 行.
NOTIC: [8] Undefined index: model /Users/adnetsalso/Sites/ad/ThinkPHP/Lib/Driver/Db/DbMongo.class.php 第 552 行.
SQL: alsogood.material.find({"site":{"$id":"509a04be96838cb770a61bd2"},"state":1,"file.width":"","file.height":null}).count() [ RunTime:0.001191s ]

[ 2012-12-11T15:05:55+08:00 ] 127.0.0.1 /ad/material/cnt
INFO: [ route_check ] --START--
INFO: Run CheckRoute Behavior [ RunTime:0.000114s ]
INFO: [ route_check ] --END-- [ RunTime:0.000197s ]
INFO: [ app_begin ] --START--
INFO: Run ReadHtmlCache Behavior [ RunTime:-0.000326s ]
INFO: [ app_begin ] --END-- [ RunTime:0.000167s ]
NOTIC: [8] Undefined offset: 2 /Users/adnetsalso/Sites/ad/Lib/Action/MaterialAction.class.php 第 64 行.
NOTIC: [8] Undefined offset: 3 /Users/adnetsalso/Sites/ad/Lib/Action/MaterialAction.class.php 第 67 行.
SQL: alsogood.getCollection(material) [ RunTime:0.000019s ]
NOTIC: [8] Undefined offset: 1 /Users/adnetsalso/Sites/ad/Lib/Model/MaterialModel.class.php 第 49 行.
NOTIC: [8] Undefined index: model /Users/adnetsalso/Sites/ad/ThinkPHP/Lib/Driver/Db/DbMongo.class.php 第 552 行.
SQL: alsogood.material.find({"site":{"$id":"509a04be96838cb770a61bd2"},"state":1,"file.width":"","file.height":null}).count() [ RunTime:0.000287s ]

[ 2012-12-11T15:05:55+08:00 ] 127.0.0.1 /ad/material/lst/1
INFO: [ route_check ] --START--
INFO: Run CheckRoute Behavior [ RunTime:0.000061s ]
INFO: [ route_check ] --END-- [ RunTime:0.000108s ]
INFO: [ app_begin ] --START--
INFO: Run ReadHtmlCache Behavior [ RunTime:-0.000183s ]
INFO: [ app_begin ] --END-- [ RunTime:0.000109s ]
SQL: alsogood.getCollection(material) [ RunTime:0.000016s ]
NOTIC: [8] Undefined index: field /Users/adnetsalso/Sites/ad/ThinkPHP/Lib/Driver/Db/DbMongo.class.php 第 436 行.
SQL: alsogood.material.find({"site":{"$id":"509a04be96838cb770a61bd2"},"state":1}).sort({"_id":-1}).limit(5) [ RunTime:0.000045s ]

[ 2012-12-11T15:06:08+08:00 ] 127.0.0.1 /ad/material/cnt/P
INFO: [ route_check ] --START--
INFO: Run CheckRoute Behavior [ RunTime:0.000077s ]
INFO: [ route_check ] --END-- [ RunTime:0.000144s ]
INFO: [ app_begin ] --START--
INFO: Run ReadHtmlCache Behavior [ RunTime:-0.000247s ]
INFO: [ app_begin ] --END-- [ RunTime:0.000110s ]
NOTIC: [8] Undefined offset: 3 /Users/adnetsalso/Sites/ad/Lib/Action/MaterialAction.class.php 第 67 行.
SQL: alsogood.getCollection(material) [ RunTime:0.000024s ]
NOTIC: [8] Undefined offset: 1 /Users/adnetsalso/Sites/ad/Lib/Model/MaterialModel.class.php 第 49 行.
NOTIC: [8] Undefined index: model /Users/adnetsalso/Sites/ad/ThinkPHP/Lib/Driver/Db/DbMongo.class.php 第 552 行.
SQL: alsogood.material.find({"site":{"$id":"509a04be96838cb770a61bd2"},"state":1,"genre":"p","file.width":"","file.height":null}).count() [ RunTime:0.000297s ]

[ 2012-12-11T15:06:12+08:00 ] 127.0.0.1 /ad/material/cnt
INFO: [ route_check ] --START--
INFO: Run CheckRoute Behavior [ RunTime:0.000077s ]
INFO: [ route_check ] --END-- [ RunTime:0.000141s ]
INFO: [ app_begin ] --START--
INFO: Run ReadHtmlCache Behavior [ RunTime:-0.000233s ]
INFO: [ app_begin ] --END-- [ RunTime:0.000176s ]
NOTIC: [8] Undefined offset: 2 /Users/adnetsalso/Sites/ad/Lib/Action/MaterialAction.class.php 第 64 行.
NOTIC: [8] Undefined offset: 3 /Users/adnetsalso/Sites/ad/Lib/Action/MaterialAction.class.php 第 67 行.
SQL: alsogood.getCollection(material) [ RunTime:0.000016s ]
NOTIC: [8] Undefined offset: 1 /Users/adnetsalso/Sites/ad/Lib/Model/MaterialModel.class.php 第 49 行.
NOTIC: [8] Undefined index: model /Users/adnetsalso/Sites/ad/ThinkPHP/Lib/Driver/Db/DbMongo.class.php 第 552 行.
SQL: alsogood.material.find({"site":{"$id":"509a04be96838cb770a61bd2"},"state":1,"file.width":"","file.height":null}).count() [ RunTime:0.000445s ]

[ 2012-12-11T15:06:14+08:00 ] 127.0.0.1 /ad/material/cnt
INFO: [ route_check ] --START--
INFO: Run CheckRoute Behavior [ RunTime:0.000086s ]
INFO: [ route_check ] --END-- [ RunTime:0.000168s ]
INFO: [ app_begin ] --START--
INFO: Run ReadHtmlCache Behavior [ RunTime:-0.000222s ]
INFO: [ app_begin ] --END-- [ RunTime:0.000143s ]
NOTIC: [8] Undefined offset: 2 /Users/adnetsalso/Sites/ad/Lib/Action/MaterialAction.class.php 第 64 行.
NOTIC: [8] Undefined offset: 3 /Users/adnetsalso/Sites/ad/Lib/Action/MaterialAction.class.php 第 67 行.
SQL: alsogood.getCollection(material) [ RunTime:0.000025s ]
NOTIC: [8] Undefined offset: 1 /Users/adnetsalso/Sites/ad/Lib/Model/MaterialModel.class.php 第 49 行.
NOTIC: [8] Undefined index: model /Users/adnetsalso/Sites/ad/ThinkPHP/Lib/Driver/Db/DbMongo.class.php 第 552 行.
SQL: alsogood.material.find({"site":{"$id":"509a04be96838cb770a61bd2"},"state":1,"file.width":"","file.height":null}).count() [ RunTime:0.000382s ]

[ 2012-12-11T15:07:09+08:00 ] 127.0.0.1 /ad/material/cnt
INFO: [ route_check ] --START--
INFO: Run CheckRoute Behavior [ RunTime:0.000065s ]
INFO: [ route_check ] --END-- [ RunTime:0.000120s ]
INFO: [ app_begin ] --START--
INFO: Run ReadHtmlCache Behavior [ RunTime:-0.000207s ]
INFO: [ app_begin ] --END-- [ RunTime:0.000126s ]
NOTIC: [8] Undefined offset: 2 /Users/adnetsalso/Sites/ad/Lib/Action/MaterialAction.class.php 第 64 行.
NOTIC: [8] Undefined offset: 3 /Users/adnetsalso/Sites/ad/Lib/Action/MaterialAction.class.php 第 67 行.
SQL: alsogood.getCollection(material) [ RunTime:0.000016s ]
NOTIC: [8] Undefined offset: 1 /Users/adnetsalso/Sites/ad/Lib/Model/MaterialModel.class.php 第 49 行.
NOTIC: [8] Undefined index: model /Users/adnetsalso/Sites/ad/ThinkPHP/Lib/Driver/Db/DbMongo.class.php 第 552 行.
SQL: alsogood.material.find({"site":{"$id":"509a04be96838cb770a61bd2"},"state":1,"file.width":"","file.height":null}).count() [ RunTime:0.000426s ]

[ 2012-12-11T15:07:18+08:00 ] 127.0.0.1 /ad/material/cnt
INFO: [ route_check ] --START--
INFO: Run CheckRoute Behavior [ RunTime:0.000067s ]
INFO: [ route_check ] --END-- [ RunTime:0.000126s ]
INFO: [ app_begin ] --START--
INFO: Run ReadHtmlCache Behavior [ RunTime:-0.000212s ]
INFO: [ app_begin ] --END-- [ RunTime:0.000094s ]
NOTIC: [8] Undefined offset: 2 /Users/adnetsalso/Sites/ad/Lib/Action/MaterialAction.class.php 第 64 行.
NOTIC: [8] Undefined offset: 3 /Users/adnetsalso/Sites/ad/Lib/Action/MaterialAction.class.php 第 67 行.
SQL: alsogood.getCollection(material) [ RunTime:0.000033s ]
NOTIC: [8] Undefined offset: 1 /Users/adnetsalso/Sites/ad/Lib/Model/MaterialModel.class.php 第 49 行.
NOTIC: [8] Undefined index: model /Users/adnetsalso/Sites/ad/ThinkPHP/Lib/Driver/Db/DbMongo.class.php 第 552 行.
SQL: alsogood.material.find({"site":{"$id":"509a04be96838cb770a61bd2"},"state":1,"file.width":"","file.height":null}).count() [ RunTime:0.000542s ]

[ 2012-12-11T15:07:20+08:00 ] 127.0.0.1 /ad/material/cnt
INFO: [ route_check ] --START--
INFO: Run CheckRoute Behavior [ RunTime:0.000074s ]
INFO: [ route_check ] --END-- [ RunTime:0.000141s ]
INFO: [ app_begin ] --START--
INFO: Run ReadHtmlCache Behavior [ RunTime:-0.000213s ]
INFO: [ app_begin ] --END-- [ RunTime:0.000112s ]
NOTIC: [8] Undefined offset: 2 /Users/adnetsalso/Sites/ad/Lib/Action/MaterialAction.class.php 第 64 行.
NOTIC: [8] Undefined offset: 3 /Users/adnetsalso/Sites/ad/Lib/Action/MaterialAction.class.php 第 67 行.
SQL: alsogood.getCollection(material) [ RunTime:0.000016s ]
NOTIC: [8] Undefined offset: 1 /Users/adnetsalso/Sites/ad/Lib/Model/MaterialModel.class.php 第 49 行.
NOTIC: [8] Undefined index: model /Users/adnetsalso/Sites/ad/ThinkPHP/Lib/Driver/Db/DbMongo.class.php 第 552 行.
SQL: alsogood.material.find({"site":{"$id":"509a04be96838cb770a61bd2"},"state":1,"file.width":"","file.height":null}).count() [ RunTime:0.000276s ]

[ 2012-12-11T15:08:35+08:00 ] 127.0.0.1 /ad/material/cnt
INFO: [ route_check ] --START--
INFO: Run CheckRoute Behavior [ RunTime:0.000110s ]
INFO: [ route_check ] --END-- [ RunTime:0.000202s ]
INFO: [ app_begin ] --START--
INFO: Run ReadHtmlCache Behavior [ RunTime:-0.000404s ]
INFO: [ app_begin ] --END-- [ RunTime:0.000238s ]
NOTIC: [8] Undefined offset: 2 /Users/adnetsalso/Sites/ad/Lib/Action/MaterialAction.class.php 第 64 行.
NOTIC: [8] Undefined offset: 3 /Users/adnetsalso/Sites/ad/Lib/Action/MaterialAction.class.php 第 67 行.
SQL: alsogood.getCollection(material) [ RunTime:0.000032s ]
NOTIC: [8] Undefined offset: 1 /Users/adnetsalso/Sites/ad/Lib/Model/MaterialModel.class.php 第 49 行.
NOTIC: [8] Undefined index: model /Users/adnetsalso/Sites/ad/ThinkPHP/Lib/Driver/Db/DbMongo.class.php 第 552 行.
SQL: alsogood.material.find({"site":{"$id":"509a04be96838cb770a61bd2"},"state":1,"file.width":"","file.height":null}).count() [ RunTime:0.000376s ]

[ 2012-12-11T15:08:38+08:00 ] 127.0.0.1 /ad/material/cnt
INFO: [ route_check ] --START--
INFO: Run CheckRoute Behavior [ RunTime:0.000075s ]
INFO: [ route_check ] --END-- [ RunTime:0.000139s ]
INFO: [ app_begin ] --START--
INFO: Run ReadHtmlCache Behavior [ RunTime:-0.000224s ]
INFO: [ app_begin ] --END-- [ RunTime:0.000118s ]
NOTIC: [8] Undefined offset: 2 /Users/adnetsalso/Sites/ad/Lib/Action/MaterialAction.class.php 第 64 行.
NOTIC: [8] Undefined offset: 3 /Users/adnetsalso/Sites/ad/Lib/Action/MaterialAction.class.php 第 67 行.
SQL: alsogood.getCollection(material) [ RunTime:0.000017s ]
NOTIC: [8] Undefined offset: 1 /Users/adnetsalso/Sites/ad/Lib/Model/MaterialModel.class.php 第 49 行.
NOTIC: [8] Undefined index: model /Users/adnetsalso/Sites/ad/ThinkPHP/Lib/Driver/Db/DbMongo.class.php 第 552 行.
SQL: alsogood.material.find({"site":{"$id":"509a04be96838cb770a61bd2"},"state":1,"file.width":"","file.height":null}).count() [ RunTime:0.000274s ]

[ 2012-12-11T15:08:57+08:00 ] 127.0.0.1 /ad/material/cnt
INFO: [ route_check ] --START--
INFO: Run CheckRoute Behavior [ RunTime:0.000065s ]
INFO: [ route_check ] --END-- [ RunTime:0.000120s ]
INFO: [ app_begin ] --START--
INFO: Run ReadHtmlCache Behavior [ RunTime:-0.000205s ]
INFO: [ app_begin ] --END-- [ RunTime:0.000093s ]
NOTIC: [8] Undefined offset: 2 /Users/adnetsalso/Sites/ad/Lib/Action/MaterialAction.class.php 第 64 行.
NOTIC: [8] Undefined offset: 3 /Users/adnetsalso/Sites/ad/Lib/Action/MaterialAction.class.php 第 67 行.
SQL: alsogood.getCollection(material) [ RunTime:0.000017s ]
NOTIC: [8] Undefined offset: 1 /Users/adnetsalso/Sites/ad/Lib/Model/MaterialModel.class.php 第 49 行.
NOTIC: [8] Undefined index: model /Users/adnetsalso/Sites/ad/ThinkPHP/Lib/Driver/Db/DbMongo.class.php 第 552 行.
SQL: alsogood.material.find({"site":{"$id":"509a04be96838cb770a61bd2"},"state":1,"file.width":"","file.height":null}).count() [ RunTime:0.000283s ]

[ 2012-12-11T15:09:23+08:00 ] 127.0.0.1 /ad/material/cnt
INFO: [ route_check ] --START--
INFO: Run CheckRoute Behavior [ RunTime:0.000074s ]
INFO: [ route_check ] --END-- [ RunTime:0.000145s ]
INFO: [ app_begin ] --START--
INFO: Run ReadHtmlCache Behavior [ RunTime:-0.000272s ]
INFO: [ app_begin ] --END-- [ RunTime:0.000111s ]
NOTIC: [8] Undefined offset: 2 /Users/adnetsalso/Sites/ad/Lib/Action/MaterialAction.class.php 第 64 行.
NOTIC: [8] Undefined offset: 3 /Users/adnetsalso/Sites/ad/Lib/Action/MaterialAction.class.php 第 67 行.
SQL: alsogood.getCollection(material) [ RunTime:0.000017s ]
NOTIC: [8] Undefined index: model /Users/adnetsalso/Sites/ad/ThinkPHP/Lib/Driver/Db/DbMongo.class.php 第 552 行.
SQL: alsogood.material.find({"site":{"$id":"509a04be96838cb770a61bd2"},"state":1}).count() [ RunTime:0.000254s ]

[ 2012-12-11T15:09:33+08:00 ] 127.0.0.1 /ad/material/cnt/p
INFO: [ route_check ] --START--
INFO: Run CheckRoute Behavior [ RunTime:0.000114s ]
INFO: [ route_check ] --END-- [ RunTime:0.000200s ]
INFO: [ app_begin ] --START--
INFO: Run ReadHtmlCache Behavior [ RunTime:-0.000216s ]
INFO: [ app_begin ] --END-- [ RunTime:0.000097s ]
NOTIC: [8] Undefined offset: 3 /Users/adnetsalso/Sites/ad/Lib/Action/MaterialAction.class.php 第 67 行.
SQL: alsogood.getCollection(material) [ RunTime:0.000027s ]
NOTIC: [8] Undefined index: model /Users/adnetsalso/Sites/ad/ThinkPHP/Lib/Driver/Db/DbMongo.class.php 第 552 行.
SQL: alsogood.material.find({"site":{"$id":"509a04be96838cb770a61bd2"},"state":1,"genre":"p"}).count() [ RunTime:0.000298s ]

[ 2012-12-11T15:09:40+08:00 ] 127.0.0.1 /ad/material/cnt/p/200,1
INFO: [ route_check ] --START--
INFO: Run CheckRoute Behavior [ RunTime:0.000078s ]
INFO: [ route_check ] --END-- [ RunTime:0.000150s ]
INFO: [ app_begin ] --START--
INFO: Run ReadHtmlCache Behavior [ RunTime:-0.000253s ]
INFO: [ app_begin ] --END-- [ RunTime:0.000099s ]
SQL: alsogood.getCollection(material) [ RunTime:0.000026s ]
NOTIC: [8] Undefined index: model /Users/adnetsalso/Sites/ad/ThinkPHP/Lib/Driver/Db/DbMongo.class.php 第 552 行.
SQL: alsogood.material.find({"site":{"$id":"509a04be96838cb770a61bd2"},"state":1,"genre":"p"}).count() [ RunTime:0.000305s ]

[ 2012-12-11T15:09:44+08:00 ] 127.0.0.1 /ad/material/cnt/p/200x1
INFO: [ route_check ] --START--
INFO: Run CheckRoute Behavior [ RunTime:0.000116s ]
INFO: [ route_check ] --END-- [ RunTime:0.000213s ]
INFO: [ app_begin ] --START--
INFO: Run ReadHtmlCache Behavior [ RunTime:-0.000410s ]
INFO: [ app_begin ] --END-- [ RunTime:0.000172s ]
SQL: alsogood.getCollection(material) [ RunTime:0.000017s ]
NOTIC: [8] Undefined index: model /Users/adnetsalso/Sites/ad/ThinkPHP/Lib/Driver/Db/DbMongo.class.php 第 552 行.
SQL: alsogood.material.find({"site":{"$id":"509a04be96838cb770a61bd2"},"state":1,"genre":"p","file.width":"200","file.height":"1"}).count() [ RunTime:0.000395s ]

[ 2012-12-11T15:10:03+08:00 ] 127.0.0.1 /ad/material
INFO: [ route_check ] --START--
INFO: Run CheckRoute Behavior [ RunTime:0.000061s ]
INFO: [ route_check ] --END-- [ RunTime:0.000113s ]
INFO: [ app_begin ] --START--
INFO: Run ReadHtmlCache Behavior [ RunTime:-0.000196s ]
INFO: [ app_begin ] --END-- [ RunTime:0.000087s ]
INFO: [ view_template ] --START--
INFO: Run LocationTemplate Behavior [ RunTime:-0.003482s ]
INFO: [ view_template ] --END-- [ RunTime:0.000113s ]
INFO: [ view_parse ] --START--
NOTIC: [8] Use of undefined constant loca - assumed 'loca' /Users/adnetsalso/Sites/ad/Runtime/Cache/387af992d86f6f54ef27a1ec78648937.php 第 23 行.
NOTIC: [8] Use of undefined constant mater - assumed 'mater' /Users/adnetsalso/Sites/ad/Runtime/Cache/387af992d86f6f54ef27a1ec78648937.php 第 31 行.
INFO: Run ParseTemplate Behavior [ RunTime:-0.003621s ]
INFO: [ view_parse ] --END-- [ RunTime:0.003218s ]
INFO: [ view_filter ] --START--
INFO: Run ContentReplace Behavior [ RunTime:-0.006891s ]
INFO: Run TokenBuild Behavior [ RunTime:-0.007161s ]
INFO: Run WriteHtmlCache Behavior [ RunTime:-0.007331s ]
INFO: Run ShowRuntime Behavior [ RunTime:-0.007453s ]
INFO: [ view_filter ] --END-- [ RunTime:0.000744s ]
INFO: [ view_end ] --START--
INFO: Run ShowPageTrace Behavior [ RunTime:-0.007664s ]
INFO: [ view_end ] --END-- [ RunTime:0.000117s ]

[ 2012-12-11T15:10:03+08:00 ] 127.0.0.1 /ad/material/cnt
INFO: [ route_check ] --START--
INFO: Run CheckRoute Behavior [ RunTime:0.000103s ]
INFO: [ route_check ] --END-- [ RunTime:0.000176s ]
INFO: [ app_begin ] --START--
INFO: Run ReadHtmlCache Behavior [ RunTime:-0.000254s ]
INFO: [ app_begin ] --END-- [ RunTime:0.000118s ]
NOTIC: [8] Undefined offset: 2 /Users/adnetsalso/Sites/ad/Lib/Action/MaterialAction.class.php 第 64 行.
NOTIC: [8] Undefined offset: 3 /Users/adnetsalso/Sites/ad/Lib/Action/MaterialAction.class.php 第 67 行.
SQL: alsogood.getCollection(material) [ RunTime:0.000030s ]
NOTIC: [8] Undefined index: model /Users/adnetsalso/Sites/ad/ThinkPHP/Lib/Driver/Db/DbMongo.class.php 第 552 行.
SQL: alsogood.material.find({"site":{"$id":"509a04be96838cb770a61bd2"},"state":1}).count() [ RunTime:0.000338s ]

[ 2012-12-11T15:10:03+08:00 ] 127.0.0.1 /ad/material/cnt
INFO: [ route_check ] --START--
INFO: Run CheckRoute Behavior [ RunTime:0.000073s ]
INFO: [ route_check ] --END-- [ RunTime:0.000130s ]
INFO: [ app_begin ] --START--
INFO: Run ReadHtmlCache Behavior [ RunTime:-0.000221s ]
INFO: [ app_begin ] --END-- [ RunTime:0.000106s ]
NOTIC: [8] Undefined offset: 2 /Users/adnetsalso/Sites/ad/Lib/Action/MaterialAction.class.php 第 64 行.
NOTIC: [8] Undefined offset: 3 /Users/adnetsalso/Sites/ad/Lib/Action/MaterialAction.class.php 第 67 行.
SQL: alsogood.getCollection(material) [ RunTime:0.000016s ]
NOTIC: [8] Undefined index: model /Users/adnetsalso/Sites/ad/ThinkPHP/Lib/Driver/Db/DbMongo.class.php 第 552 行.
SQL: alsogood.material.find({"site":{"$id":"509a04be96838cb770a61bd2"},"state":1}).count() [ RunTime:0.000378s ]

[ 2012-12-11T15:10:03+08:00 ] 127.0.0.1 /ad/material/lst/1
INFO: [ route_check ] --START--
INFO: Run CheckRoute Behavior [ RunTime:0.000098s ]
INFO: [ route_check ] --END-- [ RunTime:0.000178s ]
INFO: [ app_begin ] --START--
INFO: Run ReadHtmlCache Behavior [ RunTime:-0.000320s ]
INFO: [ app_begin ] --END-- [ RunTime:0.000154s ]
SQL: alsogood.getCollection(material) [ RunTime:0.000025s ]
NOTIC: [8] Undefined index: field /Users/adnetsalso/Sites/ad/ThinkPHP/Lib/Driver/Db/DbMongo.class.php 第 436 行.
SQL: alsogood.material.find({"site":{"$id":"509a04be96838cb770a61bd2"},"state":1}).sort({"_id":-1}).limit(5) [ RunTime:0.000088s ]

[ 2012-12-11T15:10:30+08:00 ] 127.0.0.1 /ad/material/cnt/p/270x129
INFO: [ route_check ] --START--
INFO: Run CheckRoute Behavior [ RunTime:0.000066s ]
INFO: [ route_check ] --END-- [ RunTime:0.000124s ]
INFO: [ app_begin ] --START--
INFO: Run ReadHtmlCache Behavior [ RunTime:-0.000243s ]
INFO: [ app_begin ] --END-- [ RunTime:0.000098s ]
SQL: alsogood.getCollection(material) [ RunTime:0.000017s ]
NOTIC: [8] Undefined index: model /Users/adnetsalso/Sites/ad/ThinkPHP/Lib/Driver/Db/DbMongo.class.php 第 552 行.
SQL: alsogood.material.find({"site":{"$id":"509a04be96838cb770a61bd2"},"state":1,"genre":"p","file.width":"270","file.height":"129"}).count() [ RunTime:0.000413s ]

[ 2012-12-11T15:10:40+08:00 ] 127.0.0.1 /ad/material/cnt/all/270x129
INFO: [ route_check ] --START--
INFO: Run CheckRoute Behavior [ RunTime:0.000085s ]
INFO: [ route_check ] --END-- [ RunTime:0.000166s ]
INFO: [ app_begin ] --START--
INFO: Run ReadHtmlCache Behavior [ RunTime:-0.000280s ]
INFO: [ app_begin ] --END-- [ RunTime:0.000120s ]
SQL: alsogood.getCollection(material) [ RunTime:0.000017s ]
NOTIC: [8] Undefined index: model /Users/adnetsalso/Sites/ad/ThinkPHP/Lib/Driver/Db/DbMongo.class.php 第 552 行.
SQL: alsogood.material.find({"site":{"$id":"509a04be96838cb770a61bd2"},"state":1,"file.width":"270","file.height":"129"}).count() [ RunTime:0.000501s ]

[ 2012-12-11T15:10:48+08:00 ] 127.0.0.1 /ad/material/cnt/f/270x129
INFO: [ route_check ] --START--
INFO: Run CheckRoute Behavior [ RunTime:0.000089s ]
INFO: [ route_check ] --END-- [ RunTime:0.000174s ]
INFO: [ app_begin ] --START--
INFO: Run ReadHtmlCache Behavior [ RunTime:-0.000250s ]
INFO: [ app_begin ] --END-- [ RunTime:0.000100s ]
SQL: alsogood.getCollection(material) [ RunTime:0.000017s ]
NOTIC: [8] Undefined index: model /Users/adnetsalso/Sites/ad/ThinkPHP/Lib/Driver/Db/DbMongo.class.php 第 552 行.
SQL: alsogood.material.find({"site":{"$id":"509a04be96838cb770a61bd2"},"state":1,"genre":"f","file.width":"270","file.height":"129"}).count() [ RunTime:0.000404s ]

[ 2012-12-11T15:35:13+08:00 ] ERR: [1] Call to undefined function getMaterType() /Users/adnetsalso/Sites/ad/Lib/Action/MaterialAction.class.php 第 30 行.
[ 2012-12-11T15:35:54+08:00 ] 127.0.0.1 /ad/material/lst/1
INFO: [ route_check ] --START--
INFO: Run CheckRoute Behavior [ RunTime:0.000085s ]
INFO: [ route_check ] --END-- [ RunTime:0.000156s ]
INFO: [ app_begin ] --START--
INFO: Run ReadHtmlCache Behavior [ RunTime:-0.000244s ]
INFO: [ app_begin ] --END-- [ RunTime:0.000087s ]
NOTIC: [8] Undefined offset: 3 /Users/adnetsalso/Sites/ad/Lib/Action/MaterialAction.class.php 第 30 行.
NOTIC: [8] Undefined offset: 4 /Users/adnetsalso/Sites/ad/Lib/Action/MaterialAction.class.php 第 31 行.
SQL: alsogood.getCollection(material) [ RunTime:0.000023s ]
NOTIC: [8] Undefined index: field /Users/adnetsalso/Sites/ad/ThinkPHP/Lib/Driver/Db/DbMongo.class.php 第 436 行.
SQL: alsogood.material.find({"site":{"$id":"509a04be96838cb770a61bd2"},"state":1}).sort({"_id":-1}).limit(5) [ RunTime:0.000076s ]

[ 2012-12-11T15:36:01+08:00 ] 127.0.0.1 /ad/material/lst/1/f
INFO: [ route_check ] --START--
INFO: Run CheckRoute Behavior [ RunTime:0.000111s ]
INFO: [ route_check ] --END-- [ RunTime:0.000199s ]
INFO: [ app_begin ] --START--
INFO: Run ReadHtmlCache Behavior [ RunTime:-0.000393s ]
INFO: [ app_begin ] --END-- [ RunTime:0.000158s ]
NOTIC: [8] Undefined offset: 4 /Users/adnetsalso/Sites/ad/Lib/Action/MaterialAction.class.php 第 31 行.
SQL: alsogood.getCollection(material) [ RunTime:0.000026s ]
NOTIC: [8] Undefined index: field /Users/adnetsalso/Sites/ad/ThinkPHP/Lib/Driver/Db/DbMongo.class.php 第 436 行.
SQL: alsogood.material.find({"site":{"$id":"509a04be96838cb770a61bd2"},"state":1,"genre":"f"}).sort({"_id":-1}).limit(5) [ RunTime:0.000095s ]

[ 2012-12-11T15:36:04+08:00 ] 127.0.0.1 /ad/material/lst/1/p
INFO: [ route_check ] --START--
INFO: Run CheckRoute Behavior [ RunTime:0.000070s ]
INFO: [ route_check ] --END-- [ RunTime:0.000128s ]
INFO: [ app_begin ] --START--
INFO: Run ReadHtmlCache Behavior [ RunTime:-0.000232s ]
INFO: [ app_begin ] --END-- [ RunTime:0.000107s ]
NOTIC: [8] Undefined offset: 4 /Users/adnetsalso/Sites/ad/Lib/Action/MaterialAction.class.php 第 31 行.
SQL: alsogood.getCollection(material) [ RunTime:0.000016s ]
NOTIC: [8] Undefined index: field /Users/adnetsalso/Sites/ad/ThinkPHP/Lib/Driver/Db/DbMongo.class.php 第 436 行.
SQL: alsogood.material.find({"site":{"$id":"509a04be96838cb770a61bd2"},"state":1,"genre":"p"}).sort({"_id":-1}).limit(5) [ RunTime:0.000076s ]

[ 2012-12-11T15:36:20+08:00 ] 127.0.0.1 /ad/material/lst/1/p/270x129
INFO: [ route_check ] --START--
INFO: Run CheckRoute Behavior [ RunTime:0.000095s ]
INFO: [ route_check ] --END-- [ RunTime:0.000175s ]
INFO: [ app_begin ] --START--
INFO: Run ReadHtmlCache Behavior [ RunTime:-0.000362s ]
INFO: [ app_begin ] --END-- [ RunTime:0.000150s ]
SQL: alsogood.getCollection(material) [ RunTime:0.000018s ]
NOTIC: [8] Undefined index: field /Users/adnetsalso/Sites/ad/ThinkPHP/Lib/Driver/Db/DbMongo.class.php 第 436 行.
SQL: alsogood.material.find({"site":{"$id":"509a04be96838cb770a61bd2"},"state":1,"genre":"p","file.width":"270","file.height":"129"}).sort({"_id":-1}).limit(5) [ RunTime:0.000090s ]

[ 2012-12-11T15:36:24+08:00 ] 127.0.0.1 /ad/material/lst/1/p/270x128
INFO: [ route_check ] --START--
INFO: Run CheckRoute Behavior [ RunTime:0.000098s ]
INFO: [ route_check ] --END-- [ RunTime:0.000179s ]
INFO: [ app_begin ] --START--
INFO: Run ReadHtmlCache Behavior [ RunTime:-0.000319s ]
INFO: [ app_begin ] --END-- [ RunTime:0.000169s ]
SQL: alsogood.getCollection(material) [ RunTime:0.000017s ]
NOTIC: [8] Undefined index: field /Users/adnetsalso/Sites/ad/ThinkPHP/Lib/Driver/Db/DbMongo.class.php 第 436 行.
SQL: alsogood.material.find({"site":{"$id":"509a04be96838cb770a61bd2"},"state":1,"genre":"p","file.width":"270","file.height":"128"}).sort({"_id":-1}).limit(5) [ RunTime:0.000077s ]

