[ 2012-12-24T14:09:01+08:00 ] 127.0.0.1 /ad/bill/newd
INFO: [ route_check ] --START--
INFO: Run CheckRoute Behavior [ RunTime:0.004004s ]
INFO: [ route_check ] --END-- [ RunTime:0.004211s ]
INFO: [ app_begin ] --START--
INFO: Run ReadHtmlCache Behavior [ RunTime:-0.000713s ]
INFO: [ app_begin ] --END-- [ RunTime:0.003225s ]

[ 2012-12-24T14:09:01+08:00 ] 127.0.0.1 /ad/s/lgn
INFO: [ route_check ] --START--
INFO: Run CheckRoute Behavior [ RunTime:0.000088s ]
INFO: [ route_check ] --END-- [ RunTime:0.000163s ]
INFO: [ app_begin ] --START--
INFO: Run ReadHtmlCache Behavior [ RunTime:-0.000258s ]
INFO: [ app_begin ] --END-- [ RunTime:0.000138s ]
INFO: [ view_template ] --START--
INFO: Run LocationTemplate Behavior [ RunTime:-0.031504s ]
INFO: [ view_template ] --END-- [ RunTime:0.004115s ]
INFO: [ view_parse ] --START--
INFO: Run ParseTemplate Behavior [ RunTime:-0.035651s ]
INFO: [ view_parse ] --END-- [ RunTime:0.053369s ]
INFO: [ view_filter ] --START--
INFO: Run ContentReplace Behavior [ RunTime:-0.089053s ]
INFO: Run TokenBuild Behavior [ RunTime:-0.091893s ]
INFO: Run WriteHtmlCache Behavior [ RunTime:-0.094894s ]
INFO: Run ShowRuntime Behavior [ RunTime:-0.097676s ]
INFO: [ view_filter ] --END-- [ RunTime:0.011467s ]
INFO: [ view_end ] --START--
INFO: Run ShowPageTrace Behavior [ RunTime:-0.100564s ]
INFO: [ view_end ] --END-- [ RunTime:0.002938s ]

[ 2012-12-24T14:09:04+08:00 ] 127.0.0.1 /ad/s/login
INFO: [ route_check ] --START--
INFO: Run CheckRoute Behavior [ RunTime:0.000062s ]
INFO: [ route_check ] --END-- [ RunTime:0.000113s ]
INFO: [ app_begin ] --START--
INFO: Run ReadHtmlCache Behavior [ RunTime:-0.000175s ]
INFO: [ app_begin ] --END-- [ RunTime:0.000088s ]
SQL: alsogood.getCollection(user) [ RunTime:0.000101s ]
NOTIC: [8] Undefined index: model /Users/adnetsalso/Sites/ad/ThinkPHP/Lib/Driver/Db/DbMongo.class.php 第 513 行.
SQL: alsogood.user.findOne({"email":"shiba@da.com","psd":"96e79218965eb72c92a549dd5a330112","state":1},["email","name","url"]) [ RunTime:0.281687s ]

[ 2012-12-24T14:09:04+08:00 ] 127.0.0.1 /ad/index/index
INFO: [ route_check ] --START--
INFO: Run CheckRoute Behavior [ RunTime:0.000076s ]
INFO: [ route_check ] --END-- [ RunTime:0.000141s ]
INFO: [ app_begin ] --START--
INFO: Run ReadHtmlCache Behavior [ RunTime:-0.000219s ]
INFO: [ app_begin ] --END-- [ RunTime:0.000113s ]

[ 2012-12-24T14:09:18+08:00 ] 127.0.0.1 /ad/bill/newd
INFO: [ route_check ] --START--
INFO: Run CheckRoute Behavior [ RunTime:0.000176s ]
INFO: [ route_check ] --END-- [ RunTime:0.000755s ]
INFO: [ app_begin ] --START--
INFO: Run ReadHtmlCache Behavior [ RunTime:-0.001416s ]
INFO: [ app_begin ] --END-- [ RunTime:0.000219s ]
SQL: alsogood.getCollection(material) [ RunTime:0.000209s ]
SQL: alsogood.material.findOne({"_id":{"$id":"50c1c323f8894ee0be040000"},"state":1},["name","link","file","genre","code"]) [ RunTime:0.072673s ]
SQL: alsogood.material.findOne({"_id":{"$id":"50c1c33ff8894e474f000000"},"state":1},["name","link","file","genre","code"]) [ RunTime:0.000629s ]
SQL: alsogood.material.findOne({"_id":{"$id":"50c1c3a0f8894e594a0d0000"},"state":1},["name","link","file","genre","code"]) [ RunTime:0.000469s ]

[ 2012-12-24T14:09:27+08:00 ] 127.0.0.1 /ad/bill/newd
INFO: [ route_check ] --START--
INFO: Run CheckRoute Behavior [ RunTime:0.000477s ]
INFO: [ route_check ] --END-- [ RunTime:0.000643s ]
INFO: [ app_begin ] --START--
INFO: Run ReadHtmlCache Behavior [ RunTime:-0.000504s ]
INFO: [ app_begin ] --END-- [ RunTime:0.000162s ]
SQL: alsogood.getCollection(material) [ RunTime:0.000124s ]
SQL: alsogood.material.findOne({"_id":{"$id":"50c1c323f8894ee0be040000"},"state":1},["name","link","file","genre","code"]) [ RunTime:0.001361s ]
SQL: alsogood.material.findOne({"_id":{"$id":"50c1c33ff8894e474f000000"},"state":1},["name","link","file","genre","code"]) [ RunTime:0.000305s ]
SQL: alsogood.material.findOne({"_id":{"$id":"50c1c3a0f8894e594a0d0000"},"state":1},["name","link","file","genre","code"]) [ RunTime:0.000220s ]

[ 2012-12-24T14:25:00+08:00 ] 127.0.0.1 /ad/bill/newd
INFO: [ route_check ] --START--
INFO: Run CheckRoute Behavior [ RunTime:0.000202s ]
INFO: [ route_check ] --END-- [ RunTime:0.000339s ]
INFO: [ app_begin ] --START--
INFO: Run ReadHtmlCache Behavior [ RunTime:-0.000474s ]
INFO: [ app_begin ] --END-- [ RunTime:0.000190s ]
NOTIC: [8] Undefined index: {"srt":"1355846400","stp":"1356883200","ntr":[["1355932800","1356883200"],["1355932800","1356105600"],["1356364800","1356883200"]]} /Users/adnetsalso/Sites/ad/Lib/Action/SspAction.class.php 第 98 行.
SQL: alsogood.getCollection(material) [ RunTime:0.000089s ]
SQL: alsogood.material.findOne({"_id":{"$id":"50c1c323f8894ee0be040000"},"state":1},["name","link","file","genre","code"]) [ RunTime:0.001346s ]
SQL: alsogood.material.findOne({"_id":{"$id":"50c1c33ff8894e474f000000"},"state":1},["name","link","file","genre","code"]) [ RunTime:0.000353s ]
SQL: alsogood.material.findOne({"_id":{"$id":"50c1c3a0f8894e594a0d0000"},"state":1},["name","link","file","genre","code"]) [ RunTime:0.000259s ]

[ 2012-12-24T14:26:19+08:00 ] 127.0.0.1 /ad/bill/newd
INFO: [ route_check ] --START--
INFO: Run CheckRoute Behavior [ RunTime:0.000167s ]
INFO: [ route_check ] --END-- [ RunTime:0.000259s ]
INFO: [ app_begin ] --START--
INFO: Run ReadHtmlCache Behavior [ RunTime:-0.000466s ]
INFO: [ app_begin ] --END-- [ RunTime:0.000216s ]
SQL: alsogood.getCollection(material) [ RunTime:0.000027s ]
SQL: alsogood.material.findOne({"_id":{"$id":"50c1c323f8894ee0be040000"},"state":1},["name","link","file","genre","code"]) [ RunTime:0.000476s ]
SQL: alsogood.material.findOne({"_id":{"$id":"50c1c33ff8894e474f000000"},"state":1},["name","link","file","genre","code"]) [ RunTime:0.000266s ]
SQL: alsogood.material.findOne({"_id":{"$id":"50c1c3a0f8894e594a0d0000"},"state":1},["name","link","file","genre","code"]) [ RunTime:0.000247s ]

[ 2012-12-24T14:41:36+08:00 ] 127.0.0.1 /ad/bill/newd
INFO: [ route_check ] --START--
INFO: Run CheckRoute Behavior [ RunTime:0.000207s ]
INFO: [ route_check ] --END-- [ RunTime:0.000322s ]
INFO: [ app_begin ] --START--
INFO: Run ReadHtmlCache Behavior [ RunTime:-0.000492s ]
INFO: [ app_begin ] --END-- [ RunTime:0.000165s ]
SQL: alsogood.getCollection(material) [ RunTime:0.000304s ]
SQL: alsogood.material.findOne({"_id":{"$id":"50c1c323f8894ee0be040000"},"state":1},["name","link","file","genre","code"]) [ RunTime:0.002885s ]
SQL: alsogood.material.findOne({"_id":{"$id":"50c1c33ff8894e474f000000"},"state":1},["name","link","file","genre","code"]) [ RunTime:0.000635s ]
SQL: alsogood.material.findOne({"_id":{"$id":"50c1c3a0f8894e594a0d0000"},"state":1},["name","link","file","genre","code"]) [ RunTime:0.000556s ]

[ 2012-12-24T14:41:56+08:00 ] 127.0.0.1 /ad/bill/newd
INFO: [ route_check ] --START--
INFO: Run CheckRoute Behavior [ RunTime:0.000183s ]
INFO: [ route_check ] --END-- [ RunTime:0.000362s ]
INFO: [ app_begin ] --START--
INFO: Run ReadHtmlCache Behavior [ RunTime:-0.010086s ]
INFO: [ app_begin ] --END-- [ RunTime:0.000252s ]
SQL: alsogood.getCollection(material) [ RunTime:0.000122s ]
SQL: alsogood.material.findOne({"_id":{"$id":"50c1c323f8894ee0be040000"},"state":1},["name","link","file","genre","code"]) [ RunTime:0.001384s ]
SQL: alsogood.material.findOne({"_id":{"$id":"50c1c33ff8894e474f000000"},"state":1},["name","link","file","genre","code"]) [ RunTime:0.000308s ]
SQL: alsogood.material.findOne({"_id":{"$id":"50c1c3a0f8894e594a0d0000"},"state":1},["name","link","file","genre","code"]) [ RunTime:0.000230s ]

[ 2012-12-24T16:40:43+08:00 ] 127.0.0.1 /ad/bill/newd
INFO: [ route_check ] --START--
INFO: Run CheckRoute Behavior [ RunTime:0.020446s ]
INFO: [ route_check ] --END-- [ RunTime:0.048696s ]
INFO: [ app_begin ] --START--
INFO: Run ReadHtmlCache Behavior [ RunTime:-0.047834s ]
INFO: [ app_begin ] --END-- [ RunTime:0.006787s ]
NOTIC: [2] Missing argument 2 for BillAction::putRead(), called in /Users/adnetsalso/Sites/ad/Lib/Action/BillAction.class.php on line 96 and defined /Users/adnetsalso/Sites/ad/Lib/Action/BillAction.class.php 第 182 行.
NOTIC: [8] Undefined variable: put /Users/adnetsalso/Sites/ad/Lib/Action/BillAction.class.php 第 183 行.
SQL: alsogood.getCollection(material) [ RunTime:0.000424s ]
SQL: alsogood.material.findOne({"_id":{"$id":"50c1c323f8894ee0be040000"},"state":1},["name","link","file","genre","code"]) [ RunTime:0.000585s ]
SQL: alsogood.material.findOne({"_id":{"$id":"50c1c33ff8894e474f000000"},"state":1},["name","link","file","genre","code"]) [ RunTime:0.000587s ]
SQL: alsogood.material.findOne({"_id":{"$id":"50c1c3a0f8894e594a0d0000"},"state":1},["name","link","file","genre","code"]) [ RunTime:0.000261s ]

[ 2012-12-24T16:44:01+08:00 ] 127.0.0.1 /ad/bill/newd
INFO: [ route_check ] --START--
INFO: Run CheckRoute Behavior [ RunTime:0.000128s ]
INFO: [ route_check ] --END-- [ RunTime:0.000259s ]
INFO: [ app_begin ] --START--
INFO: Run ReadHtmlCache Behavior [ RunTime:-0.000394s ]
INFO: [ app_begin ] --END-- [ RunTime:0.000147s ]
SQL: alsogood.getCollection(material) [ RunTime:0.000121s ]
SQL: alsogood.material.findOne({"_id":{"$id":"50c1c323f8894ee0be040000"},"state":1},["name","link","file","genre","code"]) [ RunTime:0.001291s ]
SQL: alsogood.material.findOne({"_id":{"$id":"50c1c33ff8894e474f000000"},"state":1},["name","link","file","genre","code"]) [ RunTime:0.000301s ]
SQL: alsogood.material.findOne({"_id":{"$id":"50c1c3a0f8894e594a0d0000"},"state":1},["name","link","file","genre","code"]) [ RunTime:0.000235s ]

[ 2012-12-24T17:36:10+08:00 ] 127.0.0.1 /ad/
INFO: [ app_begin ] --START--
INFO: Run ReadHtmlCache Behavior [ RunTime:0.000114s ]
INFO: [ app_begin ] --END-- [ RunTime:0.000198s ]

[ 2012-12-24T17:37:27+08:00 ] 127.0.0.1 /ad/bill/newd
INFO: [ route_check ] --START--
INFO: Run CheckRoute Behavior [ RunTime:0.000092s ]
INFO: [ route_check ] --END-- [ RunTime:0.000143s ]
INFO: [ app_begin ] --START--
INFO: Run ReadHtmlCache Behavior [ RunTime:-0.000236s ]
INFO: [ app_begin ] --END-- [ RunTime:0.000119s ]
SQL: alsogood.getCollection(material) [ RunTime:0.000026s ]
SQL: alsogood.material.findOne({"_id":{"$id":"50c1c323f8894ee0be040000"},"state":1},["name","link","file","genre","code"]) [ RunTime:0.000538s ]
SQL: alsogood.material.findOne({"_id":{"$id":"50c1c33ff8894e474f000000"},"state":1},["name","link","file","genre","code"]) [ RunTime:0.000305s ]
SQL: alsogood.material.findOne({"_id":{"$id":"50c1c3a0f8894e594a0d0000"},"state":1},["name","link","file","genre","code"]) [ RunTime:0.000265s ]

[ 2012-12-24T17:38:39+08:00 ] 127.0.0.1 /ad/bill/newd
INFO: [ route_check ] --START--
INFO: Run CheckRoute Behavior [ RunTime:0.000097s ]
INFO: [ route_check ] --END-- [ RunTime:0.000153s ]
INFO: [ app_begin ] --START--
INFO: Run ReadHtmlCache Behavior [ RunTime:-0.000290s ]
INFO: [ app_begin ] --END-- [ RunTime:0.000118s ]
SQL: alsogood.getCollection(material) [ RunTime:0.000029s ]
SQL: alsogood.material.findOne({"_id":{"$id":"50c1c323f8894ee0be040000"},"state":1},["name","link","file","genre","code"]) [ RunTime:0.000576s ]
SQL: alsogood.material.findOne({"_id":{"$id":"50c1c33ff8894e474f000000"},"state":1},["name","link","file","genre","code"]) [ RunTime:0.000385s ]
SQL: alsogood.material.findOne({"_id":{"$id":"50c1c3a0f8894e594a0d0000"},"state":1},["name","link","file","genre","code"]) [ RunTime:0.000373s ]

[ 2012-12-24T17:43:36+08:00 ] 127.0.0.1 /ad/bill/newd
INFO: [ route_check ] --START--
INFO: Run CheckRoute Behavior [ RunTime:0.000086s ]
INFO: [ route_check ] --END-- [ RunTime:0.000159s ]
INFO: [ app_begin ] --START--
INFO: Run ReadHtmlCache Behavior [ RunTime:-0.000317s ]
INFO: [ app_begin ] --END-- [ RunTime:0.000132s ]
SQL: alsogood.getCollection(material) [ RunTime:0.000026s ]
SQL: alsogood.material.findOne({"_id":{"$id":"50c1c323f8894ee0be040000"},"state":1},["name","link","file","genre","code"]) [ RunTime:0.000333s ]
SQL: alsogood.material.findOne({"_id":{"$id":"50c1c33ff8894e474f000000"},"state":1},["name","link","file","genre","code"]) [ RunTime:0.000244s ]
SQL: alsogood.material.findOne({"_id":{"$id":"50c1c3a0f8894e594a0d0000"},"state":1},["name","link","file","genre","code"]) [ RunTime:0.000221s ]

[ 2012-12-24T17:48:09+08:00 ] 127.0.0.1 /ad/bill/newd
INFO: [ route_check ] --START--
INFO: Run CheckRoute Behavior [ RunTime:0.000118s ]
INFO: [ route_check ] --END-- [ RunTime:0.000210s ]
INFO: [ app_begin ] --START--
INFO: Run ReadHtmlCache Behavior [ RunTime:-0.000353s ]
INFO: [ app_begin ] --END-- [ RunTime:0.000165s ]
SQL: alsogood.getCollection(material) [ RunTime:0.000028s ]
SQL: alsogood.material.findOne({"_id":{"$id":"50c1c323f8894ee0be040000"},"state":1},["name","link","file","genre","code"]) [ RunTime:0.000394s ]
SQL: alsogood.material.findOne({"_id":{"$id":"50c1c33ff8894e474f000000"},"state":1},["name","link","file","genre","code"]) [ RunTime:0.000414s ]
SQL: alsogood.material.findOne({"_id":{"$id":"50c1c3a0f8894e594a0d0000"},"state":1},["name","link","file","genre","code"]) [ RunTime:0.000284s ]

[ 2012-12-24T17:48:12+08:00 ] 127.0.0.1 /ad/bill/newd
INFO: [ route_check ] --START--
INFO: Run CheckRoute Behavior [ RunTime:0.000074s ]
INFO: [ route_check ] --END-- [ RunTime:0.000136s ]
INFO: [ app_begin ] --START--
INFO: Run ReadHtmlCache Behavior [ RunTime:-0.000216s ]
INFO: [ app_begin ] --END-- [ RunTime:0.000112s ]
SQL: alsogood.getCollection(material) [ RunTime:0.000025s ]
SQL: alsogood.material.findOne({"_id":{"$id":"50c1c323f8894ee0be040000"},"state":1},["name","link","file","genre","code"]) [ RunTime:0.033894s ]
SQL: alsogood.material.findOne({"_id":{"$id":"50c1c33ff8894e474f000000"},"state":1},["name","link","file","genre","code"]) [ RunTime:0.000346s ]
SQL: alsogood.material.findOne({"_id":{"$id":"50c1c3a0f8894e594a0d0000"},"state":1},["name","link","file","genre","code"]) [ RunTime:0.000268s ]

[ 2012-12-24T17:48:13+08:00 ] 127.0.0.1 /ad/bill/newd
INFO: [ route_check ] --START--
INFO: Run CheckRoute Behavior [ RunTime:0.000093s ]
INFO: [ route_check ] --END-- [ RunTime:0.000165s ]
INFO: [ app_begin ] --START--
INFO: Run ReadHtmlCache Behavior [ RunTime:-0.000251s ]
INFO: [ app_begin ] --END-- [ RunTime:0.000133s ]
SQL: alsogood.getCollection(material) [ RunTime:0.000031s ]
SQL: alsogood.material.findOne({"_id":{"$id":"50c1c323f8894ee0be040000"},"state":1},["name","link","file","genre","code"]) [ RunTime:0.000411s ]
SQL: alsogood.material.findOne({"_id":{"$id":"50c1c33ff8894e474f000000"},"state":1},["name","link","file","genre","code"]) [ RunTime:0.000306s ]
SQL: alsogood.material.findOne({"_id":{"$id":"50c1c3a0f8894e594a0d0000"},"state":1},["name","link","file","genre","code"]) [ RunTime:0.000416s ]

[ 2012-12-24T17:53:26+08:00 ] 127.0.0.1 /ad/bill/newd
INFO: [ route_check ] --START--
INFO: Run CheckRoute Behavior [ RunTime:0.000090s ]
INFO: [ route_check ] --END-- [ RunTime:0.000163s ]
INFO: [ app_begin ] --START--
INFO: Run ReadHtmlCache Behavior [ RunTime:-0.000289s ]
INFO: [ app_begin ] --END-- [ RunTime:0.000164s ]
SQL: alsogood.getCollection(material) [ RunTime:0.000017s ]
SQL: alsogood.material.findOne({"_id":{"$id":"50c1c323f8894ee0be040000"},"state":1},["name","link","file","genre","code"]) [ RunTime:0.000395s ]
SQL: alsogood.material.findOne({"_id":{"$id":"50c1c33ff8894e474f000000"},"state":1},["name","link","file","genre","code"]) [ RunTime:0.000241s ]
SQL: alsogood.material.findOne({"_id":{"$id":"50c1c3a0f8894e594a0d0000"},"state":1},["name","link","file","genre","code"]) [ RunTime:0.000286s ]

[ 2012-12-24T17:53:42+08:00 ] 127.0.0.1 /ad/bill/newd
INFO: [ route_check ] --START--
INFO: Run CheckRoute Behavior [ RunTime:0.000111s ]
INFO: [ route_check ] --END-- [ RunTime:0.000204s ]
INFO: [ app_begin ] --START--
INFO: Run ReadHtmlCache Behavior [ RunTime:-0.000358s ]
INFO: [ app_begin ] --END-- [ RunTime:0.000166s ]
SQL: alsogood.getCollection(material) [ RunTime:0.000029s ]
SQL: alsogood.material.findOne({"_id":{"$id":"50c1c323f8894ee0be040000"},"state":1},["name","link","file","genre","code"]) [ RunTime:0.000376s ]
SQL: alsogood.material.findOne({"_id":{"$id":"50c1c33ff8894e474f000000"},"state":1},["name","link","file","genre","code"]) [ RunTime:0.000287s ]
SQL: alsogood.material.findOne({"_id":{"$id":"50c1c3a0f8894e594a0d0000"},"state":1},["name","link","file","genre","code"]) [ RunTime:0.000275s ]

[ 2012-12-24T17:53:57+08:00 ] 127.0.0.1 /ad/bill/newd
INFO: [ route_check ] --START--
INFO: Run CheckRoute Behavior [ RunTime:0.000113s ]
INFO: [ route_check ] --END-- [ RunTime:0.000217s ]
INFO: [ app_begin ] --START--
INFO: Run ReadHtmlCache Behavior [ RunTime:-0.000356s ]
INFO: [ app_begin ] --END-- [ RunTime:0.000166s ]
SQL: alsogood.getCollection(material) [ RunTime:0.000019s ]
SQL: alsogood.material.findOne({"_id":{"$id":"50c1c323f8894ee0be040000"},"state":1},["name","link","file","genre","code"]) [ RunTime:0.000370s ]
SQL: alsogood.material.findOne({"_id":{"$id":"50c1c33ff8894e474f000000"},"state":1},["name","link","file","genre","code"]) [ RunTime:0.000294s ]
SQL: alsogood.material.findOne({"_id":{"$id":"50c1c3a0f8894e594a0d0000"},"state":1},["name","link","file","genre","code"]) [ RunTime:0.000251s ]

[ 2012-12-24T18:08:43+08:00 ] 127.0.0.1 /ad/bill/newd
INFO: [ route_check ] --START--
INFO: Run CheckRoute Behavior [ RunTime:0.000097s ]
INFO: [ route_check ] --END-- [ RunTime:0.000178s ]
INFO: [ app_begin ] --START--
INFO: Run ReadHtmlCache Behavior [ RunTime:-0.000336s ]
INFO: [ app_begin ] --END-- [ RunTime:0.000117s ]
SQL: alsogood.getCollection(material) [ RunTime:0.000025s ]
SQL: alsogood.material.findOne({"_id":{"$id":"50c1c323f8894ee0be040000"},"state":1},["name","link","file","genre","code"]) [ RunTime:0.000369s ]
SQL: alsogood.material.findOne({"_id":{"$id":"50c1c33ff8894e474f000000"},"state":1},["name","link","file","genre","code"]) [ RunTime:0.000284s ]
SQL: alsogood.material.findOne({"_id":{"$id":"50c1c3a0f8894e594a0d0000"},"state":1},["name","link","file","genre","code"]) [ RunTime:0.000247s ]

[ 2012-12-24T18:08:55+08:00 ] 127.0.0.1 /ad/bill/newd
INFO: [ route_check ] --START--
INFO: Run CheckRoute Behavior [ RunTime:0.000071s ]
INFO: [ route_check ] --END-- [ RunTime:0.000126s ]
INFO: [ app_begin ] --START--
INFO: Run ReadHtmlCache Behavior [ RunTime:-0.000194s ]
INFO: [ app_begin ] --END-- [ RunTime:0.000086s ]
SQL: alsogood.getCollection(material) [ RunTime:0.000027s ]
SQL: alsogood.material.findOne({"_id":{"$id":"50c1c323f8894ee0be040000"},"state":1},["name","link","file","genre","code"]) [ RunTime:0.000437s ]
SQL: alsogood.material.findOne({"_id":{"$id":"50c1c33ff8894e474f000000"},"state":1},["name","link","file","genre","code"]) [ RunTime:0.000258s ]
SQL: alsogood.material.findOne({"_id":{"$id":"50c1c3a0f8894e594a0d0000"},"state":1},["name","link","file","genre","code"]) [ RunTime:0.000249s ]

[ 2012-12-24T18:12:42+08:00 ] 127.0.0.1 /ad/bill/newd
INFO: [ route_check ] --START--
INFO: Run CheckRoute Behavior [ RunTime:0.000139s ]
INFO: [ route_check ] --END-- [ RunTime:0.000212s ]
INFO: [ app_begin ] --START--
INFO: Run ReadHtmlCache Behavior [ RunTime:-0.000321s ]
INFO: [ app_begin ] --END-- [ RunTime:0.000131s ]
SQL: alsogood.getCollection(material) [ RunTime:0.000164s ]
SQL: alsogood.material.findOne({"_id":{"$id":"50c1c323f8894ee0be040000"},"state":1},["name","link","file","genre","code"]) [ RunTime:0.001991s ]
SQL: alsogood.material.findOne({"_id":{"$id":"50c1c33ff8894e474f000000"},"state":1},["name","link","file","genre","code"]) [ RunTime:0.000399s ]
SQL: alsogood.material.findOne({"_id":{"$id":"50c1c3a0f8894e594a0d0000"},"state":1},["name","link","file","genre","code"]) [ RunTime:0.000316s ]

[ 2012-12-24T18:14:57+08:00 ] 127.0.0.1 /ad/bill/newd
INFO: [ route_check ] --START--
INFO: Run CheckRoute Behavior [ RunTime:0.000089s ]
INFO: [ route_check ] --END-- [ RunTime:0.000164s ]
INFO: [ app_begin ] --START--
INFO: Run ReadHtmlCache Behavior [ RunTime:-0.000286s ]
INFO: [ app_begin ] --END-- [ RunTime:0.000140s ]
SQL: alsogood.getCollection(material) [ RunTime:0.000027s ]
SQL: alsogood.material.findOne({"_id":{"$id":"50c1c323f8894ee0be040000"},"state":1},["name","link","file","genre","code"]) [ RunTime:0.000371s ]
SQL: alsogood.material.findOne({"_id":{"$id":"50c1c33ff8894e474f000000"},"state":1},["name","link","file","genre","code"]) [ RunTime:0.000257s ]
SQL: alsogood.material.findOne({"_id":{"$id":"50c1c3a0f8894e594a0d0000"},"state":1},["name","link","file","genre","code"]) [ RunTime:0.000280s ]

[ 2012-12-24T18:15:39+08:00 ] 127.0.0.1 /ad/bill/newd
INFO: [ route_check ] --START--
INFO: Run CheckRoute Behavior [ RunTime:0.000088s ]
INFO: [ route_check ] --END-- [ RunTime:0.000160s ]
INFO: [ app_begin ] --START--
INFO: Run ReadHtmlCache Behavior [ RunTime:-0.000281s ]
INFO: [ app_begin ] --END-- [ RunTime:0.000136s ]
SQL: alsogood.getCollection(material) [ RunTime:0.000023s ]
SQL: alsogood.material.findOne({"_id":{"$id":"50c1c323f8894ee0be040000"},"state":1},["name","link","file","genre","code"]) [ RunTime:0.000338s ]
SQL: alsogood.material.findOne({"_id":{"$id":"50c1c33ff8894e474f000000"},"state":1},["name","link","file","genre","code"]) [ RunTime:0.000251s ]
SQL: alsogood.material.findOne({"_id":{"$id":"50c1c3a0f8894e594a0d0000"},"state":1},["name","link","file","genre","code"]) [ RunTime:0.000232s ]

[ 2012-12-24T18:16:15+08:00 ] 127.0.0.1 /ad/bill/newd
INFO: [ route_check ] --START--
INFO: Run CheckRoute Behavior [ RunTime:0.000111s ]
INFO: [ route_check ] --END-- [ RunTime:0.000200s ]
INFO: [ app_begin ] --START--
INFO: Run ReadHtmlCache Behavior [ RunTime:-0.000385s ]
INFO: [ app_begin ] --END-- [ RunTime:0.000175s ]
SQL: alsogood.getCollection(material) [ RunTime:0.000032s ]
SQL: alsogood.material.findOne({"_id":{"$id":"50c1c323f8894ee0be040000"},"state":1},["name","link","file","genre","code"]) [ RunTime:0.000502s ]
SQL: alsogood.material.findOne({"_id":{"$id":"50c1c33ff8894e474f000000"},"state":1},["name","link","file","genre","code"]) [ RunTime:0.000329s ]
SQL: alsogood.material.findOne({"_id":{"$id":"50c1c3a0f8894e594a0d0000"},"state":1},["name","link","file","genre","code"]) [ RunTime:0.000307s ]

[ 2012-12-24T18:17:45+08:00 ] 127.0.0.1 /ad/bill/newd
INFO: [ route_check ] --START--
INFO: Run CheckRoute Behavior [ RunTime:0.000109s ]
INFO: [ route_check ] --END-- [ RunTime:0.000199s ]
INFO: [ app_begin ] --START--
INFO: Run ReadHtmlCache Behavior [ RunTime:-0.000384s ]
INFO: [ app_begin ] --END-- [ RunTime:0.000222s ]
SQL: alsogood.getCollection(material) [ RunTime:0.000135s ]
SQL: alsogood.material.findOne({"_id":{"$id":"50c1c323f8894ee0be040000"},"state":1},["name","link","file","genre","code"]) [ RunTime:0.000432s ]
SQL: alsogood.material.findOne({"_id":{"$id":"50c1c33ff8894e474f000000"},"state":1},["name","link","file","genre","code"]) [ RunTime:0.000299s ]
SQL: alsogood.material.findOne({"_id":{"$id":"50c1c3a0f8894e594a0d0000"},"state":1},["name","link","file","genre","code"]) [ RunTime:0.000235s ]

[ 2012-12-24T18:18:42+08:00 ] 127.0.0.1 /ad/bill/newd
INFO: [ route_check ] --START--
INFO: Run CheckRoute Behavior [ RunTime:0.000183s ]
INFO: [ route_check ] --END-- [ RunTime:0.000328s ]
INFO: [ app_begin ] --START--
INFO: Run ReadHtmlCache Behavior [ RunTime:-0.000555s ]
INFO: [ app_begin ] --END-- [ RunTime:0.000248s ]
SQL: alsogood.getCollection(material) [ RunTime:0.000019s ]
SQL: alsogood.material.findOne({"_id":{"$id":"50c1c323f8894ee0be040000"},"state":1},["name","link","file","genre","code"]) [ RunTime:0.000368s ]
SQL: alsogood.material.findOne({"_id":{"$id":"50c1c33ff8894e474f000000"},"state":1},["name","link","file","genre","code"]) [ RunTime:0.000259s ]
SQL: alsogood.material.findOne({"_id":{"$id":"50c1c3a0f8894e594a0d0000"},"state":1},["name","link","file","genre","code"]) [ RunTime:0.000253s ]

[ 2012-12-24T18:18:54+08:00 ] 127.0.0.1 /ad/bill/newd
INFO: [ route_check ] --START--
INFO: Run CheckRoute Behavior [ RunTime:0.000078s ]
INFO: [ route_check ] --END-- [ RunTime:0.000140s ]
INFO: [ app_begin ] --START--
INFO: Run ReadHtmlCache Behavior [ RunTime:-0.000238s ]
INFO: [ app_begin ] --END-- [ RunTime:0.000115s ]
SQL: alsogood.getCollection(material) [ RunTime:0.000029s ]
SQL: alsogood.material.findOne({"_id":{"$id":"50c1c323f8894ee0be040000"},"state":1},["name","link","file","genre","code"]) [ RunTime:0.000326s ]
SQL: alsogood.material.findOne({"_id":{"$id":"50c1c33ff8894e474f000000"},"state":1},["name","link","file","genre","code"]) [ RunTime:0.000236s ]
SQL: alsogood.material.findOne({"_id":{"$id":"50c1c3a0f8894e594a0d0000"},"state":1},["name","link","file","genre","code"]) [ RunTime:0.000228s ]

[ 2012-12-24T18:19:26+08:00 ] 127.0.0.1 /ad/bill/newd
INFO: [ route_check ] --START--
INFO: Run CheckRoute Behavior [ RunTime:0.000074s ]
INFO: [ route_check ] --END-- [ RunTime:0.000137s ]
INFO: [ app_begin ] --START--
INFO: Run ReadHtmlCache Behavior [ RunTime:-0.000237s ]
INFO: [ app_begin ] --END-- [ RunTime:0.000097s ]
SQL: alsogood.getCollection(material) [ RunTime:0.000017s ]
SQL: alsogood.material.findOne({"_id":{"$id":"50c1c323f8894ee0be040000"},"state":1},["name","link","file","genre","code"]) [ RunTime:0.000462s ]
SQL: alsogood.material.findOne({"_id":{"$id":"50c1c33ff8894e474f000000"},"state":1},["name","link","file","genre","code"]) [ RunTime:0.000236s ]
SQL: alsogood.material.findOne({"_id":{"$id":"50c1c3a0f8894e594a0d0000"},"state":1},["name","link","file","genre","code"]) [ RunTime:0.000235s ]

[ 2012-12-24T18:19:34+08:00 ] 127.0.0.1 /ad/bill/newd
INFO: [ route_check ] --START--
INFO: Run CheckRoute Behavior [ RunTime:0.000139s ]
INFO: [ route_check ] --END-- [ RunTime:0.000252s ]
INFO: [ app_begin ] --START--
INFO: Run ReadHtmlCache Behavior [ RunTime:-0.000330s ]
INFO: [ app_begin ] --END-- [ RunTime:0.000116s ]
SQL: alsogood.getCollection(material) [ RunTime:0.000017s ]
SQL: alsogood.material.findOne({"_id":{"$id":"50c1c323f8894ee0be040000"},"state":1},["name","link","file","genre","code"]) [ RunTime:0.000325s ]
SQL: alsogood.material.findOne({"_id":{"$id":"50c1c33ff8894e474f000000"},"state":1},["name","link","file","genre","code"]) [ RunTime:0.000240s ]
SQL: alsogood.material.findOne({"_id":{"$id":"50c1c3a0f8894e594a0d0000"},"state":1},["name","link","file","genre","code"]) [ RunTime:0.000217s ]

[ 2012-12-24T18:22:36+08:00 ] 127.0.0.1 /ad/bill/newd
INFO: [ route_check ] --START--
INFO: Run CheckRoute Behavior [ RunTime:0.000139s ]
INFO: [ route_check ] --END-- [ RunTime:0.000254s ]
INFO: [ app_begin ] --START--
INFO: Run ReadHtmlCache Behavior [ RunTime:-0.000491s ]
INFO: [ app_begin ] --END-- [ RunTime:0.000239s ]
SQL: alsogood.getCollection(material) [ RunTime:0.000017s ]
SQL: alsogood.material.findOne({"_id":{"$id":"50c1c323f8894ee0be040000"},"state":1},["name","link","file","genre","code"]) [ RunTime:0.000387s ]
SQL: alsogood.material.findOne({"_id":{"$id":"50c1c33ff8894e474f000000"},"state":1},["name","link","file","genre","code"]) [ RunTime:0.000277s ]
SQL: alsogood.material.findOne({"_id":{"$id":"50c1c3a0f8894e594a0d0000"},"state":1},["name","link","file","genre","code"]) [ RunTime:0.000251s ]

