[ 2012-12-21T10:29:30+08:00 ] 127.0.0.1 /ad/index/ad
INFO: [ route_check ] --START--
INFO: Run CheckRoute Behavior [ RunTime:0.001017s ]
INFO: [ route_check ] --END-- [ RunTime:0.001083s ]
INFO: [ app_begin ] --START--
INFO: Run ReadHtmlCache Behavior [ RunTime:-0.000699s ]
INFO: [ app_begin ] --END-- [ RunTime:0.000665s ]

[ 2012-12-21T10:29:30+08:00 ] 127.0.0.1 /ad/s/lgn
INFO: [ route_check ] --START--
INFO: Run CheckRoute Behavior [ RunTime:0.000589s ]
INFO: [ route_check ] --END-- [ RunTime:0.000646s ]
INFO: [ app_begin ] --START--
INFO: Run ReadHtmlCache Behavior [ RunTime:-0.000252s ]
INFO: [ app_begin ] --END-- [ RunTime:0.000503s ]
INFO: [ view_template ] --START--
INFO: Run LocationTemplate Behavior [ RunTime:-0.022576s ]
INFO: [ view_template ] --END-- [ RunTime:0.001074s ]
INFO: [ view_parse ] --START--
INFO: Run ParseTemplate Behavior [ RunTime:-0.023679s ]
INFO: [ view_parse ] --END-- [ RunTime:0.011343s ]
INFO: [ view_filter ] --START--
INFO: Run ContentReplace Behavior [ RunTime:-0.035054s ]
INFO: Run TokenBuild Behavior [ RunTime:-0.035507s ]
INFO: Run WriteHtmlCache Behavior [ RunTime:-0.035927s ]
INFO: Run ShowRuntime Behavior [ RunTime:-0.036259s ]
INFO: [ view_filter ] --END-- [ RunTime:0.001723s ]
INFO: [ view_end ] --START--
INFO: Run ShowPageTrace Behavior [ RunTime:-0.036828s ]
INFO: [ view_end ] --END-- [ RunTime:0.000713s ]

[ 2012-12-21T10:31:33+08:00 ] 127.0.0.1 /ad/s/login
INFO: [ route_check ] --START--
INFO: Run CheckRoute Behavior [ RunTime:0.002372s ]
INFO: [ route_check ] --END-- [ RunTime:0.002487s ]
INFO: [ app_begin ] --START--
INFO: Run ReadHtmlCache Behavior [ RunTime:-0.000998s ]
INFO: [ app_begin ] --END-- [ RunTime:0.000792s ]
SQL: alsogood.getCollection(user) [ RunTime:0.000026s ]
NOTIC: [8] Undefined index: model D:\Program Files\wamp\www\ad\ThinkPHP\Lib\Driver\Db\DbMongo.class.php 第 513 行.
SQL: alsogood.user.findOne({"email":"shiba@da.com","psd":"96e79218965eb72c92a549dd5a330112","state":1},["email","name","url"]) [ RunTime:0.081255s ]

[ 2012-12-21T10:31:33+08:00 ] 127.0.0.1 /ad/index/index
INFO: [ route_check ] --START--
INFO: Run CheckRoute Behavior [ RunTime:0.000966s ]
INFO: [ route_check ] --END-- [ RunTime:0.001052s ]
INFO: [ app_begin ] --START--
INFO: Run ReadHtmlCache Behavior [ RunTime:-0.000359s ]
INFO: [ app_begin ] --END-- [ RunTime:0.000698s ]
INFO: [ view_template ] --START--
INFO: Run LocationTemplate Behavior [ RunTime:-0.002718s ]
INFO: [ view_template ] --END-- [ RunTime:0.001128s ]
INFO: [ view_parse ] --START--
NOTIC: [8] Use of undefined constant ad - assumed 'ad' D:\Program Files\wamp\www\ad\Runtime\Cache\2400900ae0ee2fb32613d828fbecbdbe.php 第 15 行.
NOTIC: [8] Use of undefined constant loca - assumed 'loca' D:\Program Files\wamp\www\ad\Runtime\Cache\2400900ae0ee2fb32613d828fbecbdbe.php 第 23 行.
NOTIC: [8] Use of undefined constant mater - assumed 'mater' D:\Program Files\wamp\www\ad\Runtime\Cache\2400900ae0ee2fb32613d828fbecbdbe.php 第 31 行.
INFO: Run ParseTemplate Behavior [ RunTime:-0.003892s ]
INFO: [ view_parse ] --END-- [ RunTime:0.021068s ]
INFO: [ view_filter ] --START--
INFO: Run ContentReplace Behavior [ RunTime:-0.025009s ]
INFO: Run TokenBuild Behavior [ RunTime:-0.025769s ]
INFO: Run WriteHtmlCache Behavior [ RunTime:-0.026397s ]
INFO: Run ShowRuntime Behavior [ RunTime:-0.026845s ]
INFO: [ view_filter ] --END-- [ RunTime:0.002319s ]
INFO: [ view_end ] --START--
INFO: Run ShowPageTrace Behavior [ RunTime:-0.027371s ]
INFO: [ view_end ] --END-- [ RunTime:0.000672s ]

[ 2012-12-21T11:14:48+08:00 ] 127.0.0.1 /ad/s/lgn
INFO: [ route_check ] --START--
INFO: Run CheckRoute Behavior [ RunTime:0.000978s ]
INFO: [ route_check ] --END-- [ RunTime:0.001043s ]
INFO: [ app_begin ] --START--
INFO: Run ReadHtmlCache Behavior [ RunTime:-0.000717s ]
INFO: [ app_begin ] --END-- [ RunTime:0.000572s ]

[ 2012-12-21T11:14:48+08:00 ] 127.0.0.1 /ad/index/index
INFO: [ route_check ] --START--
INFO: Run CheckRoute Behavior [ RunTime:0.000620s ]
INFO: [ route_check ] --END-- [ RunTime:0.000676s ]
INFO: [ app_begin ] --START--
INFO: Run ReadHtmlCache Behavior [ RunTime:-0.000231s ]
INFO: [ app_begin ] --END-- [ RunTime:0.000439s ]
INFO: [ view_template ] --START--
INFO: Run LocationTemplate Behavior [ RunTime:-0.001660s ]
INFO: [ view_template ] --END-- [ RunTime:0.000788s ]
INFO: [ view_parse ] --START--
NOTIC: [8] Use of undefined constant ad - assumed 'ad' D:\Program Files\wamp\www\ad\Runtime\Cache\2400900ae0ee2fb32613d828fbecbdbe.php 第 15 行.
NOTIC: [8] Use of undefined constant loca - assumed 'loca' D:\Program Files\wamp\www\ad\Runtime\Cache\2400900ae0ee2fb32613d828fbecbdbe.php 第 23 行.
NOTIC: [8] Use of undefined constant mater - assumed 'mater' D:\Program Files\wamp\www\ad\Runtime\Cache\2400900ae0ee2fb32613d828fbecbdbe.php 第 31 行.
INFO: Run ParseTemplate Behavior [ RunTime:-0.002479s ]
INFO: [ view_parse ] --END-- [ RunTime:0.014043s ]
INFO: [ view_filter ] --START--
INFO: Run ContentReplace Behavior [ RunTime:-0.016553s ]
INFO: Run TokenBuild Behavior [ RunTime:-0.017045s ]
INFO: Run WriteHtmlCache Behavior [ RunTime:-0.017449s ]
INFO: Run ShowRuntime Behavior [ RunTime:-0.017786s ]
INFO: [ view_filter ] --END-- [ RunTime:0.001731s ]
INFO: [ view_end ] --START--
INFO: Run ShowPageTrace Behavior [ RunTime:-0.018341s ]
INFO: [ view_end ] --END-- [ RunTime:0.000617s ]

[ 2012-12-21T11:15:06+08:00 ] 127.0.0.1 /ad/index/loca
INFO: [ route_check ] --START--
INFO: Run CheckRoute Behavior [ RunTime:0.000816s ]
INFO: [ route_check ] --END-- [ RunTime:0.000887s ]
INFO: [ app_begin ] --START--
INFO: Run ReadHtmlCache Behavior [ RunTime:-0.000317s ]
INFO: [ app_begin ] --END-- [ RunTime:0.000509s ]
INFO: [ view_template ] --START--
INFO: Run LocationTemplate Behavior [ RunTime:-0.001742s ]
INFO: [ view_template ] --END-- [ RunTime:0.000526s ]
INFO: [ view_parse ] --START--
NOTIC: [8] Use of undefined constant ad - assumed 'ad' D:\Program Files\wamp\www\ad\Runtime\Cache\804f87e898e4d3674ef4e9e6149ec1ae.php 第 15 行.
NOTIC: [8] Use of undefined constant loca - assumed 'loca' D:\Program Files\wamp\www\ad\Runtime\Cache\804f87e898e4d3674ef4e9e6149ec1ae.php 第 23 行.
NOTIC: [8] Use of undefined constant mater - assumed 'mater' D:\Program Files\wamp\www\ad\Runtime\Cache\804f87e898e4d3674ef4e9e6149ec1ae.php 第 31 行.
INFO: Run ParseTemplate Behavior [ RunTime:-0.002309s ]
INFO: [ view_parse ] --END-- [ RunTime:0.007300s ]
INFO: [ view_filter ] --START--
INFO: Run ContentReplace Behavior [ RunTime:-0.009657s ]
INFO: Run TokenBuild Behavior [ RunTime:-0.010027s ]
INFO: Run WriteHtmlCache Behavior [ RunTime:-0.010345s ]
INFO: Run ShowRuntime Behavior [ RunTime:-0.010576s ]
INFO: [ view_filter ] --END-- [ RunTime:0.001328s ]
INFO: [ view_end ] --START--
INFO: Run ShowPageTrace Behavior [ RunTime:-0.011032s ]
INFO: [ view_end ] --END-- [ RunTime:0.000501s ]

[ 2012-12-21T11:15:07+08:00 ] 127.0.0.1 /ad/adseat/cnt
INFO: [ route_check ] --START--
INFO: Run CheckRoute Behavior [ RunTime:0.001024s ]
INFO: [ route_check ] --END-- [ RunTime:0.001127s ]
INFO: [ app_begin ] --START--
INFO: Run ReadHtmlCache Behavior [ RunTime:-0.000427s ]
INFO: [ app_begin ] --END-- [ RunTime:0.000782s ]
NOTIC: [8] Undefined offset: 2 D:\Program Files\wamp\www\ad\Lib\Action\AdseatAction.class.php 第 167 行.
NOTIC: [8] Undefined offset: 3 D:\Program Files\wamp\www\ad\Lib\Action\AdseatAction.class.php 第 169 行.
SQL: alsogood.getCollection(website) [ RunTime:0.000021s ]
NOTIC: [8] Undefined index: model D:\Program Files\wamp\www\ad\ThinkPHP\Lib\Driver\Db\DbMongo.class.php 第 513 行.
SQL: alsogood.website.findOne({"uid":{"$id":"509a041296838cb770a61bd0"}},["_id"]) [ RunTime:0.000247s ]
SQL: alsogood.getCollection(adseat) [ RunTime:0.000017s ]
NOTIC: [8] Undefined index: model D:\Program Files\wamp\www\ad\ThinkPHP\Lib\Driver\Db\DbMongo.class.php 第 552 行.
SQL: alsogood.adseat.find({"website":{"$id":"509a04be96838cb770a61bd2"}}).count() [ RunTime:0.000222s ]

[ 2012-12-21T11:15:07+08:00 ] 127.0.0.1 /ad/adseat/chn
INFO: [ route_check ] --START--
INFO: Run CheckRoute Behavior [ RunTime:0.001317s ]
INFO: [ route_check ] --END-- [ RunTime:0.001409s ]
INFO: [ app_begin ] --START--
INFO: Run ReadHtmlCache Behavior [ RunTime:-0.000655s ]
INFO: [ app_begin ] --END-- [ RunTime:0.000872s ]
SQL: alsogood.getCollection(website) [ RunTime:0.000032s ]
NOTIC: [8] Undefined index: model D:\Program Files\wamp\www\ad\ThinkPHP\Lib\Driver\Db\DbMongo.class.php 第 433 行.
NOTIC: [8] Undefined index: order D:\Program Files\wamp\www\ad\ThinkPHP\Lib\Driver\Db\DbMongo.class.php 第 447 行.
SQL: alsogood.website.find({"_id":{"$id":"509a04be96838cb770a61bd2"},"channel.state":1},["channel","channel.chnName","channel.desc"]) [ RunTime:0.000062s ]

[ 2012-12-21T11:15:07+08:00 ] 127.0.0.1 /ad/adseat/cnt/all/all
INFO: [ route_check ] --START--
INFO: Run CheckRoute Behavior [ RunTime:0.001604s ]
INFO: [ route_check ] --END-- [ RunTime:0.001717s ]
INFO: [ app_begin ] --START--
INFO: Run ReadHtmlCache Behavior [ RunTime:-0.001129s ]
INFO: [ app_begin ] --END-- [ RunTime:0.000958s ]
SQL: alsogood.getCollection(adseat) [ RunTime:0.000033s ]
NOTIC: [8] Undefined index: model D:\Program Files\wamp\www\ad\ThinkPHP\Lib\Driver\Db\DbMongo.class.php 第 552 行.
SQL: alsogood.adseat.find({"website":{"$id":"509a04be96838cb770a61bd2"}}).count() [ RunTime:0.000249s ]

[ 2012-12-21T11:15:07+08:00 ] 127.0.0.1 /ad/adseat/index/1/all/all
INFO: [ route_check ] --START--
INFO: Run CheckRoute Behavior [ RunTime:0.000615s ]
INFO: [ route_check ] --END-- [ RunTime:0.000672s ]
INFO: [ app_begin ] --START--
INFO: Run ReadHtmlCache Behavior [ RunTime:-0.000243s ]
INFO: [ app_begin ] --END-- [ RunTime:0.000471s ]
SQL: alsogood.getCollection(website) [ RunTime:0.000020s ]
NOTIC: [8] Undefined index: model D:\Program Files\wamp\www\ad\ThinkPHP\Lib\Driver\Db\DbMongo.class.php 第 513 行.
NOTIC: [8] Undefined index: field D:\Program Files\wamp\www\ad\ThinkPHP\Lib\Driver\Db\DbMongo.class.php 第 516 行.
SQL: alsogood.website.findOne({"uid":{"$id":"509a041296838cb770a61bd0"}}) [ RunTime:0.000291s ]
SQL: alsogood.getCollection(adseat) [ RunTime:0.000016s ]
SQL: alsogood.adseat.find({"website":{"$id":"509a04be96838cb770a61bd2"}},["name","shape","chnName","priSize","desc"]).sort({"_id":-1}).limit(5) [ RunTime:0.000049s ]
NOTIC: [8] Undefined index: auxSize D:\Program Files\wamp\www\ad\Lib\Action\AdseatAction.class.php 第 35 行.
NOTIC: [8] Undefined index: auxSize D:\Program Files\wamp\www\ad\Lib\Action\AdseatAction.class.php 第 35 行.
NOTIC: [8] Undefined index: auxSize D:\Program Files\wamp\www\ad\Lib\Action\AdseatAction.class.php 第 35 行.

[ 2012-12-21T11:15:07+08:00 ] 127.0.0.1 /ad/index/mater
INFO: [ route_check ] --START--
INFO: Run CheckRoute Behavior [ RunTime:0.000649s ]
INFO: [ route_check ] --END-- [ RunTime:0.000722s ]
INFO: [ app_begin ] --START--
INFO: Run ReadHtmlCache Behavior [ RunTime:-0.000282s ]
INFO: [ app_begin ] --END-- [ RunTime:0.000521s ]
INFO: [ view_template ] --START--
INFO: Run LocationTemplate Behavior [ RunTime:-0.001711s ]
INFO: [ view_template ] --END-- [ RunTime:0.000767s ]
INFO: [ view_parse ] --START--
NOTIC: [8] Use of undefined constant ad - assumed 'ad' D:\Program Files\wamp\www\ad\Runtime\Cache\46c98b197ffc4c7da87fae2be422349e.php 第 16 行.
NOTIC: [8] Use of undefined constant loca - assumed 'loca' D:\Program Files\wamp\www\ad\Runtime\Cache\46c98b197ffc4c7da87fae2be422349e.php 第 24 行.
NOTIC: [8] Use of undefined constant mater - assumed 'mater' D:\Program Files\wamp\www\ad\Runtime\Cache\46c98b197ffc4c7da87fae2be422349e.php 第 32 行.
INFO: Run ParseTemplate Behavior [ RunTime:-0.002510s ]
INFO: [ view_parse ] --END-- [ RunTime:0.013651s ]
INFO: [ view_filter ] --START--
INFO: Run ContentReplace Behavior [ RunTime:-0.016194s ]
INFO: Run TokenBuild Behavior [ RunTime:-0.016672s ]
INFO: Run WriteHtmlCache Behavior [ RunTime:-0.017097s ]
INFO: Run ShowRuntime Behavior [ RunTime:-0.017437s ]
INFO: [ view_filter ] --END-- [ RunTime:0.001741s ]
INFO: [ view_end ] --START--
INFO: Run ShowPageTrace Behavior [ RunTime:-0.017992s ]
INFO: [ view_end ] --END-- [ RunTime:0.000609s ]

[ 2012-12-21T11:15:08+08:00 ] 127.0.0.1 /ad/material/cnt
INFO: [ route_check ] --START--
INFO: Run CheckRoute Behavior [ RunTime:0.001021s ]
INFO: [ route_check ] --END-- [ RunTime:0.001120s ]
INFO: [ app_begin ] --START--
INFO: Run ReadHtmlCache Behavior [ RunTime:-0.000415s ]
INFO: [ app_begin ] --END-- [ RunTime:0.000742s ]
NOTIC: [8] Undefined offset: 2 D:\Program Files\wamp\www\ad\Lib\Action\MaterialAction.class.php 第 63 行.
NOTIC: [8] Undefined offset: 3 D:\Program Files\wamp\www\ad\Lib\Action\MaterialAction.class.php 第 64 行.
SQL: alsogood.getCollection(material) [ RunTime:0.000028s ]
NOTIC: [8] Undefined index: model D:\Program Files\wamp\www\ad\ThinkPHP\Lib\Driver\Db\DbMongo.class.php 第 552 行.
SQL: alsogood.material.find({"site":{"$id":"509a04be96838cb770a61bd2"},"state":1}).count() [ RunTime:0.000258s ]

[ 2012-12-21T11:15:08+08:00 ] 127.0.0.1 /ad/material/size
INFO: [ route_check ] --START--
INFO: Run CheckRoute Behavior [ RunTime:0.001001s ]
INFO: [ route_check ] --END-- [ RunTime:0.001092s ]
INFO: [ app_begin ] --START--
INFO: Run ReadHtmlCache Behavior [ RunTime:-0.000418s ]
INFO: [ app_begin ] --END-- [ RunTime:0.000748s ]
SQL: alsogood.getCollection(material) [ RunTime:0.000034s ]

[ 2012-12-21T11:15:08+08:00 ] 127.0.0.1 /ad/material/cnt/all/null
INFO: [ route_check ] --START--
INFO: Run CheckRoute Behavior [ RunTime:0.001017s ]
INFO: [ route_check ] --END-- [ RunTime:0.001115s ]
INFO: [ app_begin ] --START--
INFO: Run ReadHtmlCache Behavior [ RunTime:-0.000415s ]
INFO: [ app_begin ] --END-- [ RunTime:0.000680s ]
SQL: alsogood.getCollection(material) [ RunTime:0.000029s ]
NOTIC: [8] Undefined index: model D:\Program Files\wamp\www\ad\ThinkPHP\Lib\Driver\Db\DbMongo.class.php 第 552 行.
SQL: alsogood.material.find({"site":{"$id":"509a04be96838cb770a61bd2"},"state":1}).count() [ RunTime:0.000291s ]

[ 2012-12-21T11:15:08+08:00 ] 127.0.0.1 /ad/material/lst/1/all/null
INFO: [ route_check ] --START--
INFO: Run CheckRoute Behavior [ RunTime:0.000884s ]
INFO: [ route_check ] --END-- [ RunTime:0.000977s ]
INFO: [ app_begin ] --START--
INFO: Run ReadHtmlCache Behavior [ RunTime:-0.000356s ]
INFO: [ app_begin ] --END-- [ RunTime:0.000509s ]
SQL: alsogood.getCollection(material) [ RunTime:0.000021s ]
NOTIC: [8] Undefined index: field D:\Program Files\wamp\www\ad\ThinkPHP\Lib\Driver\Db\DbMongo.class.php 第 436 行.
SQL: alsogood.material.find({"site":{"$id":"509a04be96838cb770a61bd2"},"state":1}).sort({"_id":-1}).limit(5) [ RunTime:0.000179s ]

