[ 2012-11-21T13:01:07+08:00 ] 127.0.0.1 /ad/
INFO: [ app_begin ] --START--
INFO: Run ReadHtmlCache Behavior [ RunTime:0.000120s ]
INFO: [ app_begin ] --END-- [ RunTime:0.000189s ]
INFO: [ view_template ] --START--
INFO: Run LocationTemplate Behavior [ RunTime:-0.000520s ]
INFO: [ view_template ] --END-- [ RunTime:0.000120s ]
INFO: [ view_parse ] --START--
INFO: Run ParseTemplate Behavior [ RunTime:-0.000665s ]
INFO: [ view_parse ] --END-- [ RunTime:0.024679s ]
INFO: [ view_filter ] --START--
INFO: Run ContentReplace Behavior [ RunTime:-0.025415s ]
INFO: Run TokenBuild Behavior [ RunTime:-0.025690s ]
INFO: Run WriteHtmlCache Behavior [ RunTime:-0.025894s ]
INFO: Run ShowRuntime Behavior [ RunTime:-0.026092s ]
INFO: [ view_filter ] --END-- [ RunTime:0.001002s ]
INFO: [ view_end ] --START--
INFO: Run ShowPageTrace Behavior [ RunTime:-0.026487s ]
INFO: [ view_end ] --END-- [ RunTime:0.000198s ]

[ 2012-11-21T13:01:07+08:00 ] 127.0.0.1 /ad/adseat/index/1
INFO: [ route_check ] --START--
INFO: Run CheckRoute Behavior [ RunTime:0.000094s ]
INFO: [ route_check ] --END-- [ RunTime:0.000150s ]
INFO: [ app_begin ] --START--
INFO: Run ReadHtmlCache Behavior [ RunTime:-0.000224s ]
INFO: [ app_begin ] --END-- [ RunTime:0.000124s ]
NOTIC: [8] Undefined offset: 3 /Users/adnetsalso/Sites/ad/Lib/Action/AdseatAction.class.php 第 14 行.
NOTIC: [8] Undefined offset: 4 /Users/adnetsalso/Sites/ad/Lib/Action/AdseatAction.class.php 第 16 行.
SQL: alsogood.getCollection(website) [ RunTime:0.000041s ]
NOTIC: [8] Undefined index: model /Users/adnetsalso/Sites/ad/ThinkPHP/Lib/Driver/Db/DbMongo.class.php 第 513 行.
NOTIC: [8] Undefined index: field /Users/adnetsalso/Sites/ad/ThinkPHP/Lib/Driver/Db/DbMongo.class.php 第 516 行.
SQL: alsogood.website.findOne({"uid":{"$id":"509a041296838cb770a61bd0"}}) [ RunTime:0.000477s ]
SQL: alsogood.getCollection(adseat) [ RunTime:0.000021s ]
SQL: alsogood.adseat.find({"website":{"$id":"509a04be96838cb770a61bd2"}},["name","shape","chnName","priSize","desc"]).sort({"_id":-1}).limit(5) [ RunTime:0.000184s ]
NOTIC: [8] Undefined index: auxSize /Users/adnetsalso/Sites/ad/Lib/Action/AdseatAction.class.php 第 33 行.
NOTIC: [8] Undefined index: auxSize /Users/adnetsalso/Sites/ad/Lib/Action/AdseatAction.class.php 第 33 行.
NOTIC: [8] Undefined index: auxSize /Users/adnetsalso/Sites/ad/Lib/Action/AdseatAction.class.php 第 33 行.
NOTIC: [8] Undefined index: auxSize /Users/adnetsalso/Sites/ad/Lib/Action/AdseatAction.class.php 第 33 行.
NOTIC: [8] Undefined index: auxSize /Users/adnetsalso/Sites/ad/Lib/Action/AdseatAction.class.php 第 33 行.

[ 2012-11-21T13:01:07+08:00 ] 127.0.0.1 /ad/adseat/index/1
INFO: [ route_check ] --START--
INFO: Run CheckRoute Behavior [ RunTime:0.000094s ]
INFO: [ route_check ] --END-- [ RunTime:0.000181s ]
INFO: [ app_begin ] --START--
INFO: Run ReadHtmlCache Behavior [ RunTime:-0.000296s ]
INFO: [ app_begin ] --END-- [ RunTime:0.000148s ]
NOTIC: [8] Undefined offset: 3 /Users/adnetsalso/Sites/ad/Lib/Action/AdseatAction.class.php 第 14 行.
NOTIC: [8] Undefined offset: 4 /Users/adnetsalso/Sites/ad/Lib/Action/AdseatAction.class.php 第 16 行.
SQL: alsogood.getCollection(website) [ RunTime:0.000019s ]
NOTIC: [8] Undefined index: model /Users/adnetsalso/Sites/ad/ThinkPHP/Lib/Driver/Db/DbMongo.class.php 第 513 行.
NOTIC: [8] Undefined index: field /Users/adnetsalso/Sites/ad/ThinkPHP/Lib/Driver/Db/DbMongo.class.php 第 516 行.
SQL: alsogood.website.findOne({"uid":{"$id":"509a041296838cb770a61bd0"}}) [ RunTime:0.000372s ]
SQL: alsogood.getCollection(adseat) [ RunTime:0.000023s ]
SQL: alsogood.adseat.find({"website":{"$id":"509a04be96838cb770a61bd2"}},["name","shape","chnName","priSize","desc"]).sort({"_id":-1}).limit(5) [ RunTime:0.000051s ]
NOTIC: [8] Undefined index: auxSize /Users/adnetsalso/Sites/ad/Lib/Action/AdseatAction.class.php 第 33 行.
NOTIC: [8] Undefined index: auxSize /Users/adnetsalso/Sites/ad/Lib/Action/AdseatAction.class.php 第 33 行.
NOTIC: [8] Undefined index: auxSize /Users/adnetsalso/Sites/ad/Lib/Action/AdseatAction.class.php 第 33 行.
NOTIC: [8] Undefined index: auxSize /Users/adnetsalso/Sites/ad/Lib/Action/AdseatAction.class.php 第 33 行.
NOTIC: [8] Undefined index: auxSize /Users/adnetsalso/Sites/ad/Lib/Action/AdseatAction.class.php 第 33 行.

