[ 2012-12-20T12:25:51+08:00 ] 127.0.0.1 /ad/
INFO: [ app_begin ] --START--
INFO: Run ReadHtmlCache Behavior [ RunTime:0.000118s ]
INFO: [ app_begin ] --END-- [ RunTime:0.000212s ]

[ 2012-12-20T12:25:51+08:00 ] 127.0.0.1 /ad/s/lgn
INFO: [ route_check ] --START--
INFO: Run CheckRoute Behavior [ RunTime:0.000079s ]
INFO: [ route_check ] --END-- [ RunTime:0.000144s ]
INFO: [ app_begin ] --START--
INFO: Run ReadHtmlCache Behavior [ RunTime:-0.000212s ]
INFO: [ app_begin ] --END-- [ RunTime:0.000112s ]
INFO: [ view_template ] --START--
INFO: Run LocationTemplate Behavior [ RunTime:-0.000600s ]
INFO: [ view_template ] --END-- [ RunTime:0.000128s ]
INFO: [ view_parse ] --START--
INFO: Run ParseTemplate Behavior [ RunTime:-0.000759s ]
INFO: [ view_parse ] --END-- [ RunTime:0.029967s ]
INFO: [ view_filter ] --START--
INFO: Run ContentReplace Behavior [ RunTime:-0.030773s ]
INFO: Run TokenBuild Behavior [ RunTime:-0.030917s ]
INFO: Run WriteHtmlCache Behavior [ RunTime:-0.031050s ]
INFO: Run ShowRuntime Behavior [ RunTime:-0.031142s ]
INFO: [ view_filter ] --END-- [ RunTime:0.000538s ]
INFO: [ view_end ] --START--
INFO: Run ShowPageTrace Behavior [ RunTime:-0.031371s ]
INFO: [ view_end ] --END-- [ RunTime:0.000147s ]

[ 2012-12-20T12:25:53+08:00 ] 127.0.0.1 /ad/s/login
INFO: [ route_check ] --START--
INFO: Run CheckRoute Behavior [ RunTime:0.000061s ]
INFO: [ route_check ] --END-- [ RunTime:0.000113s ]
INFO: [ app_begin ] --START--
INFO: Run ReadHtmlCache Behavior [ RunTime:-0.000173s ]
INFO: [ app_begin ] --END-- [ RunTime:0.000088s ]
SQL: alsogood.getCollection(user) [ RunTime:0.000024s ]
NOTIC: [8] Undefined index: model /Users/adnetsalso/Sites/ad/ThinkPHP/Lib/Driver/Db/DbMongo.class.php 第 513 行.
SQL: alsogood.user.findOne({"email":"shiba@da.com","psd":"96e79218965eb72c92a549dd5a330112","state":1},["email","name","url"]) [ RunTime:0.000323s ]

[ 2012-12-20T12:25:53+08:00 ] 127.0.0.1 /ad/index/index
INFO: [ route_check ] --START--
INFO: Run CheckRoute Behavior [ RunTime:0.000062s ]
INFO: [ route_check ] --END-- [ RunTime:0.000114s ]
INFO: [ app_begin ] --START--
INFO: Run ReadHtmlCache Behavior [ RunTime:-0.000201s ]
INFO: [ app_begin ] --END-- [ RunTime:0.000089s ]

[ 2012-12-20T12:25:57+08:00 ] 127.0.0.1 /ad/index/index
INFO: [ route_check ] --START--
INFO: Run CheckRoute Behavior [ RunTime:0.000074s ]
INFO: [ route_check ] --END-- [ RunTime:0.000127s ]
INFO: [ app_begin ] --START--
INFO: Run ReadHtmlCache Behavior [ RunTime:-0.000232s ]
INFO: [ app_begin ] --END-- [ RunTime:0.000182s ]

[ 2012-12-20T12:26:05+08:00 ] ERR: (ThinkException) 非法操作:index
[ 2012-12-20T12:26:05+08:00 ] 127.0.0.1 /ad/material
INFO: [ route_check ] --START--
INFO: Run CheckRoute Behavior [ RunTime:0.000069s ]
INFO: [ route_check ] --END-- [ RunTime:0.000127s ]
INFO: [ app_begin ] --START--
INFO: Run ReadHtmlCache Behavior [ RunTime:-0.000215s ]
INFO: [ app_begin ] --END-- [ RunTime:0.000094s ]
NOTIC: [8] Undefined index: class /Users/adnetsalso/Sites/ad/ThinkPHP/Lib/Core/ThinkException.class.php 第 63 行.
NOTIC: [8] Undefined index: type /Users/adnetsalso/Sites/ad/ThinkPHP/Lib/Core/ThinkException.class.php 第 63 行.
NOTIC: [8] Undefined index: file /Users/adnetsalso/Sites/ad/ThinkPHP/Lib/Core/ThinkException.class.php 第 62 行.
NOTIC: [8] Undefined index: line /Users/adnetsalso/Sites/ad/ThinkPHP/Lib/Core/ThinkException.class.php 第 62 行.
NOTIC: [4096] Object of class MaterialAction could not be converted to string /Users/adnetsalso/Sites/ad/ThinkPHP/Lib/Core/ThinkException.class.php 第 64 行.
NOTIC: [8] Array to string conversion /Users/adnetsalso/Sites/ad/ThinkPHP/Lib/Core/ThinkException.class.php 第 64 行.
NOTIC: [8] Undefined index: class /Users/adnetsalso/Sites/ad/ThinkPHP/Lib/Core/ThinkException.class.php 第 63 行.
NOTIC: [8] Undefined index: type /Users/adnetsalso/Sites/ad/ThinkPHP/Lib/Core/ThinkException.class.php 第 63 行.
NOTIC: [8] Undefined index: class /Users/adnetsalso/Sites/ad/ThinkPHP/Lib/Core/ThinkException.class.php 第 63 行.
NOTIC: [8] Undefined index: type /Users/adnetsalso/Sites/ad/ThinkPHP/Lib/Core/ThinkException.class.php 第 63 行.

[ 2012-12-20T12:26:16+08:00 ] 127.0.0.1 /ad/material/lst
INFO: [ route_check ] --START--
INFO: Run CheckRoute Behavior [ RunTime:0.000117s ]
INFO: [ route_check ] --END-- [ RunTime:0.000206s ]
INFO: [ app_begin ] --START--
INFO: Run ReadHtmlCache Behavior [ RunTime:-0.000347s ]
INFO: [ app_begin ] --END-- [ RunTime:0.000108s ]
NOTIC: [8] Undefined offset: 2 /Users/adnetsalso/Sites/ad/Lib/Action/MaterialAction.class.php 第 26 行.
NOTIC: [8] Undefined offset: 3 /Users/adnetsalso/Sites/ad/Lib/Action/MaterialAction.class.php 第 27 行.
NOTIC: [8] Undefined offset: 4 /Users/adnetsalso/Sites/ad/Lib/Action/MaterialAction.class.php 第 28 行.
SQL: alsogood.getCollection(material) [ RunTime:0.000030s ]
SQL: alsogood.getCollection(website) [ RunTime:0.000012s ]
NOTIC: [8] Undefined index: model /Users/adnetsalso/Sites/ad/ThinkPHP/Lib/Driver/Db/DbMongo.class.php 第 513 行.
SQL: alsogood.website.findOne({"uid":{"$id":"509a041296838cb770a61bd0"}},["_id"]) [ RunTime:0.000253s ]
SQL: alsogood.getCollection(material) [ RunTime:0.000010s ]
NOTIC: [8] Undefined index: field /Users/adnetsalso/Sites/ad/ThinkPHP/Lib/Driver/Db/DbMongo.class.php 第 436 行.
SQL: alsogood.material.find({"site":{"$id":"509a04be96838cb770a61bd2"},"state":1}).sort({"_id":-1}).limit(5) [ RunTime:0.000052s ]

[ 2012-12-20T12:26:34+08:00 ] 127.0.0.1 /ad/bill/newd
INFO: [ route_check ] --START--
INFO: Run CheckRoute Behavior [ RunTime:0.000098s ]
INFO: [ route_check ] --END-- [ RunTime:0.000183s ]
INFO: [ app_begin ] --START--
INFO: Run ReadHtmlCache Behavior [ RunTime:-0.000340s ]
INFO: [ app_begin ] --END-- [ RunTime:0.000133s ]

[ 2012-12-20T17:02:41+08:00 ] 127.0.0.1 /ad/bill/newd
INFO: [ route_check ] --START--
INFO: Run CheckRoute Behavior [ RunTime:0.000061s ]
INFO: [ route_check ] --END-- [ RunTime:0.000113s ]
INFO: [ app_begin ] --START--
INFO: Run ReadHtmlCache Behavior [ RunTime:-0.000198s ]
INFO: [ app_begin ] --END-- [ RunTime:0.000089s ]

[ 2012-12-20T17:02:44+08:00 ] 127.0.0.1 /ad/bill/newd
INFO: [ route_check ] --START--
INFO: Run CheckRoute Behavior [ RunTime:0.000090s ]
INFO: [ route_check ] --END-- [ RunTime:0.000152s ]
INFO: [ app_begin ] --START--
INFO: Run ReadHtmlCache Behavior [ RunTime:-0.000202s ]
INFO: [ app_begin ] --END-- [ RunTime:0.000106s ]

[ 2012-12-20T17:03:40+08:00 ] 127.0.0.1 /ad/bill/newd
INFO: [ route_check ] --START--
INFO: Run CheckRoute Behavior [ RunTime:0.000062s ]
INFO: [ route_check ] --END-- [ RunTime:0.000114s ]
INFO: [ app_begin ] --START--
INFO: Run ReadHtmlCache Behavior [ RunTime:-0.000196s ]
INFO: [ app_begin ] --END-- [ RunTime:0.000095s ]
NOTIC: [8] Undefined index: pce /Users/adnetsalso/Sites/ad/Lib/Action/SspAction.class.php 第 98 行.

[ 2012-12-20T17:12:12+08:00 ] 127.0.0.1 /ad/
INFO: [ app_begin ] --START--
INFO: Run ReadHtmlCache Behavior [ RunTime:0.000071s ]
INFO: [ app_begin ] --END-- [ RunTime:0.000120s ]

[ 2012-12-20T17:15:25+08:00 ] 127.0.0.1 /ad/bill/newd
INFO: [ route_check ] --START--
INFO: Run CheckRoute Behavior [ RunTime:0.000069s ]
INFO: [ route_check ] --END-- [ RunTime:0.000124s ]
INFO: [ app_begin ] --START--
INFO: Run ReadHtmlCache Behavior [ RunTime:-0.000209s ]
INFO: [ app_begin ] --END-- [ RunTime:0.000093s ]

[ 2012-12-20T17:15:42+08:00 ] 127.0.0.1 /ad/bill/newd
INFO: [ route_check ] --START--
INFO: Run CheckRoute Behavior [ RunTime:0.000061s ]
INFO: [ route_check ] --END-- [ RunTime:0.000111s ]
INFO: [ app_begin ] --START--
INFO: Run ReadHtmlCache Behavior [ RunTime:-0.000191s ]
INFO: [ app_begin ] --END-- [ RunTime:0.000086s ]
NOTIC: [8] Undefined index: order /Users/adnetsalso/Sites/ad/Lib/Action/BillAction.class.php 第 90 行.

[ 2012-12-20T17:15:44+08:00 ] 127.0.0.1 /ad/bill/newd
INFO: [ route_check ] --START--
INFO: Run CheckRoute Behavior [ RunTime:0.000061s ]
INFO: [ route_check ] --END-- [ RunTime:0.000112s ]
INFO: [ app_begin ] --START--
INFO: Run ReadHtmlCache Behavior [ RunTime:-0.000175s ]
INFO: [ app_begin ] --END-- [ RunTime:0.000086s ]
NOTIC: [8] Undefined index: order /Users/adnetsalso/Sites/ad/Lib/Action/BillAction.class.php 第 90 行.

[ 2012-12-20T17:16:19+08:00 ] 127.0.0.1 /ad/bill/newd
INFO: [ route_check ] --START--
INFO: Run CheckRoute Behavior [ RunTime:0.000095s ]
INFO: [ route_check ] --END-- [ RunTime:0.000149s ]
INFO: [ app_begin ] --START--
INFO: Run ReadHtmlCache Behavior [ RunTime:-0.000235s ]
INFO: [ app_begin ] --END-- [ RunTime:0.000109s ]
NOTIC: [8] Undefined index: order /Users/adnetsalso/Sites/ad/Lib/Action/BillAction.class.php 第 90 行.

[ 2012-12-20T17:27:24+08:00 ] 127.0.0.1 /ad/bill/newd
INFO: [ route_check ] --START--
INFO: Run CheckRoute Behavior [ RunTime:0.000069s ]
INFO: [ route_check ] --END-- [ RunTime:0.000126s ]
INFO: [ app_begin ] --START--
INFO: Run ReadHtmlCache Behavior [ RunTime:-0.000208s ]
INFO: [ app_begin ] --END-- [ RunTime:0.000095s ]
NOTIC: [8] Undefined index: order /Users/adnetsalso/Sites/ad/Lib/Action/BillAction.class.php 第 88 行.

[ 2012-12-20T17:27:25+08:00 ] 127.0.0.1 /ad/bill/newd
INFO: [ route_check ] --START--
INFO: Run CheckRoute Behavior [ RunTime:0.000060s ]
INFO: [ route_check ] --END-- [ RunTime:0.000112s ]
INFO: [ app_begin ] --START--
INFO: Run ReadHtmlCache Behavior [ RunTime:-0.000174s ]
INFO: [ app_begin ] --END-- [ RunTime:0.000086s ]
NOTIC: [8] Undefined index: order /Users/adnetsalso/Sites/ad/Lib/Action/BillAction.class.php 第 88 行.

[ 2012-12-20T17:27:54+08:00 ] 127.0.0.1 /ad/bill/newd
INFO: [ route_check ] --START--
INFO: Run CheckRoute Behavior [ RunTime:0.000101s ]
INFO: [ route_check ] --END-- [ RunTime:0.000181s ]
INFO: [ app_begin ] --START--
INFO: Run ReadHtmlCache Behavior [ RunTime:-0.000327s ]
INFO: [ app_begin ] --END-- [ RunTime:0.000120s ]

[ 2012-12-20T17:42:59+08:00 ] 127.0.0.1 /ad/bill/newd
INFO: [ route_check ] --START--
INFO: Run CheckRoute Behavior [ RunTime:0.000067s ]
INFO: [ route_check ] --END-- [ RunTime:0.000136s ]
INFO: [ app_begin ] --START--
INFO: Run ReadHtmlCache Behavior [ RunTime:-0.000289s ]
INFO: [ app_begin ] --END-- [ RunTime:0.000111s ]

[ 2012-12-20T17:43:20+08:00 ] 127.0.0.1 /ad/bill/newd
INFO: [ route_check ] --START--
INFO: Run CheckRoute Behavior [ RunTime:0.000067s ]
INFO: [ route_check ] --END-- [ RunTime:0.000123s ]
INFO: [ app_begin ] --START--
INFO: Run ReadHtmlCache Behavior [ RunTime:-0.000208s ]
INFO: [ app_begin ] --END-- [ RunTime:0.000094s ]

[ 2012-12-20T17:43:30+08:00 ] 127.0.0.1 /ad/bill/newd
INFO: [ route_check ] --START--
INFO: Run CheckRoute Behavior [ RunTime:0.000092s ]
INFO: [ route_check ] --END-- [ RunTime:0.000157s ]
INFO: [ app_begin ] --START--
INFO: Run ReadHtmlCache Behavior [ RunTime:-0.000315s ]
INFO: [ app_begin ] --END-- [ RunTime:0.000125s ]

[ 2012-12-20T17:44:33+08:00 ] 127.0.0.1 /ad/bill/newd
INFO: [ route_check ] --START--
INFO: Run CheckRoute Behavior [ RunTime:0.000065s ]
INFO: [ route_check ] --END-- [ RunTime:0.000119s ]
INFO: [ app_begin ] --START--
INFO: Run ReadHtmlCache Behavior [ RunTime:-0.000227s ]
INFO: [ app_begin ] --END-- [ RunTime:0.000142s ]

[ 2012-12-20T17:45:18+08:00 ] 127.0.0.1 /ad/bill/
INFO: [ route_check ] --START--
INFO: Run CheckRoute Behavior [ RunTime:0.000077s ]
INFO: [ route_check ] --END-- [ RunTime:0.000142s ]
INFO: [ app_begin ] --START--
INFO: Run ReadHtmlCache Behavior [ RunTime:-0.000245s ]
INFO: [ app_begin ] --END-- [ RunTime:0.000110s ]

[ 2012-12-20T17:46:07+08:00 ] 127.0.0.1 /ad/bill/
INFO: [ route_check ] --START--
INFO: Run CheckRoute Behavior [ RunTime:0.000109s ]
INFO: [ route_check ] --END-- [ RunTime:0.000174s ]
INFO: [ app_begin ] --START--
INFO: Run ReadHtmlCache Behavior [ RunTime:-0.000230s ]
INFO: [ app_begin ] --END-- [ RunTime:0.000107s ]

[ 2012-12-20T17:46:11+08:00 ] 127.0.0.1 /ad/bill/newd
INFO: [ route_check ] --START--
INFO: Run CheckRoute Behavior [ RunTime:0.000061s ]
INFO: [ route_check ] --END-- [ RunTime:0.000114s ]
INFO: [ app_begin ] --START--
INFO: Run ReadHtmlCache Behavior [ RunTime:-0.000174s ]
INFO: [ app_begin ] --END-- [ RunTime:0.000088s ]

[ 2012-12-20T17:46:49+08:00 ] 127.0.0.1 /ad/bill/newd
INFO: [ route_check ] --START--
INFO: Run CheckRoute Behavior [ RunTime:0.000061s ]
INFO: [ route_check ] --END-- [ RunTime:0.000113s ]
INFO: [ app_begin ] --START--
INFO: Run ReadHtmlCache Behavior [ RunTime:-0.000192s ]
INFO: [ app_begin ] --END-- [ RunTime:0.000086s ]

[ 2012-12-20T17:47:19+08:00 ] 127.0.0.1 /ad/bill/newd
INFO: [ route_check ] --START--
INFO: Run CheckRoute Behavior [ RunTime:0.000071s ]
INFO: [ route_check ] --END-- [ RunTime:0.000129s ]
INFO: [ app_begin ] --START--
INFO: Run ReadHtmlCache Behavior [ RunTime:-0.000216s ]
INFO: [ app_begin ] --END-- [ RunTime:0.000098s ]

[ 2012-12-20T17:49:00+08:00 ] ERR: [4] syntax error, unexpected T_LNUMBER, expecting ')' /Users/adnetsalso/Sites/ad/Lib/Action/BillAction.class.php 第 45 行.
[ 2012-12-20T17:49:23+08:00 ] 127.0.0.1 /ad/bill/newd
INFO: [ route_check ] --START--
INFO: Run CheckRoute Behavior [ RunTime:0.000095s ]
INFO: [ route_check ] --END-- [ RunTime:0.000162s ]
INFO: [ app_begin ] --START--
INFO: Run ReadHtmlCache Behavior [ RunTime:-0.000247s ]
INFO: [ app_begin ] --END-- [ RunTime:0.000113s ]

[ 2012-12-20T17:51:03+08:00 ] 127.0.0.1 /ad/bill/newd
INFO: [ route_check ] --START--
INFO: Run CheckRoute Behavior [ RunTime:0.000067s ]
INFO: [ route_check ] --END-- [ RunTime:0.000128s ]
INFO: [ app_begin ] --START--
INFO: Run ReadHtmlCache Behavior [ RunTime:-0.000275s ]
INFO: [ app_begin ] --END-- [ RunTime:0.000096s ]
NOTIC: [8] Undefined variable: mts /Users/adnetsalso/Sites/ad/Lib/Action/BillAction.class.php 第 46 行.

[ 2012-12-20T17:51:26+08:00 ] 127.0.0.1 /ad/bill/newd
INFO: [ route_check ] --START--
INFO: Run CheckRoute Behavior [ RunTime:0.000069s ]
INFO: [ route_check ] --END-- [ RunTime:0.000130s ]
INFO: [ app_begin ] --START--
INFO: Run ReadHtmlCache Behavior [ RunTime:-0.000238s ]
INFO: [ app_begin ] --END-- [ RunTime:0.000106s ]

[ 2012-12-20T17:51:30+08:00 ] 127.0.0.1 /ad/bill/newd
INFO: [ route_check ] --START--
INFO: Run CheckRoute Behavior [ RunTime:0.000064s ]
INFO: [ route_check ] --END-- [ RunTime:0.000115s ]
INFO: [ app_begin ] --START--
INFO: Run ReadHtmlCache Behavior [ RunTime:-0.000175s ]
INFO: [ app_begin ] --END-- [ RunTime:0.000088s ]

[ 2012-12-20T17:51:32+08:00 ] 127.0.0.1 /ad/bill/newd
INFO: [ route_check ] --START--
INFO: Run CheckRoute Behavior [ RunTime:0.000102s ]
INFO: [ route_check ] --END-- [ RunTime:0.000183s ]
INFO: [ app_begin ] --START--
INFO: Run ReadHtmlCache Behavior [ RunTime:-0.000280s ]
INFO: [ app_begin ] --END-- [ RunTime:0.000103s ]

[ 2012-12-20T17:52:04+08:00 ] 127.0.0.1 /ad/bill/newd
INFO: [ route_check ] --START--
INFO: Run CheckRoute Behavior [ RunTime:0.000076s ]
INFO: [ route_check ] --END-- [ RunTime:0.000139s ]
INFO: [ app_begin ] --START--
INFO: Run ReadHtmlCache Behavior [ RunTime:-0.000239s ]
INFO: [ app_begin ] --END-- [ RunTime:0.000110s ]

[ 2012-12-20T17:52:24+08:00 ] 127.0.0.1 /ad/bill/newd
INFO: [ route_check ] --START--
INFO: Run CheckRoute Behavior [ RunTime:0.000065s ]
INFO: [ route_check ] --END-- [ RunTime:0.000121s ]
INFO: [ app_begin ] --START--
INFO: Run ReadHtmlCache Behavior [ RunTime:-0.000208s ]
INFO: [ app_begin ] --END-- [ RunTime:0.000093s ]

[ 2012-12-20T17:52:41+08:00 ] 127.0.0.1 /ad/bill/newd
INFO: [ route_check ] --START--
INFO: Run CheckRoute Behavior [ RunTime:0.000082s ]
INFO: [ route_check ] --END-- [ RunTime:0.000152s ]
INFO: [ app_begin ] --START--
INFO: Run ReadHtmlCache Behavior [ RunTime:-0.000281s ]
INFO: [ app_begin ] --END-- [ RunTime:0.000120s ]

[ 2012-12-20T17:52:42+08:00 ] 127.0.0.1 /ad/bill/newd
INFO: [ route_check ] --START--
INFO: Run CheckRoute Behavior [ RunTime:0.000061s ]
INFO: [ route_check ] --END-- [ RunTime:0.000114s ]
INFO: [ app_begin ] --START--
INFO: Run ReadHtmlCache Behavior [ RunTime:-0.000172s ]
INFO: [ app_begin ] --END-- [ RunTime:0.000086s ]

[ 2012-12-20T17:52:49+08:00 ] 127.0.0.1 /ad/bill/newd
INFO: [ route_check ] --START--
INFO: Run CheckRoute Behavior [ RunTime:0.000061s ]
INFO: [ route_check ] --END-- [ RunTime:0.000114s ]
INFO: [ app_begin ] --START--
INFO: Run ReadHtmlCache Behavior [ RunTime:-0.000195s ]
INFO: [ app_begin ] --END-- [ RunTime:0.000086s ]

[ 2012-12-20T17:52:50+08:00 ] 127.0.0.1 /ad/bill/newd
INFO: [ route_check ] --START--
INFO: Run CheckRoute Behavior [ RunTime:0.000086s ]
INFO: [ route_check ] --END-- [ RunTime:0.000155s ]
INFO: [ app_begin ] --START--
INFO: Run ReadHtmlCache Behavior [ RunTime:-0.000266s ]
INFO: [ app_begin ] --END-- [ RunTime:0.000137s ]

[ 2012-12-20T17:55:46+08:00 ] 127.0.0.1 /ad/bill/newd
INFO: [ route_check ] --START--
INFO: Run CheckRoute Behavior [ RunTime:0.000066s ]
INFO: [ route_check ] --END-- [ RunTime:0.000121s ]
INFO: [ app_begin ] --START--
INFO: Run ReadHtmlCache Behavior [ RunTime:-0.000208s ]
INFO: [ app_begin ] --END-- [ RunTime:0.000093s ]

[ 2012-12-20T17:56:17+08:00 ] 127.0.0.1 /ad/bill/newd
INFO: [ route_check ] --START--
INFO: Run CheckRoute Behavior [ RunTime:0.000095s ]
INFO: [ route_check ] --END-- [ RunTime:0.000167s ]
INFO: [ app_begin ] --START--
INFO: Run ReadHtmlCache Behavior [ RunTime:-0.000209s ]
INFO: [ app_begin ] --END-- [ RunTime:0.000098s ]

[ 2012-12-20T17:56:30+08:00 ] 127.0.0.1 /ad/bill/newd
INFO: [ route_check ] --START--
INFO: Run CheckRoute Behavior [ RunTime:0.000061s ]
INFO: [ route_check ] --END-- [ RunTime:0.000112s ]
INFO: [ app_begin ] --START--
INFO: Run ReadHtmlCache Behavior [ RunTime:-0.000191s ]
INFO: [ app_begin ] --END-- [ RunTime:0.000087s ]

[ 2012-12-20T17:56:41+08:00 ] 127.0.0.1 /ad/bill/newd
INFO: [ route_check ] --START--
INFO: Run CheckRoute Behavior [ RunTime:0.000061s ]
INFO: [ route_check ] --END-- [ RunTime:0.000113s ]
INFO: [ app_begin ] --START--
INFO: Run ReadHtmlCache Behavior [ RunTime:-0.000192s ]
INFO: [ app_begin ] --END-- [ RunTime:0.000123s ]

[ 2012-12-20T17:57:00+08:00 ] 127.0.0.1 /ad/bill/newd
INFO: [ route_check ] --START--
INFO: Run CheckRoute Behavior [ RunTime:0.000079s ]
INFO: [ route_check ] --END-- [ RunTime:0.000159s ]
INFO: [ app_begin ] --START--
INFO: Run ReadHtmlCache Behavior [ RunTime:-0.000337s ]
INFO: [ app_begin ] --END-- [ RunTime:0.000118s ]

[ 2012-12-20T18:03:31+08:00 ] 127.0.0.1 /ad/bill/newd
INFO: [ route_check ] --START--
INFO: Run CheckRoute Behavior [ RunTime:0.000065s ]
INFO: [ route_check ] --END-- [ RunTime:0.000121s ]
INFO: [ app_begin ] --START--
INFO: Run ReadHtmlCache Behavior [ RunTime:-0.000210s ]
INFO: [ app_begin ] --END-- [ RunTime:0.000104s ]
SQL: alsogood.getCollection(material) [ RunTime:0.000024s ]
SQL: alsogood.material.findOne({"_id":{"$id":"50c1c323f8894ee0be040000"},"state":1},["name","link","file","genre","code"]) [ RunTime:0.000328s ]
SQL: alsogood.material.findOne({"_id":{"$id":"50c1c33ff8894e474f000000"},"state":1},["name","link","file","genre","code"]) [ RunTime:0.000238s ]
SQL: alsogood.material.findOne({"_id":{"$id":"50c1c3a0f8894e594a0d0000"},"state":1},["name","link","file","genre","code"]) [ RunTime:0.000229s ]

[ 2012-12-20T18:12:21+08:00 ] 127.0.0.1 /ad/bill/newd
INFO: [ route_check ] --START--
INFO: Run CheckRoute Behavior [ RunTime:0.000088s ]
INFO: [ route_check ] --END-- [ RunTime:0.000160s ]
INFO: [ app_begin ] --START--
INFO: Run ReadHtmlCache Behavior [ RunTime:-0.000282s ]
INFO: [ app_begin ] --END-- [ RunTime:0.000133s ]
SQL: alsogood.getCollection(material) [ RunTime:0.000017s ]
SQL: alsogood.material.findOne({"_id":{"$id":"50c1c323f8894ee0be040000"},"state":1},["name","link","file","genre","code"]) [ RunTime:0.000446s ]
SQL: alsogood.material.findOne({"_id":{"$id":"50c1c33ff8894e474f000000"},"state":1},["name","link","file","genre","code"]) [ RunTime:0.000237s ]
SQL: alsogood.material.findOne({"_id":{"$id":"50c1c3a0f8894e594a0d0000"},"state":1},["name","link","file","genre","code"]) [ RunTime:0.000216s ]

