[ 2012-11-14T14:25:24+08:00 ] 192.168.11.16 /ad/
INFO: [ app_begin ] --START--
INFO: Run ReadHtmlCache Behavior [ RunTime:0.000873s ]
INFO: [ app_begin ] --END-- [ RunTime:0.040194s ]
INFO: [ view_template ] --START--
INFO: Run LocationTemplate Behavior [ RunTime:-0.296256s ]
INFO: [ view_template ] --END-- [ RunTime:0.000701s ]
INFO: [ view_parse ] --START--
INFO: Run ParseTemplate Behavior [ RunTime:-0.307847s ]
INFO: [ view_parse ] --END-- [ RunTime:0.643461s ]
INFO: [ view_filter ] --START--
INFO: Run ContentReplace Behavior [ RunTime:-0.940505s ]
INFO: Run TokenBuild Behavior [ RunTime:-1.074027s ]
INFO: Run WriteHtmlCache Behavior [ RunTime:-1.090996s ]
INFO: Run ShowRuntime Behavior [ RunTime:-1.091119s ]
INFO: [ view_filter ] --END-- [ RunTime:0.211098s ]
INFO: [ view_end ] --START--
INFO: Run ShowPageTrace Behavior [ RunTime:-1.151652s ]
INFO: [ view_end ] --END-- [ RunTime:0.029080s ]

[ 2012-11-14T16:52:55+08:00 ] 127.0.0.1 /ad/
INFO: [ app_begin ] --START--
INFO: Run ReadHtmlCache Behavior [ RunTime:0.000321s ]
INFO: [ app_begin ] --END-- [ RunTime:0.000546s ]

[ 2012-11-14T16:52:55+08:00 ] 127.0.0.1 /ad/s/lgn
INFO: [ route_check ] --START--
INFO: Run CheckRoute Behavior [ RunTime:0.012832s ]
INFO: [ route_check ] --END-- [ RunTime:0.012972s ]
INFO: [ app_begin ] --START--
INFO: Run ReadHtmlCache Behavior [ RunTime:-0.000325s ]
INFO: [ app_begin ] --END-- [ RunTime:0.000186s ]
INFO: [ view_template ] --START--
INFO: Run LocationTemplate Behavior [ RunTime:-0.000858s ]
INFO: [ view_template ] --END-- [ RunTime:0.000142s ]
INFO: [ view_parse ] --START--
INFO: Run ParseTemplate Behavior [ RunTime:-0.001039s ]
INFO: [ view_parse ] --END-- [ RunTime:0.028243s ]
INFO: [ view_filter ] --START--
INFO: Run ContentReplace Behavior [ RunTime:-0.029309s ]
INFO: Run TokenBuild Behavior [ RunTime:-0.029427s ]
INFO: Run WriteHtmlCache Behavior [ RunTime:-0.029519s ]
INFO: Run ShowRuntime Behavior [ RunTime:-0.029582s ]
INFO: [ view_filter ] --END-- [ RunTime:0.000383s ]
INFO: [ view_end ] --START--
INFO: Run ShowPageTrace Behavior [ RunTime:-0.029734s ]
INFO: [ view_end ] --END-- [ RunTime:0.000099s ]

[ 2012-11-14T16:52:58+08:00 ] 127.0.0.1 /ad/s/login
INFO: [ route_check ] --START--
INFO: Run CheckRoute Behavior [ RunTime:0.000097s ]
INFO: [ route_check ] --END-- [ RunTime:0.000182s ]
INFO: [ app_begin ] --START--
INFO: Run ReadHtmlCache Behavior [ RunTime:-0.000236s ]
INFO: [ app_begin ] --END-- [ RunTime:0.000149s ]
SQL: alsogood.getCollection(user) [ RunTime:0.000032s ]
NOTIC: [8] Undefined index: model /Users/adnetsalso/Sites/ad/ThinkPHP/Lib/Driver/Db/DbMongo.class.php 第 511 行.
SQL: alsogood.user.findOne({"email":"shiba@da.com","psd":"96e79218965eb72c92a549dd5a330112","state":1},["email","name","url"]) [ RunTime:0.017781s ]

[ 2012-11-14T16:52:58+08:00 ] 127.0.0.1 /ad/index/index
INFO: [ route_check ] --START--
INFO: Run CheckRoute Behavior [ RunTime:0.000105s ]
INFO: [ route_check ] --END-- [ RunTime:0.000210s ]
INFO: [ app_begin ] --START--
INFO: Run ReadHtmlCache Behavior [ RunTime:-0.000294s ]
INFO: [ app_begin ] --END-- [ RunTime:0.000155s ]
INFO: [ view_template ] --START--
INFO: Run LocationTemplate Behavior [ RunTime:-0.000864s ]
INFO: [ view_template ] --END-- [ RunTime:0.000150s ]
INFO: [ view_parse ] --START--
INFO: Run ParseTemplate Behavior [ RunTime:-0.001060s ]
INFO: [ view_parse ] --END-- [ RunTime:0.023532s ]
INFO: [ view_filter ] --START--
INFO: Run ContentReplace Behavior [ RunTime:-0.024622s ]
INFO: Run TokenBuild Behavior [ RunTime:-0.024849s ]
INFO: Run WriteHtmlCache Behavior [ RunTime:-0.024938s ]
INFO: Run ShowRuntime Behavior [ RunTime:-0.024994s ]
INFO: [ view_filter ] --END-- [ RunTime:0.000516s ]
INFO: [ view_end ] --START--
INFO: Run ShowPageTrace Behavior [ RunTime:-0.025182s ]
INFO: [ view_end ] --END-- [ RunTime:0.000120s ]

[ 2012-11-14T16:54:25+08:00 ] 127.0.0.1 /ad/adseat/index
INFO: [ route_check ] --START--
INFO: Run CheckRoute Behavior [ RunTime:0.000123s ]
INFO: [ route_check ] --END-- [ RunTime:0.000221s ]
INFO: [ app_begin ] --START--
INFO: Run ReadHtmlCache Behavior [ RunTime:-0.000409s ]
INFO: [ app_begin ] --END-- [ RunTime:0.000171s ]
SQL: alsogood.getCollection(website) [ RunTime:0.000029s ]
NOTIC: [8] Undefined index: model /Users/adnetsalso/Sites/ad/ThinkPHP/Lib/Driver/Db/DbMongo.class.php 第 511 行.
NOTIC: [8] Undefined index: field /Users/adnetsalso/Sites/ad/ThinkPHP/Lib/Driver/Db/DbMongo.class.php 第 514 行.
SQL: alsogood.website.findOne({"uid":{"$id":"509a041296838cb770a61bd0"}}) [ RunTime:0.045933s ]
SQL: alsogood.getCollection(adseat) [ RunTime:0.000017s ]
NOTIC: [8] Undefined index: model /Users/adnetsalso/Sites/ad/ThinkPHP/Lib/Driver/Db/DbMongo.class.php 第 431 行.
NOTIC: [8] Undefined index: order /Users/adnetsalso/Sites/ad/ThinkPHP/Lib/Driver/Db/DbMongo.class.php 第 445 行.
SQL: alsogood.adseat.find({"website":{"$id":"509a04be96838cb770a61bd2"}},["name","shape","priSize","auxSize"]) [ RunTime:0.000051s ]
NOTIC: [8] Undefined index: width /Users/adnetsalso/Sites/ad/Lib/Action/AdseatAction.class.php 第 27 行.
NOTIC: [8] Undefined index: width /Users/adnetsalso/Sites/ad/Lib/Action/AdseatAction.class.php 第 27 行.
NOTIC: [8] Undefined index: width /Users/adnetsalso/Sites/ad/Lib/Action/AdseatAction.class.php 第 27 行.

[ 2012-11-14T16:54:44+08:00 ] 127.0.0.1 /ad/adseat/index
INFO: [ route_check ] --START--
INFO: Run CheckRoute Behavior [ RunTime:0.000137s ]
INFO: [ route_check ] --END-- [ RunTime:0.000218s ]
INFO: [ app_begin ] --START--
INFO: Run ReadHtmlCache Behavior [ RunTime:-0.000328s ]
INFO: [ app_begin ] --END-- [ RunTime:0.000163s ]
SQL: alsogood.getCollection(website) [ RunTime:0.000023s ]
NOTIC: [8] Undefined index: model /Users/adnetsalso/Sites/ad/ThinkPHP/Lib/Driver/Db/DbMongo.class.php 第 511 行.
NOTIC: [8] Undefined index: field /Users/adnetsalso/Sites/ad/ThinkPHP/Lib/Driver/Db/DbMongo.class.php 第 514 行.
SQL: alsogood.website.findOne({"uid":{"$id":"509a041296838cb770a61bd0"}}) [ RunTime:0.000330s ]
SQL: alsogood.getCollection(adseat) [ RunTime:0.000013s ]
NOTIC: [8] Undefined index: model /Users/adnetsalso/Sites/ad/ThinkPHP/Lib/Driver/Db/DbMongo.class.php 第 431 行.
NOTIC: [8] Undefined index: order /Users/adnetsalso/Sites/ad/ThinkPHP/Lib/Driver/Db/DbMongo.class.php 第 445 行.
SQL: alsogood.adseat.find({"website":{"$id":"509a04be96838cb770a61bd2"}},["name","shape","priSize","auxSize"]) [ RunTime:0.000105s ]
NOTIC: [8] Undefined index: width /Users/adnetsalso/Sites/ad/Lib/Action/AdseatAction.class.php 第 27 行.
NOTIC: [8] Undefined index: width /Users/adnetsalso/Sites/ad/Lib/Action/AdseatAction.class.php 第 27 行.
NOTIC: [8] Undefined index: width /Users/adnetsalso/Sites/ad/Lib/Action/AdseatAction.class.php 第 27 行.

[ 2012-11-14T16:54:52+08:00 ] 127.0.0.1 /ad/adseat/index
INFO: [ route_check ] --START--
INFO: Run CheckRoute Behavior [ RunTime:0.000185s ]
INFO: [ route_check ] --END-- [ RunTime:0.000302s ]
INFO: [ app_begin ] --START--
INFO: Run ReadHtmlCache Behavior [ RunTime:-0.000462s ]
INFO: [ app_begin ] --END-- [ RunTime:0.000261s ]
SQL: alsogood.getCollection(website) [ RunTime:0.000019s ]
NOTIC: [8] Undefined index: model /Users/adnetsalso/Sites/ad/ThinkPHP/Lib/Driver/Db/DbMongo.class.php 第 511 行.
NOTIC: [8] Undefined index: field /Users/adnetsalso/Sites/ad/ThinkPHP/Lib/Driver/Db/DbMongo.class.php 第 514 行.
SQL: alsogood.website.findOne({"uid":{"$id":"509a041296838cb770a61bd0"}}) [ RunTime:0.000600s ]
SQL: alsogood.getCollection(adseat) [ RunTime:0.000013s ]
NOTIC: [8] Undefined index: model /Users/adnetsalso/Sites/ad/ThinkPHP/Lib/Driver/Db/DbMongo.class.php 第 431 行.
NOTIC: [8] Undefined index: order /Users/adnetsalso/Sites/ad/ThinkPHP/Lib/Driver/Db/DbMongo.class.php 第 445 行.
SQL: alsogood.adseat.find({"website":{"$id":"509a04be96838cb770a61bd2"}},["name","shape","priSize","auxSize"]) [ RunTime:0.000102s ]
NOTIC: [8] Undefined index: width /Users/adnetsalso/Sites/ad/Lib/Action/AdseatAction.class.php 第 27 行.
NOTIC: [8] Undefined index: width /Users/adnetsalso/Sites/ad/Lib/Action/AdseatAction.class.php 第 27 行.
NOTIC: [8] Undefined index: width /Users/adnetsalso/Sites/ad/Lib/Action/AdseatAction.class.php 第 27 行.

[ 2012-11-14T16:56:09+08:00 ] 127.0.0.1 /ad/
INFO: [ app_begin ] --START--
INFO: Run ReadHtmlCache Behavior [ RunTime:0.000106s ]
INFO: [ app_begin ] --END-- [ RunTime:0.000197s ]
INFO: [ view_template ] --START--
INFO: Run LocationTemplate Behavior [ RunTime:-0.001163s ]
INFO: [ view_template ] --END-- [ RunTime:0.000181s ]
INFO: [ view_parse ] --START--
INFO: Run ParseTemplate Behavior [ RunTime:-0.001399s ]
INFO: [ view_parse ] --END-- [ RunTime:0.004615s ]
INFO: [ view_filter ] --START--
INFO: Run ContentReplace Behavior [ RunTime:-0.006037s ]
INFO: Run TokenBuild Behavior [ RunTime:-0.006322s ]
INFO: Run WriteHtmlCache Behavior [ RunTime:-0.006484s ]
INFO: Run ShowRuntime Behavior [ RunTime:-0.006574s ]
INFO: [ view_filter ] --END-- [ RunTime:0.000687s ]
INFO: [ view_end ] --START--
INFO: Run ShowPageTrace Behavior [ RunTime:-0.006777s ]
INFO: [ view_end ] --END-- [ RunTime:0.000124s ]

[ 2012-11-14T16:56:48+08:00 ] 127.0.0.1 /ad/index.php/adseat/add
INFO: [ route_check ] --START--
INFO: Run CheckRoute Behavior [ RunTime:0.000093s ]
INFO: [ route_check ] --END-- [ RunTime:0.000146s ]
INFO: [ app_begin ] --START--
INFO: Run ReadHtmlCache Behavior [ RunTime:-0.000225s ]
INFO: [ app_begin ] --END-- [ RunTime:0.000105s ]
SQL: alsogood.getCollection(adseat) [ RunTime:0.000039s ]
NOTIC: [8] Undefined index: model /Users/adnetsalso/Sites/ad/ThinkPHP/Lib/Driver/Db/DbMongo.class.php 第 227 行.
SQL: alsogood.adseat.insert({"name":"\u731c\u8bcd","shape":"2","priSize":["960","60"],"website":{"$id":"509a04be96838cb770a61bd2"},"desc":"","auxSize":0,"chnName":"\u6559\u80b2","isPush":"off","isScroll":"off","reTime":"-1","layout":{"orientation":"left","gavity":"bottom","vertical":"1","horizontal":"1"},"time":{"sec":1352883408,"usec":0},"state":1}) [ RunTime:0.085353s ]

[ 2012-11-14T16:56:59+08:00 ] 127.0.0.1 /ad/adseat/index
INFO: [ route_check ] --START--
INFO: Run CheckRoute Behavior [ RunTime:0.000085s ]
INFO: [ route_check ] --END-- [ RunTime:0.000156s ]
INFO: [ app_begin ] --START--
INFO: Run ReadHtmlCache Behavior [ RunTime:-0.000279s ]
INFO: [ app_begin ] --END-- [ RunTime:0.000134s ]
SQL: alsogood.getCollection(website) [ RunTime:0.000018s ]
NOTIC: [8] Undefined index: model /Users/adnetsalso/Sites/ad/ThinkPHP/Lib/Driver/Db/DbMongo.class.php 第 511 行.
NOTIC: [8] Undefined index: field /Users/adnetsalso/Sites/ad/ThinkPHP/Lib/Driver/Db/DbMongo.class.php 第 514 行.
SQL: alsogood.website.findOne({"uid":{"$id":"509a041296838cb770a61bd0"}}) [ RunTime:0.000285s ]
SQL: alsogood.getCollection(adseat) [ RunTime:0.000013s ]
NOTIC: [8] Undefined index: model /Users/adnetsalso/Sites/ad/ThinkPHP/Lib/Driver/Db/DbMongo.class.php 第 431 行.
NOTIC: [8] Undefined index: order /Users/adnetsalso/Sites/ad/ThinkPHP/Lib/Driver/Db/DbMongo.class.php 第 445 行.
SQL: alsogood.adseat.find({"website":{"$id":"509a04be96838cb770a61bd2"}},["name","shape","priSize","auxSize"]) [ RunTime:0.000034s ]
NOTIC: [8] Undefined index: width /Users/adnetsalso/Sites/ad/Lib/Action/AdseatAction.class.php 第 27 行.
NOTIC: [8] Undefined index: width /Users/adnetsalso/Sites/ad/Lib/Action/AdseatAction.class.php 第 27 行.
NOTIC: [8] Undefined index: width /Users/adnetsalso/Sites/ad/Lib/Action/AdseatAction.class.php 第 27 行.

[ 2012-11-14T18:42:41+08:00 ] 127.0.0.1 /ad/
INFO: [ app_begin ] --START--
INFO: Run ReadHtmlCache Behavior [ RunTime:0.000093s ]
INFO: [ app_begin ] --END-- [ RunTime:0.000158s ]
INFO: [ view_template ] --START--
INFO: Run LocationTemplate Behavior [ RunTime:-0.000452s ]
INFO: [ view_template ] --END-- [ RunTime:0.000141s ]
INFO: [ view_parse ] --START--
INFO: Run ParseTemplate Behavior [ RunTime:-0.000631s ]
INFO: [ view_parse ] --END-- [ RunTime:0.004185s ]
INFO: [ view_filter ] --START--
INFO: Run ContentReplace Behavior [ RunTime:-0.004856s ]
INFO: Run TokenBuild Behavior [ RunTime:-0.005050s ]
INFO: Run WriteHtmlCache Behavior [ RunTime:-0.005144s ]
INFO: Run ShowRuntime Behavior [ RunTime:-0.005202s ]
INFO: [ view_filter ] --END-- [ RunTime:0.000467s ]
INFO: [ view_end ] --START--
INFO: Run ShowPageTrace Behavior [ RunTime:-0.005351s ]
INFO: [ view_end ] --END-- [ RunTime:0.000087s ]

[ 2012-11-14T18:42:44+08:00 ] 127.0.0.1 /ad/adseat/index
INFO: [ route_check ] --START--
INFO: Run CheckRoute Behavior [ RunTime:0.000121s ]
INFO: [ route_check ] --END-- [ RunTime:0.000220s ]
INFO: [ app_begin ] --START--
INFO: Run ReadHtmlCache Behavior [ RunTime:-0.000366s ]
INFO: [ app_begin ] --END-- [ RunTime:0.000196s ]
SQL: alsogood.getCollection(website) [ RunTime:0.000027s ]
NOTIC: [8] Undefined index: model /Users/adnetsalso/Sites/ad/ThinkPHP/Lib/Driver/Db/DbMongo.class.php 第 511 行.
NOTIC: [8] Undefined index: field /Users/adnetsalso/Sites/ad/ThinkPHP/Lib/Driver/Db/DbMongo.class.php 第 514 行.
SQL: alsogood.website.findOne({"uid":{"$id":"509a041296838cb770a61bd0"}}) [ RunTime:0.000369s ]
SQL: alsogood.getCollection(adseat) [ RunTime:0.000017s ]
NOTIC: [8] Undefined index: model /Users/adnetsalso/Sites/ad/ThinkPHP/Lib/Driver/Db/DbMongo.class.php 第 431 行.
NOTIC: [8] Undefined index: order /Users/adnetsalso/Sites/ad/ThinkPHP/Lib/Driver/Db/DbMongo.class.php 第 445 行.
SQL: alsogood.adseat.find({"website":{"$id":"509a04be96838cb770a61bd2"}},["name","shape","priSize","auxSize"]) [ RunTime:0.000030s ]
NOTIC: [8] Undefined index: width /Users/adnetsalso/Sites/ad/Lib/Action/AdseatAction.class.php 第 27 行.
NOTIC: [8] Undefined index: width /Users/adnetsalso/Sites/ad/Lib/Action/AdseatAction.class.php 第 27 行.
NOTIC: [8] Undefined index: width /Users/adnetsalso/Sites/ad/Lib/Action/AdseatAction.class.php 第 27 行.

[ 2012-11-14T18:47:44+08:00 ] 127.0.0.1 /ad/adseat/index
INFO: [ route_check ] --START--
INFO: Run CheckRoute Behavior [ RunTime:0.000072s ]
INFO: [ route_check ] --END-- [ RunTime:0.000135s ]
INFO: [ app_begin ] --START--
INFO: Run ReadHtmlCache Behavior [ RunTime:-0.000254s ]
INFO: [ app_begin ] --END-- [ RunTime:0.000098s ]
SQL: alsogood.getCollection(website) [ RunTime:0.000024s ]
NOTIC: [8] Undefined index: model /Users/adnetsalso/Sites/ad/ThinkPHP/Lib/Driver/Db/DbMongo.class.php 第 511 行.
NOTIC: [8] Undefined index: field /Users/adnetsalso/Sites/ad/ThinkPHP/Lib/Driver/Db/DbMongo.class.php 第 514 行.
SQL: alsogood.website.findOne({"uid":{"$id":"509a041296838cb770a61bd0"}}) [ RunTime:0.000269s ]
SQL: alsogood.getCollection(adseat) [ RunTime:0.000016s ]
NOTIC: [8] Undefined index: model /Users/adnetsalso/Sites/ad/ThinkPHP/Lib/Driver/Db/DbMongo.class.php 第 431 行.
NOTIC: [8] Undefined index: where /Users/adnetsalso/Sites/ad/ThinkPHP/Lib/Driver/Db/DbMongo.class.php 第 433 行.
NOTIC: [2] Invalid argument supplied for foreach() /Users/adnetsalso/Sites/ad/ThinkPHP/Lib/Driver/Db/DbMongo.class.php 第 756 行.
NOTIC: [8] Undefined index: field /Users/adnetsalso/Sites/ad/ThinkPHP/Lib/Driver/Db/DbMongo.class.php 第 434 行.
NOTIC: [8] Undefined index: order /Users/adnetsalso/Sites/ad/ThinkPHP/Lib/Driver/Db/DbMongo.class.php 第 445 行.
SQL: alsogood.adseat.find({}).skip(2).limit(2) [ RunTime:0.000045s ]

[ 2012-11-14T18:47:47+08:00 ] 127.0.0.1 /ad/adseat/index
INFO: [ route_check ] --START--
INFO: Run CheckRoute Behavior [ RunTime:0.000096s ]
INFO: [ route_check ] --END-- [ RunTime:0.000178s ]
INFO: [ app_begin ] --START--
INFO: Run ReadHtmlCache Behavior [ RunTime:-0.000293s ]
INFO: [ app_begin ] --END-- [ RunTime:0.000152s ]
SQL: alsogood.getCollection(website) [ RunTime:0.000023s ]
NOTIC: [8] Undefined index: model /Users/adnetsalso/Sites/ad/ThinkPHP/Lib/Driver/Db/DbMongo.class.php 第 511 行.
NOTIC: [8] Undefined index: field /Users/adnetsalso/Sites/ad/ThinkPHP/Lib/Driver/Db/DbMongo.class.php 第 514 行.
SQL: alsogood.website.findOne({"uid":{"$id":"509a041296838cb770a61bd0"}}) [ RunTime:0.000323s ]
SQL: alsogood.getCollection(adseat) [ RunTime:0.000012s ]
NOTIC: [8] Undefined index: model /Users/adnetsalso/Sites/ad/ThinkPHP/Lib/Driver/Db/DbMongo.class.php 第 431 行.
NOTIC: [8] Undefined index: where /Users/adnetsalso/Sites/ad/ThinkPHP/Lib/Driver/Db/DbMongo.class.php 第 433 行.
NOTIC: [2] Invalid argument supplied for foreach() /Users/adnetsalso/Sites/ad/ThinkPHP/Lib/Driver/Db/DbMongo.class.php 第 756 行.
NOTIC: [8] Undefined index: field /Users/adnetsalso/Sites/ad/ThinkPHP/Lib/Driver/Db/DbMongo.class.php 第 434 行.
NOTIC: [8] Undefined index: order /Users/adnetsalso/Sites/ad/ThinkPHP/Lib/Driver/Db/DbMongo.class.php 第 445 行.
SQL: alsogood.adseat.find({}).skip(2).limit(2) [ RunTime:0.000048s ]

[ 2012-11-14T18:47:58+08:00 ] 127.0.0.1 /ad/adseat/index
INFO: [ route_check ] --START--
INFO: Run CheckRoute Behavior [ RunTime:0.000115s ]
INFO: [ route_check ] --END-- [ RunTime:0.000183s ]
INFO: [ app_begin ] --START--
INFO: Run ReadHtmlCache Behavior [ RunTime:-0.000271s ]
INFO: [ app_begin ] --END-- [ RunTime:0.000152s ]
SQL: alsogood.getCollection(website) [ RunTime:0.000023s ]
NOTIC: [8] Undefined index: model /Users/adnetsalso/Sites/ad/ThinkPHP/Lib/Driver/Db/DbMongo.class.php 第 511 行.
NOTIC: [8] Undefined index: field /Users/adnetsalso/Sites/ad/ThinkPHP/Lib/Driver/Db/DbMongo.class.php 第 514 行.
SQL: alsogood.website.findOne({"uid":{"$id":"509a041296838cb770a61bd0"}}) [ RunTime:0.000459s ]
SQL: alsogood.getCollection(adseat) [ RunTime:0.000011s ]
NOTIC: [8] Undefined index: model /Users/adnetsalso/Sites/ad/ThinkPHP/Lib/Driver/Db/DbMongo.class.php 第 431 行.
NOTIC: [8] Undefined index: where /Users/adnetsalso/Sites/ad/ThinkPHP/Lib/Driver/Db/DbMongo.class.php 第 433 行.
NOTIC: [2] Invalid argument supplied for foreach() /Users/adnetsalso/Sites/ad/ThinkPHP/Lib/Driver/Db/DbMongo.class.php 第 756 行.
NOTIC: [8] Undefined index: field /Users/adnetsalso/Sites/ad/ThinkPHP/Lib/Driver/Db/DbMongo.class.php 第 434 行.
NOTIC: [8] Undefined index: order /Users/adnetsalso/Sites/ad/ThinkPHP/Lib/Driver/Db/DbMongo.class.php 第 445 行.
SQL: alsogood.adseat.find({}).skip(2).limit(2) [ RunTime:0.000058s ]

[ 2012-11-14T18:48:15+08:00 ] 127.0.0.1 /ad/adseat/index
INFO: [ route_check ] --START--
INFO: Run CheckRoute Behavior [ RunTime:0.000148s ]
INFO: [ route_check ] --END-- [ RunTime:0.000296s ]
INFO: [ app_begin ] --START--
INFO: Run ReadHtmlCache Behavior [ RunTime:-0.000538s ]
INFO: [ app_begin ] --END-- [ RunTime:0.000141s ]
SQL: alsogood.getCollection(website) [ RunTime:0.000106s ]
NOTIC: [8] Undefined index: model /Users/adnetsalso/Sites/ad/ThinkPHP/Lib/Driver/Db/DbMongo.class.php 第 511 行.
NOTIC: [8] Undefined index: field /Users/adnetsalso/Sites/ad/ThinkPHP/Lib/Driver/Db/DbMongo.class.php 第 514 行.
SQL: alsogood.website.findOne({"uid":{"$id":"509a041296838cb770a61bd0"}}) [ RunTime:0.001128s ]
SQL: alsogood.getCollection(adseat) [ RunTime:0.000016s ]
NOTIC: [8] Undefined index: model /Users/adnetsalso/Sites/ad/ThinkPHP/Lib/Driver/Db/DbMongo.class.php 第 431 行.
NOTIC: [8] Undefined index: where /Users/adnetsalso/Sites/ad/ThinkPHP/Lib/Driver/Db/DbMongo.class.php 第 433 行.
NOTIC: [2] Invalid argument supplied for foreach() /Users/adnetsalso/Sites/ad/ThinkPHP/Lib/Driver/Db/DbMongo.class.php 第 756 行.
NOTIC: [8] Undefined index: field /Users/adnetsalso/Sites/ad/ThinkPHP/Lib/Driver/Db/DbMongo.class.php 第 434 行.
NOTIC: [8] Undefined index: order /Users/adnetsalso/Sites/ad/ThinkPHP/Lib/Driver/Db/DbMongo.class.php 第 445 行.
SQL: alsogood.adseat.find({}).skip(5).limit(5) [ RunTime:0.000055s ]

[ 2012-11-14T18:48:26+08:00 ] 127.0.0.1 /ad/adseat/index
INFO: [ route_check ] --START--
INFO: Run CheckRoute Behavior [ RunTime:0.000067s ]
INFO: [ route_check ] --END-- [ RunTime:0.000123s ]
INFO: [ app_begin ] --START--
INFO: Run ReadHtmlCache Behavior [ RunTime:-0.000216s ]
INFO: [ app_begin ] --END-- [ RunTime:0.000097s ]
SQL: alsogood.getCollection(website) [ RunTime:0.000022s ]
NOTIC: [8] Undefined index: model /Users/adnetsalso/Sites/ad/ThinkPHP/Lib/Driver/Db/DbMongo.class.php 第 511 行.
NOTIC: [8] Undefined index: field /Users/adnetsalso/Sites/ad/ThinkPHP/Lib/Driver/Db/DbMongo.class.php 第 514 行.
SQL: alsogood.website.findOne({"uid":{"$id":"509a041296838cb770a61bd0"}}) [ RunTime:0.000265s ]
SQL: alsogood.getCollection(adseat) [ RunTime:0.000015s ]
NOTIC: [8] Undefined index: model /Users/adnetsalso/Sites/ad/ThinkPHP/Lib/Driver/Db/DbMongo.class.php 第 431 行.
NOTIC: [8] Undefined index: where /Users/adnetsalso/Sites/ad/ThinkPHP/Lib/Driver/Db/DbMongo.class.php 第 433 行.
NOTIC: [2] Invalid argument supplied for foreach() /Users/adnetsalso/Sites/ad/ThinkPHP/Lib/Driver/Db/DbMongo.class.php 第 756 行.
NOTIC: [8] Undefined index: field /Users/adnetsalso/Sites/ad/ThinkPHP/Lib/Driver/Db/DbMongo.class.php 第 434 行.
NOTIC: [8] Undefined index: order /Users/adnetsalso/Sites/ad/ThinkPHP/Lib/Driver/Db/DbMongo.class.php 第 445 行.
SQL: alsogood.adseat.find({}).skip(3).limit(3) [ RunTime:0.000057s ]

[ 2012-11-14T18:48:55+08:00 ] 127.0.0.1 /ad/adseat/index
INFO: [ route_check ] --START--
INFO: Run CheckRoute Behavior [ RunTime:0.000201s ]
INFO: [ route_check ] --END-- [ RunTime:0.000302s ]
INFO: [ app_begin ] --START--
INFO: Run ReadHtmlCache Behavior [ RunTime:-0.000321s ]
INFO: [ app_begin ] --END-- [ RunTime:0.000150s ]
SQL: alsogood.getCollection(website) [ RunTime:0.000027s ]
NOTIC: [8] Undefined index: model /Users/adnetsalso/Sites/ad/ThinkPHP/Lib/Driver/Db/DbMongo.class.php 第 511 行.
NOTIC: [8] Undefined index: field /Users/adnetsalso/Sites/ad/ThinkPHP/Lib/Driver/Db/DbMongo.class.php 第 514 行.
SQL: alsogood.website.findOne({"uid":{"$id":"509a041296838cb770a61bd0"}}) [ RunTime:0.000593s ]
SQL: alsogood.getCollection(adseat) [ RunTime:0.000018s ]
NOTIC: [8] Undefined index: model /Users/adnetsalso/Sites/ad/ThinkPHP/Lib/Driver/Db/DbMongo.class.php 第 431 行.
NOTIC: [8] Undefined index: where /Users/adnetsalso/Sites/ad/ThinkPHP/Lib/Driver/Db/DbMongo.class.php 第 433 行.
NOTIC: [2] Invalid argument supplied for foreach() /Users/adnetsalso/Sites/ad/ThinkPHP/Lib/Driver/Db/DbMongo.class.php 第 756 行.
NOTIC: [8] Undefined index: field /Users/adnetsalso/Sites/ad/ThinkPHP/Lib/Driver/Db/DbMongo.class.php 第 434 行.
NOTIC: [8] Undefined index: order /Users/adnetsalso/Sites/ad/ThinkPHP/Lib/Driver/Db/DbMongo.class.php 第 445 行.
SQL: alsogood.adseat.find({}).limit(3) [ RunTime:0.000057s ]

[ 2012-11-14T18:57:49+08:00 ] 127.0.0.1 /ad/adseat/index
INFO: [ route_check ] --START--
INFO: Run CheckRoute Behavior [ RunTime:0.000063s ]
INFO: [ route_check ] --END-- [ RunTime:0.000120s ]
INFO: [ app_begin ] --START--
INFO: Run ReadHtmlCache Behavior [ RunTime:-0.000210s ]
INFO: [ app_begin ] --END-- [ RunTime:0.000099s ]
SQL: alsogood.getCollection(website) [ RunTime:0.000017s ]
NOTIC: [8] Undefined index: model /Users/adnetsalso/Sites/ad/ThinkPHP/Lib/Driver/Db/DbMongo.class.php 第 511 行.
NOTIC: [8] Undefined index: field /Users/adnetsalso/Sites/ad/ThinkPHP/Lib/Driver/Db/DbMongo.class.php 第 514 行.
SQL: alsogood.website.findOne({"uid":{"$id":"509a041296838cb770a61bd0"}}) [ RunTime:0.000268s ]
SQL: alsogood.getCollection(adseat) [ RunTime:0.000018s ]
NOTIC: [8] Undefined index: model /Users/adnetsalso/Sites/ad/ThinkPHP/Lib/Driver/Db/DbMongo.class.php 第 431 行.
NOTIC: [8] Undefined index: where /Users/adnetsalso/Sites/ad/ThinkPHP/Lib/Driver/Db/DbMongo.class.php 第 433 行.
NOTIC: [2] Invalid argument supplied for foreach() /Users/adnetsalso/Sites/ad/ThinkPHP/Lib/Driver/Db/DbMongo.class.php 第 756 行.
NOTIC: [8] Undefined index: field /Users/adnetsalso/Sites/ad/ThinkPHP/Lib/Driver/Db/DbMongo.class.php 第 434 行.
NOTIC: [8] Undefined index: order /Users/adnetsalso/Sites/ad/ThinkPHP/Lib/Driver/Db/DbMongo.class.php 第 445 行.
SQL: alsogood.adseat.find({}).limit(3) [ RunTime:0.000044s ]
NOTIC: [8] Undefined variable: seat_arr /Users/adnetsalso/Sites/ad/Lib/Action/AdseatAction.class.php 第 25 行.
NOTIC: [2] Invalid argument supplied for foreach() /Users/adnetsalso/Sites/ad/Lib/Action/AdseatAction.class.php 第 25 行.

[ 2012-11-14T18:58:03+08:00 ] 127.0.0.1 /ad/adseat/index
INFO: [ route_check ] --START--
INFO: Run CheckRoute Behavior [ RunTime:0.000088s ]
INFO: [ route_check ] --END-- [ RunTime:0.000148s ]
INFO: [ app_begin ] --START--
INFO: Run ReadHtmlCache Behavior [ RunTime:-0.000244s ]
INFO: [ app_begin ] --END-- [ RunTime:0.000123s ]
SQL: alsogood.getCollection(website) [ RunTime:0.000016s ]
NOTIC: [8] Undefined index: model /Users/adnetsalso/Sites/ad/ThinkPHP/Lib/Driver/Db/DbMongo.class.php 第 511 行.
NOTIC: [8] Undefined index: field /Users/adnetsalso/Sites/ad/ThinkPHP/Lib/Driver/Db/DbMongo.class.php 第 514 行.
SQL: alsogood.website.findOne({"uid":{"$id":"509a041296838cb770a61bd0"}}) [ RunTime:0.000378s ]
SQL: alsogood.getCollection(adseat) [ RunTime:0.000012s ]
NOTIC: [8] Undefined index: model /Users/adnetsalso/Sites/ad/ThinkPHP/Lib/Driver/Db/DbMongo.class.php 第 431 行.
NOTIC: [8] Undefined index: where /Users/adnetsalso/Sites/ad/ThinkPHP/Lib/Driver/Db/DbMongo.class.php 第 433 行.
NOTIC: [2] Invalid argument supplied for foreach() /Users/adnetsalso/Sites/ad/ThinkPHP/Lib/Driver/Db/DbMongo.class.php 第 756 行.
NOTIC: [8] Undefined index: field /Users/adnetsalso/Sites/ad/ThinkPHP/Lib/Driver/Db/DbMongo.class.php 第 434 行.
NOTIC: [8] Undefined index: order /Users/adnetsalso/Sites/ad/ThinkPHP/Lib/Driver/Db/DbMongo.class.php 第 445 行.
SQL: alsogood.adseat.find({}).limit(3) [ RunTime:0.000044s ]
NOTIC: [8] Undefined index: width /Users/adnetsalso/Sites/ad/Lib/Action/AdseatAction.class.php 第 27 行.

[ 2012-11-14T18:58:14+08:00 ] 127.0.0.1 /ad/adseat/index
INFO: [ route_check ] --START--
INFO: Run CheckRoute Behavior [ RunTime:0.000118s ]
INFO: [ route_check ] --END-- [ RunTime:0.000241s ]
INFO: [ app_begin ] --START--
INFO: Run ReadHtmlCache Behavior [ RunTime:-0.000532s ]
INFO: [ app_begin ] --END-- [ RunTime:0.000206s ]
SQL: alsogood.getCollection(website) [ RunTime:0.000095s ]
NOTIC: [8] Undefined index: model /Users/adnetsalso/Sites/ad/ThinkPHP/Lib/Driver/Db/DbMongo.class.php 第 511 行.
NOTIC: [8] Undefined index: field /Users/adnetsalso/Sites/ad/ThinkPHP/Lib/Driver/Db/DbMongo.class.php 第 514 行.
SQL: alsogood.website.findOne({"uid":{"$id":"509a041296838cb770a61bd0"}}) [ RunTime:0.001187s ]
SQL: alsogood.getCollection(adseat) [ RunTime:0.000013s ]
NOTIC: [8] Undefined index: model /Users/adnetsalso/Sites/ad/ThinkPHP/Lib/Driver/Db/DbMongo.class.php 第 431 行.
NOTIC: [8] Undefined index: where /Users/adnetsalso/Sites/ad/ThinkPHP/Lib/Driver/Db/DbMongo.class.php 第 433 行.
NOTIC: [2] Invalid argument supplied for foreach() /Users/adnetsalso/Sites/ad/ThinkPHP/Lib/Driver/Db/DbMongo.class.php 第 756 行.
NOTIC: [8] Undefined index: field /Users/adnetsalso/Sites/ad/ThinkPHP/Lib/Driver/Db/DbMongo.class.php 第 434 行.
NOTIC: [8] Undefined index: order /Users/adnetsalso/Sites/ad/ThinkPHP/Lib/Driver/Db/DbMongo.class.php 第 445 行.
SQL: alsogood.adseat.find({}).limit(3) [ RunTime:0.000054s ]
NOTIC: [8] Undefined index: width /Users/adnetsalso/Sites/ad/Lib/Action/AdseatAction.class.php 第 27 行.

