[ 2012-11-13T00:52:42+08:00 ] 192.168.2.103 /ad/
INFO: [ app_begin ] --START--
INFO: Run ReadHtmlCache Behavior [ RunTime:0.000334s ]
INFO: [ app_begin ] --END-- [ RunTime:0.033252s ]

[ 2012-11-13T00:52:56+08:00 ] 192.168.2.103 /ad/
INFO: [ app_begin ] --START--
INFO: Run ReadHtmlCache Behavior [ RunTime:0.000591s ]
INFO: [ app_begin ] --END-- [ RunTime:0.003399s ]

[ 2012-11-13T00:52:56+08:00 ] 192.168.2.103 /ad/s/lgn
INFO: [ route_check ] --START--
INFO: Run CheckRoute Behavior [ RunTime:0.000121s ]
INFO: [ route_check ] --END-- [ RunTime:0.000214s ]
INFO: [ app_begin ] --START--
INFO: Run ReadHtmlCache Behavior [ RunTime:-0.000446s ]
INFO: [ app_begin ] --END-- [ RunTime:0.000226s ]
INFO: [ view_template ] --START--
INFO: Run LocationTemplate Behavior [ RunTime:-0.001071s ]
INFO: [ view_template ] --END-- [ RunTime:0.000173s ]
INFO: [ view_parse ] --START--
INFO: Run ParseTemplate Behavior [ RunTime:-0.001281s ]
INFO: [ view_parse ] --END-- [ RunTime:0.070363s ]
INFO: [ view_filter ] --START--
INFO: Run ContentReplace Behavior [ RunTime:-0.071702s ]
INFO: Run TokenBuild Behavior [ RunTime:-0.071926s ]
INFO: Run WriteHtmlCache Behavior [ RunTime:-0.072210s ]
INFO: Run ShowRuntime Behavior [ RunTime:-0.072300s ]
INFO: [ view_filter ] --END-- [ RunTime:0.004195s ]
INFO: [ view_end ] --START--
INFO: Run ShowPageTrace Behavior [ RunTime:-0.075936s ]
INFO: [ view_end ] --END-- [ RunTime:0.000148s ]

[ 2012-11-13T00:53:01+08:00 ] 192.168.2.103 /ad/s/login
INFO: [ route_check ] --START--
INFO: Run CheckRoute Behavior [ RunTime:0.000106s ]
INFO: [ route_check ] --END-- [ RunTime:0.000195s ]
INFO: [ app_begin ] --START--
INFO: Run ReadHtmlCache Behavior [ RunTime:-0.000319s ]
INFO: [ app_begin ] --END-- [ RunTime:0.000189s ]
SQL: alsogood.getCollection(user) [ RunTime:0.000032s ]
NOTIC: [8] Undefined index: model /Users/adnetsalso/Sites/ad/ThinkPHP/Lib/Driver/Db/DbMongo.class.php 第 511 行.
SQL: alsogood.user.findOne({"email":"shiba@da.com","psd":"96e79218965eb72c92a549dd5a330112","state":1},["email","name"]) [ RunTime:0.067233s ]

[ 2012-11-13T00:53:02+08:00 ] 192.168.2.103 /ad/index/index
INFO: [ route_check ] --START--
INFO: Run CheckRoute Behavior [ RunTime:0.000063s ]
INFO: [ route_check ] --END-- [ RunTime:0.000119s ]
INFO: [ app_begin ] --START--
INFO: Run ReadHtmlCache Behavior [ RunTime:-0.000184s ]
INFO: [ app_begin ] --END-- [ RunTime:0.000096s ]
INFO: [ view_template ] --START--
INFO: Run LocationTemplate Behavior [ RunTime:-0.011338s ]
INFO: [ view_template ] --END-- [ RunTime:0.000200s ]
INFO: [ view_parse ] --START--
INFO: Run ParseTemplate Behavior [ RunTime:-0.011555s ]
INFO: [ view_parse ] --END-- [ RunTime:0.072202s ]
INFO: [ view_filter ] --START--
INFO: Run ContentReplace Behavior [ RunTime:-0.083828s ]
INFO: Run TokenBuild Behavior [ RunTime:-0.084145s ]
INFO: Run WriteHtmlCache Behavior [ RunTime:-0.084296s ]
INFO: Run ShowRuntime Behavior [ RunTime:-0.084443s ]
INFO: [ view_filter ] --END-- [ RunTime:0.000849s ]
INFO: [ view_end ] --START--
INFO: Run ShowPageTrace Behavior [ RunTime:-0.084801s ]
INFO: [ view_end ] --END-- [ RunTime:0.000144s ]

[ 2012-11-13T14:31:50+08:00 ] 127.0.0.1 /ad/
INFO: [ app_begin ] --START--
INFO: Run ReadHtmlCache Behavior [ RunTime:0.000142s ]
INFO: [ app_begin ] --END-- [ RunTime:0.000617s ]

[ 2012-11-13T14:31:50+08:00 ] 127.0.0.1 /ad/s/lgn
INFO: [ route_check ] --START--
INFO: Run CheckRoute Behavior [ RunTime:0.000142s ]
INFO: [ route_check ] --END-- [ RunTime:0.000232s ]
INFO: [ app_begin ] --START--
INFO: Run ReadHtmlCache Behavior [ RunTime:-0.000306s ]
INFO: [ app_begin ] --END-- [ RunTime:0.000181s ]
INFO: [ view_template ] --START--
INFO: Run LocationTemplate Behavior [ RunTime:-0.000848s ]
INFO: [ view_template ] --END-- [ RunTime:0.000136s ]
INFO: [ view_parse ] --START--
INFO: Run ParseTemplate Behavior [ RunTime:-0.001537s ]
INFO: [ view_parse ] --END-- [ RunTime:0.031409s ]
INFO: [ view_filter ] --START--
INFO: Run ContentReplace Behavior [ RunTime:-0.032475s ]
INFO: Run TokenBuild Behavior [ RunTime:-0.032674s ]
INFO: Run WriteHtmlCache Behavior [ RunTime:-0.032798s ]
INFO: Run ShowRuntime Behavior [ RunTime:-0.032888s ]
INFO: [ view_filter ] --END-- [ RunTime:0.000983s ]
INFO: [ view_end ] --START--
INFO: Run ShowPageTrace Behavior [ RunTime:-0.033523s ]
INFO: [ view_end ] --END-- [ RunTime:0.000171s ]

[ 2012-11-13T14:31:52+08:00 ] 127.0.0.1 /ad/s/login
INFO: [ route_check ] --START--
INFO: Run CheckRoute Behavior [ RunTime:0.000117s ]
INFO: [ route_check ] --END-- [ RunTime:0.000213s ]
INFO: [ app_begin ] --START--
INFO: Run ReadHtmlCache Behavior [ RunTime:-0.000357s ]
INFO: [ app_begin ] --END-- [ RunTime:0.000202s ]
SQL: alsogood.getCollection(user) [ RunTime:0.000051s ]
NOTIC: [8] Undefined index: model /Users/adnetsalso/Sites/ad/ThinkPHP/Lib/Driver/Db/DbMongo.class.php 第 511 行.
SQL: alsogood.user.findOne({"email":"shiba@da.com","psd":"96e79218965eb72c92a549dd5a330112","state":1},["email","name"]) [ RunTime:0.014154s ]

[ 2012-11-13T14:31:52+08:00 ] 127.0.0.1 /ad/index/index
INFO: [ route_check ] --START--
INFO: Run CheckRoute Behavior [ RunTime:0.000065s ]
INFO: [ route_check ] --END-- [ RunTime:0.000124s ]
INFO: [ app_begin ] --START--
INFO: Run ReadHtmlCache Behavior [ RunTime:-0.000188s ]
INFO: [ app_begin ] --END-- [ RunTime:0.000098s ]
INFO: [ view_template ] --START--
INFO: Run LocationTemplate Behavior [ RunTime:-0.000556s ]
INFO: [ view_template ] --END-- [ RunTime:0.000097s ]
INFO: [ view_parse ] --START--
INFO: Run ParseTemplate Behavior [ RunTime:-0.000681s ]
INFO: [ view_parse ] --END-- [ RunTime:0.003661s ]
INFO: [ view_filter ] --START--
INFO: Run ContentReplace Behavior [ RunTime:-0.004374s ]
INFO: Run TokenBuild Behavior [ RunTime:-0.004577s ]
INFO: Run WriteHtmlCache Behavior [ RunTime:-0.004678s ]
INFO: Run ShowRuntime Behavior [ RunTime:-0.004729s ]
INFO: [ view_filter ] --END-- [ RunTime:0.000473s ]
INFO: [ view_end ] --START--
INFO: Run ShowPageTrace Behavior [ RunTime:-0.004911s ]
INFO: [ view_end ] --END-- [ RunTime:0.000088s ]

[ 2012-11-13T14:32:10+08:00 ] 127.0.0.1 /ad/adseat/add
INFO: [ route_check ] --START--
INFO: Run CheckRoute Behavior [ RunTime:0.010631s ]
INFO: [ route_check ] --END-- [ RunTime:0.010843s ]
INFO: [ app_begin ] --START--
INFO: Run ReadHtmlCache Behavior [ RunTime:-0.001089s ]
INFO: [ app_begin ] --END-- [ RunTime:0.000380s ]
SQL: alsogood.getCollection(website) [ RunTime:0.000220s ]
NOTIC: [8] Undefined index: model /Users/adnetsalso/Sites/ad/ThinkPHP/Lib/Driver/Db/DbMongo.class.php 第 511 行.
NOTIC: [8] Undefined index: field /Users/adnetsalso/Sites/ad/ThinkPHP/Lib/Driver/Db/DbMongo.class.php 第 514 行.
SQL: alsogood.website.findOne({"uid":{"$id":"509a041296838cb770a61bd0"}}) [ RunTime:0.025889s ]
NOTIC: [8] Use of undefined constant id - assumed 'id' /Users/adnetsalso/Sites/ad/Lib/Action/AdseatAction.class.php 第 79 行.
SQL: alsogood.getCollection(adseat) [ RunTime:0.000023s ]
NOTIC: [8] Undefined index: model /Users/adnetsalso/Sites/ad/ThinkPHP/Lib/Driver/Db/DbMongo.class.php 第 227 行.
SQL: alsogood.adseat.insert({"name":"\u5a03\u54c8\u54c8","shape":"1","priSize":["960","90"],"website":{"$id":"509a04be96838cb770a61bd2"},"desc":"123123","auxSize":0,"chnName":"\u4e3b\u7ad9","isPush":"off","isScroll":"off","reTime":-1,"layout":{"orientation":0,"gavity":0,"vertical":0,"horizontal":0},"time":{"sec":1352788330,"usec":0},"state":1}) [ RunTime:0.067695s ]

[ 2012-11-13T14:32:52+08:00 ] 127.0.0.1 /ad/index/index
INFO: [ route_check ] --START--
INFO: Run CheckRoute Behavior [ RunTime:0.004269s ]
INFO: [ route_check ] --END-- [ RunTime:0.009096s ]
INFO: [ app_begin ] --START--
INFO: Run ReadHtmlCache Behavior [ RunTime:-0.015452s ]
INFO: [ app_begin ] --END-- [ RunTime:0.000636s ]
INFO: [ view_template ] --START--
INFO: Run LocationTemplate Behavior [ RunTime:-0.052442s ]
INFO: [ view_template ] --END-- [ RunTime:0.000306s ]
INFO: [ view_parse ] --START--
INFO: Run ParseTemplate Behavior [ RunTime:-0.061813s ]
INFO: [ view_parse ] --END-- [ RunTime:0.048112s ]
INFO: [ view_filter ] --START--
INFO: Run ContentReplace Behavior [ RunTime:-0.100947s ]
INFO: Run TokenBuild Behavior [ RunTime:-0.102246s ]
INFO: Run WriteHtmlCache Behavior [ RunTime:-0.102420s ]
INFO: Run ShowRuntime Behavior [ RunTime:-0.102547s ]
INFO: [ view_filter ] --END-- [ RunTime:0.002116s ]
INFO: [ view_end ] --START--
INFO: Run ShowPageTrace Behavior [ RunTime:-0.103152s ]
INFO: [ view_end ] --END-- [ RunTime:0.000168s ]

[ 2012-11-13T14:33:34+08:00 ] 127.0.0.1 /ad/adseat/add
INFO: [ route_check ] --START--
INFO: Run CheckRoute Behavior [ RunTime:0.000143s ]
INFO: [ route_check ] --END-- [ RunTime:0.000262s ]
INFO: [ app_begin ] --START--
INFO: Run ReadHtmlCache Behavior [ RunTime:-0.000436s ]
INFO: [ app_begin ] --END-- [ RunTime:0.000126s ]
SQL: alsogood.getCollection(website) [ RunTime:0.000203s ]
NOTIC: [8] Undefined index: model /Users/adnetsalso/Sites/ad/ThinkPHP/Lib/Driver/Db/DbMongo.class.php 第 511 行.
NOTIC: [8] Undefined index: field /Users/adnetsalso/Sites/ad/ThinkPHP/Lib/Driver/Db/DbMongo.class.php 第 514 行.
SQL: alsogood.website.findOne({"uid":{"$id":"509a041296838cb770a61bd0"}}) [ RunTime:0.002203s ]
NOTIC: [8] Use of undefined constant id - assumed 'id' /Users/adnetsalso/Sites/ad/Lib/Action/AdseatAction.class.php 第 79 行.
SQL: alsogood.getCollection(adseat) [ RunTime:0.000022s ]
NOTIC: [8] Undefined index: model /Users/adnetsalso/Sites/ad/ThinkPHP/Lib/Driver/Db/DbMongo.class.php 第 227 行.
SQL: alsogood.adseat.insert({"name":"\u6211\u662f\u5a03\u54c8\u54c8","shape":"2","priSize":["960","60"],"website":{"$id":"509a04be96838cb770a61bd2"},"desc":"\u6211\u54c8\u54c8\u54c8\u54c8\u54c8\u54c8\u54c8\u54c8\u54c8","auxSize":0,"chnName":"\u6559\u80b2","isPush":"off","isScroll":"on","reTime":"60","layout":{"orientation":"center","gavity":"middle","vertical":0,"horizontal":0},"time":{"sec":1352788414,"usec":0},"state":1}) [ RunTime:0.000676s ]

