[ 2012-11-19T11:35:58+08:00 ] 192.168.11.16 /ad/
INFO: [ app_begin ] --START--
INFO: Run ReadHtmlCache Behavior [ RunTime:0.000091s ]
INFO: [ app_begin ] --END-- [ RunTime:0.000143s ]

[ 2012-11-19T11:35:58+08:00 ] 192.168.11.16 /ad/s/lgn
INFO: [ route_check ] --START--
INFO: Run CheckRoute Behavior [ RunTime:0.000088s ]
INFO: [ route_check ] --END-- [ RunTime:0.000140s ]
INFO: [ app_begin ] --START--
INFO: Run ReadHtmlCache Behavior [ RunTime:-0.000181s ]
INFO: [ app_begin ] --END-- [ RunTime:0.000091s ]
INFO: [ view_template ] --START--
INFO: Run LocationTemplate Behavior [ RunTime:-0.004396s ]
INFO: [ view_template ] --END-- [ RunTime:0.000200s ]
INFO: [ view_parse ] --START--
INFO: Run ParseTemplate Behavior [ RunTime:-0.004654s ]
INFO: [ view_parse ] --END-- [ RunTime:0.043671s ]
INFO: [ view_filter ] --START--
INFO: Run ContentReplace Behavior [ RunTime:-0.048486s ]
INFO: Run TokenBuild Behavior [ RunTime:-0.048844s ]
INFO: Run WriteHtmlCache Behavior [ RunTime:-0.049100s ]
INFO: Run ShowRuntime Behavior [ RunTime:-0.049284s ]
INFO: [ view_filter ] --END-- [ RunTime:0.001122s ]
INFO: [ view_end ] --START--
INFO: Run ShowPageTrace Behavior [ RunTime:-0.049681s ]
INFO: [ view_end ] --END-- [ RunTime:0.000272s ]

[ 2012-11-19T11:36:00+08:00 ] 192.168.11.16 /ad/s/login
INFO: [ route_check ] --START--
INFO: Run CheckRoute Behavior [ RunTime:0.000088s ]
INFO: [ route_check ] --END-- [ RunTime:0.000176s ]
INFO: [ app_begin ] --START--
INFO: Run ReadHtmlCache Behavior [ RunTime:-0.000292s ]
INFO: [ app_begin ] --END-- [ RunTime:0.000125s ]
SQL: alsogood.getCollection(user) [ RunTime:0.000025s ]
NOTIC: [8] Undefined index: model /Users/adnetsalso/Sites/ad/ThinkPHP/Lib/Driver/Db/DbMongo.class.php 第 511 行.
SQL: alsogood.user.findOne({"email":"shiba@da.com","psd":"96e79218965eb72c92a549dd5a330112","state":1},["email","name","url"]) [ RunTime:0.000548s ]

[ 2012-11-19T11:36:00+08:00 ] 192.168.11.16 /ad/index/index
INFO: [ route_check ] --START--
INFO: Run CheckRoute Behavior [ RunTime:0.000060s ]
INFO: [ route_check ] --END-- [ RunTime:0.000115s ]
INFO: [ app_begin ] --START--
INFO: Run ReadHtmlCache Behavior [ RunTime:-0.000210s ]
INFO: [ app_begin ] --END-- [ RunTime:0.000103s ]
INFO: [ view_template ] --START--
INFO: Run LocationTemplate Behavior [ RunTime:-0.000587s ]
INFO: [ view_template ] --END-- [ RunTime:0.000094s ]
INFO: [ view_parse ] --START--
INFO: Run ParseTemplate Behavior [ RunTime:-0.000709s ]
INFO: [ view_parse ] --END-- [ RunTime:0.062471s ]
INFO: [ view_filter ] --START--
INFO: Run ContentReplace Behavior [ RunTime:-0.063221s ]
INFO: Run TokenBuild Behavior [ RunTime:-0.063377s ]
INFO: Run WriteHtmlCache Behavior [ RunTime:-0.063456s ]
INFO: Run ShowRuntime Behavior [ RunTime:-0.063509s ]
INFO: [ view_filter ] --END-- [ RunTime:0.000401s ]
INFO: [ view_end ] --START--
INFO: Run ShowPageTrace Behavior [ RunTime:-0.063660s ]
INFO: [ view_end ] --END-- [ RunTime:0.000088s ]

[ 2012-11-19T11:36:01+08:00 ] ERR: [4] syntax error, unexpected ')' /Users/adnetsalso/Sites/ad/Lib/Action/AdseatAction.class.php 第 95 行.
[ 2012-11-19T11:36:07+08:00 ] 127.0.0.1 /ad/index/index
INFO: [ route_check ] --START--
INFO: Run CheckRoute Behavior [ RunTime:0.000110s ]
INFO: [ route_check ] --END-- [ RunTime:0.000200s ]
INFO: [ app_begin ] --START--
INFO: Run ReadHtmlCache Behavior [ RunTime:-0.018262s ]
INFO: [ app_begin ] --END-- [ RunTime:0.000336s ]

[ 2012-11-19T11:36:07+08:00 ] 127.0.0.1 /ad/s/lgn
INFO: [ route_check ] --START--
INFO: Run CheckRoute Behavior [ RunTime:0.000154s ]
INFO: [ route_check ] --END-- [ RunTime:0.000292s ]
INFO: [ app_begin ] --START--
INFO: Run ReadHtmlCache Behavior [ RunTime:-0.000275s ]
INFO: [ app_begin ] --END-- [ RunTime:0.000150s ]
INFO: [ view_template ] --START--
INFO: Run LocationTemplate Behavior [ RunTime:-0.000956s ]
INFO: [ view_template ] --END-- [ RunTime:0.000213s ]
INFO: [ view_parse ] --START--
INFO: Run ParseTemplate Behavior [ RunTime:-0.001193s ]
INFO: [ view_parse ] --END-- [ RunTime:0.046091s ]
INFO: [ view_filter ] --START--
INFO: Run ContentReplace Behavior [ RunTime:-0.047309s ]
INFO: Run TokenBuild Behavior [ RunTime:-0.047414s ]
INFO: Run WriteHtmlCache Behavior [ RunTime:-0.047503s ]
INFO: Run ShowRuntime Behavior [ RunTime:-0.047566s ]
INFO: [ view_filter ] --END-- [ RunTime:0.000362s ]
INFO: [ view_end ] --START--
INFO: Run ShowPageTrace Behavior [ RunTime:-0.047714s ]
INFO: [ view_end ] --END-- [ RunTime:0.000095s ]

[ 2012-11-19T11:36:09+08:00 ] 127.0.0.1 /ad/s/login
INFO: [ route_check ] --START--
INFO: Run CheckRoute Behavior [ RunTime:0.000130s ]
INFO: [ route_check ] --END-- [ RunTime:0.000248s ]
INFO: [ app_begin ] --START--
INFO: Run ReadHtmlCache Behavior [ RunTime:-0.000356s ]
INFO: [ app_begin ] --END-- [ RunTime:0.000206s ]
SQL: alsogood.getCollection(user) [ RunTime:0.000031s ]
NOTIC: [8] Undefined index: model /Users/adnetsalso/Sites/ad/ThinkPHP/Lib/Driver/Db/DbMongo.class.php 第 511 行.
SQL: alsogood.user.findOne({"email":"shiba@da.com","psd":"96e79218965eb72c92a549dd5a330112","state":1},["email","name","url"]) [ RunTime:0.000346s ]

[ 2012-11-19T11:36:09+08:00 ] 127.0.0.1 /ad/index/index
INFO: [ route_check ] --START--
INFO: Run CheckRoute Behavior [ RunTime:0.000063s ]
INFO: [ route_check ] --END-- [ RunTime:0.000119s ]
INFO: [ app_begin ] --START--
INFO: Run ReadHtmlCache Behavior [ RunTime:-0.000186s ]
INFO: [ app_begin ] --END-- [ RunTime:0.000098s ]
INFO: [ view_template ] --START--
INFO: Run LocationTemplate Behavior [ RunTime:-0.000550s ]
INFO: [ view_template ] --END-- [ RunTime:0.000101s ]
INFO: [ view_parse ] --START--
INFO: Run ParseTemplate Behavior [ RunTime:-0.000704s ]
INFO: [ view_parse ] --END-- [ RunTime:0.044176s ]
INFO: [ view_filter ] --START--
INFO: Run ContentReplace Behavior [ RunTime:-0.044909s ]
INFO: Run TokenBuild Behavior [ RunTime:-0.045056s ]
INFO: Run WriteHtmlCache Behavior [ RunTime:-0.045208s ]
INFO: Run ShowRuntime Behavior [ RunTime:-0.045300s ]
INFO: [ view_filter ] --END-- [ RunTime:0.000553s ]
INFO: [ view_end ] --START--
INFO: Run ShowPageTrace Behavior [ RunTime:-0.045529s ]
INFO: [ view_end ] --END-- [ RunTime:0.000130s ]

[ 2012-11-19T11:36:09+08:00 ] ERR: [4] syntax error, unexpected ')' /Users/adnetsalso/Sites/ad/Lib/Action/AdseatAction.class.php 第 95 行.
[ 2012-11-19T11:36:49+08:00 ] ERR: [4] syntax error, unexpected ')' /Users/adnetsalso/Sites/ad/Lib/Action/AdseatAction.class.php 第 95 行.
[ 2012-11-19T11:37:03+08:00 ] 127.0.0.1 /ad/adseat/index
INFO: [ route_check ] --START--
INFO: Run CheckRoute Behavior [ RunTime:0.000070s ]
INFO: [ route_check ] --END-- [ RunTime:0.000132s ]
INFO: [ app_begin ] --START--
INFO: Run ReadHtmlCache Behavior [ RunTime:-0.000209s ]
INFO: [ app_begin ] --END-- [ RunTime:0.000111s ]
NOTIC: [8] Undefined offset: 2 /Users/adnetsalso/Sites/ad/Lib/Action/AdseatAction.class.php 第 13 行.
NOTIC: [8] Undefined offset: 3 /Users/adnetsalso/Sites/ad/Lib/Action/AdseatAction.class.php 第 14 行.
NOTIC: [8] Undefined offset: 4 /Users/adnetsalso/Sites/ad/Lib/Action/AdseatAction.class.php 第 16 行.

[ 2012-11-19T11:37:08+08:00 ] 127.0.0.1 /ad/index/index
INFO: [ route_check ] --START--
INFO: Run CheckRoute Behavior [ RunTime:0.000062s ]
INFO: [ route_check ] --END-- [ RunTime:0.000117s ]
INFO: [ app_begin ] --START--
INFO: Run ReadHtmlCache Behavior [ RunTime:-0.000201s ]
INFO: [ app_begin ] --END-- [ RunTime:0.000091s ]
INFO: [ view_template ] --START--
INFO: Run LocationTemplate Behavior [ RunTime:-0.000590s ]
INFO: [ view_template ] --END-- [ RunTime:0.000103s ]
INFO: [ view_parse ] --START--
INFO: Run ParseTemplate Behavior [ RunTime:-0.000719s ]
INFO: [ view_parse ] --END-- [ RunTime:0.002232s ]
INFO: [ view_filter ] --START--
INFO: Run ContentReplace Behavior [ RunTime:-0.002979s ]
INFO: Run TokenBuild Behavior [ RunTime:-0.003121s ]
INFO: Run WriteHtmlCache Behavior [ RunTime:-0.003216s ]
INFO: Run ShowRuntime Behavior [ RunTime:-0.003284s ]
INFO: [ view_filter ] --END-- [ RunTime:0.000420s ]
INFO: [ view_end ] --START--
INFO: Run ShowPageTrace Behavior [ RunTime:-0.003434s ]
INFO: [ view_end ] --END-- [ RunTime:0.000097s ]

[ 2012-11-19T11:37:09+08:00 ] 127.0.0.1 /ad/adseat/index/1
INFO: [ route_check ] --START--
INFO: Run CheckRoute Behavior [ RunTime:0.000065s ]
INFO: [ route_check ] --END-- [ RunTime:0.000120s ]
INFO: [ app_begin ] --START--
INFO: Run ReadHtmlCache Behavior [ RunTime:-0.000211s ]
INFO: [ app_begin ] --END-- [ RunTime:0.000099s ]
NOTIC: [8] Undefined offset: 3 /Users/adnetsalso/Sites/ad/Lib/Action/AdseatAction.class.php 第 14 行.
NOTIC: [8] Undefined offset: 4 /Users/adnetsalso/Sites/ad/Lib/Action/AdseatAction.class.php 第 16 行.
SQL: alsogood.getCollection(website) [ RunTime:0.000025s ]
NOTIC: [8] Undefined index: model /Users/adnetsalso/Sites/ad/ThinkPHP/Lib/Driver/Db/DbMongo.class.php 第 511 行.
NOTIC: [8] Undefined index: field /Users/adnetsalso/Sites/ad/ThinkPHP/Lib/Driver/Db/DbMongo.class.php 第 514 行.
SQL: alsogood.website.findOne({"uid":{"$id":"509a041296838cb770a61bd0"}}) [ RunTime:0.000277s ]
SQL: alsogood.getCollection(adseat) [ RunTime:0.000012s ]
SQL: alsogood.adseat.find({"website":{"$id":"509a04be96838cb770a61bd2"}},["name","shape","chnName","priSize","desc"]).sort({"_id":-1}).limit(5) [ RunTime:0.000047s ]
NOTIC: [8] Undefined index: auxSize /Users/adnetsalso/Sites/ad/Lib/Action/AdseatAction.class.php 第 33 行.
NOTIC: [8] Undefined index: auxSize /Users/adnetsalso/Sites/ad/Lib/Action/AdseatAction.class.php 第 33 行.
NOTIC: [8] Undefined index: auxSize /Users/adnetsalso/Sites/ad/Lib/Action/AdseatAction.class.php 第 33 行.
NOTIC: [8] Undefined index: auxSize /Users/adnetsalso/Sites/ad/Lib/Action/AdseatAction.class.php 第 33 行.
NOTIC: [8] Undefined index: auxSize /Users/adnetsalso/Sites/ad/Lib/Action/AdseatAction.class.php 第 33 行.

[ 2012-11-19T11:37:09+08:00 ] 127.0.0.1 /ad/adseat/index/1
INFO: [ route_check ] --START--
INFO: Run CheckRoute Behavior [ RunTime:0.000063s ]
INFO: [ route_check ] --END-- [ RunTime:0.000118s ]
INFO: [ app_begin ] --START--
INFO: Run ReadHtmlCache Behavior [ RunTime:-0.000181s ]
INFO: [ app_begin ] --END-- [ RunTime:0.000094s ]
NOTIC: [8] Undefined offset: 3 /Users/adnetsalso/Sites/ad/Lib/Action/AdseatAction.class.php 第 14 行.
NOTIC: [8] Undefined offset: 4 /Users/adnetsalso/Sites/ad/Lib/Action/AdseatAction.class.php 第 16 行.
SQL: alsogood.getCollection(website) [ RunTime:0.000027s ]
NOTIC: [8] Undefined index: model /Users/adnetsalso/Sites/ad/ThinkPHP/Lib/Driver/Db/DbMongo.class.php 第 511 行.
NOTIC: [8] Undefined index: field /Users/adnetsalso/Sites/ad/ThinkPHP/Lib/Driver/Db/DbMongo.class.php 第 514 行.
SQL: alsogood.website.findOne({"uid":{"$id":"509a041296838cb770a61bd0"}}) [ RunTime:0.000811s ]
SQL: alsogood.getCollection(adseat) [ RunTime:0.000024s ]
SQL: alsogood.adseat.find({"website":{"$id":"509a04be96838cb770a61bd2"}},["name","shape","chnName","priSize","desc"]).sort({"_id":-1}).limit(5) [ RunTime:0.000078s ]
NOTIC: [8] Undefined index: auxSize /Users/adnetsalso/Sites/ad/Lib/Action/AdseatAction.class.php 第 33 行.
NOTIC: [8] Undefined index: auxSize /Users/adnetsalso/Sites/ad/Lib/Action/AdseatAction.class.php 第 33 行.
NOTIC: [8] Undefined index: auxSize /Users/adnetsalso/Sites/ad/Lib/Action/AdseatAction.class.php 第 33 行.
NOTIC: [8] Undefined index: auxSize /Users/adnetsalso/Sites/ad/Lib/Action/AdseatAction.class.php 第 33 行.
NOTIC: [8] Undefined index: auxSize /Users/adnetsalso/Sites/ad/Lib/Action/AdseatAction.class.php 第 33 行.

[ 2012-11-19T11:37:20+08:00 ] 127.0.0.1 /ad/adseat/index
INFO: [ route_check ] --START--
INFO: Run CheckRoute Behavior [ RunTime:0.000120s ]
INFO: [ route_check ] --END-- [ RunTime:0.000255s ]
INFO: [ app_begin ] --START--
INFO: Run ReadHtmlCache Behavior [ RunTime:-0.000487s ]
INFO: [ app_begin ] --END-- [ RunTime:0.000124s ]
NOTIC: [8] Undefined offset: 2 /Users/adnetsalso/Sites/ad/Lib/Action/AdseatAction.class.php 第 13 行.
NOTIC: [8] Undefined offset: 3 /Users/adnetsalso/Sites/ad/Lib/Action/AdseatAction.class.php 第 14 行.
NOTIC: [8] Undefined offset: 4 /Users/adnetsalso/Sites/ad/Lib/Action/AdseatAction.class.php 第 16 行.

[ 2012-11-19T16:37:26+08:00 ] 127.0.0.1 /ad/
INFO: [ app_begin ] --START--
INFO: Run ReadHtmlCache Behavior [ RunTime:0.000096s ]
INFO: [ app_begin ] --END-- [ RunTime:0.000163s ]
INFO: [ view_template ] --START--
INFO: Run LocationTemplate Behavior [ RunTime:-0.036795s ]
INFO: [ view_template ] --END-- [ RunTime:0.000203s ]
INFO: [ view_parse ] --START--
INFO: Run ParseTemplate Behavior [ RunTime:-0.037046s ]
INFO: [ view_parse ] --END-- [ RunTime:0.003141s ]
INFO: [ view_filter ] --START--
INFO: Run ContentReplace Behavior [ RunTime:-0.040217s ]
INFO: Run TokenBuild Behavior [ RunTime:-0.040400s ]
INFO: Run WriteHtmlCache Behavior [ RunTime:-0.040533s ]
INFO: Run ShowRuntime Behavior [ RunTime:-0.040631s ]
INFO: [ view_filter ] --END-- [ RunTime:0.000552s ]
INFO: [ view_end ] --START--
INFO: Run ShowPageTrace Behavior [ RunTime:-0.040801s ]
INFO: [ view_end ] --END-- [ RunTime:0.000117s ]

[ 2012-11-19T16:37:26+08:00 ] 127.0.0.1 /ad/adseat/index/1
INFO: [ route_check ] --START--
INFO: Run CheckRoute Behavior [ RunTime:0.000130s ]
INFO: [ route_check ] --END-- [ RunTime:0.000213s ]
INFO: [ app_begin ] --START--
INFO: Run ReadHtmlCache Behavior [ RunTime:-0.000338s ]
INFO: [ app_begin ] --END-- [ RunTime:0.000185s ]
NOTIC: [8] Undefined offset: 3 /Users/adnetsalso/Sites/ad/Lib/Action/AdseatAction.class.php 第 14 行.
NOTIC: [8] Undefined offset: 4 /Users/adnetsalso/Sites/ad/Lib/Action/AdseatAction.class.php 第 16 行.
SQL: alsogood.getCollection(website) [ RunTime:0.000025s ]
NOTIC: [8] Undefined index: model /Users/adnetsalso/Sites/ad/ThinkPHP/Lib/Driver/Db/DbMongo.class.php 第 511 行.
NOTIC: [8] Undefined index: field /Users/adnetsalso/Sites/ad/ThinkPHP/Lib/Driver/Db/DbMongo.class.php 第 514 行.
SQL: alsogood.website.findOne({"uid":{"$id":"509a041296838cb770a61bd0"}}) [ RunTime:0.000348s ]
SQL: alsogood.getCollection(adseat) [ RunTime:0.000018s ]
SQL: alsogood.adseat.find({"website":{"$id":"509a04be96838cb770a61bd2"}},["name","shape","chnName","priSize","desc"]).sort({"_id":-1}).limit(5) [ RunTime:0.000128s ]
NOTIC: [8] Undefined index: auxSize /Users/adnetsalso/Sites/ad/Lib/Action/AdseatAction.class.php 第 33 行.
NOTIC: [8] Undefined index: auxSize /Users/adnetsalso/Sites/ad/Lib/Action/AdseatAction.class.php 第 33 行.
NOTIC: [8] Undefined index: auxSize /Users/adnetsalso/Sites/ad/Lib/Action/AdseatAction.class.php 第 33 行.
NOTIC: [8] Undefined index: auxSize /Users/adnetsalso/Sites/ad/Lib/Action/AdseatAction.class.php 第 33 行.
NOTIC: [8] Undefined index: auxSize /Users/adnetsalso/Sites/ad/Lib/Action/AdseatAction.class.php 第 33 行.

[ 2012-11-19T16:37:26+08:00 ] 127.0.0.1 /ad/adseat/index/1
INFO: [ route_check ] --START--
INFO: Run CheckRoute Behavior [ RunTime:0.000088s ]
INFO: [ route_check ] --END-- [ RunTime:0.000162s ]
INFO: [ app_begin ] --START--
INFO: Run ReadHtmlCache Behavior [ RunTime:-0.000190s ]
INFO: [ app_begin ] --END-- [ RunTime:0.000095s ]
NOTIC: [8] Undefined offset: 3 /Users/adnetsalso/Sites/ad/Lib/Action/AdseatAction.class.php 第 14 行.
NOTIC: [8] Undefined offset: 4 /Users/adnetsalso/Sites/ad/Lib/Action/AdseatAction.class.php 第 16 行.
SQL: alsogood.getCollection(website) [ RunTime:0.000028s ]
NOTIC: [8] Undefined index: model /Users/adnetsalso/Sites/ad/ThinkPHP/Lib/Driver/Db/DbMongo.class.php 第 511 行.
NOTIC: [8] Undefined index: field /Users/adnetsalso/Sites/ad/ThinkPHP/Lib/Driver/Db/DbMongo.class.php 第 514 行.
SQL: alsogood.website.findOne({"uid":{"$id":"509a041296838cb770a61bd0"}}) [ RunTime:0.000431s ]
SQL: alsogood.getCollection(adseat) [ RunTime:0.000026s ]
SQL: alsogood.adseat.find({"website":{"$id":"509a04be96838cb770a61bd2"}},["name","shape","chnName","priSize","desc"]).sort({"_id":-1}).limit(5) [ RunTime:0.000051s ]
NOTIC: [8] Undefined index: auxSize /Users/adnetsalso/Sites/ad/Lib/Action/AdseatAction.class.php 第 33 行.
NOTIC: [8] Undefined index: auxSize /Users/adnetsalso/Sites/ad/Lib/Action/AdseatAction.class.php 第 33 行.
NOTIC: [8] Undefined index: auxSize /Users/adnetsalso/Sites/ad/Lib/Action/AdseatAction.class.php 第 33 行.
NOTIC: [8] Undefined index: auxSize /Users/adnetsalso/Sites/ad/Lib/Action/AdseatAction.class.php 第 33 行.
NOTIC: [8] Undefined index: auxSize /Users/adnetsalso/Sites/ad/Lib/Action/AdseatAction.class.php 第 33 行.

