[ 2012-11-10T19:15:31+08:00 ] 192.168.2.103 /ad/s/lgn
INFO: [ route_check ] --START--
INFO: Run CheckRoute Behavior [ RunTime:0.000110s ]
INFO: [ route_check ] --END-- [ RunTime:0.000206s ]
INFO: [ app_begin ] --START--
INFO: Run ReadHtmlCache Behavior [ RunTime:-0.000364s ]
INFO: [ app_begin ] --END-- [ RunTime:0.000170s ]
INFO: [ view_template ] --START--
INFO: Run LocationTemplate Behavior [ RunTime:-0.000963s ]
INFO: [ view_template ] --END-- [ RunTime:0.000145s ]
INFO: [ view_parse ] --START--
INFO: Run ParseTemplate Behavior [ RunTime:-0.001148s ]
INFO: [ view_parse ] --END-- [ RunTime:0.001533s ]
INFO: [ view_filter ] --START--
INFO: Run ContentReplace Behavior [ RunTime:-0.002722s ]
INFO: Run TokenBuild Behavior [ RunTime:-0.002849s ]
INFO: Run WriteHtmlCache Behavior [ RunTime:-0.002955s ]
INFO: Run ShowRuntime Behavior [ RunTime:-0.003031s ]
INFO: [ view_filter ] --END-- [ RunTime:0.000452s ]
INFO: [ view_end ] --START--
INFO: Run ShowPageTrace Behavior [ RunTime:-0.003233s ]
INFO: [ view_end ] --END-- [ RunTime:0.000130s ]

[ 2012-11-10T19:15:32+08:00 ] 192.168.2.103 /ad/s/lgn
INFO: [ route_check ] --START--
INFO: Run CheckRoute Behavior [ RunTime:0.000086s ]
INFO: [ route_check ] --END-- [ RunTime:0.000161s ]
INFO: [ app_begin ] --START--
INFO: Run ReadHtmlCache Behavior [ RunTime:-0.000254s ]
INFO: [ app_begin ] --END-- [ RunTime:0.000146s ]
INFO: [ view_template ] --START--
INFO: Run LocationTemplate Behavior [ RunTime:-0.000674s ]
INFO: [ view_template ] --END-- [ RunTime:0.000109s ]
INFO: [ view_parse ] --START--
INFO: Run ParseTemplate Behavior [ RunTime:-0.000843s ]
INFO: [ view_parse ] --END-- [ RunTime:0.001243s ]
INFO: [ view_filter ] --START--
INFO: Run ContentReplace Behavior [ RunTime:-0.002108s ]
INFO: Run TokenBuild Behavior [ RunTime:-0.002214s ]
INFO: Run WriteHtmlCache Behavior [ RunTime:-0.002302s ]
INFO: Run ShowRuntime Behavior [ RunTime:-0.002366s ]
INFO: [ view_filter ] --END-- [ RunTime:0.000378s ]
INFO: [ view_end ] --START--
INFO: Run ShowPageTrace Behavior [ RunTime:-0.002536s ]
INFO: [ view_end ] --END-- [ RunTime:0.000115s ]

[ 2012-11-10T19:15:34+08:00 ] 192.168.2.103 /ad/s/lgn
INFO: [ route_check ] --START--
INFO: Run CheckRoute Behavior [ RunTime:0.000088s ]
INFO: [ route_check ] --END-- [ RunTime:0.000163s ]
INFO: [ app_begin ] --START--
INFO: Run ReadHtmlCache Behavior [ RunTime:-0.000252s ]
INFO: [ app_begin ] --END-- [ RunTime:0.000136s ]
INFO: [ view_template ] --START--
INFO: Run LocationTemplate Behavior [ RunTime:-0.000698s ]
INFO: [ view_template ] --END-- [ RunTime:0.000141s ]
INFO: [ view_parse ] --START--
INFO: Run ParseTemplate Behavior [ RunTime:-0.000880s ]
INFO: [ view_parse ] --END-- [ RunTime:0.001302s ]
INFO: [ view_filter ] --START--
INFO: Run ContentReplace Behavior [ RunTime:-0.002219s ]
INFO: Run TokenBuild Behavior [ RunTime:-0.002332s ]
INFO: Run WriteHtmlCache Behavior [ RunTime:-0.002423s ]
INFO: Run ShowRuntime Behavior [ RunTime:-0.002487s ]
INFO: [ view_filter ] --END-- [ RunTime:0.000389s ]
INFO: [ view_end ] --START--
INFO: Run ShowPageTrace Behavior [ RunTime:-0.002657s ]
INFO: [ view_end ] --END-- [ RunTime:0.000110s ]

[ 2012-11-10T19:16:17+08:00 ] 192.168.2.103 /ad/s/lgn
INFO: [ route_check ] --START--
INFO: Run CheckRoute Behavior [ RunTime:0.000067s ]
INFO: [ route_check ] --END-- [ RunTime:0.000125s ]
INFO: [ app_begin ] --START--
INFO: Run ReadHtmlCache Behavior [ RunTime:-0.000204s ]
INFO: [ app_begin ] --END-- [ RunTime:0.000092s ]
INFO: [ view_template ] --START--
INFO: Run LocationTemplate Behavior [ RunTime:-0.000535s ]
INFO: [ view_template ] --END-- [ RunTime:0.000087s ]
INFO: [ view_parse ] --START--
INFO: Run ParseTemplate Behavior [ RunTime:-0.000649s ]
INFO: [ view_parse ] --END-- [ RunTime:0.001040s ]
INFO: [ view_filter ] --START--
INFO: Run ContentReplace Behavior [ RunTime:-0.001716s ]
INFO: Run TokenBuild Behavior [ RunTime:-0.001801s ]
INFO: Run WriteHtmlCache Behavior [ RunTime:-0.001873s ]
INFO: Run ShowRuntime Behavior [ RunTime:-0.001924s ]
INFO: [ view_filter ] --END-- [ RunTime:0.000305s ]
INFO: [ view_end ] --START--
INFO: Run ShowPageTrace Behavior [ RunTime:-0.002057s ]
INFO: [ view_end ] --END-- [ RunTime:0.000085s ]

[ 2012-11-10T19:16:21+08:00 ] 192.168.2.103 /ad/index.php/s/login
INFO: [ route_check ] --START--
INFO: Run CheckRoute Behavior [ RunTime:0.000109s ]
INFO: [ route_check ] --END-- [ RunTime:0.000201s ]
INFO: [ app_begin ] --START--
INFO: Run ReadHtmlCache Behavior [ RunTime:-0.000316s ]
INFO: [ app_begin ] --END-- [ RunTime:0.000176s ]
SQL: alsogood.getCollection(user) [ RunTime:0.000123s ]
NOTIC: [8] Undefined index: model /Users/adnetsalso/Sites/ad/ThinkPHP/Lib/Driver/Db/DbMongo.class.php 第 511 行.
SQL: alsogood.user.findOne({"email":"shiba@da.com","psd":"96e79218965eb72c92a549dd5a330112","state":1},["email","name"]) [ RunTime:0.001630s ]

[ 2012-11-10T19:16:21+08:00 ] 192.168.2.103 /ad/index/index
INFO: [ route_check ] --START--
INFO: Run CheckRoute Behavior [ RunTime:0.000059s ]
INFO: [ route_check ] --END-- [ RunTime:0.000114s ]
INFO: [ app_begin ] --START--
INFO: Run ReadHtmlCache Behavior [ RunTime:-0.000176s ]
INFO: [ app_begin ] --END-- [ RunTime:0.000091s ]

[ 2012-11-10T19:16:21+08:00 ] 192.168.2.103 /ad/s/lgn
INFO: [ route_check ] --START--
INFO: Run CheckRoute Behavior [ RunTime:0.000072s ]
INFO: [ route_check ] --END-- [ RunTime:0.000135s ]
INFO: [ app_begin ] --START--
INFO: Run ReadHtmlCache Behavior [ RunTime:-0.000199s ]
INFO: [ app_begin ] --END-- [ RunTime:0.000095s ]
INFO: [ view_template ] --START--
INFO: Run LocationTemplate Behavior [ RunTime:-0.000528s ]
INFO: [ view_template ] --END-- [ RunTime:0.000089s ]
INFO: [ view_parse ] --START--
INFO: Run ParseTemplate Behavior [ RunTime:-0.000644s ]
INFO: [ view_parse ] --END-- [ RunTime:0.001001s ]
INFO: [ view_filter ] --START--
INFO: Run ContentReplace Behavior [ RunTime:-0.001671s ]
INFO: Run TokenBuild Behavior [ RunTime:-0.001756s ]
INFO: Run WriteHtmlCache Behavior [ RunTime:-0.001827s ]
INFO: Run ShowRuntime Behavior [ RunTime:-0.001878s ]
INFO: [ view_filter ] --END-- [ RunTime:0.000303s ]
INFO: [ view_end ] --START--
INFO: Run ShowPageTrace Behavior [ RunTime:-0.002011s ]
INFO: [ view_end ] --END-- [ RunTime:0.000086s ]

[ 2012-11-10T19:16:23+08:00 ] 192.168.2.103 /ad/s/lgn
INFO: [ route_check ] --START--
INFO: Run CheckRoute Behavior [ RunTime:0.000059s ]
INFO: [ route_check ] --END-- [ RunTime:0.000112s ]
INFO: [ app_begin ] --START--
INFO: Run ReadHtmlCache Behavior [ RunTime:-0.000176s ]
INFO: [ app_begin ] --END-- [ RunTime:0.000090s ]
INFO: [ view_template ] --START--
INFO: Run LocationTemplate Behavior [ RunTime:-0.000484s ]
INFO: [ view_template ] --END-- [ RunTime:0.000087s ]
INFO: [ view_parse ] --START--
INFO: Run ParseTemplate Behavior [ RunTime:-0.000598s ]
INFO: [ view_parse ] --END-- [ RunTime:0.001012s ]
INFO: [ view_filter ] --START--
INFO: Run ContentReplace Behavior [ RunTime:-0.001637s ]
INFO: Run TokenBuild Behavior [ RunTime:-0.001722s ]
INFO: Run WriteHtmlCache Behavior [ RunTime:-0.001793s ]
INFO: Run ShowRuntime Behavior [ RunTime:-0.001845s ]
INFO: [ view_filter ] --END-- [ RunTime:0.000304s ]
INFO: [ view_end ] --START--
INFO: Run ShowPageTrace Behavior [ RunTime:-0.001978s ]
INFO: [ view_end ] --END-- [ RunTime:0.000100s ]

[ 2012-11-10T19:16:24+08:00 ] 192.168.2.103 /ad/s/login
INFO: [ route_check ] --START--
INFO: Run CheckRoute Behavior [ RunTime:0.000088s ]
INFO: [ route_check ] --END-- [ RunTime:0.000164s ]
INFO: [ app_begin ] --START--
INFO: Run ReadHtmlCache Behavior [ RunTime:-0.000286s ]
INFO: [ app_begin ] --END-- [ RunTime:0.000183s ]
SQL: alsogood.getCollection(user) [ RunTime:0.000027s ]
NOTIC: [8] Undefined index: model /Users/adnetsalso/Sites/ad/ThinkPHP/Lib/Driver/Db/DbMongo.class.php 第 511 行.
SQL: alsogood.user.findOne({"email":"shiba@da.com","psd":"96e79218965eb72c92a549dd5a330112","state":1},["email","name"]) [ RunTime:0.000405s ]

[ 2012-11-10T19:16:24+08:00 ] 192.168.2.103 /ad/index/index
INFO: [ route_check ] --START--
INFO: Run CheckRoute Behavior [ RunTime:0.000062s ]
INFO: [ route_check ] --END-- [ RunTime:0.000119s ]
INFO: [ app_begin ] --START--
INFO: Run ReadHtmlCache Behavior [ RunTime:-0.000195s ]
INFO: [ app_begin ] --END-- [ RunTime:0.000099s ]

[ 2012-11-10T19:16:24+08:00 ] 192.168.2.103 /ad/s/lgn
INFO: [ route_check ] --START--
INFO: Run CheckRoute Behavior [ RunTime:0.000059s ]
INFO: [ route_check ] --END-- [ RunTime:0.000113s ]
INFO: [ app_begin ] --START--
INFO: Run ReadHtmlCache Behavior [ RunTime:-0.000175s ]
INFO: [ app_begin ] --END-- [ RunTime:0.000092s ]
INFO: [ view_template ] --START--
INFO: Run LocationTemplate Behavior [ RunTime:-0.000481s ]
INFO: [ view_template ] --END-- [ RunTime:0.000087s ]
INFO: [ view_parse ] --START--
INFO: Run ParseTemplate Behavior [ RunTime:-0.000593s ]
INFO: [ view_parse ] --END-- [ RunTime:0.001166s ]
INFO: [ view_filter ] --START--
INFO: Run ContentReplace Behavior [ RunTime:-0.001794s ]
INFO: Run TokenBuild Behavior [ RunTime:-0.001901s ]
INFO: Run WriteHtmlCache Behavior [ RunTime:-0.001979s ]
INFO: Run ShowRuntime Behavior [ RunTime:-0.002033s ]
INFO: [ view_filter ] --END-- [ RunTime:0.000344s ]
INFO: [ view_end ] --START--
INFO: Run ShowPageTrace Behavior [ RunTime:-0.002180s ]
INFO: [ view_end ] --END-- [ RunTime:0.000099s ]

[ 2012-11-10T19:16:25+08:00 ] 192.168.2.103 /ad/s/login
INFO: [ route_check ] --START--
INFO: Run CheckRoute Behavior [ RunTime:0.000100s ]
INFO: [ route_check ] --END-- [ RunTime:0.000188s ]
INFO: [ app_begin ] --START--
INFO: Run ReadHtmlCache Behavior [ RunTime:-0.000320s ]
INFO: [ app_begin ] --END-- [ RunTime:0.000175s ]
SQL: alsogood.getCollection(user) [ RunTime:0.000024s ]
NOTIC: [8] Undefined index: model /Users/adnetsalso/Sites/ad/ThinkPHP/Lib/Driver/Db/DbMongo.class.php 第 511 行.
SQL: alsogood.user.findOne({"email":"shiba@da.com","psd":"96e79218965eb72c92a549dd5a330112","state":1},["email","name"]) [ RunTime:0.000423s ]

[ 2012-11-10T19:16:25+08:00 ] 192.168.2.103 /ad/index/index
INFO: [ route_check ] --START--
INFO: Run CheckRoute Behavior [ RunTime:0.000064s ]
INFO: [ route_check ] --END-- [ RunTime:0.000119s ]
INFO: [ app_begin ] --START--
INFO: Run ReadHtmlCache Behavior [ RunTime:-0.000190s ]
INFO: [ app_begin ] --END-- [ RunTime:0.000100s ]

[ 2012-11-10T19:16:25+08:00 ] 192.168.2.103 /ad/s/lgn
INFO: [ route_check ] --START--
INFO: Run CheckRoute Behavior [ RunTime:0.000065s ]
INFO: [ route_check ] --END-- [ RunTime:0.000123s ]
INFO: [ app_begin ] --START--
INFO: Run ReadHtmlCache Behavior [ RunTime:-0.000190s ]
INFO: [ app_begin ] --END-- [ RunTime:0.000098s ]
INFO: [ view_template ] --START--
INFO: Run LocationTemplate Behavior [ RunTime:-0.000600s ]
INFO: [ view_template ] --END-- [ RunTime:0.000117s ]
INFO: [ view_parse ] --START--
INFO: Run ParseTemplate Behavior [ RunTime:-0.000738s ]
INFO: [ view_parse ] --END-- [ RunTime:0.001153s ]
INFO: [ view_filter ] --START--
INFO: Run ContentReplace Behavior [ RunTime:-0.001922s ]
INFO: Run TokenBuild Behavior [ RunTime:-0.002020s ]
INFO: Run WriteHtmlCache Behavior [ RunTime:-0.002102s ]
INFO: Run ShowRuntime Behavior [ RunTime:-0.002172s ]
INFO: [ view_filter ] --END-- [ RunTime:0.000356s ]
INFO: [ view_end ] --START--
INFO: Run ShowPageTrace Behavior [ RunTime:-0.002320s ]
INFO: [ view_end ] --END-- [ RunTime:0.000094s ]

[ 2012-11-10T19:16:48+08:00 ] 192.168.2.103 /ad/s/lgn
INFO: [ route_check ] --START--
INFO: Run CheckRoute Behavior [ RunTime:0.000140s ]
INFO: [ route_check ] --END-- [ RunTime:0.000204s ]
INFO: [ app_begin ] --START--
INFO: Run ReadHtmlCache Behavior [ RunTime:-0.000275s ]
INFO: [ app_begin ] --END-- [ RunTime:0.000129s ]
INFO: [ view_template ] --START--
INFO: Run LocationTemplate Behavior [ RunTime:-0.004166s ]
INFO: [ view_template ] --END-- [ RunTime:0.000194s ]
INFO: [ view_parse ] --START--
INFO: Run ParseTemplate Behavior [ RunTime:-0.004409s ]
INFO: [ view_parse ] --END-- [ RunTime:0.001806s ]
INFO: [ view_filter ] --START--
INFO: Run ContentReplace Behavior [ RunTime:-0.006260s ]
INFO: Run TokenBuild Behavior [ RunTime:-0.006404s ]
INFO: Run WriteHtmlCache Behavior [ RunTime:-0.006526s ]
INFO: Run ShowRuntime Behavior [ RunTime:-0.006610s ]
INFO: [ view_filter ] --END-- [ RunTime:0.000520s ]
INFO: [ view_end ] --START--
INFO: Run ShowPageTrace Behavior [ RunTime:-0.006844s ]
INFO: [ view_end ] --END-- [ RunTime:0.000155s ]

[ 2012-11-10T19:16:49+08:00 ] 192.168.2.103 /ad/s/login
INFO: [ route_check ] --START--
INFO: Run CheckRoute Behavior [ RunTime:0.000059s ]
INFO: [ route_check ] --END-- [ RunTime:0.000111s ]
INFO: [ app_begin ] --START--
INFO: Run ReadHtmlCache Behavior [ RunTime:-0.000172s ]
INFO: [ app_begin ] --END-- [ RunTime:0.000089s ]
SQL: alsogood.getCollection(user) [ RunTime:0.000116s ]
NOTIC: [8] Undefined index: model /Users/adnetsalso/Sites/ad/ThinkPHP/Lib/Driver/Db/DbMongo.class.php 第 511 行.
SQL: alsogood.user.findOne({"email":"shiba@da.com","psd":"96e79218965eb72c92a549dd5a330112","state":1},["email","name"]) [ RunTime:0.001218s ]

[ 2012-11-10T19:16:49+08:00 ] 192.168.2.103 /ad/index/index
INFO: [ route_check ] --START--
INFO: Run CheckRoute Behavior [ RunTime:0.000064s ]
INFO: [ route_check ] --END-- [ RunTime:0.000123s ]
INFO: [ app_begin ] --START--
INFO: Run ReadHtmlCache Behavior [ RunTime:-0.000188s ]
INFO: [ app_begin ] --END-- [ RunTime:0.000098s ]
INFO: [ view_template ] --START--
INFO: Run LocationTemplate Behavior [ RunTime:-0.003566s ]
INFO: [ view_template ] --END-- [ RunTime:0.000179s ]
INFO: [ view_parse ] --START--
INFO: Run ParseTemplate Behavior [ RunTime:-0.003750s ]
INFO: [ view_parse ] --END-- [ RunTime:0.003786s ]
INFO: [ view_filter ] --START--
INFO: Run ContentReplace Behavior [ RunTime:-0.007565s ]
INFO: Run TokenBuild Behavior [ RunTime:-0.007764s ]
INFO: Run WriteHtmlCache Behavior [ RunTime:-0.007845s ]
INFO: Run ShowRuntime Behavior [ RunTime:-0.007895s ]
INFO: [ view_filter ] --END-- [ RunTime:0.000445s ]
INFO: [ view_end ] --START--
INFO: Run ShowPageTrace Behavior [ RunTime:-0.008047s ]
INFO: [ view_end ] --END-- [ RunTime:0.000084s ]

