[ 2012-12-10T10:57:39+08:00 ] 127.0.0.1 /ad/
INFO: [ app_begin ] --START--
INFO: Run ReadHtmlCache Behavior [ RunTime:0.000640s ]
INFO: [ app_begin ] --END-- [ RunTime:0.000905s ]
INFO: [ view_template ] --START--
INFO: Run LocationTemplate Behavior [ RunTime:-0.027641s ]
INFO: [ view_template ] --END-- [ RunTime:0.011932s ]
INFO: [ view_parse ] --START--
NOTIC: [8] Use of undefined constant loca - assumed 'loca' /Users/adnetsalso/Sites/ad/Runtime/Cache/bf2e1548e4d3802caafd8c341c9d9507.php 第 22 行.
NOTIC: [8] Use of undefined constant mater - assumed 'mater' /Users/adnetsalso/Sites/ad/Runtime/Cache/bf2e1548e4d3802caafd8c341c9d9507.php 第 30 行.
INFO: Run ParseTemplate Behavior [ RunTime:-0.039640s ]
INFO: [ view_parse ] --END-- [ RunTime:0.066610s ]
INFO: [ view_filter ] --START--
INFO: Run ContentReplace Behavior [ RunTime:-0.106297s ]
INFO: Run TokenBuild Behavior [ RunTime:-0.106601s ]
INFO: Run WriteHtmlCache Behavior [ RunTime:-0.106785s ]
INFO: Run ShowRuntime Behavior [ RunTime:-0.106908s ]
INFO: [ view_filter ] --END-- [ RunTime:0.000841s ]
INFO: [ view_end ] --START--
INFO: Run ShowPageTrace Behavior [ RunTime:-0.107208s ]
INFO: [ view_end ] --END-- [ RunTime:0.000199s ]

[ 2012-12-10T10:57:39+08:00 ] 127.0.0.1 /ad/adseat/cnt
INFO: [ route_check ] --START--
INFO: Run CheckRoute Behavior [ RunTime:0.000114s ]
INFO: [ route_check ] --END-- [ RunTime:0.000176s ]
INFO: [ app_begin ] --START--
INFO: Run ReadHtmlCache Behavior [ RunTime:-0.000239s ]
INFO: [ app_begin ] --END-- [ RunTime:0.000113s ]
NOTIC: [8] Undefined offset: 2 /Users/adnetsalso/Sites/ad/Lib/Action/AdseatAction.class.php 第 168 行.
NOTIC: [8] Undefined offset: 3 /Users/adnetsalso/Sites/ad/Lib/Action/AdseatAction.class.php 第 170 行.
SQL: alsogood.getCollection(adseat) [ RunTime:0.000028s ]
NOTIC: [8] Undefined index: model /Users/adnetsalso/Sites/ad/ThinkPHP/Lib/Driver/Db/DbMongo.class.php 第 552 行.
SQL: alsogood.adseat.find({"website":{"$id":"509a04be96838cb770a61bd2"}}).count() [ RunTime:0.035044s ]

[ 2012-12-10T10:57:39+08:00 ] 127.0.0.1 /ad/adseat/chn
INFO: [ route_check ] --START--
INFO: Run CheckRoute Behavior [ RunTime:0.000120s ]
INFO: [ route_check ] --END-- [ RunTime:0.000177s ]
INFO: [ app_begin ] --START--
INFO: Run ReadHtmlCache Behavior [ RunTime:-0.000242s ]
INFO: [ app_begin ] --END-- [ RunTime:0.000147s ]
SQL: alsogood.getCollection(website) [ RunTime:0.000018s ]
NOTIC: [8] Undefined index: model /Users/adnetsalso/Sites/ad/ThinkPHP/Lib/Driver/Db/DbMongo.class.php 第 433 行.
NOTIC: [8] Undefined index: order /Users/adnetsalso/Sites/ad/ThinkPHP/Lib/Driver/Db/DbMongo.class.php 第 447 行.
SQL: alsogood.website.find({"_id":{"$id":"509a04be96838cb770a61bd2"},"channel.state":1},["channel","channel.chnName","channel.desc"]) [ RunTime:0.000049s ]

[ 2012-12-10T10:57:39+08:00 ] 127.0.0.1 /ad/adseat/cnt/all/all
INFO: [ route_check ] --START--
INFO: Run CheckRoute Behavior [ RunTime:0.000132s ]
INFO: [ route_check ] --END-- [ RunTime:0.000192s ]
INFO: [ app_begin ] --START--
INFO: Run ReadHtmlCache Behavior [ RunTime:-0.000335s ]
INFO: [ app_begin ] --END-- [ RunTime:0.000139s ]
SQL: alsogood.getCollection(adseat) [ RunTime:0.000029s ]
NOTIC: [8] Undefined index: model /Users/adnetsalso/Sites/ad/ThinkPHP/Lib/Driver/Db/DbMongo.class.php 第 552 行.
SQL: alsogood.adseat.find({"website":{"$id":"509a04be96838cb770a61bd2"}}).count() [ RunTime:0.000309s ]

[ 2012-12-10T10:57:39+08:00 ] 127.0.0.1 /ad/adseat/index/1/all/all
INFO: [ route_check ] --START--
INFO: Run CheckRoute Behavior [ RunTime:0.000060s ]
INFO: [ route_check ] --END-- [ RunTime:0.000105s ]
INFO: [ app_begin ] --START--
INFO: Run ReadHtmlCache Behavior [ RunTime:-0.000232s ]
INFO: [ app_begin ] --END-- [ RunTime:0.000093s ]
SQL: alsogood.getCollection(website) [ RunTime:0.000017s ]
NOTIC: [8] Undefined index: model /Users/adnetsalso/Sites/ad/ThinkPHP/Lib/Driver/Db/DbMongo.class.php 第 513 行.
NOTIC: [8] Undefined index: field /Users/adnetsalso/Sites/ad/ThinkPHP/Lib/Driver/Db/DbMongo.class.php 第 516 行.
SQL: alsogood.website.findOne({"uid":{"$id":"509a041296838cb770a61bd0"}}) [ RunTime:0.000243s ]
SQL: alsogood.getCollection(adseat) [ RunTime:0.000012s ]
SQL: alsogood.adseat.find({"website":{"$id":"509a04be96838cb770a61bd2"}},["name","shape","chnName","priSize","desc"]).sort({"_id":-1}).limit(5) [ RunTime:0.000062s ]
NOTIC: [8] Undefined index: auxSize /Users/adnetsalso/Sites/ad/Lib/Action/AdseatAction.class.php 第 35 行.
NOTIC: [8] Undefined index: auxSize /Users/adnetsalso/Sites/ad/Lib/Action/AdseatAction.class.php 第 35 行.
NOTIC: [8] Undefined index: auxSize /Users/adnetsalso/Sites/ad/Lib/Action/AdseatAction.class.php 第 35 行.
NOTIC: [8] Undefined index: auxSize /Users/adnetsalso/Sites/ad/Lib/Action/AdseatAction.class.php 第 35 行.
NOTIC: [8] Undefined index: auxSize /Users/adnetsalso/Sites/ad/Lib/Action/AdseatAction.class.php 第 35 行.

[ 2012-12-10T10:57:42+08:00 ] 127.0.0.1 /ad/material/index
INFO: [ route_check ] --START--
INFO: Run CheckRoute Behavior [ RunTime:0.000090s ]
INFO: [ route_check ] --END-- [ RunTime:0.000163s ]
INFO: [ app_begin ] --START--
INFO: Run ReadHtmlCache Behavior [ RunTime:-0.000253s ]
INFO: [ app_begin ] --END-- [ RunTime:0.000134s ]
INFO: [ view_template ] --START--
INFO: Run LocationTemplate Behavior [ RunTime:-0.000887s ]
INFO: [ view_template ] --END-- [ RunTime:0.000155s ]
INFO: [ view_parse ] --START--
NOTIC: [8] Use of undefined constant loca - assumed 'loca' /Users/adnetsalso/Sites/ad/Runtime/Cache/387af992d86f6f54ef27a1ec78648937.php 第 23 行.
NOTIC: [8] Use of undefined constant mater - assumed 'mater' /Users/adnetsalso/Sites/ad/Runtime/Cache/387af992d86f6f54ef27a1ec78648937.php 第 31 行.
INFO: Run ParseTemplate Behavior [ RunTime:-0.001073s ]
INFO: [ view_parse ] --END-- [ RunTime:0.030389s ]
INFO: [ view_filter ] --START--
INFO: Run ContentReplace Behavior [ RunTime:-0.031493s ]
INFO: Run TokenBuild Behavior [ RunTime:-0.031666s ]
INFO: Run WriteHtmlCache Behavior [ RunTime:-0.031769s ]
INFO: Run ShowRuntime Behavior [ RunTime:-0.031838s ]
INFO: [ view_filter ] --END-- [ RunTime:0.000477s ]
INFO: [ view_end ] --START--
INFO: Run ShowPageTrace Behavior [ RunTime:-0.032011s ]
INFO: [ view_end ] --END-- [ RunTime:0.000112s ]

[ 2012-12-10T10:57:42+08:00 ] 127.0.0.1 /ad/material/cnt
INFO: [ route_check ] --START--
INFO: Run CheckRoute Behavior [ RunTime:0.000086s ]
INFO: [ route_check ] --END-- [ RunTime:0.000150s ]
INFO: [ app_begin ] --START--
INFO: Run ReadHtmlCache Behavior [ RunTime:-0.000254s ]
INFO: [ app_begin ] --END-- [ RunTime:0.000125s ]
SQL: alsogood.getCollection(material) [ RunTime:0.000025s ]
NOTIC: [8] Undefined index: model /Users/adnetsalso/Sites/ad/ThinkPHP/Lib/Driver/Db/DbMongo.class.php 第 552 行.
SQL: alsogood.material.find({"site":{"$id":"509a04be96838cb770a61bd2"},"state":1}).count() [ RunTime:0.000385s ]

[ 2012-12-10T10:57:42+08:00 ] 127.0.0.1 /ad/material/cnt
INFO: [ route_check ] --START--
INFO: Run CheckRoute Behavior [ RunTime:0.000069s ]
INFO: [ route_check ] --END-- [ RunTime:0.000127s ]
INFO: [ app_begin ] --START--
INFO: Run ReadHtmlCache Behavior [ RunTime:-0.000185s ]
INFO: [ app_begin ] --END-- [ RunTime:0.000092s ]
SQL: alsogood.getCollection(material) [ RunTime:0.000025s ]
NOTIC: [8] Undefined index: model /Users/adnetsalso/Sites/ad/ThinkPHP/Lib/Driver/Db/DbMongo.class.php 第 552 行.
SQL: alsogood.material.find({"site":{"$id":"509a04be96838cb770a61bd2"},"state":1}).count() [ RunTime:0.000279s ]

[ 2012-12-10T10:57:42+08:00 ] 127.0.0.1 /ad/material/lst/1
INFO: [ route_check ] --START--
INFO: Run CheckRoute Behavior [ RunTime:0.000066s ]
INFO: [ route_check ] --END-- [ RunTime:0.000115s ]
INFO: [ app_begin ] --START--
INFO: Run ReadHtmlCache Behavior [ RunTime:-0.000170s ]
INFO: [ app_begin ] --END-- [ RunTime:0.000084s ]
SQL: alsogood.getCollection(material) [ RunTime:0.000014s ]
NOTIC: [8] Undefined index: field /Users/adnetsalso/Sites/ad/ThinkPHP/Lib/Driver/Db/DbMongo.class.php 第 436 行.
SQL: alsogood.material.find({"site":{"$id":"509a04be96838cb770a61bd2"},"state":1}).sort({"_id":-1}).limit(5) [ RunTime:0.000046s ]

[ 2012-12-10T10:57:44+08:00 ] 127.0.0.1 /ad/index/index
INFO: [ route_check ] --START--
INFO: Run CheckRoute Behavior [ RunTime:0.000065s ]
INFO: [ route_check ] --END-- [ RunTime:0.000121s ]
INFO: [ app_begin ] --START--
INFO: Run ReadHtmlCache Behavior [ RunTime:-0.000184s ]
INFO: [ app_begin ] --END-- [ RunTime:0.000095s ]
INFO: [ view_template ] --START--
INFO: Run LocationTemplate Behavior [ RunTime:-0.000581s ]
INFO: [ view_template ] --END-- [ RunTime:0.000097s ]
INFO: [ view_parse ] --START--
NOTIC: [8] Use of undefined constant loca - assumed 'loca' /Users/adnetsalso/Sites/ad/Runtime/Cache/bf2e1548e4d3802caafd8c341c9d9507.php 第 22 行.
NOTIC: [8] Use of undefined constant mater - assumed 'mater' /Users/adnetsalso/Sites/ad/Runtime/Cache/bf2e1548e4d3802caafd8c341c9d9507.php 第 30 行.
INFO: Run ParseTemplate Behavior [ RunTime:-0.000707s ]
INFO: [ view_parse ] --END-- [ RunTime:0.002837s ]
INFO: [ view_filter ] --START--
INFO: Run ContentReplace Behavior [ RunTime:-0.003569s ]
INFO: Run TokenBuild Behavior [ RunTime:-0.003704s ]
INFO: Run WriteHtmlCache Behavior [ RunTime:-0.003781s ]
INFO: Run ShowRuntime Behavior [ RunTime:-0.003832s ]
INFO: [ view_filter ] --END-- [ RunTime:0.000365s ]
INFO: [ view_end ] --START--
INFO: Run ShowPageTrace Behavior [ RunTime:-0.003969s ]
INFO: [ view_end ] --END-- [ RunTime:0.000081s ]

[ 2012-12-10T10:57:44+08:00 ] 127.0.0.1 /ad/adseat/cnt
INFO: [ route_check ] --START--
INFO: Run CheckRoute Behavior [ RunTime:0.000103s ]
INFO: [ route_check ] --END-- [ RunTime:0.000180s ]
INFO: [ app_begin ] --START--
INFO: Run ReadHtmlCache Behavior [ RunTime:-0.000307s ]
INFO: [ app_begin ] --END-- [ RunTime:0.000158s ]
NOTIC: [8] Undefined offset: 2 /Users/adnetsalso/Sites/ad/Lib/Action/AdseatAction.class.php 第 168 行.
NOTIC: [8] Undefined offset: 3 /Users/adnetsalso/Sites/ad/Lib/Action/AdseatAction.class.php 第 170 行.
SQL: alsogood.getCollection(adseat) [ RunTime:0.000026s ]
NOTIC: [8] Undefined index: model /Users/adnetsalso/Sites/ad/ThinkPHP/Lib/Driver/Db/DbMongo.class.php 第 552 行.
SQL: alsogood.adseat.find({"website":{"$id":"509a04be96838cb770a61bd2"}}).count() [ RunTime:0.000829s ]

[ 2012-12-10T10:57:44+08:00 ] 127.0.0.1 /ad/adseat/chn
INFO: [ route_check ] --START--
INFO: Run CheckRoute Behavior [ RunTime:0.000107s ]
INFO: [ route_check ] --END-- [ RunTime:0.000186s ]
INFO: [ app_begin ] --START--
INFO: Run ReadHtmlCache Behavior [ RunTime:-0.000321s ]
INFO: [ app_begin ] --END-- [ RunTime:0.000172s ]
SQL: alsogood.getCollection(website) [ RunTime:0.000284s ]
NOTIC: [8] Undefined index: model /Users/adnetsalso/Sites/ad/ThinkPHP/Lib/Driver/Db/DbMongo.class.php 第 433 行.
NOTIC: [8] Undefined index: order /Users/adnetsalso/Sites/ad/ThinkPHP/Lib/Driver/Db/DbMongo.class.php 第 447 行.
SQL: alsogood.website.find({"_id":{"$id":"509a04be96838cb770a61bd2"},"channel.state":1},["channel","channel.chnName","channel.desc"]) [ RunTime:0.000036s ]

[ 2012-12-10T10:57:44+08:00 ] 127.0.0.1 /ad/adseat/cnt/all/all
INFO: [ route_check ] --START--
INFO: Run CheckRoute Behavior [ RunTime:0.000122s ]
INFO: [ route_check ] --END-- [ RunTime:0.000206s ]
INFO: [ app_begin ] --START--
INFO: Run ReadHtmlCache Behavior [ RunTime:-0.000366s ]
INFO: [ app_begin ] --END-- [ RunTime:0.000176s ]
SQL: alsogood.getCollection(adseat) [ RunTime:0.000018s ]
NOTIC: [8] Undefined index: model /Users/adnetsalso/Sites/ad/ThinkPHP/Lib/Driver/Db/DbMongo.class.php 第 552 行.
SQL: alsogood.adseat.find({"website":{"$id":"509a04be96838cb770a61bd2"}}).count() [ RunTime:0.000280s ]

[ 2012-12-10T10:57:44+08:00 ] 127.0.0.1 /ad/adseat/index/1/all/all
INFO: [ route_check ] --START--
INFO: Run CheckRoute Behavior [ RunTime:0.000071s ]
INFO: [ route_check ] --END-- [ RunTime:0.000121s ]
INFO: [ app_begin ] --START--
INFO: Run ReadHtmlCache Behavior [ RunTime:-0.000229s ]
INFO: [ app_begin ] --END-- [ RunTime:0.000098s ]
SQL: alsogood.getCollection(website) [ RunTime:0.000018s ]
NOTIC: [8] Undefined index: model /Users/adnetsalso/Sites/ad/ThinkPHP/Lib/Driver/Db/DbMongo.class.php 第 513 行.
NOTIC: [8] Undefined index: field /Users/adnetsalso/Sites/ad/ThinkPHP/Lib/Driver/Db/DbMongo.class.php 第 516 行.
SQL: alsogood.website.findOne({"uid":{"$id":"509a041296838cb770a61bd0"}}) [ RunTime:0.000394s ]
SQL: alsogood.getCollection(adseat) [ RunTime:0.000017s ]
SQL: alsogood.adseat.find({"website":{"$id":"509a04be96838cb770a61bd2"}},["name","shape","chnName","priSize","desc"]).sort({"_id":-1}).limit(5) [ RunTime:0.000060s ]
NOTIC: [8] Undefined index: auxSize /Users/adnetsalso/Sites/ad/Lib/Action/AdseatAction.class.php 第 35 行.
NOTIC: [8] Undefined index: auxSize /Users/adnetsalso/Sites/ad/Lib/Action/AdseatAction.class.php 第 35 行.
NOTIC: [8] Undefined index: auxSize /Users/adnetsalso/Sites/ad/Lib/Action/AdseatAction.class.php 第 35 行.
NOTIC: [8] Undefined index: auxSize /Users/adnetsalso/Sites/ad/Lib/Action/AdseatAction.class.php 第 35 行.
NOTIC: [8] Undefined index: auxSize /Users/adnetsalso/Sites/ad/Lib/Action/AdseatAction.class.php 第 35 行.

[ 2012-12-10T10:57:46+08:00 ] 127.0.0.1 /ad/material/index
INFO: [ route_check ] --START--
INFO: Run CheckRoute Behavior [ RunTime:0.000089s ]
INFO: [ route_check ] --END-- [ RunTime:0.000163s ]
INFO: [ app_begin ] --START--
INFO: Run ReadHtmlCache Behavior [ RunTime:-0.000252s ]
INFO: [ app_begin ] --END-- [ RunTime:0.000132s ]
INFO: [ view_template ] --START--
INFO: Run LocationTemplate Behavior [ RunTime:-0.000783s ]
INFO: [ view_template ] --END-- [ RunTime:0.000120s ]
INFO: [ view_parse ] --START--
NOTIC: [8] Use of undefined constant loca - assumed 'loca' /Users/adnetsalso/Sites/ad/Runtime/Cache/387af992d86f6f54ef27a1ec78648937.php 第 23 行.
NOTIC: [8] Use of undefined constant mater - assumed 'mater' /Users/adnetsalso/Sites/ad/Runtime/Cache/387af992d86f6f54ef27a1ec78648937.php 第 31 行.
INFO: Run ParseTemplate Behavior [ RunTime:-0.000944s ]
INFO: [ view_parse ] --END-- [ RunTime:0.004576s ]
INFO: [ view_filter ] --START--
INFO: Run ContentReplace Behavior [ RunTime:-0.005570s ]
INFO: Run TokenBuild Behavior [ RunTime:-0.005797s ]
INFO: Run WriteHtmlCache Behavior [ RunTime:-0.005930s ]
INFO: Run ShowRuntime Behavior [ RunTime:-0.006021s ]
INFO: [ view_filter ] --END-- [ RunTime:0.000635s ]
INFO: [ view_end ] --START--
INFO: Run ShowPageTrace Behavior [ RunTime:-0.006274s ]
INFO: [ view_end ] --END-- [ RunTime:0.000146s ]

[ 2012-12-10T10:57:46+08:00 ] 127.0.0.1 /ad/material/cnt
INFO: [ route_check ] --START--
INFO: Run CheckRoute Behavior [ RunTime:0.000100s ]
INFO: [ route_check ] --END-- [ RunTime:0.000174s ]
INFO: [ app_begin ] --START--
INFO: Run ReadHtmlCache Behavior [ RunTime:-0.000314s ]
INFO: [ app_begin ] --END-- [ RunTime:0.000159s ]
SQL: alsogood.getCollection(material) [ RunTime:0.000025s ]
NOTIC: [8] Undefined index: model /Users/adnetsalso/Sites/ad/ThinkPHP/Lib/Driver/Db/DbMongo.class.php 第 552 行.
SQL: alsogood.material.find({"site":{"$id":"509a04be96838cb770a61bd2"},"state":1}).count() [ RunTime:0.000315s ]

[ 2012-12-10T10:57:46+08:00 ] 127.0.0.1 /ad/material/cnt
INFO: [ route_check ] --START--
INFO: Run CheckRoute Behavior [ RunTime:0.000112s ]
INFO: [ route_check ] --END-- [ RunTime:0.000369s ]
INFO: [ app_begin ] --START--
INFO: Run ReadHtmlCache Behavior [ RunTime:-0.000514s ]
INFO: [ app_begin ] --END-- [ RunTime:0.000250s ]
SQL: alsogood.getCollection(material) [ RunTime:0.000026s ]
NOTIC: [8] Undefined index: model /Users/adnetsalso/Sites/ad/ThinkPHP/Lib/Driver/Db/DbMongo.class.php 第 552 行.
SQL: alsogood.material.find({"site":{"$id":"509a04be96838cb770a61bd2"},"state":1}).count() [ RunTime:0.000320s ]

[ 2012-12-10T10:57:46+08:00 ] 127.0.0.1 /ad/material/lst/1
INFO: [ route_check ] --START--
INFO: Run CheckRoute Behavior [ RunTime:0.000063s ]
INFO: [ route_check ] --END-- [ RunTime:0.000110s ]
INFO: [ app_begin ] --START--
INFO: Run ReadHtmlCache Behavior [ RunTime:-0.000173s ]
INFO: [ app_begin ] --END-- [ RunTime:0.000084s ]
SQL: alsogood.getCollection(material) [ RunTime:0.000016s ]
NOTIC: [8] Undefined index: field /Users/adnetsalso/Sites/ad/ThinkPHP/Lib/Driver/Db/DbMongo.class.php 第 436 行.
SQL: alsogood.material.find({"site":{"$id":"509a04be96838cb770a61bd2"},"state":1}).sort({"_id":-1}).limit(5) [ RunTime:0.000046s ]

[ 2012-12-10T10:57:59+08:00 ] 127.0.0.1 /ad/index/index
INFO: [ route_check ] --START--
INFO: Run CheckRoute Behavior [ RunTime:0.000143s ]
INFO: [ route_check ] --END-- [ RunTime:0.000215s ]
INFO: [ app_begin ] --START--
INFO: Run ReadHtmlCache Behavior [ RunTime:-0.000272s ]
INFO: [ app_begin ] --END-- [ RunTime:0.000132s ]
INFO: [ view_template ] --START--
INFO: Run LocationTemplate Behavior [ RunTime:-0.000840s ]
INFO: [ view_template ] --END-- [ RunTime:0.000130s ]
INFO: [ view_parse ] --START--
NOTIC: [8] Use of undefined constant loca - assumed 'loca' /Users/adnetsalso/Sites/ad/Runtime/Cache/bf2e1548e4d3802caafd8c341c9d9507.php 第 22 行.
NOTIC: [8] Use of undefined constant mater - assumed 'mater' /Users/adnetsalso/Sites/ad/Runtime/Cache/bf2e1548e4d3802caafd8c341c9d9507.php 第 30 行.
INFO: Run ParseTemplate Behavior [ RunTime:-0.001002s ]
INFO: [ view_parse ] --END-- [ RunTime:0.003395s ]
INFO: [ view_filter ] --START--
INFO: Run ContentReplace Behavior [ RunTime:-0.004421s ]
INFO: Run TokenBuild Behavior [ RunTime:-0.004587s ]
INFO: Run WriteHtmlCache Behavior [ RunTime:-0.004702s ]
INFO: Run ShowRuntime Behavior [ RunTime:-0.004812s ]
INFO: [ view_filter ] --END-- [ RunTime:0.000533s ]
INFO: [ view_end ] --START--
INFO: Run ShowPageTrace Behavior [ RunTime:-0.004991s ]
INFO: [ view_end ] --END-- [ RunTime:0.000106s ]

[ 2012-12-10T10:57:59+08:00 ] 127.0.0.1 /ad/adseat/cnt
INFO: [ route_check ] --START--
INFO: Run CheckRoute Behavior [ RunTime:0.000107s ]
INFO: [ route_check ] --END-- [ RunTime:0.000180s ]
INFO: [ app_begin ] --START--
INFO: Run ReadHtmlCache Behavior [ RunTime:-0.000298s ]
INFO: [ app_begin ] --END-- [ RunTime:0.000150s ]
NOTIC: [8] Undefined offset: 2 /Users/adnetsalso/Sites/ad/Lib/Action/AdseatAction.class.php 第 168 行.
NOTIC: [8] Undefined offset: 3 /Users/adnetsalso/Sites/ad/Lib/Action/AdseatAction.class.php 第 170 行.
SQL: alsogood.getCollection(adseat) [ RunTime:0.000027s ]
NOTIC: [8] Undefined index: model /Users/adnetsalso/Sites/ad/ThinkPHP/Lib/Driver/Db/DbMongo.class.php 第 552 行.
SQL: alsogood.adseat.find({"website":{"$id":"509a04be96838cb770a61bd2"}}).count() [ RunTime:0.000370s ]

[ 2012-12-10T10:57:59+08:00 ] 127.0.0.1 /ad/adseat/chn
INFO: [ route_check ] --START--
INFO: Run CheckRoute Behavior [ RunTime:0.000160s ]
INFO: [ route_check ] --END-- [ RunTime:0.000247s ]
INFO: [ app_begin ] --START--
INFO: Run ReadHtmlCache Behavior [ RunTime:-0.000397s ]
INFO: [ app_begin ] --END-- [ RunTime:0.000178s ]
SQL: alsogood.getCollection(website) [ RunTime:0.000671s ]
NOTIC: [8] Undefined index: model /Users/adnetsalso/Sites/ad/ThinkPHP/Lib/Driver/Db/DbMongo.class.php 第 433 行.
NOTIC: [8] Undefined index: order /Users/adnetsalso/Sites/ad/ThinkPHP/Lib/Driver/Db/DbMongo.class.php 第 447 行.
SQL: alsogood.website.find({"_id":{"$id":"509a04be96838cb770a61bd2"},"channel.state":1},["channel","channel.chnName","channel.desc"]) [ RunTime:0.000071s ]

[ 2012-12-10T10:57:59+08:00 ] 127.0.0.1 /ad/adseat/cnt/all/all
INFO: [ route_check ] --START--
INFO: Run CheckRoute Behavior [ RunTime:0.000165s ]
INFO: [ route_check ] --END-- [ RunTime:0.000254s ]
INFO: [ app_begin ] --START--
INFO: Run ReadHtmlCache Behavior [ RunTime:-0.000461s ]
INFO: [ app_begin ] --END-- [ RunTime:0.000578s ]
SQL: alsogood.getCollection(adseat) [ RunTime:0.000019s ]
NOTIC: [8] Undefined index: model /Users/adnetsalso/Sites/ad/ThinkPHP/Lib/Driver/Db/DbMongo.class.php 第 552 行.
SQL: alsogood.adseat.find({"website":{"$id":"509a04be96838cb770a61bd2"}}).count() [ RunTime:0.000548s ]

[ 2012-12-10T10:57:59+08:00 ] 127.0.0.1 /ad/adseat/index/1/all/all
INFO: [ route_check ] --START--
INFO: Run CheckRoute Behavior [ RunTime:0.000060s ]
INFO: [ route_check ] --END-- [ RunTime:0.000105s ]
INFO: [ app_begin ] --START--
INFO: Run ReadHtmlCache Behavior [ RunTime:-0.000196s ]
INFO: [ app_begin ] --END-- [ RunTime:0.000085s ]
SQL: alsogood.getCollection(website) [ RunTime:0.000015s ]
NOTIC: [8] Undefined index: model /Users/adnetsalso/Sites/ad/ThinkPHP/Lib/Driver/Db/DbMongo.class.php 第 513 行.
NOTIC: [8] Undefined index: field /Users/adnetsalso/Sites/ad/ThinkPHP/Lib/Driver/Db/DbMongo.class.php 第 516 行.
SQL: alsogood.website.findOne({"uid":{"$id":"509a041296838cb770a61bd0"}}) [ RunTime:0.000265s ]
SQL: alsogood.getCollection(adseat) [ RunTime:0.000013s ]
SQL: alsogood.adseat.find({"website":{"$id":"509a04be96838cb770a61bd2"}},["name","shape","chnName","priSize","desc"]).sort({"_id":-1}).limit(5) [ RunTime:0.000178s ]
NOTIC: [8] Undefined index: auxSize /Users/adnetsalso/Sites/ad/Lib/Action/AdseatAction.class.php 第 35 行.
NOTIC: [8] Undefined index: auxSize /Users/adnetsalso/Sites/ad/Lib/Action/AdseatAction.class.php 第 35 行.
NOTIC: [8] Undefined index: auxSize /Users/adnetsalso/Sites/ad/Lib/Action/AdseatAction.class.php 第 35 行.
NOTIC: [8] Undefined index: auxSize /Users/adnetsalso/Sites/ad/Lib/Action/AdseatAction.class.php 第 35 行.
NOTIC: [8] Undefined index: auxSize /Users/adnetsalso/Sites/ad/Lib/Action/AdseatAction.class.php 第 35 行.

[ 2012-12-10T10:58:05+08:00 ] 127.0.0.1 /ad/material/index
INFO: [ route_check ] --START--
INFO: Run CheckRoute Behavior [ RunTime:0.000159s ]
INFO: [ route_check ] --END-- [ RunTime:0.000256s ]
INFO: [ app_begin ] --START--
INFO: Run ReadHtmlCache Behavior [ RunTime:-0.000366s ]
INFO: [ app_begin ] --END-- [ RunTime:0.000117s ]
INFO: [ view_template ] --START--
INFO: Run LocationTemplate Behavior [ RunTime:-0.000908s ]
INFO: [ view_template ] --END-- [ RunTime:0.000094s ]
INFO: [ view_parse ] --START--
NOTIC: [8] Use of undefined constant loca - assumed 'loca' /Users/adnetsalso/Sites/ad/Runtime/Cache/387af992d86f6f54ef27a1ec78648937.php 第 23 行.
NOTIC: [8] Use of undefined constant mater - assumed 'mater' /Users/adnetsalso/Sites/ad/Runtime/Cache/387af992d86f6f54ef27a1ec78648937.php 第 31 行.
INFO: Run ParseTemplate Behavior [ RunTime:-0.001028s ]
INFO: [ view_parse ] --END-- [ RunTime:0.003617s ]
INFO: [ view_filter ] --START--
INFO: Run ContentReplace Behavior [ RunTime:-0.004672s ]
INFO: Run TokenBuild Behavior [ RunTime:-0.004844s ]
INFO: Run WriteHtmlCache Behavior [ RunTime:-0.004947s ]
INFO: Run ShowRuntime Behavior [ RunTime:-0.005017s ]
INFO: [ view_filter ] --END-- [ RunTime:0.000476s ]
INFO: [ view_end ] --START--
INFO: Run ShowPageTrace Behavior [ RunTime:-0.005190s ]
INFO: [ view_end ] --END-- [ RunTime:0.000113s ]

[ 2012-12-10T10:58:05+08:00 ] 127.0.0.1 /ad/material/cnt
INFO: [ route_check ] --START--
INFO: Run CheckRoute Behavior [ RunTime:0.000097s ]
INFO: [ route_check ] --END-- [ RunTime:0.000162s ]
INFO: [ app_begin ] --START--
INFO: Run ReadHtmlCache Behavior [ RunTime:-0.000211s ]
INFO: [ app_begin ] --END-- [ RunTime:0.000110s ]
SQL: alsogood.getCollection(material) [ RunTime:0.000016s ]
NOTIC: [8] Undefined index: model /Users/adnetsalso/Sites/ad/ThinkPHP/Lib/Driver/Db/DbMongo.class.php 第 552 行.
SQL: alsogood.material.find({"site":{"$id":"509a04be96838cb770a61bd2"},"state":1}).count() [ RunTime:0.000257s ]

[ 2012-12-10T10:58:05+08:00 ] 127.0.0.1 /ad/material/cnt
INFO: [ route_check ] --START--
INFO: Run CheckRoute Behavior [ RunTime:0.000061s ]
INFO: [ route_check ] --END-- [ RunTime:0.000108s ]
INFO: [ app_begin ] --START--
INFO: Run ReadHtmlCache Behavior [ RunTime:-0.000185s ]
INFO: [ app_begin ] --END-- [ RunTime:0.000123s ]
SQL: alsogood.getCollection(material) [ RunTime:0.000015s ]
NOTIC: [8] Undefined index: model /Users/adnetsalso/Sites/ad/ThinkPHP/Lib/Driver/Db/DbMongo.class.php 第 552 行.
SQL: alsogood.material.find({"site":{"$id":"509a04be96838cb770a61bd2"},"state":1}).count() [ RunTime:0.000250s ]

[ 2012-12-10T10:58:05+08:00 ] 127.0.0.1 /ad/material/lst/1
INFO: [ route_check ] --START--
INFO: Run CheckRoute Behavior [ RunTime:0.000111s ]
INFO: [ route_check ] --END-- [ RunTime:0.000191s ]
INFO: [ app_begin ] --START--
INFO: Run ReadHtmlCache Behavior [ RunTime:-0.000300s ]
INFO: [ app_begin ] --END-- [ RunTime:0.000154s ]
SQL: alsogood.getCollection(material) [ RunTime:0.000023s ]
NOTIC: [8] Undefined index: field /Users/adnetsalso/Sites/ad/ThinkPHP/Lib/Driver/Db/DbMongo.class.php 第 436 行.
SQL: alsogood.material.find({"site":{"$id":"509a04be96838cb770a61bd2"},"state":1}).sort({"_id":-1}).limit(5) [ RunTime:0.000084s ]

[ 2012-12-10T11:13:56+08:00 ] 127.0.0.1 /ad/material/index
INFO: [ route_check ] --START--
INFO: Run CheckRoute Behavior [ RunTime:0.000172s ]
INFO: [ route_check ] --END-- [ RunTime:0.000272s ]
INFO: [ app_begin ] --START--
INFO: Run ReadHtmlCache Behavior [ RunTime:-0.000405s ]
INFO: [ app_begin ] --END-- [ RunTime:0.000205s ]
SQL: alsogood.getCollection(material) [ RunTime:0.000017s ]

[ 2012-12-10T11:14:02+08:00 ] 127.0.0.1 /ad/material/index
INFO: [ route_check ] --START--
INFO: Run CheckRoute Behavior [ RunTime:0.000155s ]
INFO: [ route_check ] --END-- [ RunTime:0.000242s ]
INFO: [ app_begin ] --START--
INFO: Run ReadHtmlCache Behavior [ RunTime:-0.000392s ]
INFO: [ app_begin ] --END-- [ RunTime:0.000159s ]
SQL: alsogood.getCollection(material) [ RunTime:0.000017s ]

[ 2012-12-10T11:14:50+08:00 ] 127.0.0.1 /ad/material/index
INFO: [ route_check ] --START--
INFO: Run CheckRoute Behavior [ RunTime:0.000122s ]
INFO: [ route_check ] --END-- [ RunTime:0.000191s ]
INFO: [ app_begin ] --START--
INFO: Run ReadHtmlCache Behavior [ RunTime:-0.000280s ]
INFO: [ app_begin ] --END-- [ RunTime:0.000133s ]
SQL: alsogood.getCollection(material) [ RunTime:0.000017s ]

[ 2012-12-10T11:14:51+08:00 ] 127.0.0.1 /ad/material/index
INFO: [ route_check ] --START--
INFO: Run CheckRoute Behavior [ RunTime:0.000089s ]
INFO: [ route_check ] --END-- [ RunTime:0.000162s ]
INFO: [ app_begin ] --START--
INFO: Run ReadHtmlCache Behavior [ RunTime:-0.000255s ]
INFO: [ app_begin ] --END-- [ RunTime:0.000133s ]
SQL: alsogood.getCollection(material) [ RunTime:0.000019s ]

[ 2012-12-10T11:15:06+08:00 ] 127.0.0.1 /ad/material/index
INFO: [ route_check ] --START--
INFO: Run CheckRoute Behavior [ RunTime:0.000092s ]
INFO: [ route_check ] --END-- [ RunTime:0.000170s ]
INFO: [ app_begin ] --START--
INFO: Run ReadHtmlCache Behavior [ RunTime:-0.000292s ]
INFO: [ app_begin ] --END-- [ RunTime:0.000134s ]
SQL: alsogood.getCollection(material) [ RunTime:0.000015s ]

[ 2012-12-10T11:15:34+08:00 ] ERR: [4] syntax error, unexpected ';' /Users/adnetsalso/Sites/ad/Lib/Action/MaterialAction.class.php 第 19 行.
[ 2012-12-10T11:15:46+08:00 ] 127.0.0.1 /ad/material/index
INFO: [ route_check ] --START--
INFO: Run CheckRoute Behavior [ RunTime:0.000090s ]
INFO: [ route_check ] --END-- [ RunTime:0.000167s ]
INFO: [ app_begin ] --START--
INFO: Run ReadHtmlCache Behavior [ RunTime:-0.000285s ]
INFO: [ app_begin ] --END-- [ RunTime:0.000131s ]
SQL: alsogood.getCollection(material) [ RunTime:0.000023s ]
NOTIC: [8] Undefined index: model /Users/adnetsalso/Sites/ad/ThinkPHP/Lib/Driver/Db/DbMongo.class.php 第 433 行.
NOTIC: [8] Undefined index: order /Users/adnetsalso/Sites/ad/ThinkPHP/Lib/Driver/Db/DbMongo.class.php 第 447 行.
SQL: alsogood.material.find({"_id":{"$id":"509a04be96838cb770a61bd2"}},["genre"]) [ RunTime:0.000053s ]

[ 2012-12-10T11:15:59+08:00 ] 127.0.0.1 /ad/material/index
INFO: [ route_check ] --START--
INFO: Run CheckRoute Behavior [ RunTime:0.000090s ]
INFO: [ route_check ] --END-- [ RunTime:0.000163s ]
INFO: [ app_begin ] --START--
INFO: Run ReadHtmlCache Behavior [ RunTime:-0.000280s ]
INFO: [ app_begin ] --END-- [ RunTime:0.000130s ]
SQL: alsogood.getCollection(material) [ RunTime:0.000023s ]
NOTIC: [8] Undefined index: model /Users/adnetsalso/Sites/ad/ThinkPHP/Lib/Driver/Db/DbMongo.class.php 第 433 行.
NOTIC: [8] Undefined index: field /Users/adnetsalso/Sites/ad/ThinkPHP/Lib/Driver/Db/DbMongo.class.php 第 436 行.
NOTIC: [8] Undefined index: order /Users/adnetsalso/Sites/ad/ThinkPHP/Lib/Driver/Db/DbMongo.class.php 第 447 行.
SQL: alsogood.material.find({"_id":{"$id":"509a04be96838cb770a61bd2"}}) [ RunTime:0.000051s ]

[ 2012-12-10T11:18:35+08:00 ] 127.0.0.1 /ad/material/index
INFO: [ route_check ] --START--
INFO: Run CheckRoute Behavior [ RunTime:0.000088s ]
INFO: [ route_check ] --END-- [ RunTime:0.000161s ]
INFO: [ app_begin ] --START--
INFO: Run ReadHtmlCache Behavior [ RunTime:-0.000285s ]
INFO: [ app_begin ] --END-- [ RunTime:0.000133s ]
SQL: alsogood.getCollection(material) [ RunTime:0.000044s ]
NOTIC: [8] Undefined index: model /Users/adnetsalso/Sites/ad/ThinkPHP/Lib/Driver/Db/DbMongo.class.php 第 433 行.
NOTIC: [8] Undefined index: field /Users/adnetsalso/Sites/ad/ThinkPHP/Lib/Driver/Db/DbMongo.class.php 第 436 行.
NOTIC: [8] Undefined index: order /Users/adnetsalso/Sites/ad/ThinkPHP/Lib/Driver/Db/DbMongo.class.php 第 447 行.
SQL: alsogood.material.find({"site":{"$id":"509a04be96838cb770a61bd2"}}) [ RunTime:0.000118s ]

[ 2012-12-10T11:18:48+08:00 ] 127.0.0.1 /ad/material/index
INFO: [ route_check ] --START--
INFO: Run CheckRoute Behavior [ RunTime:0.000089s ]
INFO: [ route_check ] --END-- [ RunTime:0.000165s ]
INFO: [ app_begin ] --START--
INFO: Run ReadHtmlCache Behavior [ RunTime:-0.000285s ]
INFO: [ app_begin ] --END-- [ RunTime:0.000130s ]
SQL: alsogood.getCollection(material) [ RunTime:0.000017s ]
NOTIC: [8] Undefined index: model /Users/adnetsalso/Sites/ad/ThinkPHP/Lib/Driver/Db/DbMongo.class.php 第 433 行.
NOTIC: [8] Undefined index: order /Users/adnetsalso/Sites/ad/ThinkPHP/Lib/Driver/Db/DbMongo.class.php 第 447 行.
SQL: alsogood.material.find({"site":{"$id":"509a04be96838cb770a61bd2"}},["file"]) [ RunTime:0.000036s ]

[ 2012-12-10T11:19:00+08:00 ] 127.0.0.1 /ad/material/index
INFO: [ route_check ] --START--
INFO: Run CheckRoute Behavior [ RunTime:0.000065s ]
INFO: [ route_check ] --END-- [ RunTime:0.000124s ]
INFO: [ app_begin ] --START--
INFO: Run ReadHtmlCache Behavior [ RunTime:-0.000212s ]
INFO: [ app_begin ] --END-- [ RunTime:0.000095s ]
SQL: alsogood.getCollection(material) [ RunTime:0.000027s ]
NOTIC: [8] Undefined index: model /Users/adnetsalso/Sites/ad/ThinkPHP/Lib/Driver/Db/DbMongo.class.php 第 433 行.
NOTIC: [8] Undefined index: order /Users/adnetsalso/Sites/ad/ThinkPHP/Lib/Driver/Db/DbMongo.class.php 第 447 行.
SQL: alsogood.material.find({"site":{"$id":"509a04be96838cb770a61bd2"}},["file"]) [ RunTime:0.000053s ]

[ 2012-12-10T11:19:16+08:00 ] 127.0.0.1 /ad/material/index
INFO: [ route_check ] --START--
INFO: Run CheckRoute Behavior [ RunTime:0.000105s ]
INFO: [ route_check ] --END-- [ RunTime:0.000182s ]
INFO: [ app_begin ] --START--
INFO: Run ReadHtmlCache Behavior [ RunTime:-0.000385s ]
INFO: [ app_begin ] --END-- [ RunTime:0.000151s ]
SQL: alsogood.getCollection(material) [ RunTime:0.000027s ]
NOTIC: [8] Undefined index: model /Users/adnetsalso/Sites/ad/ThinkPHP/Lib/Driver/Db/DbMongo.class.php 第 433 行.
NOTIC: [8] Undefined index: order /Users/adnetsalso/Sites/ad/ThinkPHP/Lib/Driver/Db/DbMongo.class.php 第 447 行.
SQL: alsogood.material.find({"site":{"$id":"509a04be96838cb770a61bd2"}},["file.width","file.height"]) [ RunTime:0.000227s ]

[ 2012-12-10T12:32:28+08:00 ] 127.0.0.1 /ad/material/index
INFO: [ route_check ] --START--
INFO: Run CheckRoute Behavior [ RunTime:0.000061s ]
INFO: [ route_check ] --END-- [ RunTime:0.000112s ]
INFO: [ app_begin ] --START--
INFO: Run ReadHtmlCache Behavior [ RunTime:-0.000195s ]
INFO: [ app_begin ] --END-- [ RunTime:0.000089s ]
SQL: alsogood.getCollection(material) [ RunTime:0.000020s ]

[ 2012-12-10T12:32:46+08:00 ] 127.0.0.1 /ad/material/index
INFO: [ route_check ] --START--
INFO: Run CheckRoute Behavior [ RunTime:0.000094s ]
INFO: [ route_check ] --END-- [ RunTime:0.000171s ]
INFO: [ app_begin ] --START--
INFO: Run ReadHtmlCache Behavior [ RunTime:-0.000293s ]
INFO: [ app_begin ] --END-- [ RunTime:0.000135s ]
SQL: alsogood.getCollection(material) [ RunTime:0.000024s ]

[ 2012-12-10T13:43:59+08:00 ] 127.0.0.1 /ad/material/deload
INFO: [ route_check ] --START--
INFO: Run CheckRoute Behavior [ RunTime:0.000113s ]
INFO: [ route_check ] --END-- [ RunTime:0.000204s ]
INFO: [ app_begin ] --START--
INFO: Run ReadHtmlCache Behavior [ RunTime:-0.000358s ]
INFO: [ app_begin ] --END-- [ RunTime:0.000171s ]
NOTIC: [8] Undefined variable: file_name /Users/adnetsalso/Sites/ad/Lib/Action/MaterialAction.class.php 第 237 行.
NOTIC: [8] Undefined variable: file_type /Users/adnetsalso/Sites/ad/Common/common.php 第 52 行.

[ 2012-12-10T13:44:03+08:00 ] 127.0.0.1 /ad/material/deload
INFO: [ route_check ] --START--
INFO: Run CheckRoute Behavior [ RunTime:0.000097s ]
INFO: [ route_check ] --END-- [ RunTime:0.000179s ]
INFO: [ app_begin ] --START--
INFO: Run ReadHtmlCache Behavior [ RunTime:-0.000295s ]
INFO: [ app_begin ] --END-- [ RunTime:0.000145s ]
NOTIC: [8] Undefined variable: file_name /Users/adnetsalso/Sites/ad/Lib/Action/MaterialAction.class.php 第 237 行.
NOTIC: [8] Undefined variable: file_type /Users/adnetsalso/Sites/ad/Common/common.php 第 52 行.

[ 2012-12-10T13:44:20+08:00 ] 127.0.0.1 /ad/material/deload
INFO: [ route_check ] --START--
INFO: Run CheckRoute Behavior [ RunTime:0.000067s ]
INFO: [ route_check ] --END-- [ RunTime:0.000125s ]
INFO: [ app_begin ] --START--
INFO: Run ReadHtmlCache Behavior [ RunTime:-0.000213s ]
INFO: [ app_begin ] --END-- [ RunTime:0.000094s ]
NOTIC: [8] Undefined variable: file_name /Users/adnetsalso/Sites/ad/Lib/Action/MaterialAction.class.php 第 237 行.
NOTIC: [8] Undefined variable: file_type /Users/adnetsalso/Sites/ad/Common/common.php 第 52 行.

[ 2012-12-10T13:44:46+08:00 ] 127.0.0.1 /ad/material/deload
INFO: [ route_check ] --START--
INFO: Run CheckRoute Behavior [ RunTime:0.000074s ]
INFO: [ route_check ] --END-- [ RunTime:0.000136s ]
INFO: [ app_begin ] --START--
INFO: Run ReadHtmlCache Behavior [ RunTime:-0.000239s ]
INFO: [ app_begin ] --END-- [ RunTime:0.000114s ]

[ 2012-12-10T13:45:20+08:00 ] 127.0.0.1 /ad/material/deload
INFO: [ route_check ] --START--
INFO: Run CheckRoute Behavior [ RunTime:0.000093s ]
INFO: [ route_check ] --END-- [ RunTime:0.000158s ]
INFO: [ app_begin ] --START--
INFO: Run ReadHtmlCache Behavior [ RunTime:-0.000242s ]
INFO: [ app_begin ] --END-- [ RunTime:0.000111s ]

[ 2012-12-10T13:50:17+08:00 ] 127.0.0.1 /ad/material/deload
INFO: [ route_check ] --START--
INFO: Run CheckRoute Behavior [ RunTime:0.000089s ]
INFO: [ route_check ] --END-- [ RunTime:0.000162s ]
INFO: [ app_begin ] --START--
INFO: Run ReadHtmlCache Behavior [ RunTime:-0.000327s ]
INFO: [ app_begin ] --END-- [ RunTime:0.000136s ]

[ 2012-12-10T13:50:19+08:00 ] 127.0.0.1 /ad/material/deload
INFO: [ route_check ] --START--
INFO: Run CheckRoute Behavior [ RunTime:0.000075s ]
INFO: [ route_check ] --END-- [ RunTime:0.000139s ]
INFO: [ app_begin ] --START--
INFO: Run ReadHtmlCache Behavior [ RunTime:-0.000215s ]
INFO: [ app_begin ] --END-- [ RunTime:0.000111s ]

[ 2012-12-10T13:50:30+08:00 ] 127.0.0.1 /ad/material/deload
INFO: [ route_check ] --START--
INFO: Run CheckRoute Behavior [ RunTime:0.000112s ]
INFO: [ route_check ] --END-- [ RunTime:0.000204s ]
INFO: [ app_begin ] --START--
INFO: Run ReadHtmlCache Behavior [ RunTime:-0.000415s ]
INFO: [ app_begin ] --END-- [ RunTime:0.000210s ]

[ 2012-12-10T13:50:32+08:00 ] 127.0.0.1 /ad/material/deload
INFO: [ route_check ] --START--
INFO: Run CheckRoute Behavior [ RunTime:0.000061s ]
INFO: [ route_check ] --END-- [ RunTime:0.000113s ]
INFO: [ app_begin ] --START--
INFO: Run ReadHtmlCache Behavior [ RunTime:-0.000174s ]
INFO: [ app_begin ] --END-- [ RunTime:0.000088s ]

[ 2012-12-10T13:50:45+08:00 ] 127.0.0.1 /ad/material/deload
INFO: [ route_check ] --START--
INFO: Run CheckRoute Behavior [ RunTime:0.000107s ]
INFO: [ route_check ] --END-- [ RunTime:0.000199s ]
INFO: [ app_begin ] --START--
INFO: Run ReadHtmlCache Behavior [ RunTime:-0.000290s ]
INFO: [ app_begin ] --END-- [ RunTime:0.000136s ]

[ 2012-12-10T13:50:47+08:00 ] 127.0.0.1 /ad/material/deload
INFO: [ route_check ] --START--
INFO: Run CheckRoute Behavior [ RunTime:0.000076s ]
INFO: [ route_check ] --END-- [ RunTime:0.000131s ]
INFO: [ app_begin ] --START--
INFO: Run ReadHtmlCache Behavior [ RunTime:-0.000179s ]
INFO: [ app_begin ] --END-- [ RunTime:0.000089s ]

[ 2012-12-10T13:52:00+08:00 ] 127.0.0.1 /ad/material/deload
INFO: [ route_check ] --START--
INFO: Run CheckRoute Behavior [ RunTime:0.000094s ]
INFO: [ route_check ] --END-- [ RunTime:0.000162s ]
INFO: [ app_begin ] --START--
INFO: Run ReadHtmlCache Behavior [ RunTime:-0.000334s ]
INFO: [ app_begin ] --END-- [ RunTime:0.000107s ]

[ 2012-12-10T13:55:48+08:00 ] 127.0.0.1 /ad/material/deload
INFO: [ route_check ] --START--
INFO: Run CheckRoute Behavior [ RunTime:0.000074s ]
INFO: [ route_check ] --END-- [ RunTime:0.000135s ]
INFO: [ app_begin ] --START--
INFO: Run ReadHtmlCache Behavior [ RunTime:-0.000243s ]
INFO: [ app_begin ] --END-- [ RunTime:0.000110s ]

[ 2012-12-10T13:55:59+08:00 ] 127.0.0.1 /ad/material/deload
INFO: [ route_check ] --START--
INFO: Run CheckRoute Behavior [ RunTime:0.000065s ]
INFO: [ route_check ] --END-- [ RunTime:0.000121s ]
INFO: [ app_begin ] --START--
INFO: Run ReadHtmlCache Behavior [ RunTime:-0.000209s ]
INFO: [ app_begin ] --END-- [ RunTime:0.000094s ]

[ 2012-12-10T13:57:13+08:00 ] 127.0.0.1 /ad/material/deload
INFO: [ route_check ] --START--
INFO: Run CheckRoute Behavior [ RunTime:0.000089s ]
INFO: [ route_check ] --END-- [ RunTime:0.000163s ]
INFO: [ app_begin ] --START--
INFO: Run ReadHtmlCache Behavior [ RunTime:-0.000284s ]
INFO: [ app_begin ] --END-- [ RunTime:0.000132s ]

[ 2012-12-10T13:57:25+08:00 ] 127.0.0.1 /ad/material/deload
INFO: [ route_check ] --START--
INFO: Run CheckRoute Behavior [ RunTime:0.000089s ]
INFO: [ route_check ] --END-- [ RunTime:0.000164s ]
INFO: [ app_begin ] --START--
INFO: Run ReadHtmlCache Behavior [ RunTime:-0.000294s ]
INFO: [ app_begin ] --END-- [ RunTime:0.000163s ]

[ 2012-12-10T13:58:24+08:00 ] 127.0.0.1 /ad/material/deload
INFO: [ route_check ] --START--
INFO: Run CheckRoute Behavior [ RunTime:0.000079s ]
INFO: [ route_check ] --END-- [ RunTime:0.000143s ]
INFO: [ app_begin ] --START--
INFO: Run ReadHtmlCache Behavior [ RunTime:-0.000328s ]
INFO: [ app_begin ] --END-- [ RunTime:0.000103s ]

[ 2012-12-10T13:58:33+08:00 ] 127.0.0.1 /ad/material/deload
INFO: [ route_check ] --START--
INFO: Run CheckRoute Behavior [ RunTime:0.000088s ]
INFO: [ route_check ] --END-- [ RunTime:0.000162s ]
INFO: [ app_begin ] --START--
INFO: Run ReadHtmlCache Behavior [ RunTime:-0.000289s ]
INFO: [ app_begin ] --END-- [ RunTime:0.000142s ]

[ 2012-12-10T13:59:52+08:00 ] 127.0.0.1 /ad/material/deload
INFO: [ route_check ] --START--
INFO: Run CheckRoute Behavior [ RunTime:0.000087s ]
INFO: [ route_check ] --END-- [ RunTime:0.000161s ]
INFO: [ app_begin ] --START--
INFO: Run ReadHtmlCache Behavior [ RunTime:-0.000288s ]
INFO: [ app_begin ] --END-- [ RunTime:0.000132s ]

[ 2012-12-10T14:00:00+08:00 ] 127.0.0.1 /ad/material/deload
INFO: [ route_check ] --START--
INFO: Run CheckRoute Behavior [ RunTime:0.000075s ]
INFO: [ route_check ] --END-- [ RunTime:0.000143s ]
INFO: [ app_begin ] --START--
INFO: Run ReadHtmlCache Behavior [ RunTime:-0.000280s ]
INFO: [ app_begin ] --END-- [ RunTime:0.000112s ]

[ 2012-12-10T14:00:10+08:00 ] 127.0.0.1 /ad/material/deload
INFO: [ route_check ] --START--
INFO: Run CheckRoute Behavior [ RunTime:0.000091s ]
INFO: [ route_check ] --END-- [ RunTime:0.000155s ]
INFO: [ app_begin ] --START--
INFO: Run ReadHtmlCache Behavior [ RunTime:-0.000309s ]
INFO: [ app_begin ] --END-- [ RunTime:0.000125s ]

[ 2012-12-10T14:01:45+08:00 ] 127.0.0.1 /ad/material/deload
INFO: [ route_check ] --START--
INFO: Run CheckRoute Behavior [ RunTime:0.000089s ]
INFO: [ route_check ] --END-- [ RunTime:0.000162s ]
INFO: [ app_begin ] --START--
INFO: Run ReadHtmlCache Behavior [ RunTime:-0.000285s ]
INFO: [ app_begin ] --END-- [ RunTime:0.000134s ]

[ 2012-12-10T14:46:01+08:00 ] 127.0.0.1 /ad/material/deload
INFO: [ route_check ] --START--
INFO: Run CheckRoute Behavior [ RunTime:0.000077s ]
INFO: [ route_check ] --END-- [ RunTime:0.000138s ]
INFO: [ app_begin ] --START--
INFO: Run ReadHtmlCache Behavior [ RunTime:-0.000282s ]
INFO: [ app_begin ] --END-- [ RunTime:0.000170s ]

[ 2012-12-10T14:51:22+08:00 ] 127.0.0.1 /ad/material/deload
INFO: [ route_check ] --START--
INFO: Run CheckRoute Behavior [ RunTime:0.000089s ]
INFO: [ route_check ] --END-- [ RunTime:0.000163s ]
INFO: [ app_begin ] --START--
INFO: Run ReadHtmlCache Behavior [ RunTime:-0.000288s ]
INFO: [ app_begin ] --END-- [ RunTime:0.000135s ]

[ 2012-12-10T14:53:20+08:00 ] 127.0.0.1 /ad/material/deload
INFO: [ route_check ] --START--
INFO: Run CheckRoute Behavior [ RunTime:0.000090s ]
INFO: [ route_check ] --END-- [ RunTime:0.000166s ]
INFO: [ app_begin ] --START--
INFO: Run ReadHtmlCache Behavior [ RunTime:-0.000322s ]
INFO: [ app_begin ] --END-- [ RunTime:0.000149s ]

[ 2012-12-10T14:56:04+08:00 ] 127.0.0.1 /ad/material/index
INFO: [ route_check ] --START--
INFO: Run CheckRoute Behavior [ RunTime:0.000074s ]
INFO: [ route_check ] --END-- [ RunTime:0.000136s ]
INFO: [ app_begin ] --START--
INFO: Run ReadHtmlCache Behavior [ RunTime:-0.000240s ]
INFO: [ app_begin ] --END-- [ RunTime:0.000111s ]
SQL: alsogood.getCollection(material) [ RunTime:0.000016s ]

[ 2012-12-10T14:56:19+08:00 ] 127.0.0.1 /ad/material/index
INFO: [ route_check ] --START--
INFO: Run CheckRoute Behavior [ RunTime:0.000089s ]
INFO: [ route_check ] --END-- [ RunTime:0.000154s ]
INFO: [ app_begin ] --START--
INFO: Run ReadHtmlCache Behavior [ RunTime:-0.000286s ]
INFO: [ app_begin ] --END-- [ RunTime:0.000131s ]
INFO: [ view_template ] --START--
INFO: Run LocationTemplate Behavior [ RunTime:-0.046098s ]
INFO: [ view_template ] --END-- [ RunTime:0.000211s ]
INFO: [ view_parse ] --START--
NOTIC: [8] Use of undefined constant loca - assumed 'loca' /Users/adnetsalso/Sites/ad/Runtime/Cache/387af992d86f6f54ef27a1ec78648937.php 第 23 行.
NOTIC: [8] Use of undefined constant mater - assumed 'mater' /Users/adnetsalso/Sites/ad/Runtime/Cache/387af992d86f6f54ef27a1ec78648937.php 第 31 行.
INFO: Run ParseTemplate Behavior [ RunTime:-0.046360s ]
INFO: [ view_parse ] --END-- [ RunTime:0.016076s ]
INFO: [ view_filter ] --START--
INFO: Run ContentReplace Behavior [ RunTime:-0.062463s ]
INFO: Run TokenBuild Behavior [ RunTime:-0.062709s ]
INFO: Run WriteHtmlCache Behavior [ RunTime:-0.062875s ]
INFO: Run ShowRuntime Behavior [ RunTime:-0.062980s ]
INFO: [ view_filter ] --END-- [ RunTime:0.000713s ]
INFO: [ view_end ] --START--
INFO: Run ShowPageTrace Behavior [ RunTime:-0.063258s ]
INFO: [ view_end ] --END-- [ RunTime:0.000161s ]

[ 2012-12-10T14:56:19+08:00 ] 127.0.0.1 /ad/material/cnt
INFO: [ route_check ] --START--
INFO: Run CheckRoute Behavior [ RunTime:0.000116s ]
INFO: [ route_check ] --END-- [ RunTime:0.000194s ]
INFO: [ app_begin ] --START--
INFO: Run ReadHtmlCache Behavior [ RunTime:-0.000301s ]
INFO: [ app_begin ] --END-- [ RunTime:0.000157s ]
SQL: alsogood.getCollection(material) [ RunTime:0.000210s ]
NOTIC: [8] Undefined index: model /Users/adnetsalso/Sites/ad/ThinkPHP/Lib/Driver/Db/DbMongo.class.php 第 552 行.
SQL: alsogood.material.find({"site":{"$id":"509a04be96838cb770a61bd2"},"state":1}).count() [ RunTime:0.001221s ]

[ 2012-12-10T14:56:19+08:00 ] 127.0.0.1 /ad/material/cnt
INFO: [ route_check ] --START--
INFO: Run CheckRoute Behavior [ RunTime:0.000086s ]
INFO: [ route_check ] --END-- [ RunTime:0.000151s ]
INFO: [ app_begin ] --START--
INFO: Run ReadHtmlCache Behavior [ RunTime:-0.000291s ]
INFO: [ app_begin ] --END-- [ RunTime:0.000129s ]
SQL: alsogood.getCollection(material) [ RunTime:0.000055s ]
NOTIC: [8] Undefined index: model /Users/adnetsalso/Sites/ad/ThinkPHP/Lib/Driver/Db/DbMongo.class.php 第 552 行.
SQL: alsogood.material.find({"site":{"$id":"509a04be96838cb770a61bd2"},"state":1}).count() [ RunTime:0.000266s ]

[ 2012-12-10T14:56:19+08:00 ] 127.0.0.1 /ad/material/lst/1
INFO: [ route_check ] --START--
INFO: Run CheckRoute Behavior [ RunTime:0.000121s ]
INFO: [ route_check ] --END-- [ RunTime:0.000205s ]
INFO: [ app_begin ] --START--
INFO: Run ReadHtmlCache Behavior [ RunTime:-0.000322s ]
INFO: [ app_begin ] --END-- [ RunTime:0.000165s ]
SQL: alsogood.getCollection(material) [ RunTime:0.000037s ]
NOTIC: [8] Undefined index: field /Users/adnetsalso/Sites/ad/ThinkPHP/Lib/Driver/Db/DbMongo.class.php 第 436 行.
SQL: alsogood.material.find({"site":{"$id":"509a04be96838cb770a61bd2"},"state":1}).sort({"_id":-1}).limit(5) [ RunTime:0.000096s ]

[ 2012-12-10T14:56:47+08:00 ] 127.0.0.1 /ad/material/upload/
INFO: [ route_check ] --START--
INFO: Run CheckRoute Behavior [ RunTime:0.000066s ]
INFO: [ route_check ] --END-- [ RunTime:0.000115s ]
INFO: [ app_begin ] --START--
INFO: Run ReadHtmlCache Behavior [ RunTime:-0.000212s ]
INFO: [ app_begin ] --END-- [ RunTime:0.000095s ]
NOTIC: [2] strlen() expects parameter 1 to be string, resource given /Users/adnetsalso/Sites/ad/Lib/Action/UpyunAction.class.php 第 79 行.
NOTIC: [8] Indirect modification of overloaded property UpYunAction::$tmp_infos has no effect /Users/adnetsalso/Sites/ad/Lib/Action/UpyunAction.class.php 第 135 行.
NOTIC: [8] Indirect modification of overloaded property UpYunAction::$tmp_infos has no effect /Users/adnetsalso/Sites/ad/Lib/Action/UpyunAction.class.php 第 135 行.
NOTIC: [8] Indirect modification of overloaded property UpYunAction::$tmp_infos has no effect /Users/adnetsalso/Sites/ad/Lib/Action/UpyunAction.class.php 第 135 行.
NOTIC: [8] Indirect modification of overloaded property UpYunAction::$tmp_infos has no effect /Users/adnetsalso/Sites/ad/Lib/Action/UpyunAction.class.php 第 137 行.

[ 2012-12-10T14:57:29+08:00 ] 127.0.0.1 /ad/material/deload
INFO: [ route_check ] --START--
INFO: Run CheckRoute Behavior [ RunTime:0.000077s ]
INFO: [ route_check ] --END-- [ RunTime:0.000140s ]
INFO: [ app_begin ] --START--
INFO: Run ReadHtmlCache Behavior [ RunTime:-0.000243s ]
INFO: [ app_begin ] --END-- [ RunTime:0.000108s ]

[ 2012-12-10T14:57:42+08:00 ] 127.0.0.1 /ad/material/deload
INFO: [ route_check ] --START--
INFO: Run CheckRoute Behavior [ RunTime:0.000063s ]
INFO: [ route_check ] --END-- [ RunTime:0.000115s ]
INFO: [ app_begin ] --START--
INFO: Run ReadHtmlCache Behavior [ RunTime:-0.000197s ]
INFO: [ app_begin ] --END-- [ RunTime:0.000088s ]

[ 2012-12-10T14:58:46+08:00 ] 127.0.0.1 /ad/material/deload
INFO: [ route_check ] --START--
INFO: Run CheckRoute Behavior [ RunTime:0.000064s ]
INFO: [ route_check ] --END-- [ RunTime:0.000120s ]
INFO: [ app_begin ] --START--
INFO: Run ReadHtmlCache Behavior [ RunTime:-0.000209s ]
INFO: [ app_begin ] --END-- [ RunTime:0.000094s ]

[ 2012-12-10T14:59:03+08:00 ] 127.0.0.1 /ad/material/index
INFO: [ route_check ] --START--
INFO: Run CheckRoute Behavior [ RunTime:0.000065s ]
INFO: [ route_check ] --END-- [ RunTime:0.000115s ]
INFO: [ app_begin ] --START--
INFO: Run ReadHtmlCache Behavior [ RunTime:-0.000223s ]
INFO: [ app_begin ] --END-- [ RunTime:0.000110s ]
INFO: [ view_template ] --START--
INFO: Run LocationTemplate Behavior [ RunTime:-0.000823s ]
INFO: [ view_template ] --END-- [ RunTime:0.000139s ]
INFO: [ view_parse ] --START--
NOTIC: [8] Use of undefined constant loca - assumed 'loca' /Users/adnetsalso/Sites/ad/Runtime/Cache/387af992d86f6f54ef27a1ec78648937.php 第 23 行.
NOTIC: [8] Use of undefined constant mater - assumed 'mater' /Users/adnetsalso/Sites/ad/Runtime/Cache/387af992d86f6f54ef27a1ec78648937.php 第 31 行.
INFO: Run ParseTemplate Behavior [ RunTime:-0.001013s ]
INFO: [ view_parse ] --END-- [ RunTime:0.003524s ]
INFO: [ view_filter ] --START--
INFO: Run ContentReplace Behavior [ RunTime:-0.004559s ]
INFO: Run TokenBuild Behavior [ RunTime:-0.004751s ]
INFO: Run WriteHtmlCache Behavior [ RunTime:-0.004863s ]
INFO: Run ShowRuntime Behavior [ RunTime:-0.004937s ]
INFO: [ view_filter ] --END-- [ RunTime:0.000504s ]
INFO: [ view_end ] --START--
INFO: Run ShowPageTrace Behavior [ RunTime:-0.005131s ]
INFO: [ view_end ] --END-- [ RunTime:0.000143s ]

[ 2012-12-10T14:59:03+08:00 ] 127.0.0.1 /ad/material/cnt
INFO: [ route_check ] --START--
INFO: Run CheckRoute Behavior [ RunTime:0.000114s ]
INFO: [ route_check ] --END-- [ RunTime:0.000196s ]
INFO: [ app_begin ] --START--
INFO: Run ReadHtmlCache Behavior [ RunTime:-0.000331s ]
INFO: [ app_begin ] --END-- [ RunTime:0.000176s ]
SQL: alsogood.getCollection(material) [ RunTime:0.000029s ]
NOTIC: [8] Undefined index: model /Users/adnetsalso/Sites/ad/ThinkPHP/Lib/Driver/Db/DbMongo.class.php 第 552 行.
SQL: alsogood.material.find({"site":{"$id":"509a04be96838cb770a61bd2"},"state":1}).count() [ RunTime:0.000409s ]

[ 2012-12-10T14:59:03+08:00 ] 127.0.0.1 /ad/material/cnt
INFO: [ route_check ] --START--
INFO: Run CheckRoute Behavior [ RunTime:0.000105s ]
INFO: [ route_check ] --END-- [ RunTime:0.000178s ]
INFO: [ app_begin ] --START--
INFO: Run ReadHtmlCache Behavior [ RunTime:-0.000338s ]
INFO: [ app_begin ] --END-- [ RunTime:0.000219s ]
SQL: alsogood.getCollection(material) [ RunTime:0.000029s ]
NOTIC: [8] Undefined index: model /Users/adnetsalso/Sites/ad/ThinkPHP/Lib/Driver/Db/DbMongo.class.php 第 552 行.
SQL: alsogood.material.find({"site":{"$id":"509a04be96838cb770a61bd2"},"state":1}).count() [ RunTime:0.000320s ]

[ 2012-12-10T14:59:03+08:00 ] 127.0.0.1 /ad/material/lst/1
INFO: [ route_check ] --START--
INFO: Run CheckRoute Behavior [ RunTime:0.000074s ]
INFO: [ route_check ] --END-- [ RunTime:0.000122s ]
INFO: [ app_begin ] --START--
INFO: Run ReadHtmlCache Behavior [ RunTime:-0.000182s ]
INFO: [ app_begin ] --END-- [ RunTime:0.000138s ]
SQL: alsogood.getCollection(material) [ RunTime:0.000028s ]
NOTIC: [8] Undefined index: field /Users/adnetsalso/Sites/ad/ThinkPHP/Lib/Driver/Db/DbMongo.class.php 第 436 行.
SQL: alsogood.material.find({"site":{"$id":"509a04be96838cb770a61bd2"},"state":1}).sort({"_id":-1}).limit(5) [ RunTime:0.000047s ]

[ 2012-12-10T15:02:14+08:00 ] 127.0.0.1 /ad/material/index
INFO: [ route_check ] --START--
INFO: Run CheckRoute Behavior [ RunTime:0.000065s ]
INFO: [ route_check ] --END-- [ RunTime:0.000114s ]
INFO: [ app_begin ] --START--
INFO: Run ReadHtmlCache Behavior [ RunTime:-0.000226s ]
INFO: [ app_begin ] --END-- [ RunTime:0.000096s ]
INFO: [ view_template ] --START--
INFO: Run LocationTemplate Behavior [ RunTime:-0.003689s ]
INFO: [ view_template ] --END-- [ RunTime:0.000130s ]
INFO: [ view_parse ] --START--
NOTIC: [8] Use of undefined constant loca - assumed 'loca' /Users/adnetsalso/Sites/ad/Runtime/Cache/387af992d86f6f54ef27a1ec78648937.php 第 23 行.
NOTIC: [8] Use of undefined constant mater - assumed 'mater' /Users/adnetsalso/Sites/ad/Runtime/Cache/387af992d86f6f54ef27a1ec78648937.php 第 31 行.
INFO: Run ParseTemplate Behavior [ RunTime:-0.003848s ]
INFO: [ view_parse ] --END-- [ RunTime:0.003875s ]
INFO: [ view_filter ] --START--
INFO: Run ContentReplace Behavior [ RunTime:-0.007750s ]
INFO: Run TokenBuild Behavior [ RunTime:-0.007951s ]
INFO: Run WriteHtmlCache Behavior [ RunTime:-0.008057s ]
INFO: Run ShowRuntime Behavior [ RunTime:-0.008130s ]
INFO: [ view_filter ] --END-- [ RunTime:0.000505s ]
INFO: [ view_end ] --START--
INFO: Run ShowPageTrace Behavior [ RunTime:-0.008292s ]
INFO: [ view_end ] --END-- [ RunTime:0.000113s ]

[ 2012-12-10T15:02:14+08:00 ] 127.0.0.1 /ad/material/cnt
INFO: [ route_check ] --START--
INFO: Run CheckRoute Behavior [ RunTime:0.000121s ]
INFO: [ route_check ] --END-- [ RunTime:0.000213s ]
INFO: [ app_begin ] --START--
INFO: Run ReadHtmlCache Behavior [ RunTime:-0.000322s ]
INFO: [ app_begin ] --END-- [ RunTime:0.000144s ]
SQL: alsogood.getCollection(material) [ RunTime:0.000026s ]
NOTIC: [8] Undefined index: model /Users/adnetsalso/Sites/ad/ThinkPHP/Lib/Driver/Db/DbMongo.class.php 第 552 行.
SQL: alsogood.material.find({"site":{"$id":"509a04be96838cb770a61bd2"},"state":1}).count() [ RunTime:0.000438s ]

[ 2012-12-10T15:02:14+08:00 ] 127.0.0.1 /ad/material/cnt
INFO: [ route_check ] --START--
INFO: Run CheckRoute Behavior [ RunTime:0.000086s ]
INFO: [ route_check ] --END-- [ RunTime:0.000161s ]
INFO: [ app_begin ] --START--
INFO: Run ReadHtmlCache Behavior [ RunTime:-0.000300s ]
INFO: [ app_begin ] --END-- [ RunTime:0.000146s ]
SQL: alsogood.getCollection(material) [ RunTime:0.000027s ]
NOTIC: [8] Undefined index: model /Users/adnetsalso/Sites/ad/ThinkPHP/Lib/Driver/Db/DbMongo.class.php 第 552 行.
SQL: alsogood.material.find({"site":{"$id":"509a04be96838cb770a61bd2"},"state":1}).count() [ RunTime:0.000335s ]

[ 2012-12-10T15:02:14+08:00 ] 127.0.0.1 /ad/material/lst/1
INFO: [ route_check ] --START--
INFO: Run CheckRoute Behavior [ RunTime:0.000067s ]
INFO: [ route_check ] --END-- [ RunTime:0.000116s ]
INFO: [ app_begin ] --START--
INFO: Run ReadHtmlCache Behavior [ RunTime:-0.000213s ]
INFO: [ app_begin ] --END-- [ RunTime:0.000148s ]
SQL: alsogood.getCollection(material) [ RunTime:0.000028s ]
NOTIC: [8] Undefined index: field /Users/adnetsalso/Sites/ad/ThinkPHP/Lib/Driver/Db/DbMongo.class.php 第 436 行.
SQL: alsogood.material.find({"site":{"$id":"509a04be96838cb770a61bd2"},"state":1}).sort({"_id":-1}).limit(5) [ RunTime:0.000082s ]

[ 2012-12-10T15:02:27+08:00 ] 127.0.0.1 /ad/material/upload/
INFO: [ route_check ] --START--
INFO: Run CheckRoute Behavior [ RunTime:0.000069s ]
INFO: [ route_check ] --END-- [ RunTime:0.000127s ]
INFO: [ app_begin ] --START--
INFO: Run ReadHtmlCache Behavior [ RunTime:-0.000320s ]
INFO: [ app_begin ] --END-- [ RunTime:0.000148s ]
NOTIC: [2] strlen() expects parameter 1 to be string, resource given /Users/adnetsalso/Sites/ad/Lib/Action/UpyunAction.class.php 第 81 行.

[ 2012-12-10T15:02:33+08:00 ] 127.0.0.1 /ad/material/deload
INFO: [ route_check ] --START--
INFO: Run CheckRoute Behavior [ RunTime:0.000061s ]
INFO: [ route_check ] --END-- [ RunTime:0.000112s ]
INFO: [ app_begin ] --START--
INFO: Run ReadHtmlCache Behavior [ RunTime:-0.000196s ]
INFO: [ app_begin ] --END-- [ RunTime:0.000087s ]

[ 2012-12-10T15:03:58+08:00 ] 127.0.0.1 /ad/material/deload
INFO: [ route_check ] --START--
INFO: Run CheckRoute Behavior [ RunTime:0.000089s ]
INFO: [ route_check ] --END-- [ RunTime:0.000163s ]
INFO: [ app_begin ] --START--
INFO: Run ReadHtmlCache Behavior [ RunTime:-0.000288s ]
INFO: [ app_begin ] --END-- [ RunTime:0.000132s ]

[ 2012-12-10T15:04:16+08:00 ] 127.0.0.1 /ad/material/deload
INFO: [ route_check ] --START--
INFO: Run CheckRoute Behavior [ RunTime:0.000079s ]
INFO: [ route_check ] --END-- [ RunTime:0.000147s ]
INFO: [ app_begin ] --START--
INFO: Run ReadHtmlCache Behavior [ RunTime:-0.000246s ]
INFO: [ app_begin ] --END-- [ RunTime:0.000117s ]

[ 2012-12-10T15:05:11+08:00 ] 127.0.0.1 /ad/material/deload
INFO: [ route_check ] --START--
INFO: Run CheckRoute Behavior [ RunTime:0.000088s ]
INFO: [ route_check ] --END-- [ RunTime:0.000162s ]
INFO: [ app_begin ] --START--
INFO: Run ReadHtmlCache Behavior [ RunTime:-0.000314s ]
INFO: [ app_begin ] --END-- [ RunTime:0.000140s ]

[ 2012-12-10T15:08:13+08:00 ] 127.0.0.1 /ad/material/deload
INFO: [ route_check ] --START--
INFO: Run CheckRoute Behavior [ RunTime:0.000175s ]
INFO: [ route_check ] --END-- [ RunTime:0.000323s ]
INFO: [ app_begin ] --START--
INFO: Run ReadHtmlCache Behavior [ RunTime:-0.000619s ]
INFO: [ app_begin ] --END-- [ RunTime:0.000290s ]

[ 2012-12-10T15:09:11+08:00 ] 127.0.0.1 /ad/material/deload
INFO: [ route_check ] --START--
INFO: Run CheckRoute Behavior [ RunTime:0.000112s ]
INFO: [ route_check ] --END-- [ RunTime:0.000193s ]
INFO: [ app_begin ] --START--
INFO: Run ReadHtmlCache Behavior [ RunTime:-0.000289s ]
INFO: [ app_begin ] --END-- [ RunTime:0.000132s ]

[ 2012-12-10T15:14:50+08:00 ] 127.0.0.1 /ad/material/deload
INFO: [ route_check ] --START--
INFO: Run CheckRoute Behavior [ RunTime:0.000093s ]
INFO: [ route_check ] --END-- [ RunTime:0.000169s ]
INFO: [ app_begin ] --START--
INFO: Run ReadHtmlCache Behavior [ RunTime:-0.000293s ]
INFO: [ app_begin ] --END-- [ RunTime:0.000137s ]

[ 2012-12-10T15:20:23+08:00 ] 127.0.0.1 /ad/material/index
INFO: [ route_check ] --START--
INFO: Run CheckRoute Behavior [ RunTime:0.000078s ]
INFO: [ route_check ] --END-- [ RunTime:0.000130s ]
INFO: [ app_begin ] --START--
INFO: Run ReadHtmlCache Behavior [ RunTime:-0.000218s ]
INFO: [ app_begin ] --END-- [ RunTime:0.000096s ]
INFO: [ view_template ] --START--
INFO: Run LocationTemplate Behavior [ RunTime:-0.000610s ]
INFO: [ view_template ] --END-- [ RunTime:0.000085s ]
INFO: [ view_parse ] --START--
NOTIC: [8] Use of undefined constant loca - assumed 'loca' /Users/adnetsalso/Sites/ad/Runtime/Cache/387af992d86f6f54ef27a1ec78648937.php 第 23 行.
NOTIC: [8] Use of undefined constant mater - assumed 'mater' /Users/adnetsalso/Sites/ad/Runtime/Cache/387af992d86f6f54ef27a1ec78648937.php 第 31 行.
INFO: Run ParseTemplate Behavior [ RunTime:-0.000723s ]
INFO: [ view_parse ] --END-- [ RunTime:0.003335s ]
INFO: [ view_filter ] --START--
INFO: Run ContentReplace Behavior [ RunTime:-0.004085s ]
INFO: Run TokenBuild Behavior [ RunTime:-0.004239s ]
INFO: Run WriteHtmlCache Behavior [ RunTime:-0.004318s ]
INFO: Run ShowRuntime Behavior [ RunTime:-0.004369s ]
INFO: [ view_filter ] --END-- [ RunTime:0.000416s ]
INFO: [ view_end ] --START--
INFO: Run ShowPageTrace Behavior [ RunTime:-0.004579s ]
INFO: [ view_end ] --END-- [ RunTime:0.000113s ]

[ 2012-12-10T15:20:23+08:00 ] 127.0.0.1 /ad/material/cnt
INFO: [ route_check ] --START--
INFO: Run CheckRoute Behavior [ RunTime:0.000111s ]
INFO: [ route_check ] --END-- [ RunTime:0.000195s ]
INFO: [ app_begin ] --START--
INFO: Run ReadHtmlCache Behavior [ RunTime:-0.000326s ]
INFO: [ app_begin ] --END-- [ RunTime:0.000170s ]
SQL: alsogood.getCollection(material) [ RunTime:0.000029s ]
NOTIC: [8] Undefined index: model /Users/adnetsalso/Sites/ad/ThinkPHP/Lib/Driver/Db/DbMongo.class.php 第 552 行.
SQL: alsogood.material.find({"site":{"$id":"509a04be96838cb770a61bd2"},"state":1}).count() [ RunTime:0.000533s ]

[ 2012-12-10T15:20:23+08:00 ] 127.0.0.1 /ad/material/cnt
INFO: [ route_check ] --START--
INFO: Run CheckRoute Behavior [ RunTime:0.000106s ]
INFO: [ route_check ] --END-- [ RunTime:0.000173s ]
INFO: [ app_begin ] --START--
INFO: Run ReadHtmlCache Behavior [ RunTime:-0.000265s ]
INFO: [ app_begin ] --END-- [ RunTime:0.000128s ]
SQL: alsogood.getCollection(material) [ RunTime:0.000027s ]
NOTIC: [8] Undefined index: model /Users/adnetsalso/Sites/ad/ThinkPHP/Lib/Driver/Db/DbMongo.class.php 第 552 行.
SQL: alsogood.material.find({"site":{"$id":"509a04be96838cb770a61bd2"},"state":1}).count() [ RunTime:0.000289s ]

[ 2012-12-10T15:20:23+08:00 ] 127.0.0.1 /ad/material/lst/1
INFO: [ route_check ] --START--
INFO: Run CheckRoute Behavior [ RunTime:0.000071s ]
INFO: [ route_check ] --END-- [ RunTime:0.000131s ]
INFO: [ app_begin ] --START--
INFO: Run ReadHtmlCache Behavior [ RunTime:-0.000232s ]
INFO: [ app_begin ] --END-- [ RunTime:0.000103s ]
SQL: alsogood.getCollection(material) [ RunTime:0.000025s ]
NOTIC: [8] Undefined index: field /Users/adnetsalso/Sites/ad/ThinkPHP/Lib/Driver/Db/DbMongo.class.php 第 436 行.
SQL: alsogood.material.find({"site":{"$id":"509a04be96838cb770a61bd2"},"state":1}).sort({"_id":-1}).limit(5) [ RunTime:0.000090s ]

[ 2012-12-10T15:20:35+08:00 ] 127.0.0.1 /ad/material/upload/
INFO: [ route_check ] --START--
INFO: Run CheckRoute Behavior [ RunTime:0.000107s ]
INFO: [ route_check ] --END-- [ RunTime:0.000182s ]
INFO: [ app_begin ] --START--
INFO: Run ReadHtmlCache Behavior [ RunTime:-0.000280s ]
INFO: [ app_begin ] --END-- [ RunTime:0.000103s ]
NOTIC: [2] strlen() expects parameter 1 to be string, resource given /Users/adnetsalso/Sites/ad/Lib/Action/UpyunAction.class.php 第 81 行.

[ 2012-12-10T15:21:30+08:00 ] 127.0.0.1 /ad/material/deload
INFO: [ route_check ] --START--
INFO: Run CheckRoute Behavior [ RunTime:0.000091s ]
INFO: [ route_check ] --END-- [ RunTime:0.000166s ]
INFO: [ app_begin ] --START--
INFO: Run ReadHtmlCache Behavior [ RunTime:-0.000293s ]
INFO: [ app_begin ] --END-- [ RunTime:0.000135s ]

[ 2012-12-10T15:21:33+08:00 ] 127.0.0.1 /ad/material/deload
INFO: [ route_check ] --START--
INFO: Run CheckRoute Behavior [ RunTime:0.000075s ]
INFO: [ route_check ] --END-- [ RunTime:0.000138s ]
INFO: [ app_begin ] --START--
INFO: Run ReadHtmlCache Behavior [ RunTime:-0.000216s ]
INFO: [ app_begin ] --END-- [ RunTime:0.000110s ]

[ 2012-12-10T15:21:57+08:00 ] 127.0.0.1 /ad/material/upload/
INFO: [ route_check ] --START--
INFO: Run CheckRoute Behavior [ RunTime:0.000116s ]
INFO: [ route_check ] --END-- [ RunTime:0.000202s ]
INFO: [ app_begin ] --START--
INFO: Run ReadHtmlCache Behavior [ RunTime:-0.000410s ]
INFO: [ app_begin ] --END-- [ RunTime:0.000189s ]
NOTIC: [2] strlen() expects parameter 1 to be string, resource given /Users/adnetsalso/Sites/ad/Lib/Action/UpyunAction.class.php 第 81 行.

[ 2012-12-10T15:22:13+08:00 ] 127.0.0.1 /ad/material/deload
INFO: [ route_check ] --START--
INFO: Run CheckRoute Behavior [ RunTime:0.000101s ]
INFO: [ route_check ] --END-- [ RunTime:0.000182s ]
INFO: [ app_begin ] --START--
INFO: Run ReadHtmlCache Behavior [ RunTime:-0.000393s ]
INFO: [ app_begin ] --END-- [ RunTime:0.000162s ]

[ 2012-12-10T15:43:06+08:00 ] 127.0.0.1 /ad/material/deload/509a041296838cb770a61bd0/a89b59e17c7512b49cc312d20aaf965e/jpg
INFO: [ route_check ] --START--
INFO: Run CheckRoute Behavior [ RunTime:0.000099s ]
INFO: [ route_check ] --END-- [ RunTime:0.000170s ]
INFO: [ app_begin ] --START--
INFO: Run ReadHtmlCache Behavior [ RunTime:-0.000389s ]
INFO: [ app_begin ] --END-- [ RunTime:0.000131s ]

[ 2012-12-10T15:53:50+08:00 ] 127.0.0.1 /ad/material/deload/509a041296838cb770a61bd0/a89b59e17c7512b49cc312d20aaf965e/jpg
INFO: [ route_check ] --START--
INFO: Run CheckRoute Behavior [ RunTime:0.000075s ]
INFO: [ route_check ] --END-- [ RunTime:0.000130s ]
INFO: [ app_begin ] --START--
INFO: Run ReadHtmlCache Behavior [ RunTime:-0.000279s ]
INFO: [ app_begin ] --END-- [ RunTime:0.000111s ]

[ 2012-12-10T15:53:57+08:00 ] 127.0.0.1 /ad/material/deload
INFO: [ route_check ] --START--
INFO: Run CheckRoute Behavior [ RunTime:0.000078s ]
INFO: [ route_check ] --END-- [ RunTime:0.000142s ]
INFO: [ app_begin ] --START--
INFO: Run ReadHtmlCache Behavior [ RunTime:-0.000366s ]
INFO: [ app_begin ] --END-- [ RunTime:0.000144s ]

[ 2012-12-10T15:53:58+08:00 ] 127.0.0.1 /ad/material/deload/509a041296838cb770a61bd0/a89b59e17c7512b49cc312d20aaf965e/jpg
INFO: [ route_check ] --START--
INFO: Run CheckRoute Behavior [ RunTime:0.000088s ]
INFO: [ route_check ] --END-- [ RunTime:0.000195s ]
INFO: [ app_begin ] --START--
INFO: Run ReadHtmlCache Behavior [ RunTime:-0.000482s ]
INFO: [ app_begin ] --END-- [ RunTime:0.000191s ]

[ 2012-12-10T15:54:09+08:00 ] 127.0.0.1 /ad/material/deload/509a041296838cb770a61bd0/a89b59e17c7512b49cc312d20aaf965e/jpg
INFO: [ route_check ] --START--
INFO: Run CheckRoute Behavior [ RunTime:0.000090s ]
INFO: [ route_check ] --END-- [ RunTime:0.000155s ]
INFO: [ app_begin ] --START--
INFO: Run ReadHtmlCache Behavior [ RunTime:-0.000366s ]
INFO: [ app_begin ] --END-- [ RunTime:0.000170s ]

[ 2012-12-10T15:54:23+08:00 ] 127.0.0.1 /ad/material/deload/509a041296838cb770a61bd0/a89b59e17c7512b49cc312d20aaf965e/jpg
INFO: [ route_check ] --START--
INFO: Run CheckRoute Behavior [ RunTime:0.000083s ]
INFO: [ route_check ] --END-- [ RunTime:0.000141s ]
INFO: [ app_begin ] --START--
INFO: Run ReadHtmlCache Behavior [ RunTime:-0.000283s ]
INFO: [ app_begin ] --END-- [ RunTime:0.000107s ]

[ 2012-12-10T15:54:46+08:00 ] 127.0.0.1 /ad/material/deload/509a041296838cb770a61bd0/a89b59e17c7512b49cc312d20aaf965e/jpg
INFO: [ route_check ] --START--
INFO: Run CheckRoute Behavior [ RunTime:0.000081s ]
INFO: [ route_check ] --END-- [ RunTime:0.000140s ]
INFO: [ app_begin ] --START--
INFO: Run ReadHtmlCache Behavior [ RunTime:-0.000305s ]
INFO: [ app_begin ] --END-- [ RunTime:0.000114s ]

[ 2012-12-10T15:55:09+08:00 ] 127.0.0.1 /ad/material/deload/509a041296838cb770a61bd0/a89b59e17c7512b49cc312d20aaf965e/jpg
INFO: [ route_check ] --START--
INFO: Run CheckRoute Behavior [ RunTime:0.000066s ]
INFO: [ route_check ] --END-- [ RunTime:0.000115s ]
INFO: [ app_begin ] --START--
INFO: Run ReadHtmlCache Behavior [ RunTime:-0.000265s ]
INFO: [ app_begin ] --END-- [ RunTime:0.000095s ]

[ 2012-12-10T15:57:36+08:00 ] 127.0.0.1 /ad/material/deload/509a041296838cb770a61bd0/a89b59e17c7512b49cc312d20aaf965e/jpg
INFO: [ route_check ] --START--
INFO: Run CheckRoute Behavior [ RunTime:0.000076s ]
INFO: [ route_check ] --END-- [ RunTime:0.000131s ]
INFO: [ app_begin ] --START--
INFO: Run ReadHtmlCache Behavior [ RunTime:-0.000305s ]
INFO: [ app_begin ] --END-- [ RunTime:0.000112s ]
NOTIC: [8] Undefined variable: file_str /Users/adnetsalso/Sites/ad/Lib/Action/MaterialAction.class.php 第 241 行.

[ 2012-12-10T15:57:51+08:00 ] 127.0.0.1 /ad/material/deload/509a041296838cb770a61bd0/a89b59e17c7512b49cc312d20aaf965e/jpg
INFO: [ route_check ] --START--
INFO: Run CheckRoute Behavior [ RunTime:0.000062s ]
INFO: [ route_check ] --END-- [ RunTime:0.000121s ]
INFO: [ app_begin ] --START--
INFO: Run ReadHtmlCache Behavior [ RunTime:-0.000282s ]
INFO: [ app_begin ] --END-- [ RunTime:0.000097s ]
NOTIC: [8] Undefined variable: file_str /Users/adnetsalso/Sites/ad/Lib/Action/MaterialAction.class.php 第 241 行.

[ 2012-12-10T15:58:33+08:00 ] 127.0.0.1 /ad/material/deload/509a041296838cb770a61bd0/a89b59e17c7512b49cc312d20aaf965e/jpg
INFO: [ route_check ] --START--
INFO: Run CheckRoute Behavior [ RunTime:0.000089s ]
INFO: [ route_check ] --END-- [ RunTime:0.000155s ]
INFO: [ app_begin ] --START--
INFO: Run ReadHtmlCache Behavior [ RunTime:-0.000333s ]
INFO: [ app_begin ] --END-- [ RunTime:0.000132s ]
NOTIC: [8] Undefined variable: file_str /Users/adnetsalso/Sites/ad/Lib/Action/MaterialAction.class.php 第 241 行.

[ 2012-12-10T15:58:34+08:00 ] 127.0.0.1 /ad/material/deload/509a041296838cb770a61bd0/a89b59e17c7512b49cc312d20aaf965e/jpg
INFO: [ route_check ] --START--
INFO: Run CheckRoute Behavior [ RunTime:0.000078s ]
INFO: [ route_check ] --END-- [ RunTime:0.000136s ]
INFO: [ app_begin ] --START--
INFO: Run ReadHtmlCache Behavior [ RunTime:-0.000264s ]
INFO: [ app_begin ] --END-- [ RunTime:0.000127s ]
NOTIC: [8] Undefined variable: file_str /Users/adnetsalso/Sites/ad/Lib/Action/MaterialAction.class.php 第 241 行.

[ 2012-12-10T15:58:43+08:00 ] 127.0.0.1 /ad/material/deload/509a041296838cb770a61bd0/a89b59e17c7512b49cc312d20aaf965e/jpg
INFO: [ route_check ] --START--
INFO: Run CheckRoute Behavior [ RunTime:0.000063s ]
INFO: [ route_check ] --END-- [ RunTime:0.000111s ]
INFO: [ app_begin ] --START--
INFO: Run ReadHtmlCache Behavior [ RunTime:-0.000253s ]
INFO: [ app_begin ] --END-- [ RunTime:0.000100s ]
NOTIC: [8] Undefined variable: file_str /Users/adnetsalso/Sites/ad/Lib/Action/MaterialAction.class.php 第 241 行.

[ 2012-12-10T16:00:33+08:00 ] 127.0.0.1 /ad/material/deload/509a041296838cb770a61bd0/a89b59e17c7512b49cc312d20aaf965e/jpg
INFO: [ route_check ] --START--
INFO: Run CheckRoute Behavior [ RunTime:0.000065s ]
INFO: [ route_check ] --END-- [ RunTime:0.000113s ]
INFO: [ app_begin ] --START--
INFO: Run ReadHtmlCache Behavior [ RunTime:-0.000240s ]
INFO: [ app_begin ] --END-- [ RunTime:0.000093s ]

[ 2012-12-10T16:00:51+08:00 ] 127.0.0.1 /ad/material/deload/509a041296838cb770a61bd0/a89b59e17c7512b49cc312d20aaf965e/jpg
INFO: [ route_check ] --START--
INFO: Run CheckRoute Behavior [ RunTime:0.000078s ]
INFO: [ route_check ] --END-- [ RunTime:0.000136s ]
INFO: [ app_begin ] --START--
INFO: Run ReadHtmlCache Behavior [ RunTime:-0.000285s ]
INFO: [ app_begin ] --END-- [ RunTime:0.000128s ]
NOTIC: [2] explode() expects parameter 2 to be string, array given /Users/adnetsalso/Sites/ad/Lib/Action/MaterialAction.class.php 第 240 行.

[ 2012-12-10T16:05:16+08:00 ] 127.0.0.1 /ad/material
INFO: [ route_check ] --START--
INFO: Run CheckRoute Behavior [ RunTime:0.000063s ]
INFO: [ route_check ] --END-- [ RunTime:0.000117s ]
INFO: [ app_begin ] --START--
INFO: Run ReadHtmlCache Behavior [ RunTime:-0.000202s ]
INFO: [ app_begin ] --END-- [ RunTime:0.000088s ]
SQL: alsogood.getCollection(material) [ RunTime:0.000016s ]

[ 2012-12-10T17:11:27+08:00 ] 127.0.0.1 /ad/material/inf/50c1c3d7f8894e54900a0000
INFO: [ route_check ] --START--
INFO: Run CheckRoute Behavior [ RunTime:0.000078s ]
INFO: [ route_check ] --END-- [ RunTime:0.000142s ]
INFO: [ app_begin ] --START--
INFO: Run ReadHtmlCache Behavior [ RunTime:-0.000243s ]
INFO: [ app_begin ] --END-- [ RunTime:0.000112s ]
SQL: alsogood.getCollection(material) [ RunTime:0.000026s ]
NOTIC: [8] Undefined index: model /Users/adnetsalso/Sites/ad/ThinkPHP/Lib/Driver/Db/DbMongo.class.php 第 513 行.
NOTIC: [8] Undefined index: field /Users/adnetsalso/Sites/ad/ThinkPHP/Lib/Driver/Db/DbMongo.class.php 第 516 行.
SQL: alsogood.material.findOne({"_id":{"$id":"50c1c3d7f8894e54900a0000"},"state":1}) [ RunTime:0.000338s ]

[ 2012-12-10T17:11:39+08:00 ] 127.0.0.1 /ad/material/inf/50c1c3d7f8894e54900a0000
INFO: [ route_check ] --START--
INFO: Run CheckRoute Behavior [ RunTime:0.000068s ]
INFO: [ route_check ] --END-- [ RunTime:0.000125s ]
INFO: [ app_begin ] --START--
INFO: Run ReadHtmlCache Behavior [ RunTime:-0.000258s ]
INFO: [ app_begin ] --END-- [ RunTime:0.000101s ]
SQL: alsogood.getCollection(material) [ RunTime:0.000018s ]
NOTIC: [8] Undefined index: model /Users/adnetsalso/Sites/ad/ThinkPHP/Lib/Driver/Db/DbMongo.class.php 第 513 行.
NOTIC: [8] Undefined index: field /Users/adnetsalso/Sites/ad/ThinkPHP/Lib/Driver/Db/DbMongo.class.php 第 516 行.
SQL: alsogood.material.findOne({"_id":{"$id":"50c1c3d7f8894e54900a0000"},"state":1}) [ RunTime:0.000428s ]

[ 2012-12-10T17:12:14+08:00 ] 127.0.0.1 /ad/material/lst
INFO: [ route_check ] --START--
INFO: Run CheckRoute Behavior [ RunTime:0.000100s ]
INFO: [ route_check ] --END-- [ RunTime:0.000185s ]
INFO: [ app_begin ] --START--
INFO: Run ReadHtmlCache Behavior [ RunTime:-0.000340s ]
INFO: [ app_begin ] --END-- [ RunTime:0.000149s ]
NOTIC: [8] Undefined offset: 2 /Users/adnetsalso/Sites/ad/Lib/Action/MaterialAction.class.php 第 29 行.
SQL: alsogood.getCollection(material) [ RunTime:0.000025s ]
NOTIC: [8] Undefined index: field /Users/adnetsalso/Sites/ad/ThinkPHP/Lib/Driver/Db/DbMongo.class.php 第 436 行.
SQL: alsogood.material.find({"site":{"$id":"509a04be96838cb770a61bd2"},"state":1}).sort({"_id":-1}).limit(5) [ RunTime:0.000075s ]

[ 2012-12-10T17:12:42+08:00 ] 127.0.0.1 /ad/material/inf/50c1c3d7f8894e54900a0000
INFO: [ route_check ] --START--
INFO: Run CheckRoute Behavior [ RunTime:0.000069s ]
INFO: [ route_check ] --END-- [ RunTime:0.000128s ]
INFO: [ app_begin ] --START--
INFO: Run ReadHtmlCache Behavior [ RunTime:-0.000218s ]
INFO: [ app_begin ] --END-- [ RunTime:0.000096s ]
SQL: alsogood.getCollection(material) [ RunTime:0.000018s ]
NOTIC: [8] Undefined index: model /Users/adnetsalso/Sites/ad/ThinkPHP/Lib/Driver/Db/DbMongo.class.php 第 513 行.
NOTIC: [8] Undefined index: field /Users/adnetsalso/Sites/ad/ThinkPHP/Lib/Driver/Db/DbMongo.class.php 第 516 行.
SQL: alsogood.material.findOne({"_id":{"$id":"50c1c3d7f8894e54900a0000"},"state":1}) [ RunTime:0.000376s ]

[ 2012-12-10T17:14:22+08:00 ] 127.0.0.1 /ad/material/inf/50c1c3d7f8894e54900a0000
INFO: [ route_check ] --START--
INFO: Run CheckRoute Behavior [ RunTime:0.000115s ]
INFO: [ route_check ] --END-- [ RunTime:0.000202s ]
INFO: [ app_begin ] --START--
INFO: Run ReadHtmlCache Behavior [ RunTime:-0.000370s ]
INFO: [ app_begin ] --END-- [ RunTime:0.000134s ]
SQL: alsogood.getCollection(material) [ RunTime:0.000021s ]
NOTIC: [8] Undefined index: model /Users/adnetsalso/Sites/ad/ThinkPHP/Lib/Driver/Db/DbMongo.class.php 第 513 行.
SQL: alsogood.material.findOne({"_id":{"$id":"50c1c3d7f8894e54900a0000"},"state":1},["site"]) [ RunTime:0.000355s ]

[ 2012-12-10T17:14:53+08:00 ] ERR: [4] syntax error, unexpected T_RETURN /Users/adnetsalso/Sites/ad/Lib/Model/MaterialModel.class.php 第 34 行.
[ 2012-12-10T17:14:53+08:00 ] 127.0.0.1 /ad/material/lst
INFO: [ route_check ] --START--
INFO: Run CheckRoute Behavior [ RunTime:0.000079s ]
INFO: [ route_check ] --END-- [ RunTime:0.000144s ]
INFO: [ app_begin ] --START--
INFO: Run ReadHtmlCache Behavior [ RunTime:-0.000254s ]
INFO: [ app_begin ] --END-- [ RunTime:0.000107s ]
NOTIC: [8] Undefined offset: 2 /Users/adnetsalso/Sites/ad/Lib/Action/MaterialAction.class.php 第 29 行.
NOTIC: [8] Undefined index: class /Users/adnetsalso/Sites/ad/ThinkPHP/Common/functions.php 第 39 行.
NOTIC: [8] Undefined index: type /Users/adnetsalso/Sites/ad/ThinkPHP/Common/functions.php 第 39 行.
NOTIC: [8] Undefined index: file /Users/adnetsalso/Sites/ad/ThinkPHP/Common/functions.php 第 38 行.
NOTIC: [8] Undefined index: line /Users/adnetsalso/Sites/ad/ThinkPHP/Common/functions.php 第 38 行.

[ 2012-12-10T17:15:00+08:00 ] 127.0.0.1 /ad/material/lst
INFO: [ route_check ] --START--
INFO: Run CheckRoute Behavior [ RunTime:0.000088s ]
INFO: [ route_check ] --END-- [ RunTime:0.000162s ]
INFO: [ app_begin ] --START--
INFO: Run ReadHtmlCache Behavior [ RunTime:-0.000303s ]
INFO: [ app_begin ] --END-- [ RunTime:0.000195s ]
NOTIC: [8] Undefined offset: 2 /Users/adnetsalso/Sites/ad/Lib/Action/MaterialAction.class.php 第 29 行.
SQL: alsogood.getCollection(material) [ RunTime:0.000030s ]
NOTIC: [8] Undefined index: field /Users/adnetsalso/Sites/ad/ThinkPHP/Lib/Driver/Db/DbMongo.class.php 第 436 行.
SQL: alsogood.material.find({"site":{"$id":"509a04be96838cb770a61bd2"},"state":1}).sort({"_id":-1}).limit(5) [ RunTime:0.000088s ]

[ 2012-12-10T17:15:40+08:00 ] 127.0.0.1 /ad/material/inf/50c1c3d7f8894e54900a0000
INFO: [ route_check ] --START--
INFO: Run CheckRoute Behavior [ RunTime:0.000075s ]
INFO: [ route_check ] --END-- [ RunTime:0.000132s ]
INFO: [ app_begin ] --START--
INFO: Run ReadHtmlCache Behavior [ RunTime:-0.000276s ]
INFO: [ app_begin ] --END-- [ RunTime:0.000110s ]
SQL: alsogood.getCollection(material) [ RunTime:0.000025s ]
NOTIC: [8] Undefined index: field /Users/adnetsalso/Sites/ad/ThinkPHP/Lib/Driver/Db/DbMongo.class.php 第 516 行.
SQL: alsogood.material.findOne({"_id":{"$id":"50c1c3d7f8894e54900a0000"},"state":1}) [ RunTime:0.000312s ]

[ 2012-12-10T17:16:42+08:00 ] ERR: [1] Call to undefined method MongoId::_toString() /Users/adnetsalso/Sites/ad/Lib/Model/MaterialModel.class.php 第 52 行.
[ 2012-12-10T17:17:48+08:00 ] 127.0.0.1 /ad/material/inf/50c1c3d7f8894e54900a0000
INFO: [ route_check ] --START--
INFO: Run CheckRoute Behavior [ RunTime:0.000065s ]
INFO: [ route_check ] --END-- [ RunTime:0.000113s ]
INFO: [ app_begin ] --START--
INFO: Run ReadHtmlCache Behavior [ RunTime:-0.000210s ]
INFO: [ app_begin ] --END-- [ RunTime:0.000094s ]
SQL: alsogood.getCollection(material) [ RunTime:0.000023s ]
NOTIC: [8] Undefined index: field /Users/adnetsalso/Sites/ad/ThinkPHP/Lib/Driver/Db/DbMongo.class.php 第 516 行.
SQL: alsogood.material.findOne({"_id":{"$id":"50c1c3d7f8894e54900a0000"},"state":1}) [ RunTime:0.000339s ]

[ 2012-12-10T17:18:13+08:00 ] 127.0.0.1 /ad/material/inf/50c1c3d7f8894e54900a0000
INFO: [ route_check ] --START--
INFO: Run CheckRoute Behavior [ RunTime:0.000077s ]
INFO: [ route_check ] --END-- [ RunTime:0.000134s ]
INFO: [ app_begin ] --START--
INFO: Run ReadHtmlCache Behavior [ RunTime:-0.000241s ]
INFO: [ app_begin ] --END-- [ RunTime:0.000108s ]
SQL: alsogood.getCollection(material) [ RunTime:0.000016s ]
NOTIC: [8] Undefined index: field /Users/adnetsalso/Sites/ad/ThinkPHP/Lib/Driver/Db/DbMongo.class.php 第 516 行.
SQL: alsogood.material.findOne({"_id":{"$id":"50c1c3d7f8894e54900a0000"},"state":1}) [ RunTime:0.000305s ]

[ 2012-12-10T17:21:45+08:00 ] 127.0.0.1 /ad/material/inf/50c1c3d7f8894e54900a0000
INFO: [ route_check ] --START--
INFO: Run CheckRoute Behavior [ RunTime:0.000091s ]
INFO: [ route_check ] --END-- [ RunTime:0.000162s ]
INFO: [ app_begin ] --START--
INFO: Run ReadHtmlCache Behavior [ RunTime:-0.000392s ]
INFO: [ app_begin ] --END-- [ RunTime:0.000179s ]
SQL: alsogood.getCollection(material) [ RunTime:0.000026s ]
NOTIC: [8] Undefined index: field /Users/adnetsalso/Sites/ad/ThinkPHP/Lib/Driver/Db/DbMongo.class.php 第 516 行.
SQL: alsogood.material.findOne({"_id":{"$id":"50c1c3d7f8894e54900a0000"},"state":1}) [ RunTime:0.000312s ]

[ 2012-12-10T17:21:57+08:00 ] 127.0.0.1 /ad/material
INFO: [ route_check ] --START--
INFO: Run CheckRoute Behavior [ RunTime:0.000108s ]
INFO: [ route_check ] --END-- [ RunTime:0.000202s ]
INFO: [ app_begin ] --START--
INFO: Run ReadHtmlCache Behavior [ RunTime:-0.000371s ]
INFO: [ app_begin ] --END-- [ RunTime:0.000177s ]
SQL: alsogood.getCollection(material) [ RunTime:0.000016s ]

[ 2012-12-10T18:11:30+08:00 ] 127.0.0.1 /ad/material
INFO: [ route_check ] --START--
INFO: Run CheckRoute Behavior [ RunTime:0.000112s ]
INFO: [ route_check ] --END-- [ RunTime:0.000204s ]
INFO: [ app_begin ] --START--
INFO: Run ReadHtmlCache Behavior [ RunTime:-0.000358s ]
INFO: [ app_begin ] --END-- [ RunTime:0.000168s ]
SQL: alsogood.getCollection(material) [ RunTime:0.000019s ]

[ 2012-12-10T18:11:31+08:00 ] 127.0.0.1 /ad/material
INFO: [ route_check ] --START--
INFO: Run CheckRoute Behavior [ RunTime:0.000074s ]
INFO: [ route_check ] --END-- [ RunTime:0.000138s ]
INFO: [ app_begin ] --START--
INFO: Run ReadHtmlCache Behavior [ RunTime:-0.000216s ]
INFO: [ app_begin ] --END-- [ RunTime:0.000127s ]
SQL: alsogood.getCollection(material) [ RunTime:0.000017s ]

[ 2012-12-10T18:11:54+08:00 ] 127.0.0.1 /ad/material
INFO: [ route_check ] --START--
INFO: Run CheckRoute Behavior [ RunTime:0.000083s ]
INFO: [ route_check ] --END-- [ RunTime:0.000150s ]
INFO: [ app_begin ] --START--
INFO: Run ReadHtmlCache Behavior [ RunTime:-0.000245s ]
INFO: [ app_begin ] --END-- [ RunTime:0.000111s ]
SQL: alsogood.getCollection(material) [ RunTime:0.000024s ]

[ 2012-12-10T18:11:55+08:00 ] 127.0.0.1 /ad/material
INFO: [ route_check ] --START--
INFO: Run CheckRoute Behavior [ RunTime:0.000089s ]
INFO: [ route_check ] --END-- [ RunTime:0.000171s ]
INFO: [ app_begin ] --START--
INFO: Run ReadHtmlCache Behavior [ RunTime:-0.000263s ]
INFO: [ app_begin ] --END-- [ RunTime:0.000113s ]
SQL: alsogood.getCollection(material) [ RunTime:0.000018s ]

[ 2012-12-10T18:18:21+08:00 ] 127.0.0.1 /ad/material
INFO: [ route_check ] --START--
INFO: Run CheckRoute Behavior [ RunTime:0.000112s ]
INFO: [ route_check ] --END-- [ RunTime:0.000202s ]
INFO: [ app_begin ] --START--
INFO: Run ReadHtmlCache Behavior [ RunTime:-0.000374s ]
INFO: [ app_begin ] --END-- [ RunTime:0.000131s ]
SQL: alsogood.getCollection(material) [ RunTime:0.000019s ]

[ 2012-12-10T18:19:58+08:00 ] 127.0.0.1 /ad/material
INFO: [ route_check ] --START--
INFO: Run CheckRoute Behavior [ RunTime:0.000061s ]
INFO: [ route_check ] --END-- [ RunTime:0.000113s ]
INFO: [ app_begin ] --START--
INFO: Run ReadHtmlCache Behavior [ RunTime:-0.000200s ]
INFO: [ app_begin ] --END-- [ RunTime:0.000089s ]
SQL: alsogood.getCollection(material) [ RunTime:0.000018s ]

[ 2012-12-10T18:22:06+08:00 ] 127.0.0.1 /ad/material
INFO: [ route_check ] --START--
INFO: Run CheckRoute Behavior [ RunTime:0.000116s ]
INFO: [ route_check ] --END-- [ RunTime:0.000209s ]
INFO: [ app_begin ] --START--
INFO: Run ReadHtmlCache Behavior [ RunTime:-0.000360s ]
INFO: [ app_begin ] --END-- [ RunTime:0.000172s ]
SQL: alsogood.getCollection(material) [ RunTime:0.000020s ]

[ 2012-12-10T18:22:10+08:00 ] 127.0.0.1 /ad/material
INFO: [ route_check ] --START--
INFO: Run CheckRoute Behavior [ RunTime:0.000098s ]
INFO: [ route_check ] --END-- [ RunTime:0.000179s ]
INFO: [ app_begin ] --START--
INFO: Run ReadHtmlCache Behavior [ RunTime:-0.000293s ]
INFO: [ app_begin ] --END-- [ RunTime:0.000144s ]
SQL: alsogood.getCollection(material) [ RunTime:0.000029s ]

[ 2012-12-10T18:24:54+08:00 ] 127.0.0.1 /ad/material
INFO: [ route_check ] --START--
INFO: Run CheckRoute Behavior [ RunTime:0.000066s ]
INFO: [ route_check ] --END-- [ RunTime:0.000121s ]
INFO: [ app_begin ] --START--
INFO: Run ReadHtmlCache Behavior [ RunTime:-0.000213s ]
INFO: [ app_begin ] --END-- [ RunTime:0.000094s ]
SQL: alsogood.getCollection(material) [ RunTime:0.000026s ]

[ 2012-12-10T18:25:19+08:00 ] 127.0.0.1 /ad/material
INFO: [ route_check ] --START--
INFO: Run CheckRoute Behavior [ RunTime:0.000075s ]
INFO: [ route_check ] --END-- [ RunTime:0.000137s ]
INFO: [ app_begin ] --START--
INFO: Run ReadHtmlCache Behavior [ RunTime:-0.000240s ]
INFO: [ app_begin ] --END-- [ RunTime:0.000108s ]
SQL: alsogood.getCollection(material) [ RunTime:0.000016s ]

[ 2012-12-10T18:25:49+08:00 ] 127.0.0.1 /ad/material
INFO: [ route_check ] --START--
INFO: Run CheckRoute Behavior [ RunTime:0.000089s ]
INFO: [ route_check ] --END-- [ RunTime:0.000170s ]
INFO: [ app_begin ] --START--
INFO: Run ReadHtmlCache Behavior [ RunTime:-0.000245s ]
INFO: [ app_begin ] --END-- [ RunTime:0.000109s ]
SQL: alsogood.getCollection(material) [ RunTime:0.000026s ]

[ 2012-12-10T18:26:24+08:00 ] 127.0.0.1 /ad/material
INFO: [ route_check ] --START--
INFO: Run CheckRoute Behavior [ RunTime:0.000065s ]
INFO: [ route_check ] --END-- [ RunTime:0.000121s ]
INFO: [ app_begin ] --START--
INFO: Run ReadHtmlCache Behavior [ RunTime:-0.000213s ]
INFO: [ app_begin ] --END-- [ RunTime:0.000094s ]
SQL: alsogood.getCollection(material) [ RunTime:0.000024s ]
NOTIC: [8] Undefined index: class /Users/adnetsalso/Sites/ad/ThinkPHP/Common/functions.php 第 39 行.
NOTIC: [8] Undefined index: type /Users/adnetsalso/Sites/ad/ThinkPHP/Common/functions.php 第 39 行.
NOTIC: [8] Undefined index: file /Users/adnetsalso/Sites/ad/ThinkPHP/Common/functions.php 第 38 行.
NOTIC: [8] Undefined index: line /Users/adnetsalso/Sites/ad/ThinkPHP/Common/functions.php 第 38 行.

[ 2012-12-10T18:26:38+08:00 ] 127.0.0.1 /ad/material
INFO: [ route_check ] --START--
INFO: Run CheckRoute Behavior [ RunTime:0.000148s ]
INFO: [ route_check ] --END-- [ RunTime:0.000262s ]
INFO: [ app_begin ] --START--
INFO: Run ReadHtmlCache Behavior [ RunTime:-0.000490s ]
INFO: [ app_begin ] --END-- [ RunTime:0.000195s ]
SQL: alsogood.getCollection(material) [ RunTime:0.000023s ]

[ 2012-12-10T18:26:54+08:00 ] 127.0.0.1 /ad/material
INFO: [ route_check ] --START--
INFO: Run CheckRoute Behavior [ RunTime:0.000074s ]
INFO: [ route_check ] --END-- [ RunTime:0.000128s ]
INFO: [ app_begin ] --START--
INFO: Run ReadHtmlCache Behavior [ RunTime:-0.000224s ]
INFO: [ app_begin ] --END-- [ RunTime:0.000088s ]
SQL: alsogood.getCollection(material) [ RunTime:0.000024s ]

[ 2012-12-10T18:27:23+08:00 ] 127.0.0.1 /ad/material
INFO: [ route_check ] --START--
INFO: Run CheckRoute Behavior [ RunTime:0.000079s ]
INFO: [ route_check ] --END-- [ RunTime:0.000145s ]
INFO: [ app_begin ] --START--
INFO: Run ReadHtmlCache Behavior [ RunTime:-0.000246s ]
INFO: [ app_begin ] --END-- [ RunTime:0.000110s ]
SQL: alsogood.getCollection(material) [ RunTime:0.000018s ]

[ 2012-12-10T18:27:42+08:00 ] 127.0.0.1 /ad/material
INFO: [ route_check ] --START--
INFO: Run CheckRoute Behavior [ RunTime:0.000061s ]
INFO: [ route_check ] --END-- [ RunTime:0.000112s ]
INFO: [ app_begin ] --START--
INFO: Run ReadHtmlCache Behavior [ RunTime:-0.000204s ]
INFO: [ app_begin ] --END-- [ RunTime:0.000095s ]
SQL: alsogood.getCollection(material) [ RunTime:0.000017s ]

[ 2012-12-10T18:27:50+08:00 ] 127.0.0.1 /ad/material
INFO: [ route_check ] --START--
INFO: Run CheckRoute Behavior [ RunTime:0.000061s ]
INFO: [ route_check ] --END-- [ RunTime:0.000113s ]
INFO: [ app_begin ] --START--
INFO: Run ReadHtmlCache Behavior [ RunTime:-0.000195s ]
INFO: [ app_begin ] --END-- [ RunTime:0.000085s ]
SQL: alsogood.getCollection(material) [ RunTime:0.000018s ]

[ 2012-12-10T18:28:18+08:00 ] 127.0.0.1 /ad/material
INFO: [ route_check ] --START--
INFO: Run CheckRoute Behavior [ RunTime:0.000109s ]
INFO: [ route_check ] --END-- [ RunTime:0.000188s ]
INFO: [ app_begin ] --START--
INFO: Run ReadHtmlCache Behavior [ RunTime:-0.000259s ]
INFO: [ app_begin ] --END-- [ RunTime:0.000123s ]
SQL: alsogood.getCollection(material) [ RunTime:0.000024s ]

[ 2012-12-10T18:28:25+08:00 ] 127.0.0.1 /ad/material
INFO: [ route_check ] --START--
INFO: Run CheckRoute Behavior [ RunTime:0.000113s ]
INFO: [ route_check ] --END-- [ RunTime:0.000206s ]
INFO: [ app_begin ] --START--
INFO: Run ReadHtmlCache Behavior [ RunTime:-0.000378s ]
INFO: [ app_begin ] --END-- [ RunTime:0.000168s ]
SQL: alsogood.getCollection(material) [ RunTime:0.000017s ]

[ 2012-12-10T18:30:33+08:00 ] 127.0.0.1 /ad/material
INFO: [ route_check ] --START--
INFO: Run CheckRoute Behavior [ RunTime:0.000081s ]
INFO: [ route_check ] --END-- [ RunTime:0.000151s ]
INFO: [ app_begin ] --START--
INFO: Run ReadHtmlCache Behavior [ RunTime:-0.000310s ]
INFO: [ app_begin ] --END-- [ RunTime:0.000113s ]
SQL: alsogood.getCollection(material) [ RunTime:0.000017s ]

[ 2012-12-10T18:30:41+08:00 ] 127.0.0.1 /ad/material
INFO: [ route_check ] --START--
INFO: Run CheckRoute Behavior [ RunTime:0.000092s ]
INFO: [ route_check ] --END-- [ RunTime:0.000165s ]
INFO: [ app_begin ] --START--
INFO: Run ReadHtmlCache Behavior [ RunTime:-0.000309s ]
INFO: [ app_begin ] --END-- [ RunTime:0.000155s ]
SQL: alsogood.getCollection(material) [ RunTime:0.000024s ]

[ 2012-12-10T18:33:53+08:00 ] 127.0.0.1 /ad/material/size
INFO: [ route_check ] --START--
INFO: Run CheckRoute Behavior [ RunTime:0.000110s ]
INFO: [ route_check ] --END-- [ RunTime:0.000204s ]
INFO: [ app_begin ] --START--
INFO: Run ReadHtmlCache Behavior [ RunTime:-0.000361s ]
INFO: [ app_begin ] --END-- [ RunTime:0.000166s ]
SQL: alsogood.getCollection(material) [ RunTime:0.000023s ]

[ 2012-12-10T18:34:23+08:00 ] 127.0.0.1 /ad/material/size
INFO: [ route_check ] --START--
INFO: Run CheckRoute Behavior [ RunTime:0.000094s ]
INFO: [ route_check ] --END-- [ RunTime:0.000172s ]
INFO: [ app_begin ] --START--
INFO: Run ReadHtmlCache Behavior [ RunTime:-0.000294s ]
INFO: [ app_begin ] --END-- [ RunTime:0.000134s ]
SQL: alsogood.getCollection(material) [ RunTime:0.000016s ]

[ 2012-12-10T18:34:30+08:00 ] 127.0.0.1 /ad/material/size
INFO: [ route_check ] --START--
INFO: Run CheckRoute Behavior [ RunTime:0.000088s ]
INFO: [ route_check ] --END-- [ RunTime:0.000163s ]
INFO: [ app_begin ] --START--
INFO: Run ReadHtmlCache Behavior [ RunTime:-0.000286s ]
INFO: [ app_begin ] --END-- [ RunTime:0.000132s ]
SQL: alsogood.getCollection(material) [ RunTime:0.000028s ]

[ 2012-12-10T18:37:37+08:00 ] 127.0.0.1 /ad/material/size
INFO: [ route_check ] --START--
INFO: Run CheckRoute Behavior [ RunTime:0.000110s ]
INFO: [ route_check ] --END-- [ RunTime:0.000201s ]
INFO: [ app_begin ] --START--
INFO: Run ReadHtmlCache Behavior [ RunTime:-0.000340s ]
INFO: [ app_begin ] --END-- [ RunTime:0.000133s ]
SQL: alsogood.getCollection(material) [ RunTime:0.000026s ]

[ 2012-12-10T18:37:51+08:00 ] 127.0.0.1 /ad/material/size
INFO: [ route_check ] --START--
INFO: Run CheckRoute Behavior [ RunTime:0.000062s ]
INFO: [ route_check ] --END-- [ RunTime:0.000114s ]
INFO: [ app_begin ] --START--
INFO: Run ReadHtmlCache Behavior [ RunTime:-0.000196s ]
INFO: [ app_begin ] --END-- [ RunTime:0.000088s ]
SQL: alsogood.getCollection(material) [ RunTime:0.000018s ]

[ 2012-12-10T18:38:13+08:00 ] 127.0.0.1 /ad/material/size
INFO: [ route_check ] --START--
INFO: Run CheckRoute Behavior [ RunTime:0.000088s ]
INFO: [ route_check ] --END-- [ RunTime:0.000157s ]
INFO: [ app_begin ] --START--
INFO: Run ReadHtmlCache Behavior [ RunTime:-0.000328s ]
INFO: [ app_begin ] --END-- [ RunTime:0.000148s ]
SQL: alsogood.getCollection(material) [ RunTime:0.000019s ]

[ 2012-12-10T18:38:48+08:00 ] 127.0.0.1 /ad/material/size
INFO: [ route_check ] --START--
INFO: Run CheckRoute Behavior [ RunTime:0.000062s ]
INFO: [ route_check ] --END-- [ RunTime:0.000115s ]
INFO: [ app_begin ] --START--
INFO: Run ReadHtmlCache Behavior [ RunTime:-0.000260s ]
INFO: [ app_begin ] --END-- [ RunTime:0.000096s ]
SQL: alsogood.getCollection(material) [ RunTime:0.000017s ]

[ 2012-12-10T18:39:05+08:00 ] 127.0.0.1 /ad/material/size
INFO: [ route_check ] --START--
INFO: Run CheckRoute Behavior [ RunTime:0.000074s ]
INFO: [ route_check ] --END-- [ RunTime:0.000136s ]
INFO: [ app_begin ] --START--
INFO: Run ReadHtmlCache Behavior [ RunTime:-0.000243s ]
INFO: [ app_begin ] --END-- [ RunTime:0.000110s ]
SQL: alsogood.getCollection(material) [ RunTime:0.000023s ]

[ 2012-12-10T18:39:07+08:00 ] 127.0.0.1 /ad/material/size
INFO: [ route_check ] --START--
INFO: Run CheckRoute Behavior [ RunTime:0.000074s ]
INFO: [ route_check ] --END-- [ RunTime:0.000137s ]
INFO: [ app_begin ] --START--
INFO: Run ReadHtmlCache Behavior [ RunTime:-0.000214s ]
INFO: [ app_begin ] --END-- [ RunTime:0.000110s ]
SQL: alsogood.getCollection(material) [ RunTime:0.000019s ]

[ 2012-12-10T18:39:27+08:00 ] 127.0.0.1 /ad/material/size
INFO: [ route_check ] --START--
INFO: Run CheckRoute Behavior [ RunTime:0.000075s ]
INFO: [ route_check ] --END-- [ RunTime:0.000138s ]
INFO: [ app_begin ] --START--
INFO: Run ReadHtmlCache Behavior [ RunTime:-0.000240s ]
INFO: [ app_begin ] --END-- [ RunTime:0.000109s ]
SQL: alsogood.getCollection(material) [ RunTime:0.000018s ]

[ 2012-12-10T18:48:14+08:00 ] 127.0.0.1 /ad/material
INFO: [ route_check ] --START--
INFO: Run CheckRoute Behavior [ RunTime:0.000062s ]
INFO: [ route_check ] --END-- [ RunTime:0.000113s ]
INFO: [ app_begin ] --START--
INFO: Run ReadHtmlCache Behavior [ RunTime:-0.000198s ]
INFO: [ app_begin ] --END-- [ RunTime:0.000089s ]
INFO: [ view_template ] --START--
INFO: Run LocationTemplate Behavior [ RunTime:-0.003301s ]
INFO: [ view_template ] --END-- [ RunTime:0.000169s ]
INFO: [ view_parse ] --START--
NOTIC: [8] Use of undefined constant loca - assumed 'loca' /Users/adnetsalso/Sites/ad/Runtime/Cache/387af992d86f6f54ef27a1ec78648937.php 第 23 行.
NOTIC: [8] Use of undefined constant mater - assumed 'mater' /Users/adnetsalso/Sites/ad/Runtime/Cache/387af992d86f6f54ef27a1ec78648937.php 第 31 行.
INFO: Run ParseTemplate Behavior [ RunTime:-0.003485s ]
INFO: [ view_parse ] --END-- [ RunTime:0.003192s ]
INFO: [ view_filter ] --START--
INFO: Run ContentReplace Behavior [ RunTime:-0.006703s ]
INFO: Run TokenBuild Behavior [ RunTime:-0.006871s ]
INFO: Run WriteHtmlCache Behavior [ RunTime:-0.006957s ]
INFO: Run ShowRuntime Behavior [ RunTime:-0.007013s ]
INFO: [ view_filter ] --END-- [ RunTime:0.000425s ]
INFO: [ view_end ] --START--
INFO: Run ShowPageTrace Behavior [ RunTime:-0.007168s ]
INFO: [ view_end ] --END-- [ RunTime:0.000087s ]

[ 2012-12-10T18:48:14+08:00 ] 127.0.0.1 /ad/material/cnt
INFO: [ route_check ] --START--
INFO: Run CheckRoute Behavior [ RunTime:0.000146s ]
INFO: [ route_check ] --END-- [ RunTime:0.000228s ]
INFO: [ app_begin ] --START--
INFO: Run ReadHtmlCache Behavior [ RunTime:-0.000304s ]
INFO: [ app_begin ] --END-- [ RunTime:0.000151s ]
SQL: alsogood.getCollection(material) [ RunTime:0.000027s ]
NOTIC: [8] Undefined index: model /Users/adnetsalso/Sites/ad/ThinkPHP/Lib/Driver/Db/DbMongo.class.php 第 552 行.
SQL: alsogood.material.find({"site":{"$id":"509a04be96838cb770a61bd2"},"state":1}).count() [ RunTime:0.000643s ]

[ 2012-12-10T18:48:14+08:00 ] 127.0.0.1 /ad/material/cnt
INFO: [ route_check ] --START--
INFO: Run CheckRoute Behavior [ RunTime:0.000097s ]
INFO: [ route_check ] --END-- [ RunTime:0.000176s ]
INFO: [ app_begin ] --START--
INFO: Run ReadHtmlCache Behavior [ RunTime:-0.000290s ]
INFO: [ app_begin ] --END-- [ RunTime:0.000143s ]
SQL: alsogood.getCollection(material) [ RunTime:0.000023s ]
NOTIC: [8] Undefined index: model /Users/adnetsalso/Sites/ad/ThinkPHP/Lib/Driver/Db/DbMongo.class.php 第 552 行.
SQL: alsogood.material.find({"site":{"$id":"509a04be96838cb770a61bd2"},"state":1}).count() [ RunTime:0.000318s ]

[ 2012-12-10T18:48:14+08:00 ] 127.0.0.1 /ad/material/lst/1
INFO: [ route_check ] --START--
INFO: Run CheckRoute Behavior [ RunTime:0.000136s ]
INFO: [ route_check ] --END-- [ RunTime:0.000225s ]
INFO: [ app_begin ] --START--
INFO: Run ReadHtmlCache Behavior [ RunTime:-0.000346s ]
INFO: [ app_begin ] --END-- [ RunTime:0.000218s ]
SQL: alsogood.getCollection(material) [ RunTime:0.000028s ]
NOTIC: [8] Undefined index: field /Users/adnetsalso/Sites/ad/ThinkPHP/Lib/Driver/Db/DbMongo.class.php 第 436 行.
SQL: alsogood.material.find({"site":{"$id":"509a04be96838cb770a61bd2"},"state":1}).sort({"_id":-1}).limit(5) [ RunTime:0.000108s ]

[ 2012-12-10T18:48:35+08:00 ] 127.0.0.1 /ad/material/upload/
INFO: [ route_check ] --START--
INFO: Run CheckRoute Behavior [ RunTime:0.000110s ]
INFO: [ route_check ] --END-- [ RunTime:0.000195s ]
INFO: [ app_begin ] --START--
INFO: Run ReadHtmlCache Behavior [ RunTime:-0.000360s ]
INFO: [ app_begin ] --END-- [ RunTime:0.000165s ]
NOTIC: [2] strlen() expects parameter 1 to be string, resource given /Users/adnetsalso/Sites/ad/Lib/Action/UpyunAction.class.php 第 81 行.

[ 2012-12-10T18:48:47+08:00 ] 127.0.0.1 /ad/material/newmal
INFO: [ route_check ] --START--
INFO: Run CheckRoute Behavior [ RunTime:0.000091s ]
INFO: [ route_check ] --END-- [ RunTime:0.000144s ]
INFO: [ app_begin ] --START--
INFO: Run ReadHtmlCache Behavior [ RunTime:-0.000218s ]
INFO: [ app_begin ] --END-- [ RunTime:0.000093s ]
SQL: alsogood.getCollection(material) [ RunTime:0.000024s ]

