[ 2012-12-07T01:05:45+08:00 ] 127.0.0.1 /ad/material
INFO: [ route_check ] --START--
INFO: Run CheckRoute Behavior [ RunTime:0.000176s ]
INFO: [ route_check ] --END-- [ RunTime:0.000294s ]
INFO: [ app_begin ] --START--
INFO: Run ReadHtmlCache Behavior [ RunTime:-0.000631s ]
INFO: [ app_begin ] --END-- [ RunTime:0.000207s ]
INFO: [ view_template ] --START--
INFO: Run LocationTemplate Behavior [ RunTime:-0.085792s ]
INFO: [ view_template ] --END-- [ RunTime:0.000118s ]
INFO: [ view_parse ] --START--
INFO: Run ParseTemplate Behavior [ RunTime:-0.085936s ]
INFO: [ view_parse ] --END-- [ RunTime:0.048236s ]
INFO: [ view_filter ] --START--
INFO: Run ContentReplace Behavior [ RunTime:-0.134203s ]
INFO: Run TokenBuild Behavior [ RunTime:-0.134367s ]
INFO: Run WriteHtmlCache Behavior [ RunTime:-0.134470s ]
INFO: Run ShowRuntime Behavior [ RunTime:-0.134546s ]
INFO: [ view_filter ] --END-- [ RunTime:0.000467s ]
INFO: [ view_end ] --START--
INFO: Run ShowPageTrace Behavior [ RunTime:-0.134708s ]
INFO: [ view_end ] --END-- [ RunTime:0.000110s ]

[ 2012-12-07T01:07:23+08:00 ] 127.0.0.1 /ad/material/upload
INFO: [ route_check ] --START--
INFO: Run CheckRoute Behavior [ RunTime:0.000110s ]
INFO: [ route_check ] --END-- [ RunTime:0.000191s ]
INFO: [ app_begin ] --START--
INFO: Run ReadHtmlCache Behavior [ RunTime:-0.000358s ]
INFO: [ app_begin ] --END-- [ RunTime:0.000169s ]
NOTIC: [2] strlen() expects parameter 1 to be string, resource given /Users/adnetsalso/Sites/ad/Lib/Action/UpyunAction.class.php 第 79 行.

[ 2012-12-07T01:10:17+08:00 ] 127.0.0.1 /ad/material
INFO: [ route_check ] --START--
INFO: Run CheckRoute Behavior [ RunTime:0.000110s ]
INFO: [ route_check ] --END-- [ RunTime:0.000251s ]
INFO: [ app_begin ] --START--
INFO: Run ReadHtmlCache Behavior [ RunTime:-0.000396s ]
INFO: [ app_begin ] --END-- [ RunTime:0.000230s ]
INFO: [ view_template ] --START--
INFO: Run LocationTemplate Behavior [ RunTime:-0.005140s ]
INFO: [ view_template ] --END-- [ RunTime:0.000122s ]
INFO: [ view_parse ] --START--
INFO: Run ParseTemplate Behavior [ RunTime:-0.005276s ]
INFO: [ view_parse ] --END-- [ RunTime:0.036754s ]
INFO: [ view_filter ] --START--
INFO: Run ContentReplace Behavior [ RunTime:-0.042095s ]
INFO: Run TokenBuild Behavior [ RunTime:-0.042280s ]
INFO: Run WriteHtmlCache Behavior [ RunTime:-0.042413s ]
INFO: Run ShowRuntime Behavior [ RunTime:-0.042529s ]
INFO: [ view_filter ] --END-- [ RunTime:0.000642s ]
INFO: [ view_end ] --START--
INFO: Run ShowPageTrace Behavior [ RunTime:-0.042814s ]
INFO: [ view_end ] --END-- [ RunTime:0.000168s ]

[ 2012-12-07T01:10:24+08:00 ] 127.0.0.1 /ad/material/upload
INFO: [ route_check ] --START--
INFO: Run CheckRoute Behavior [ RunTime:0.000168s ]
INFO: [ route_check ] --END-- [ RunTime:0.000259s ]
INFO: [ app_begin ] --START--
INFO: Run ReadHtmlCache Behavior [ RunTime:-0.000404s ]
INFO: [ app_begin ] --END-- [ RunTime:0.000202s ]
NOTIC: [2] strlen() expects parameter 1 to be string, resource given /Users/adnetsalso/Sites/ad/Lib/Action/UpyunAction.class.php 第 79 行.

[ 2012-12-07T01:11:45+08:00 ] 127.0.0.1 /ad/material
INFO: [ route_check ] --START--
INFO: Run CheckRoute Behavior [ RunTime:0.000062s ]
INFO: [ route_check ] --END-- [ RunTime:0.000118s ]
INFO: [ app_begin ] --START--
INFO: Run ReadHtmlCache Behavior [ RunTime:-0.000239s ]
INFO: [ app_begin ] --END-- [ RunTime:0.000102s ]
INFO: [ view_template ] --START--
INFO: Run LocationTemplate Behavior [ RunTime:-0.051202s ]
INFO: [ view_template ] --END-- [ RunTime:0.000122s ]
INFO: [ view_parse ] --START--
INFO: Run ParseTemplate Behavior [ RunTime:-0.051358s ]
INFO: [ view_parse ] --END-- [ RunTime:0.032208s ]
INFO: [ view_filter ] --START--
INFO: Run ContentReplace Behavior [ RunTime:-0.083588s ]
INFO: Run TokenBuild Behavior [ RunTime:-0.083691s ]
INFO: Run WriteHtmlCache Behavior [ RunTime:-0.083767s ]
INFO: Run ShowRuntime Behavior [ RunTime:-0.083824s ]
INFO: [ view_filter ] --END-- [ RunTime:0.000340s ]
INFO: [ view_end ] --START--
INFO: Run ShowPageTrace Behavior [ RunTime:-0.083971s ]
INFO: [ view_end ] --END-- [ RunTime:0.000090s ]

[ 2012-12-07T01:11:50+08:00 ] 127.0.0.1 /ad/material/upload
INFO: [ route_check ] --START--
INFO: Run CheckRoute Behavior [ RunTime:0.000120s ]
INFO: [ route_check ] --END-- [ RunTime:0.000220s ]
INFO: [ app_begin ] --START--
INFO: Run ReadHtmlCache Behavior [ RunTime:-0.000320s ]
INFO: [ app_begin ] --END-- [ RunTime:0.000167s ]
NOTIC: [2] strlen() expects parameter 1 to be string, resource given /Users/adnetsalso/Sites/ad/Lib/Action/UpyunAction.class.php 第 79 行.

[ 2012-12-07T01:12:11+08:00 ] 127.0.0.1 /ad/material/upload
INFO: [ route_check ] --START--
INFO: Run CheckRoute Behavior [ RunTime:0.000065s ]
INFO: [ route_check ] --END-- [ RunTime:0.000115s ]
INFO: [ app_begin ] --START--
INFO: Run ReadHtmlCache Behavior [ RunTime:-0.000294s ]
INFO: [ app_begin ] --END-- [ RunTime:0.000145s ]
NOTIC: [2] strlen() expects parameter 1 to be string, resource given /Users/adnetsalso/Sites/ad/Lib/Action/UpyunAction.class.php 第 79 行.

