[ 2012-12-06T10:28:29+08:00 ] 192.168.11.2 /ad/
INFO: [ app_begin ] --START--
INFO: Run ReadHtmlCache Behavior [ RunTime:0.000098s ]
INFO: [ app_begin ] --END-- [ RunTime:0.000175s ]

[ 2012-12-06T10:28:30+08:00 ] 192.168.11.2 /ad/s/lgn
INFO: [ route_check ] --START--
INFO: Run CheckRoute Behavior [ RunTime:0.000060s ]
INFO: [ route_check ] --END-- [ RunTime:0.000111s ]
INFO: [ app_begin ] --START--
INFO: Run ReadHtmlCache Behavior [ RunTime:-0.000175s ]
INFO: [ app_begin ] --END-- [ RunTime:0.000091s ]
INFO: [ view_template ] --START--
INFO: Run LocationTemplate Behavior [ RunTime:-0.000463s ]
INFO: [ view_template ] --END-- [ RunTime:0.000097s ]
INFO: [ view_parse ] --START--
INFO: Run ParseTemplate Behavior [ RunTime:-0.000586s ]
INFO: [ view_parse ] --END-- [ RunTime:0.018716s ]
INFO: [ view_filter ] --START--
INFO: Run ContentReplace Behavior [ RunTime:-0.019370s ]
INFO: Run TokenBuild Behavior [ RunTime:-0.019551s ]
INFO: Run WriteHtmlCache Behavior [ RunTime:-0.019697s ]
INFO: Run ShowRuntime Behavior [ RunTime:-0.019796s ]
INFO: [ view_filter ] --END-- [ RunTime:0.000616s ]
INFO: [ view_end ] --START--
INFO: Run ShowPageTrace Behavior [ RunTime:-0.020061s ]
INFO: [ view_end ] --END-- [ RunTime:0.000165s ]

[ 2012-12-06T10:28:31+08:00 ] 192.168.11.2 /ad/s/login
INFO: [ route_check ] --START--
INFO: Run CheckRoute Behavior [ RunTime:0.000105s ]
INFO: [ route_check ] --END-- [ RunTime:0.000197s ]
INFO: [ app_begin ] --START--
INFO: Run ReadHtmlCache Behavior [ RunTime:-0.000322s ]
INFO: [ app_begin ] --END-- [ RunTime:0.000171s ]
SQL: alsogood.getCollection(user) [ RunTime:0.000027s ]
NOTIC: [8] Undefined index: model /Users/adnetsalso/Sites/ad/ThinkPHP/Lib/Driver/Db/DbMongo.class.php 第 513 行.
SQL: alsogood.user.findOne({"email":"shiba@da.com","psd":"96e79218965eb72c92a549dd5a330112","state":1},["email","name","url"]) [ RunTime:0.000377s ]

[ 2012-12-06T10:28:31+08:00 ] 192.168.11.2 /ad/index/index
INFO: [ route_check ] --START--
INFO: Run CheckRoute Behavior [ RunTime:0.000085s ]
INFO: [ route_check ] --END-- [ RunTime:0.000161s ]
INFO: [ app_begin ] --START--
INFO: Run ReadHtmlCache Behavior [ RunTime:-0.000262s ]
INFO: [ app_begin ] --END-- [ RunTime:0.000137s ]
INFO: [ view_template ] --START--
INFO: Run LocationTemplate Behavior [ RunTime:-0.000760s ]
INFO: [ view_template ] --END-- [ RunTime:0.000195s ]
INFO: [ view_parse ] --START--
INFO: Run ParseTemplate Behavior [ RunTime:-0.001010s ]
INFO: [ view_parse ] --END-- [ RunTime:0.002488s ]
INFO: [ view_filter ] --START--
INFO: Run ContentReplace Behavior [ RunTime:-0.003559s ]
INFO: Run TokenBuild Behavior [ RunTime:-0.003774s ]
INFO: Run WriteHtmlCache Behavior [ RunTime:-0.003860s ]
INFO: Run ShowRuntime Behavior [ RunTime:-0.003917s ]
INFO: [ view_filter ] --END-- [ RunTime:0.000479s ]
INFO: [ view_end ] --START--
INFO: Run ShowPageTrace Behavior [ RunTime:-0.004068s ]
INFO: [ view_end ] --END-- [ RunTime:0.000090s ]

[ 2012-12-06T10:28:38+08:00 ] 192.168.11.2 /ad/material
INFO: [ route_check ] --START--
INFO: Run CheckRoute Behavior [ RunTime:0.000110s ]
INFO: [ route_check ] --END-- [ RunTime:0.000201s ]
INFO: [ app_begin ] --START--
INFO: Run ReadHtmlCache Behavior [ RunTime:-0.000362s ]
INFO: [ app_begin ] --END-- [ RunTime:0.000186s ]

[ 2012-12-06T10:34:19+08:00 ] 127.0.0.1 /ad/
INFO: [ app_begin ] --START--
INFO: Run ReadHtmlCache Behavior [ RunTime:0.000115s ]
INFO: [ app_begin ] --END-- [ RunTime:0.000198s ]
INFO: [ view_template ] --START--
INFO: Run LocationTemplate Behavior [ RunTime:-0.037809s ]
INFO: [ view_template ] --END-- [ RunTime:0.000208s ]
INFO: [ view_parse ] --START--
INFO: Run ParseTemplate Behavior [ RunTime:-0.038050s ]
INFO: [ view_parse ] --END-- [ RunTime:0.003580s ]
INFO: [ view_filter ] --START--
INFO: Run ContentReplace Behavior [ RunTime:-0.041682s ]
INFO: Run TokenBuild Behavior [ RunTime:-0.041893s ]
INFO: Run WriteHtmlCache Behavior [ RunTime:-0.042006s ]
INFO: Run ShowRuntime Behavior [ RunTime:-0.042080s ]
INFO: [ view_filter ] --END-- [ RunTime:0.000563s ]
INFO: [ view_end ] --START--
INFO: Run ShowPageTrace Behavior [ RunTime:-0.042306s ]
INFO: [ view_end ] --END-- [ RunTime:0.000129s ]

[ 2012-12-06T10:34:20+08:00 ] 127.0.0.1 /ad/adseat/cnt
INFO: [ route_check ] --START--
INFO: Run CheckRoute Behavior [ RunTime:0.000066s ]
INFO: [ route_check ] --END-- [ RunTime:0.000130s ]
INFO: [ app_begin ] --START--
INFO: Run ReadHtmlCache Behavior [ RunTime:-0.000190s ]
INFO: [ app_begin ] --END-- [ RunTime:0.000098s ]
NOTIC: [8] Undefined offset: 2 /Users/adnetsalso/Sites/ad/Lib/Action/AdseatAction.class.php 第 168 行.
NOTIC: [8] Undefined offset: 3 /Users/adnetsalso/Sites/ad/Lib/Action/AdseatAction.class.php 第 170 行.
SQL: alsogood.getCollection(adseat) [ RunTime:0.000027s ]
NOTIC: [8] Undefined index: model /Users/adnetsalso/Sites/ad/ThinkPHP/Lib/Driver/Db/DbMongo.class.php 第 552 行.
SQL: alsogood.adseat.find({"website":{"$id":"509a04be96838cb770a61bd2"}}).count() [ RunTime:0.002099s ]

[ 2012-12-06T10:34:20+08:00 ] 127.0.0.1 /ad/adseat/cnt/all/all
INFO: [ route_check ] --START--
INFO: Run CheckRoute Behavior [ RunTime:0.000108s ]
INFO: [ route_check ] --END-- [ RunTime:0.000188s ]
INFO: [ app_begin ] --START--
INFO: Run ReadHtmlCache Behavior [ RunTime:-0.000420s ]
INFO: [ app_begin ] --END-- [ RunTime:0.000170s ]
SQL: alsogood.getCollection(adseat) [ RunTime:0.000034s ]
NOTIC: [8] Undefined index: model /Users/adnetsalso/Sites/ad/ThinkPHP/Lib/Driver/Db/DbMongo.class.php 第 552 行.
SQL: alsogood.adseat.find({"website":{"$id":"509a04be96838cb770a61bd2"}}).count() [ RunTime:0.000457s ]

[ 2012-12-06T10:34:20+08:00 ] 127.0.0.1 /ad/adseat/chn
INFO: [ route_check ] --START--
INFO: Run CheckRoute Behavior [ RunTime:0.000210s ]
INFO: [ route_check ] --END-- [ RunTime:0.000419s ]
INFO: [ app_begin ] --START--
INFO: Run ReadHtmlCache Behavior [ RunTime:-0.000722s ]
INFO: [ app_begin ] --END-- [ RunTime:0.000262s ]
SQL: alsogood.getCollection(website) [ RunTime:0.000138s ]
NOTIC: [8] Undefined index: model /Users/adnetsalso/Sites/ad/ThinkPHP/Lib/Driver/Db/DbMongo.class.php 第 433 行.
NOTIC: [8] Undefined index: order /Users/adnetsalso/Sites/ad/ThinkPHP/Lib/Driver/Db/DbMongo.class.php 第 447 行.
SQL: alsogood.website.find({"_id":{"$id":"509a04be96838cb770a61bd2"},"channel.state":1},["channel","channel.chnName","channel.desc"]) [ RunTime:0.000340s ]

[ 2012-12-06T10:34:20+08:00 ] 127.0.0.1 /ad/adseat/index/1/all/all
INFO: [ route_check ] --START--
INFO: Run CheckRoute Behavior [ RunTime:0.000063s ]
INFO: [ route_check ] --END-- [ RunTime:0.000113s ]
INFO: [ app_begin ] --START--
INFO: Run ReadHtmlCache Behavior [ RunTime:-0.000214s ]
INFO: [ app_begin ] --END-- [ RunTime:0.000094s ]
SQL: alsogood.getCollection(website) [ RunTime:0.000019s ]
NOTIC: [8] Undefined index: model /Users/adnetsalso/Sites/ad/ThinkPHP/Lib/Driver/Db/DbMongo.class.php 第 513 行.
NOTIC: [8] Undefined index: field /Users/adnetsalso/Sites/ad/ThinkPHP/Lib/Driver/Db/DbMongo.class.php 第 516 行.
SQL: alsogood.website.findOne({"uid":{"$id":"509a041296838cb770a61bd0"}}) [ RunTime:0.000287s ]
SQL: alsogood.getCollection(adseat) [ RunTime:0.000022s ]
SQL: alsogood.adseat.find({"website":{"$id":"509a04be96838cb770a61bd2"}},["name","shape","chnName","priSize","desc"]).sort({"_id":-1}).limit(5) [ RunTime:0.000069s ]
NOTIC: [8] Undefined index: auxSize /Users/adnetsalso/Sites/ad/Lib/Action/AdseatAction.class.php 第 35 行.
NOTIC: [8] Undefined index: auxSize /Users/adnetsalso/Sites/ad/Lib/Action/AdseatAction.class.php 第 35 行.
NOTIC: [8] Undefined index: auxSize /Users/adnetsalso/Sites/ad/Lib/Action/AdseatAction.class.php 第 35 行.
NOTIC: [8] Undefined index: auxSize /Users/adnetsalso/Sites/ad/Lib/Action/AdseatAction.class.php 第 35 行.
NOTIC: [8] Undefined index: auxSize /Users/adnetsalso/Sites/ad/Lib/Action/AdseatAction.class.php 第 35 行.

[ 2012-12-06T11:43:40+08:00 ] ERR: [4] syntax error, unexpected ',' /Users/adnetsalso/Sites/ad/Lib/Action/MaterialAction.class.php 第 118 行.
[ 2012-12-06T11:44:10+08:00 ] 127.0.0.1 /ad/material
INFO: [ route_check ] --START--
INFO: Run CheckRoute Behavior [ RunTime:0.000077s ]
INFO: [ route_check ] --END-- [ RunTime:0.000149s ]
INFO: [ app_begin ] --START--
INFO: Run ReadHtmlCache Behavior [ RunTime:-0.000254s ]
INFO: [ app_begin ] --END-- [ RunTime:0.000118s ]
INFO: [ view_template ] --START--
INFO: Run LocationTemplate Behavior [ RunTime:-0.038958s ]
INFO: [ view_template ] --END-- [ RunTime:0.000146s ]
INFO: [ view_parse ] --START--
INFO: Run ParseTemplate Behavior [ RunTime:-0.039144s ]
INFO: [ view_parse ] --END-- [ RunTime:0.001661s ]
INFO: [ view_filter ] --START--
INFO: Run ContentReplace Behavior [ RunTime:-0.040833s ]
INFO: Run TokenBuild Behavior [ RunTime:-0.040961s ]
INFO: Run WriteHtmlCache Behavior [ RunTime:-0.041066s ]
INFO: Run ShowRuntime Behavior [ RunTime:-0.041142s ]
INFO: [ view_filter ] --END-- [ RunTime:0.000449s ]
INFO: [ view_end ] --START--
INFO: Run ShowPageTrace Behavior [ RunTime:-0.041336s ]
INFO: [ view_end ] --END-- [ RunTime:0.000121s ]

[ 2012-12-06T11:44:17+08:00 ] 127.0.0.1 /ad/material/upload
INFO: [ route_check ] --START--
INFO: Run CheckRoute Behavior [ RunTime:0.000105s ]
INFO: [ route_check ] --END-- [ RunTime:0.000184s ]
INFO: [ app_begin ] --START--
INFO: Run ReadHtmlCache Behavior [ RunTime:-0.000350s ]
INFO: [ app_begin ] --END-- [ RunTime:0.000170s ]

[ 2012-12-06T11:45:06+08:00 ] 127.0.0.1 /ad/material/upload
INFO: [ route_check ] --START--
INFO: Run CheckRoute Behavior [ RunTime:0.000174s ]
INFO: [ route_check ] --END-- [ RunTime:0.000355s ]
INFO: [ app_begin ] --START--
INFO: Run ReadHtmlCache Behavior [ RunTime:-0.000547s ]
INFO: [ app_begin ] --END-- [ RunTime:0.000180s ]

[ 2012-12-06T11:46:21+08:00 ] ERR: [4] syntax error, unexpected T_VARIABLE /Users/adnetsalso/Sites/ad/Lib/Action/MaterialAction.class.php 第 107 行.
[ 2012-12-06T11:46:36+08:00 ] 127.0.0.1 /ad/material
INFO: [ route_check ] --START--
INFO: Run CheckRoute Behavior [ RunTime:0.000063s ]
INFO: [ route_check ] --END-- [ RunTime:0.000118s ]
INFO: [ app_begin ] --START--
INFO: Run ReadHtmlCache Behavior [ RunTime:-0.000234s ]
INFO: [ app_begin ] --END-- [ RunTime:0.000137s ]
INFO: [ view_template ] --START--
INFO: Run LocationTemplate Behavior [ RunTime:-0.004264s ]
INFO: [ view_template ] --END-- [ RunTime:0.000122s ]
INFO: [ view_parse ] --START--
INFO: Run ParseTemplate Behavior [ RunTime:-0.004403s ]
INFO: [ view_parse ] --END-- [ RunTime:0.001112s ]
INFO: [ view_filter ] --START--
INFO: Run ContentReplace Behavior [ RunTime:-0.005547s ]
INFO: Run TokenBuild Behavior [ RunTime:-0.005636s ]
INFO: Run WriteHtmlCache Behavior [ RunTime:-0.005706s ]
INFO: Run ShowRuntime Behavior [ RunTime:-0.005758s ]
INFO: [ view_filter ] --END-- [ RunTime:0.000305s ]
INFO: [ view_end ] --START--
INFO: Run ShowPageTrace Behavior [ RunTime:-0.005887s ]
INFO: [ view_end ] --END-- [ RunTime:0.000080s ]

[ 2012-12-06T11:46:37+08:00 ] 127.0.0.1 /ad/adseat/cnt
INFO: [ route_check ] --START--
INFO: Run CheckRoute Behavior [ RunTime:0.000104s ]
INFO: [ route_check ] --END-- [ RunTime:0.000181s ]
INFO: [ app_begin ] --START--
INFO: Run ReadHtmlCache Behavior [ RunTime:-0.000314s ]
INFO: [ app_begin ] --END-- [ RunTime:0.000183s ]
NOTIC: [8] Undefined offset: 2 /Users/adnetsalso/Sites/ad/Lib/Action/AdseatAction.class.php 第 168 行.
NOTIC: [8] Undefined offset: 3 /Users/adnetsalso/Sites/ad/Lib/Action/AdseatAction.class.php 第 170 行.
SQL: alsogood.getCollection(adseat) [ RunTime:0.000030s ]
NOTIC: [8] Undefined index: model /Users/adnetsalso/Sites/ad/ThinkPHP/Lib/Driver/Db/DbMongo.class.php 第 552 行.
SQL: alsogood.adseat.find({"website":{"$id":"509a04be96838cb770a61bd2"}}).count() [ RunTime:0.002090s ]

[ 2012-12-06T11:46:37+08:00 ] 127.0.0.1 /ad/adseat/chn
INFO: [ route_check ] --START--
INFO: Run CheckRoute Behavior [ RunTime:0.000107s ]
INFO: [ route_check ] --END-- [ RunTime:0.000187s ]
INFO: [ app_begin ] --START--
INFO: Run ReadHtmlCache Behavior [ RunTime:-0.000334s ]
INFO: [ app_begin ] --END-- [ RunTime:0.000169s ]
SQL: alsogood.getCollection(website) [ RunTime:0.000025s ]
NOTIC: [8] Undefined index: model /Users/adnetsalso/Sites/ad/ThinkPHP/Lib/Driver/Db/DbMongo.class.php 第 433 行.
NOTIC: [8] Undefined index: order /Users/adnetsalso/Sites/ad/ThinkPHP/Lib/Driver/Db/DbMongo.class.php 第 447 行.
SQL: alsogood.website.find({"_id":{"$id":"509a04be96838cb770a61bd2"},"channel.state":1},["channel","channel.chnName","channel.desc"]) [ RunTime:0.000051s ]

[ 2012-12-06T11:46:37+08:00 ] 127.0.0.1 /ad/adseat/cnt/all/all
INFO: [ route_check ] --START--
INFO: Run CheckRoute Behavior [ RunTime:0.000108s ]
INFO: [ route_check ] --END-- [ RunTime:0.000189s ]
INFO: [ app_begin ] --START--
INFO: Run ReadHtmlCache Behavior [ RunTime:-0.000497s ]
INFO: [ app_begin ] --END-- [ RunTime:0.000169s ]
SQL: alsogood.getCollection(adseat) [ RunTime:0.000027s ]
NOTIC: [8] Undefined index: model /Users/adnetsalso/Sites/ad/ThinkPHP/Lib/Driver/Db/DbMongo.class.php 第 552 行.
SQL: alsogood.adseat.find({"website":{"$id":"509a04be96838cb770a61bd2"}}).count() [ RunTime:0.000798s ]

[ 2012-12-06T11:46:37+08:00 ] 127.0.0.1 /ad/adseat/index/1/all/all
INFO: [ route_check ] --START--
INFO: Run CheckRoute Behavior [ RunTime:0.000076s ]
INFO: [ route_check ] --END-- [ RunTime:0.000139s ]
INFO: [ app_begin ] --START--
INFO: Run ReadHtmlCache Behavior [ RunTime:-0.000238s ]
INFO: [ app_begin ] --END-- [ RunTime:0.000109s ]
SQL: alsogood.getCollection(website) [ RunTime:0.000016s ]
NOTIC: [8] Undefined index: model /Users/adnetsalso/Sites/ad/ThinkPHP/Lib/Driver/Db/DbMongo.class.php 第 513 行.
NOTIC: [8] Undefined index: field /Users/adnetsalso/Sites/ad/ThinkPHP/Lib/Driver/Db/DbMongo.class.php 第 516 行.
SQL: alsogood.website.findOne({"uid":{"$id":"509a041296838cb770a61bd0"}}) [ RunTime:0.000251s ]
SQL: alsogood.getCollection(adseat) [ RunTime:0.000012s ]
SQL: alsogood.adseat.find({"website":{"$id":"509a04be96838cb770a61bd2"}},["name","shape","chnName","priSize","desc"]).sort({"_id":-1}).limit(5) [ RunTime:0.000044s ]
NOTIC: [8] Undefined index: auxSize /Users/adnetsalso/Sites/ad/Lib/Action/AdseatAction.class.php 第 35 行.
NOTIC: [8] Undefined index: auxSize /Users/adnetsalso/Sites/ad/Lib/Action/AdseatAction.class.php 第 35 行.
NOTIC: [8] Undefined index: auxSize /Users/adnetsalso/Sites/ad/Lib/Action/AdseatAction.class.php 第 35 行.
NOTIC: [8] Undefined index: auxSize /Users/adnetsalso/Sites/ad/Lib/Action/AdseatAction.class.php 第 35 行.
NOTIC: [8] Undefined index: auxSize /Users/adnetsalso/Sites/ad/Lib/Action/AdseatAction.class.php 第 35 行.

[ 2012-12-06T11:46:40+08:00 ] 127.0.0.1 /ad/material
INFO: [ route_check ] --START--
INFO: Run CheckRoute Behavior [ RunTime:0.000064s ]
INFO: [ route_check ] --END-- [ RunTime:0.000119s ]
INFO: [ app_begin ] --START--
INFO: Run ReadHtmlCache Behavior [ RunTime:-0.000188s ]
INFO: [ app_begin ] --END-- [ RunTime:0.000099s ]
INFO: [ view_template ] --START--
INFO: Run LocationTemplate Behavior [ RunTime:-0.000681s ]
INFO: [ view_template ] --END-- [ RunTime:0.000148s ]
INFO: [ view_parse ] --START--
INFO: Run ParseTemplate Behavior [ RunTime:-0.000858s ]
INFO: [ view_parse ] --END-- [ RunTime:0.001688s ]
INFO: [ view_filter ] --START--
INFO: Run ContentReplace Behavior [ RunTime:-0.002572s ]
INFO: Run TokenBuild Behavior [ RunTime:-0.002686s ]
INFO: Run WriteHtmlCache Behavior [ RunTime:-0.002762s ]
INFO: Run ShowRuntime Behavior [ RunTime:-0.002817s ]
INFO: [ view_filter ] --END-- [ RunTime:0.000348s ]
INFO: [ view_end ] --START--
INFO: Run ShowPageTrace Behavior [ RunTime:-0.002959s ]
INFO: [ view_end ] --END-- [ RunTime:0.000099s ]

[ 2012-12-06T11:46:44+08:00 ] 127.0.0.1 /ad/material
INFO: [ route_check ] --START--
INFO: Run CheckRoute Behavior [ RunTime:0.000087s ]
INFO: [ route_check ] --END-- [ RunTime:0.000165s ]
INFO: [ app_begin ] --START--
INFO: Run ReadHtmlCache Behavior [ RunTime:-0.000295s ]
INFO: [ app_begin ] --END-- [ RunTime:0.000144s ]
INFO: [ view_template ] --START--
INFO: Run LocationTemplate Behavior [ RunTime:-0.000836s ]
INFO: [ view_template ] --END-- [ RunTime:0.000119s ]
INFO: [ view_parse ] --START--
INFO: Run ParseTemplate Behavior [ RunTime:-0.000994s ]
INFO: [ view_parse ] --END-- [ RunTime:0.001518s ]
INFO: [ view_filter ] --START--
INFO: Run ContentReplace Behavior [ RunTime:-0.002564s ]
INFO: Run TokenBuild Behavior [ RunTime:-0.002734s ]
INFO: Run WriteHtmlCache Behavior [ RunTime:-0.002846s ]
INFO: Run ShowRuntime Behavior [ RunTime:-0.002917s ]
INFO: [ view_filter ] --END-- [ RunTime:0.000525s ]
INFO: [ view_end ] --START--
INFO: Run ShowPageTrace Behavior [ RunTime:-0.003123s ]
INFO: [ view_end ] --END-- [ RunTime:0.000120s ]

[ 2012-12-06T11:46:53+08:00 ] 127.0.0.1 /ad/material
INFO: [ route_check ] --START--
INFO: Run CheckRoute Behavior [ RunTime:0.000064s ]
INFO: [ route_check ] --END-- [ RunTime:0.000122s ]
INFO: [ app_begin ] --START--
INFO: Run ReadHtmlCache Behavior [ RunTime:-0.000228s ]
INFO: [ app_begin ] --END-- [ RunTime:0.000115s ]
INFO: [ view_template ] --START--
INFO: Run LocationTemplate Behavior [ RunTime:-0.000680s ]
INFO: [ view_template ] --END-- [ RunTime:0.000097s ]
INFO: [ view_parse ] --START--
INFO: Run ParseTemplate Behavior [ RunTime:-0.000804s ]
INFO: [ view_parse ] --END-- [ RunTime:0.001180s ]
INFO: [ view_filter ] --START--
INFO: Run ContentReplace Behavior [ RunTime:-0.002039s ]
INFO: Run TokenBuild Behavior [ RunTime:-0.002140s ]
INFO: Run WriteHtmlCache Behavior [ RunTime:-0.002239s ]
INFO: Run ShowRuntime Behavior [ RunTime:-0.002309s ]
INFO: [ view_filter ] --END-- [ RunTime:0.000405s ]
INFO: [ view_end ] --START--
INFO: Run ShowPageTrace Behavior [ RunTime:-0.002496s ]
INFO: [ view_end ] --END-- [ RunTime:0.000096s ]

[ 2012-12-06T11:46:59+08:00 ] 127.0.0.1 /ad/material/upload
INFO: [ route_check ] --START--
INFO: Run CheckRoute Behavior [ RunTime:0.000147s ]
INFO: [ route_check ] --END-- [ RunTime:0.000261s ]
INFO: [ app_begin ] --START--
INFO: Run ReadHtmlCache Behavior [ RunTime:-0.000532s ]
INFO: [ app_begin ] --END-- [ RunTime:0.000156s ]
NOTIC: [8] Use of undefined constant expression - assumed 'expression' /Users/adnetsalso/Sites/ad/Lib/Action/MaterialAction.class.php 第 106 行.
NOTIC: [2] strlen() expects parameter 1 to be string, resource given /Users/adnetsalso/Sites/ad/Lib/Action/UpyunAction.class.php 第 79 行.

[ 2012-12-06T11:49:09+08:00 ] 127.0.0.1 /ad/material
INFO: [ route_check ] --START--
INFO: Run CheckRoute Behavior [ RunTime:0.000063s ]
INFO: [ route_check ] --END-- [ RunTime:0.000118s ]
INFO: [ app_begin ] --START--
INFO: Run ReadHtmlCache Behavior [ RunTime:-0.000211s ]
INFO: [ app_begin ] --END-- [ RunTime:0.000096s ]
INFO: [ view_template ] --START--
INFO: Run LocationTemplate Behavior [ RunTime:-0.003136s ]
INFO: [ view_template ] --END-- [ RunTime:0.000096s ]
INFO: [ view_parse ] --START--
INFO: Run ParseTemplate Behavior [ RunTime:-0.003257s ]
INFO: [ view_parse ] --END-- [ RunTime:0.001252s ]
INFO: [ view_filter ] --START--
INFO: Run ContentReplace Behavior [ RunTime:-0.004534s ]
INFO: Run TokenBuild Behavior [ RunTime:-0.004633s ]
INFO: Run WriteHtmlCache Behavior [ RunTime:-0.004707s ]
INFO: Run ShowRuntime Behavior [ RunTime:-0.004762s ]
INFO: [ view_filter ] --END-- [ RunTime:0.000328s ]
INFO: [ view_end ] --START--
INFO: Run ShowPageTrace Behavior [ RunTime:-0.004901s ]
INFO: [ view_end ] --END-- [ RunTime:0.000086s ]

[ 2012-12-06T11:49:16+08:00 ] 127.0.0.1 /ad/material/upload
INFO: [ route_check ] --START--
INFO: Run CheckRoute Behavior [ RunTime:0.000063s ]
INFO: [ route_check ] --END-- [ RunTime:0.000111s ]
INFO: [ app_begin ] --START--
INFO: Run ReadHtmlCache Behavior [ RunTime:-0.000207s ]
INFO: [ app_begin ] --END-- [ RunTime:0.000096s ]
NOTIC: [2] strlen() expects parameter 1 to be string, resource given /Users/adnetsalso/Sites/ad/Lib/Action/UpyunAction.class.php 第 79 行.

[ 2012-12-06T11:51:11+08:00 ] 127.0.0.1 /ad/material
INFO: [ route_check ] --START--
INFO: Run CheckRoute Behavior [ RunTime:0.000086s ]
INFO: [ route_check ] --END-- [ RunTime:0.000161s ]
INFO: [ app_begin ] --START--
INFO: Run ReadHtmlCache Behavior [ RunTime:-0.000285s ]
INFO: [ app_begin ] --END-- [ RunTime:0.000136s ]
INFO: [ view_template ] --START--
INFO: Run LocationTemplate Behavior [ RunTime:-0.004327s ]
INFO: [ view_template ] --END-- [ RunTime:0.000118s ]
INFO: [ view_parse ] --START--
INFO: Run ParseTemplate Behavior [ RunTime:-0.004479s ]
INFO: [ view_parse ] --END-- [ RunTime:0.001158s ]
INFO: [ view_filter ] --START--
INFO: Run ContentReplace Behavior [ RunTime:-0.005668s ]
INFO: Run TokenBuild Behavior [ RunTime:-0.005759s ]
INFO: Run WriteHtmlCache Behavior [ RunTime:-0.005853s ]
INFO: Run ShowRuntime Behavior [ RunTime:-0.005921s ]
INFO: [ view_filter ] --END-- [ RunTime:0.000409s ]
INFO: [ view_end ] --START--
INFO: Run ShowPageTrace Behavior [ RunTime:-0.006138s ]
INFO: [ view_end ] --END-- [ RunTime:0.000134s ]

[ 2012-12-06T11:51:18+08:00 ] 127.0.0.1 /ad/material/upload
INFO: [ route_check ] --START--
INFO: Run CheckRoute Behavior [ RunTime:0.000089s ]
INFO: [ route_check ] --END-- [ RunTime:0.000165s ]
INFO: [ app_begin ] --START--
INFO: Run ReadHtmlCache Behavior [ RunTime:-0.000298s ]
INFO: [ app_begin ] --END-- [ RunTime:0.000144s ]
NOTIC: [2] strlen() expects parameter 1 to be string, resource given /Users/adnetsalso/Sites/ad/Lib/Action/UpyunAction.class.php 第 79 行.

[ 2012-12-06T12:01:48+08:00 ] 127.0.0.1 /ad/material/deload
INFO: [ route_check ] --START--
INFO: Run CheckRoute Behavior [ RunTime:0.000081s ]
INFO: [ route_check ] --END-- [ RunTime:0.000141s ]
INFO: [ app_begin ] --START--
INFO: Run ReadHtmlCache Behavior [ RunTime:-0.000234s ]
INFO: [ app_begin ] --END-- [ RunTime:0.000097s ]

[ 2012-12-06T12:06:23+08:00 ] 127.0.0.1 /ad/material/deload
INFO: [ route_check ] --START--
INFO: Run CheckRoute Behavior [ RunTime:0.000061s ]
INFO: [ route_check ] --END-- [ RunTime:0.000112s ]
INFO: [ app_begin ] --START--
INFO: Run ReadHtmlCache Behavior [ RunTime:-0.000196s ]
INFO: [ app_begin ] --END-- [ RunTime:0.000089s ]

[ 2012-12-06T12:06:28+08:00 ] 127.0.0.1 /ad/material/deload
INFO: [ route_check ] --START--
INFO: Run CheckRoute Behavior [ RunTime:0.000095s ]
INFO: [ route_check ] --END-- [ RunTime:0.000177s ]
INFO: [ app_begin ] --START--
INFO: Run ReadHtmlCache Behavior [ RunTime:-0.000258s ]
INFO: [ app_begin ] --END-- [ RunTime:0.000113s ]

[ 2012-12-06T12:09:07+08:00 ] ERR: [4] syntax error, unexpected T_VARIABLE /Users/adnetsalso/Sites/ad/Lib/Action/MaterialAction.class.php 第 151 行.
[ 2012-12-06T12:09:18+08:00 ] 127.0.0.1 /ad/material/deload
INFO: [ route_check ] --START--
INFO: Run CheckRoute Behavior [ RunTime:0.000061s ]
INFO: [ route_check ] --END-- [ RunTime:0.000111s ]
INFO: [ app_begin ] --START--
INFO: Run ReadHtmlCache Behavior [ RunTime:-0.000193s ]
INFO: [ app_begin ] --END-- [ RunTime:0.000087s ]
NOTIC: [8] Undefined offset: 2 /Users/adnetsalso/Sites/ad/Lib/Action/MaterialAction.class.php 第 151 行.

[ 2012-12-06T12:09:21+08:00 ] 127.0.0.1 /ad/material/deload/9655c6a395bb8f926c67eee3240da400.jpg
INFO: [ route_check ] --START--
INFO: Run CheckRoute Behavior [ RunTime:0.000082s ]
INFO: [ route_check ] --END-- [ RunTime:0.000149s ]
INFO: [ app_begin ] --START--
INFO: Run ReadHtmlCache Behavior [ RunTime:-0.000274s ]
INFO: [ app_begin ] --END-- [ RunTime:0.000187s ]

[ 2012-12-06T12:09:28+08:00 ] 127.0.0.1 /ad/material/deload/9655c6a395bb8f926c67eee3240da400.jpg
INFO: [ route_check ] --START--
INFO: Run CheckRoute Behavior [ RunTime:0.000076s ]
INFO: [ route_check ] --END-- [ RunTime:0.000131s ]
INFO: [ app_begin ] --START--
INFO: Run ReadHtmlCache Behavior [ RunTime:-0.000265s ]
INFO: [ app_begin ] --END-- [ RunTime:0.000113s ]

[ 2012-12-06T12:09:29+08:00 ] 127.0.0.1 /ad/material/deload/9655c6a395bb8f926c67eee3240da400.jpg
INFO: [ route_check ] --START--
INFO: Run CheckRoute Behavior [ RunTime:0.000075s ]
INFO: [ route_check ] --END-- [ RunTime:0.000130s ]
INFO: [ app_begin ] --START--
INFO: Run ReadHtmlCache Behavior [ RunTime:-0.000211s ]
INFO: [ app_begin ] --END-- [ RunTime:0.000109s ]

[ 2012-12-06T12:09:43+08:00 ] 127.0.0.1 /ad/material/deload//509a041296838cb770a61bd0/9655c6a395bb8f926c67eee3240da400.jpg
INFO: [ route_check ] --START--
INFO: Run CheckRoute Behavior [ RunTime:0.000106s ]
INFO: [ route_check ] --END-- [ RunTime:0.000183s ]
INFO: [ app_begin ] --START--
INFO: Run ReadHtmlCache Behavior [ RunTime:-0.000384s ]
INFO: [ app_begin ] --END-- [ RunTime:0.000139s ]

[ 2012-12-06T12:10:32+08:00 ] ERR: (ThinkException) 非法操作:\'509a041296838cb770a61bd0/9655c6a395bb8f926c67eee3240da400.jpg\'
[ 2012-12-06T12:10:32+08:00 ] 127.0.0.1 /ad/material/deload/?a='509a041296838cb770a61bd0/9655c6a395bb8f926c67eee3240da400.jpg'
INFO: [ route_check ] --START--
INFO: Run CheckRoute Behavior [ RunTime:0.000061s ]
INFO: [ route_check ] --END-- [ RunTime:0.000106s ]
INFO: [ app_begin ] --START--
INFO: Run ReadHtmlCache Behavior [ RunTime:-0.000199s ]
INFO: [ app_begin ] --END-- [ RunTime:0.000088s ]
NOTIC: [8] Undefined index: class /Users/adnetsalso/Sites/ad/ThinkPHP/Lib/Core/ThinkException.class.php 第 63 行.
NOTIC: [8] Undefined index: type /Users/adnetsalso/Sites/ad/ThinkPHP/Lib/Core/ThinkException.class.php 第 63 行.
NOTIC: [8] Undefined index: file /Users/adnetsalso/Sites/ad/ThinkPHP/Lib/Core/ThinkException.class.php 第 62 行.
NOTIC: [8] Undefined index: line /Users/adnetsalso/Sites/ad/ThinkPHP/Lib/Core/ThinkException.class.php 第 62 行.
NOTIC: [4096] Object of class MaterialAction could not be converted to string /Users/adnetsalso/Sites/ad/ThinkPHP/Lib/Core/ThinkException.class.php 第 64 行.
NOTIC: [8] Array to string conversion /Users/adnetsalso/Sites/ad/ThinkPHP/Lib/Core/ThinkException.class.php 第 64 行.
NOTIC: [8] Undefined index: class /Users/adnetsalso/Sites/ad/ThinkPHP/Lib/Core/ThinkException.class.php 第 63 行.
NOTIC: [8] Undefined index: type /Users/adnetsalso/Sites/ad/ThinkPHP/Lib/Core/ThinkException.class.php 第 63 行.
NOTIC: [8] Undefined index: class /Users/adnetsalso/Sites/ad/ThinkPHP/Lib/Core/ThinkException.class.php 第 63 行.
NOTIC: [8] Undefined index: type /Users/adnetsalso/Sites/ad/ThinkPHP/Lib/Core/ThinkException.class.php 第 63 行.

[ 2012-12-06T12:10:41+08:00 ] ERR: (ThinkException) 非法操作:509a041296838cb770a61bd0/9655c6a395bb8f926c67eee3240da400.jpg
[ 2012-12-06T12:10:41+08:00 ] 127.0.0.1 /ad/material/deload/?a=509a041296838cb770a61bd0/9655c6a395bb8f926c67eee3240da400.jpg
INFO: [ route_check ] --START--
INFO: Run CheckRoute Behavior [ RunTime:0.000081s ]
INFO: [ route_check ] --END-- [ RunTime:0.000140s ]
INFO: [ app_begin ] --START--
INFO: Run ReadHtmlCache Behavior [ RunTime:-0.000307s ]
INFO: [ app_begin ] --END-- [ RunTime:0.000117s ]
NOTIC: [8] Undefined index: class /Users/adnetsalso/Sites/ad/ThinkPHP/Lib/Core/ThinkException.class.php 第 63 行.
NOTIC: [8] Undefined index: type /Users/adnetsalso/Sites/ad/ThinkPHP/Lib/Core/ThinkException.class.php 第 63 行.
NOTIC: [8] Undefined index: file /Users/adnetsalso/Sites/ad/ThinkPHP/Lib/Core/ThinkException.class.php 第 62 行.
NOTIC: [8] Undefined index: line /Users/adnetsalso/Sites/ad/ThinkPHP/Lib/Core/ThinkException.class.php 第 62 行.
NOTIC: [4096] Object of class MaterialAction could not be converted to string /Users/adnetsalso/Sites/ad/ThinkPHP/Lib/Core/ThinkException.class.php 第 64 行.
NOTIC: [8] Array to string conversion /Users/adnetsalso/Sites/ad/ThinkPHP/Lib/Core/ThinkException.class.php 第 64 行.
NOTIC: [8] Undefined index: class /Users/adnetsalso/Sites/ad/ThinkPHP/Lib/Core/ThinkException.class.php 第 63 行.
NOTIC: [8] Undefined index: type /Users/adnetsalso/Sites/ad/ThinkPHP/Lib/Core/ThinkException.class.php 第 63 行.
NOTIC: [8] Undefined index: class /Users/adnetsalso/Sites/ad/ThinkPHP/Lib/Core/ThinkException.class.php 第 63 行.
NOTIC: [8] Undefined index: type /Users/adnetsalso/Sites/ad/ThinkPHP/Lib/Core/ThinkException.class.php 第 63 行.

[ 2012-12-06T13:10:37+08:00 ] 127.0.0.1 /ad/material/inf/50bf4d54f8894e2954000000
INFO: [ route_check ] --START--
INFO: Run CheckRoute Behavior [ RunTime:0.000066s ]
INFO: [ route_check ] --END-- [ RunTime:0.000120s ]
INFO: [ app_begin ] --START--
INFO: Run ReadHtmlCache Behavior [ RunTime:-0.000211s ]
INFO: [ app_begin ] --END-- [ RunTime:0.000095s ]
SQL: alsogood.getCollection(material) [ RunTime:0.000024s ]
NOTIC: [8] Undefined index: model /Users/adnetsalso/Sites/ad/ThinkPHP/Lib/Driver/Db/DbMongo.class.php 第 513 行.
NOTIC: [8] Undefined index: field /Users/adnetsalso/Sites/ad/ThinkPHP/Lib/Driver/Db/DbMongo.class.php 第 516 行.
SQL: alsogood.material.findOne({"_id":{"$id":"50bf4d54f8894e2954000000"}}) [ RunTime:0.019547s ]

[ 2012-12-06T13:12:55+08:00 ] ERR: (ThinkException) 非法操作:509a041296838cb770a61bd0/9655c6a395bb8f926c67eee3240da400.jpg
[ 2012-12-06T13:12:55+08:00 ] 127.0.0.1 /ad/material/deload/?a=509a041296838cb770a61bd0/9655c6a395bb8f926c67eee3240da400.jpg
INFO: [ route_check ] --START--
INFO: Run CheckRoute Behavior [ RunTime:0.000078s ]
INFO: [ route_check ] --END-- [ RunTime:0.000133s ]
INFO: [ app_begin ] --START--
INFO: Run ReadHtmlCache Behavior [ RunTime:-0.000218s ]
INFO: [ app_begin ] --END-- [ RunTime:0.000096s ]
NOTIC: [8] Undefined index: class /Users/adnetsalso/Sites/ad/ThinkPHP/Lib/Core/ThinkException.class.php 第 63 行.
NOTIC: [8] Undefined index: type /Users/adnetsalso/Sites/ad/ThinkPHP/Lib/Core/ThinkException.class.php 第 63 行.
NOTIC: [8] Undefined index: file /Users/adnetsalso/Sites/ad/ThinkPHP/Lib/Core/ThinkException.class.php 第 62 行.
NOTIC: [8] Undefined index: line /Users/adnetsalso/Sites/ad/ThinkPHP/Lib/Core/ThinkException.class.php 第 62 行.
NOTIC: [4096] Object of class MaterialAction could not be converted to string /Users/adnetsalso/Sites/ad/ThinkPHP/Lib/Core/ThinkException.class.php 第 64 行.
NOTIC: [8] Array to string conversion /Users/adnetsalso/Sites/ad/ThinkPHP/Lib/Core/ThinkException.class.php 第 64 行.
NOTIC: [8] Undefined index: class /Users/adnetsalso/Sites/ad/ThinkPHP/Lib/Core/ThinkException.class.php 第 63 行.
NOTIC: [8] Undefined index: type /Users/adnetsalso/Sites/ad/ThinkPHP/Lib/Core/ThinkException.class.php 第 63 行.
NOTIC: [8] Undefined index: class /Users/adnetsalso/Sites/ad/ThinkPHP/Lib/Core/ThinkException.class.php 第 63 行.
NOTIC: [8] Undefined index: type /Users/adnetsalso/Sites/ad/ThinkPHP/Lib/Core/ThinkException.class.php 第 63 行.

[ 2012-12-06T13:12:56+08:00 ] 127.0.0.1 /ad/material/inf/50bf4d54f8894e2954000000
INFO: [ route_check ] --START--
INFO: Run CheckRoute Behavior [ RunTime:0.000098s ]
INFO: [ route_check ] --END-- [ RunTime:0.000180s ]
INFO: [ app_begin ] --START--
INFO: Run ReadHtmlCache Behavior [ RunTime:-0.000316s ]
INFO: [ app_begin ] --END-- [ RunTime:0.000149s ]
SQL: alsogood.getCollection(material) [ RunTime:0.000017s ]
NOTIC: [8] Undefined index: model /Users/adnetsalso/Sites/ad/ThinkPHP/Lib/Driver/Db/DbMongo.class.php 第 513 行.
NOTIC: [8] Undefined index: field /Users/adnetsalso/Sites/ad/ThinkPHP/Lib/Driver/Db/DbMongo.class.php 第 516 行.
SQL: alsogood.material.findOne({"_id":{"$id":"50bf4d54f8894e2954000000"}}) [ RunTime:0.000194s ]

[ 2012-12-06T13:46:19+08:00 ] 127.0.0.1 /ad/material/del/50bf4d54f8894e2954000000
INFO: [ route_check ] --START--
INFO: Run CheckRoute Behavior [ RunTime:0.000067s ]
INFO: [ route_check ] --END-- [ RunTime:0.000124s ]
INFO: [ app_begin ] --START--
INFO: Run ReadHtmlCache Behavior [ RunTime:-0.000211s ]
INFO: [ app_begin ] --END-- [ RunTime:0.000096s ]
SQL: alsogood.getCollection(material) [ RunTime:0.000017s ]
NOTIC: [8] Undefined index: model /Users/adnetsalso/Sites/ad/ThinkPHP/Lib/Driver/Db/DbMongo.class.php 第 327 行.
SQL: alsogood.material.update({"_id":{"$id":"50bf4d54f8894e2954000000"}},{"$set":{"state":0}}) [ RunTime:0.000113s ]

[ 2012-12-06T15:14:59+08:00 ] 127.0.0.1 /ad/material/lst
INFO: [ route_check ] --START--
INFO: Run CheckRoute Behavior [ RunTime:0.000120s ]
INFO: [ route_check ] --END-- [ RunTime:0.000190s ]
INFO: [ app_begin ] --START--
INFO: Run ReadHtmlCache Behavior [ RunTime:-0.000245s ]
INFO: [ app_begin ] --END-- [ RunTime:0.000131s ]
NOTIC: [8] Undefined offset: 2 /Users/adnetsalso/Sites/ad/Lib/Action/MaterialAction.class.php 第 26 行.
SQL: alsogood.getCollection(material) [ RunTime:0.000027s ]
NOTIC: [8] Undefined index: model /Users/adnetsalso/Sites/ad/ThinkPHP/Lib/Driver/Db/DbMongo.class.php 第 433 行.
NOTIC: [8] Undefined index: field /Users/adnetsalso/Sites/ad/ThinkPHP/Lib/Driver/Db/DbMongo.class.php 第 436 行.
NOTIC: [8] Undefined index: order /Users/adnetsalso/Sites/ad/ThinkPHP/Lib/Driver/Db/DbMongo.class.php 第 447 行.
SQL: alsogood.material.find({"site":{"$id":"509a04be96838cb770a61bd2"},"state":1}).limit(1) [ RunTime:0.000055s ]

[ 2012-12-06T15:16:59+08:00 ] 127.0.0.1 /ad/adseat/index
INFO: [ route_check ] --START--
INFO: Run CheckRoute Behavior [ RunTime:0.000091s ]
INFO: [ route_check ] --END-- [ RunTime:0.000164s ]
INFO: [ app_begin ] --START--
INFO: Run ReadHtmlCache Behavior [ RunTime:-0.000272s ]
INFO: [ app_begin ] --END-- [ RunTime:0.000114s ]
NOTIC: [8] Undefined offset: 2 /Users/adnetsalso/Sites/ad/Lib/Action/AdseatAction.class.php 第 13 行.
NOTIC: [8] Undefined offset: 3 /Users/adnetsalso/Sites/ad/Lib/Action/AdseatAction.class.php 第 17 行.
NOTIC: [8] Undefined offset: 4 /Users/adnetsalso/Sites/ad/Lib/Action/AdseatAction.class.php 第 19 行.
SQL: alsogood.getCollection(website) [ RunTime:0.000136s ]
NOTIC: [8] Undefined index: model /Users/adnetsalso/Sites/ad/ThinkPHP/Lib/Driver/Db/DbMongo.class.php 第 513 行.
NOTIC: [8] Undefined index: field /Users/adnetsalso/Sites/ad/ThinkPHP/Lib/Driver/Db/DbMongo.class.php 第 516 行.
SQL: alsogood.website.findOne({"uid":{"$id":"509a041296838cb770a61bd0"}}) [ RunTime:0.000767s ]
SQL: alsogood.getCollection(adseat) [ RunTime:0.000013s ]
SQL: alsogood.adseat.find({"website":{"$id":"509a04be96838cb770a61bd2"}},["name","shape","chnName","priSize","desc"]).sort({"_id":-1}).limit(5) [ RunTime:0.000110s ]
NOTIC: [8] Undefined index: auxSize /Users/adnetsalso/Sites/ad/Lib/Action/AdseatAction.class.php 第 35 行.
NOTIC: [8] Undefined index: auxSize /Users/adnetsalso/Sites/ad/Lib/Action/AdseatAction.class.php 第 35 行.
NOTIC: [8] Undefined index: auxSize /Users/adnetsalso/Sites/ad/Lib/Action/AdseatAction.class.php 第 35 行.
NOTIC: [8] Undefined index: auxSize /Users/adnetsalso/Sites/ad/Lib/Action/AdseatAction.class.php 第 35 行.
NOTIC: [8] Undefined index: auxSize /Users/adnetsalso/Sites/ad/Lib/Action/AdseatAction.class.php 第 35 行.

[ 2012-12-06T15:18:59+08:00 ] 127.0.0.1 /ad/adseat/index
INFO: [ route_check ] --START--
INFO: Run CheckRoute Behavior [ RunTime:0.000062s ]
INFO: [ route_check ] --END-- [ RunTime:0.000116s ]
INFO: [ app_begin ] --START--
INFO: Run ReadHtmlCache Behavior [ RunTime:-0.000209s ]
INFO: [ app_begin ] --END-- [ RunTime:0.000096s ]
NOTIC: [8] Undefined offset: 2 /Users/adnetsalso/Sites/ad/Lib/Action/AdseatAction.class.php 第 13 行.
NOTIC: [8] Undefined offset: 3 /Users/adnetsalso/Sites/ad/Lib/Action/AdseatAction.class.php 第 17 行.
NOTIC: [8] Undefined offset: 4 /Users/adnetsalso/Sites/ad/Lib/Action/AdseatAction.class.php 第 19 行.
SQL: alsogood.getCollection(website) [ RunTime:0.000126s ]
NOTIC: [8] Undefined index: model /Users/adnetsalso/Sites/ad/ThinkPHP/Lib/Driver/Db/DbMongo.class.php 第 513 行.
NOTIC: [8] Undefined index: field /Users/adnetsalso/Sites/ad/ThinkPHP/Lib/Driver/Db/DbMongo.class.php 第 516 行.
SQL: alsogood.website.findOne({"uid":{"$id":"509a041296838cb770a61bd0"}}) [ RunTime:0.001108s ]
SQL: alsogood.getCollection(adseat) [ RunTime:0.000013s ]
SQL: alsogood.adseat.find({"website":{"$id":"509a04be96838cb770a61bd2"}},["name","shape","chnName","priSize","desc"]).sort({"_id":-1}).limit(5) [ RunTime:0.000175s ]
NOTIC: [8] Undefined index: auxSize /Users/adnetsalso/Sites/ad/Lib/Action/AdseatAction.class.php 第 36 行.
NOTIC: [8] Undefined index: auxSize /Users/adnetsalso/Sites/ad/Lib/Action/AdseatAction.class.php 第 36 行.
NOTIC: [8] Undefined index: auxSize /Users/adnetsalso/Sites/ad/Lib/Action/AdseatAction.class.php 第 36 行.
NOTIC: [8] Undefined index: auxSize /Users/adnetsalso/Sites/ad/Lib/Action/AdseatAction.class.php 第 36 行.
NOTIC: [8] Undefined index: auxSize /Users/adnetsalso/Sites/ad/Lib/Action/AdseatAction.class.php 第 36 行.

[ 2012-12-06T15:19:44+08:00 ] 127.0.0.1 /ad/adseat/index
INFO: [ route_check ] --START--
INFO: Run CheckRoute Behavior [ RunTime:0.000076s ]
INFO: [ route_check ] --END-- [ RunTime:0.000140s ]
INFO: [ app_begin ] --START--
INFO: Run ReadHtmlCache Behavior [ RunTime:-0.000245s ]
INFO: [ app_begin ] --END-- [ RunTime:0.000111s ]
NOTIC: [8] Undefined offset: 2 /Users/adnetsalso/Sites/ad/Lib/Action/AdseatAction.class.php 第 13 行.
NOTIC: [8] Undefined offset: 3 /Users/adnetsalso/Sites/ad/Lib/Action/AdseatAction.class.php 第 17 行.
NOTIC: [8] Undefined offset: 4 /Users/adnetsalso/Sites/ad/Lib/Action/AdseatAction.class.php 第 19 行.
SQL: alsogood.getCollection(website) [ RunTime:0.000027s ]
NOTIC: [8] Undefined index: model /Users/adnetsalso/Sites/ad/ThinkPHP/Lib/Driver/Db/DbMongo.class.php 第 513 行.
NOTIC: [8] Undefined index: field /Users/adnetsalso/Sites/ad/ThinkPHP/Lib/Driver/Db/DbMongo.class.php 第 516 行.
SQL: alsogood.website.findOne({"uid":{"$id":"509a041296838cb770a61bd0"}}) [ RunTime:0.000291s ]
SQL: alsogood.getCollection(adseat) [ RunTime:0.000016s ]
NOTIC: [8] Undefined index: field /Users/adnetsalso/Sites/ad/ThinkPHP/Lib/Driver/Db/DbMongo.class.php 第 436 行.
SQL: alsogood.adseat.find({"website":{"$id":"509a04be96838cb770a61bd2"}}).sort({"_id":-1}).limit(5) [ RunTime:0.000041s ]

[ 2012-12-06T15:20:24+08:00 ] 127.0.0.1 /ad/material/lst
INFO: [ route_check ] --START--
INFO: Run CheckRoute Behavior [ RunTime:0.000072s ]
INFO: [ route_check ] --END-- [ RunTime:0.000132s ]
INFO: [ app_begin ] --START--
INFO: Run ReadHtmlCache Behavior [ RunTime:-0.000212s ]
INFO: [ app_begin ] --END-- [ RunTime:0.000094s ]
NOTIC: [8] Undefined offset: 2 /Users/adnetsalso/Sites/ad/Lib/Action/MaterialAction.class.php 第 26 行.
SQL: alsogood.getCollection(material) [ RunTime:0.000018s ]
NOTIC: [8] Undefined index: field /Users/adnetsalso/Sites/ad/ThinkPHP/Lib/Driver/Db/DbMongo.class.php 第 436 行.
SQL: alsogood.material.find({"site":{"$id":"509a04be96838cb770a61bd2"},"state":1}).sort({"_id":-1}).limit(1) [ RunTime:0.000078s ]

[ 2012-12-06T15:21:10+08:00 ] 127.0.0.1 /ad/material/lst
INFO: [ route_check ] --START--
INFO: Run CheckRoute Behavior [ RunTime:0.000068s ]
INFO: [ route_check ] --END-- [ RunTime:0.000127s ]
INFO: [ app_begin ] --START--
INFO: Run ReadHtmlCache Behavior [ RunTime:-0.000250s ]
INFO: [ app_begin ] --END-- [ RunTime:0.000142s ]
NOTIC: [8] Undefined offset: 2 /Users/adnetsalso/Sites/ad/Lib/Action/MaterialAction.class.php 第 26 行.
SQL: alsogood.getCollection(material) [ RunTime:0.000024s ]
NOTIC: [8] Undefined index: field /Users/adnetsalso/Sites/ad/ThinkPHP/Lib/Driver/Db/DbMongo.class.php 第 436 行.
SQL: alsogood.material.find({"site":{"$id":"509a04be96838cb770a61bd2"},"state":1}).sort({"_id":-1}).limit(1) [ RunTime:0.000186s ]

[ 2012-12-06T15:23:01+08:00 ] 127.0.0.1 /ad/material/lst
INFO: [ route_check ] --START--
INFO: Run CheckRoute Behavior [ RunTime:0.000061s ]
INFO: [ route_check ] --END-- [ RunTime:0.000126s ]
INFO: [ app_begin ] --START--
INFO: Run ReadHtmlCache Behavior [ RunTime:-0.000194s ]
INFO: [ app_begin ] --END-- [ RunTime:0.000086s ]
NOTIC: [8] Undefined offset: 2 /Users/adnetsalso/Sites/ad/Lib/Action/MaterialAction.class.php 第 26 行.
SQL: alsogood.getCollection(material) [ RunTime:0.000016s ]
NOTIC: [8] Undefined index: field /Users/adnetsalso/Sites/ad/ThinkPHP/Lib/Driver/Db/DbMongo.class.php 第 436 行.
SQL: alsogood.material.find({"site":{"$id":"509a04be96838cb770a61bd2"},"state":1}).sort({"_id":-1}).limit(1) [ RunTime:0.000045s ]
NOTIC: [2] array_push() expects parameter 1 to be array, null given /Users/adnetsalso/Sites/ad/Lib/Action/MaterialAction.class.php 第 34 行.

[ 2012-12-06T15:23:24+08:00 ] 127.0.0.1 /ad/material/lst
INFO: [ route_check ] --START--
INFO: Run CheckRoute Behavior [ RunTime:0.000063s ]
INFO: [ route_check ] --END-- [ RunTime:0.000114s ]
INFO: [ app_begin ] --START--
INFO: Run ReadHtmlCache Behavior [ RunTime:-0.000194s ]
INFO: [ app_begin ] --END-- [ RunTime:0.000086s ]
NOTIC: [8] Undefined offset: 2 /Users/adnetsalso/Sites/ad/Lib/Action/MaterialAction.class.php 第 26 行.
SQL: alsogood.getCollection(material) [ RunTime:0.000023s ]
NOTIC: [8] Undefined index: field /Users/adnetsalso/Sites/ad/ThinkPHP/Lib/Driver/Db/DbMongo.class.php 第 436 行.
SQL: alsogood.material.find({"site":{"$id":"509a04be96838cb770a61bd2"},"state":1}).sort({"_id":-1}).limit(1) [ RunTime:0.000074s ]
NOTIC: [2] array_push() expects parameter 1 to be array, null given /Users/adnetsalso/Sites/ad/Lib/Action/MaterialAction.class.php 第 34 行.

[ 2012-12-06T15:23:40+08:00 ] 127.0.0.1 /ad/material/lst
INFO: [ route_check ] --START--
INFO: Run CheckRoute Behavior [ RunTime:0.000064s ]
INFO: [ route_check ] --END-- [ RunTime:0.000118s ]
INFO: [ app_begin ] --START--
INFO: Run ReadHtmlCache Behavior [ RunTime:-0.000197s ]
INFO: [ app_begin ] --END-- [ RunTime:0.000102s ]
NOTIC: [8] Undefined offset: 2 /Users/adnetsalso/Sites/ad/Lib/Action/MaterialAction.class.php 第 26 行.
SQL: alsogood.getCollection(material) [ RunTime:0.000155s ]
NOTIC: [8] Undefined index: field /Users/adnetsalso/Sites/ad/ThinkPHP/Lib/Driver/Db/DbMongo.class.php 第 436 行.
SQL: alsogood.material.find({"site":{"$id":"509a04be96838cb770a61bd2"},"state":1}).sort({"_id":-1}).limit(1) [ RunTime:0.000369s ]

[ 2012-12-06T15:25:54+08:00 ] 127.0.0.1 /ad/adseat/index
INFO: [ route_check ] --START--
INFO: Run CheckRoute Behavior [ RunTime:0.000061s ]
INFO: [ route_check ] --END-- [ RunTime:0.000114s ]
INFO: [ app_begin ] --START--
INFO: Run ReadHtmlCache Behavior [ RunTime:-0.000200s ]
INFO: [ app_begin ] --END-- [ RunTime:0.000089s ]
NOTIC: [8] Undefined offset: 2 /Users/adnetsalso/Sites/ad/Lib/Action/AdseatAction.class.php 第 13 行.
NOTIC: [8] Undefined offset: 3 /Users/adnetsalso/Sites/ad/Lib/Action/AdseatAction.class.php 第 17 行.
NOTIC: [8] Undefined offset: 4 /Users/adnetsalso/Sites/ad/Lib/Action/AdseatAction.class.php 第 19 行.
SQL: alsogood.getCollection(website) [ RunTime:0.000029s ]
NOTIC: [8] Undefined index: model /Users/adnetsalso/Sites/ad/ThinkPHP/Lib/Driver/Db/DbMongo.class.php 第 513 行.
NOTIC: [8] Undefined index: field /Users/adnetsalso/Sites/ad/ThinkPHP/Lib/Driver/Db/DbMongo.class.php 第 516 行.
SQL: alsogood.website.findOne({"uid":{"$id":"509a041296838cb770a61bd0"}}) [ RunTime:0.000265s ]
SQL: alsogood.getCollection(adseat) [ RunTime:0.000015s ]
SQL: alsogood.adseat.find({"website":{"$id":"509a04be96838cb770a61bd2"}},["name","shape","chnName","priSize","desc"]).sort({"_id":-1}).limit(5) [ RunTime:0.000041s ]
NOTIC: [8] Undefined index: auxSize /Users/adnetsalso/Sites/ad/Lib/Action/AdseatAction.class.php 第 35 行.
NOTIC: [8] Undefined index: auxSize /Users/adnetsalso/Sites/ad/Lib/Action/AdseatAction.class.php 第 35 行.
NOTIC: [8] Undefined index: auxSize /Users/adnetsalso/Sites/ad/Lib/Action/AdseatAction.class.php 第 35 行.
NOTIC: [8] Undefined index: auxSize /Users/adnetsalso/Sites/ad/Lib/Action/AdseatAction.class.php 第 35 行.
NOTIC: [8] Undefined index: auxSize /Users/adnetsalso/Sites/ad/Lib/Action/AdseatAction.class.php 第 35 行.

[ 2012-12-06T15:26:02+08:00 ] 127.0.0.1 /ad/material/lst
INFO: [ route_check ] --START--
INFO: Run CheckRoute Behavior [ RunTime:0.000075s ]
INFO: [ route_check ] --END-- [ RunTime:0.000138s ]
INFO: [ app_begin ] --START--
INFO: Run ReadHtmlCache Behavior [ RunTime:-0.000271s ]
INFO: [ app_begin ] --END-- [ RunTime:0.000110s ]
NOTIC: [8] Undefined offset: 2 /Users/adnetsalso/Sites/ad/Lib/Action/MaterialAction.class.php 第 26 行.
SQL: alsogood.getCollection(material) [ RunTime:0.000018s ]
NOTIC: [8] Undefined index: field /Users/adnetsalso/Sites/ad/ThinkPHP/Lib/Driver/Db/DbMongo.class.php 第 436 行.
SQL: alsogood.material.find({"site":{"$id":"509a04be96838cb770a61bd2"},"state":1}).sort({"_id":-1}).limit(1) [ RunTime:0.000076s ]

