[ 2013-01-04T12:02:55+08:00 ] 127.0.0.1 /ad/
INFO: [ app_begin ] --START--
INFO: Run ReadHtmlCache Behavior [ RunTime:0.004930s ]
INFO: [ app_begin ] --END-- [ RunTime:0.005088s ]

[ 2013-01-04T12:02:55+08:00 ] 127.0.0.1 /ad/s/lgn
INFO: [ route_check ] --START--
INFO: Run CheckRoute Behavior [ RunTime:0.003132s ]
INFO: [ route_check ] --END-- [ RunTime:0.003209s ]
INFO: [ app_begin ] --START--
INFO: Run ReadHtmlCache Behavior [ RunTime:-0.000281s ]
INFO: [ app_begin ] --END-- [ RunTime:0.000115s ]
INFO: [ view_template ] --START--
INFO: Run LocationTemplate Behavior [ RunTime:-0.025117s ]
INFO: [ view_template ] --END-- [ RunTime:0.006529s ]
INFO: [ view_parse ] --START--
INFO: Run ParseTemplate Behavior [ RunTime:-0.031689s ]
INFO: [ view_parse ] --END-- [ RunTime:0.040466s ]
INFO: [ view_filter ] --START--
INFO: Run ContentReplace Behavior [ RunTime:-0.072178s ]
INFO: Run TokenBuild Behavior [ RunTime:-0.075124s ]
INFO: Run WriteHtmlCache Behavior [ RunTime:-0.077859s ]
INFO: Run ShowRuntime Behavior [ RunTime:-0.080460s ]
INFO: [ view_filter ] --END-- [ RunTime:0.011407s ]
INFO: [ view_end ] --START--
INFO: Run ShowPageTrace Behavior [ RunTime:-0.083635s ]
INFO: [ view_end ] --END-- [ RunTime:0.003129s ]

[ 2013-01-04T12:02:56+08:00 ] 127.0.0.1 /ad/s/login
INFO: [ route_check ] --START--
INFO: Run CheckRoute Behavior [ RunTime:0.000088s ]
INFO: [ route_check ] --END-- [ RunTime:0.000161s ]
INFO: [ app_begin ] --START--
INFO: Run ReadHtmlCache Behavior [ RunTime:-0.000281s ]
INFO: [ app_begin ] --END-- [ RunTime:0.000146s ]
SQL: alsogood.getCollection(user) [ RunTime:0.000121s ]
NOTIC: [8] Undefined index: model /Users/adnetsalso/Sites/ad/ThinkPHP/Lib/Driver/Db/DbMongo.class.php 第 513 行.
SQL: alsogood.user.findOne({"email":"shiba@da.com","psd":"96e79218965eb72c92a549dd5a330112","state":1},["email","name","url"]) [ RunTime:0.036203s ]

[ 2013-01-04T12:02:56+08:00 ] 127.0.0.1 /ad/index/index
INFO: [ route_check ] --START--
INFO: Run CheckRoute Behavior [ RunTime:0.000090s ]
INFO: [ route_check ] --END-- [ RunTime:0.000163s ]
INFO: [ app_begin ] --START--
INFO: Run ReadHtmlCache Behavior [ RunTime:-0.000281s ]
INFO: [ app_begin ] --END-- [ RunTime:0.000145s ]

[ 2013-01-04T12:04:56+08:00 ] 127.0.0.1 /ad/bill/lst
INFO: [ route_check ] --START--
INFO: Run CheckRoute Behavior [ RunTime:0.000115s ]
INFO: [ route_check ] --END-- [ RunTime:0.000258s ]
INFO: [ app_begin ] --START--
INFO: Run ReadHtmlCache Behavior [ RunTime:-0.000405s ]
INFO: [ app_begin ] --END-- [ RunTime:0.000122s ]
NOTIC: [8] Undefined offset: 2 /Users/adnetsalso/Sites/ad/Lib/Action/BillAction.class.php 第 192 行.
SQL: alsogood.getCollection(adseat) [ RunTime:0.000126s ]
SQL: alsogood.getCollection(website) [ RunTime:0.000090s ]
NOTIC: [8] Undefined index: model /Users/adnetsalso/Sites/ad/ThinkPHP/Lib/Driver/Db/DbMongo.class.php 第 513 行.
SQL: alsogood.website.findOne({"uid":{"$id":"509a041296838cb770a61bd0"}},["_id"]) [ RunTime:0.017461s ]
SQL: alsogood.getCollection(adseat) [ RunTime:0.000016s ]
NOTIC: [8] Undefined index: order /Users/adnetsalso/Sites/ad/ThinkPHP/Lib/Driver/Db/DbMongo.class.php 第 447 行.
SQL: alsogood.adseat.find({"website":{"$id":"509a04be96838cb770a61bd2"}},["_id"]) [ RunTime:0.000056s ]
SQL: alsogood.getCollection(bill) [ RunTime:0.000028s ]
NOTIC: [8] Undefined index: field /Users/adnetsalso/Sites/ad/ThinkPHP/Lib/Driver/Db/DbMongo.class.php 第 436 行.
NOTIC: [8] Undefined index: order /Users/adnetsalso/Sites/ad/ThinkPHP/Lib/Driver/Db/DbMongo.class.php 第 447 行.
SQL: alsogood.bill.find({"seat":{"$in":["509ca84af8894e3873000000","509ca88ef8894e7585000000","509ca90df8894e7485000000","509ca936f8894e758a000000","509ca986f8894e7585010000","509ca9b0f8894e7485010000","509ca9f3f8894e0f73000000","509cb2eff8894e7485020000","50a1e96af8894ec319000000","50a1e9bef8894e6c54000000","50a1f3b3f8894e6217000000","50a200a6f8894e525d000000","50a2212ef8894ee45d010000","50a25386f8894eb970010000","50a35cd0f8894ea89e000000","50a49ad3f8894e6ad9000000","50ac67f9f8894e9950010000"]}}).limit(10) [ RunTime:0.000097s ]

[ 2013-01-04T12:05:00+08:00 ] 127.0.0.1 /ad/bill/lst
INFO: [ route_check ] --START--
INFO: Run CheckRoute Behavior [ RunTime:0.000096s ]
INFO: [ route_check ] --END-- [ RunTime:0.000179s ]
INFO: [ app_begin ] --START--
INFO: Run ReadHtmlCache Behavior [ RunTime:-0.000286s ]
INFO: [ app_begin ] --END-- [ RunTime:0.000156s ]
NOTIC: [8] Undefined offset: 2 /Users/adnetsalso/Sites/ad/Lib/Action/BillAction.class.php 第 192 行.
SQL: alsogood.getCollection(adseat) [ RunTime:0.000026s ]
NOTIC: [8] Undefined index: order /Users/adnetsalso/Sites/ad/ThinkPHP/Lib/Driver/Db/DbMongo.class.php 第 447 行.
SQL: alsogood.adseat.find({"website":{"$id":"509a04be96838cb770a61bd2"}},["_id"]) [ RunTime:0.000077s ]
SQL: alsogood.getCollection(bill) [ RunTime:0.000016s ]
NOTIC: [8] Undefined index: field /Users/adnetsalso/Sites/ad/ThinkPHP/Lib/Driver/Db/DbMongo.class.php 第 436 行.
NOTIC: [8] Undefined index: order /Users/adnetsalso/Sites/ad/ThinkPHP/Lib/Driver/Db/DbMongo.class.php 第 447 行.
SQL: alsogood.bill.find({"seat":{"$in":["509ca84af8894e3873000000","509ca88ef8894e7585000000","509ca90df8894e7485000000","509ca936f8894e758a000000","509ca986f8894e7585010000","509ca9b0f8894e7485010000","509ca9f3f8894e0f73000000","509cb2eff8894e7485020000","50a1e96af8894ec319000000","50a1e9bef8894e6c54000000","50a1f3b3f8894e6217000000","50a200a6f8894e525d000000","50a2212ef8894ee45d010000","50a25386f8894eb970010000","50a35cd0f8894ea89e000000","50a49ad3f8894e6ad9000000","50ac67f9f8894e9950010000"]}}).limit(10) [ RunTime:0.000053s ]

