[ 2013-01-10T13:56:43+08:00 ] ERR: [4] syntax error, unexpected $end, expecting T_FUNCTION /Users/adnetsalso/Sites/ad/Lib/Action/BillAction.class.php 第 294 行.
[ 2013-01-10T13:56:58+08:00 ] 127.0.0.1 /ad/bill/lst
INFO: [ route_check ] --START--
INFO: Run CheckRoute Behavior [ RunTime:0.000149s ]
INFO: [ route_check ] --END-- [ RunTime:0.000305s ]
INFO: [ app_begin ] --START--
INFO: Run ReadHtmlCache Behavior [ RunTime:-0.000792s ]
INFO: [ app_begin ] --END-- [ RunTime:0.000204s ]
NOTIC: [8] Undefined offset: 2 /Users/adnetsalso/Sites/ad/Lib/Action/BillAction.class.php 第 211 行.
SQL: alsogood.getCollection(adseat) [ RunTime:0.000136s ]
NOTIC: [8] Undefined index: order /Users/adnetsalso/Sites/ad/ThinkPHP/Lib/Driver/Db/DbMongo.class.php 第 447 行.
SQL: alsogood.adseat.find({"website":{"$id":"509a04be96838cb770a61bd2"}},["_id"]) [ RunTime:0.000540s ]
SQL: alsogood.getCollection(bill) [ RunTime:0.000029s ]
NOTIC: [8] Undefined index: order /Users/adnetsalso/Sites/ad/ThinkPHP/Lib/Driver/Db/DbMongo.class.php 第 447 行.
SQL: alsogood.bill.find({"seat":{"$in":["509ca84af8894e3873000000","509ca88ef8894e7585000000","509ca90df8894e7485000000","509ca936f8894e758a000000","509ca986f8894e7585010000","509ca9b0f8894e7485010000","509ca9f3f8894e0f73000000","509cb2eff8894e7485020000","50a1e96af8894ec319000000","50a1e9bef8894e6c54000000","50a1f3b3f8894e6217000000","50a200a6f8894e525d000000","50a2212ef8894ee45d010000","50a25386f8894eb970010000","50a35cd0f8894ea89e000000","50a49ad3f8894e6ad9000000","50ac67f9f8894e9950010000"]}},["name","desc","order","put"]).limit(10) [ RunTime:0.000193s ]

[ 2013-01-10T14:12:09+08:00 ] 127.0.0.1 /ad/bill/lst
INFO: [ route_check ] --START--
INFO: Run CheckRoute Behavior [ RunTime:0.000095s ]
INFO: [ route_check ] --END-- [ RunTime:0.000218s ]
INFO: [ app_begin ] --START--
INFO: Run ReadHtmlCache Behavior [ RunTime:-0.000389s ]
INFO: [ app_begin ] --END-- [ RunTime:0.000168s ]
NOTIC: [8] Undefined offset: 2 /Users/adnetsalso/Sites/ad/Lib/Action/BillAction.class.php 第 225 行.
SQL: alsogood.getCollection(adseat) [ RunTime:0.000116s ]
NOTIC: [8] Undefined index: order /Users/adnetsalso/Sites/ad/ThinkPHP/Lib/Driver/Db/DbMongo.class.php 第 447 行.
SQL: alsogood.adseat.find({"website":{"$id":"509a04be96838cb770a61bd2"}},["_id"]) [ RunTime:0.000592s ]
SQL: alsogood.getCollection(bill) [ RunTime:0.000041s ]
NOTIC: [8] Undefined index: order /Users/adnetsalso/Sites/ad/ThinkPHP/Lib/Driver/Db/DbMongo.class.php 第 447 行.
SQL: alsogood.bill.find({"seat":{"$in":["509ca84af8894e3873000000","509ca88ef8894e7585000000","509ca90df8894e7485000000","509ca936f8894e758a000000","509ca986f8894e7585010000","509ca9b0f8894e7485010000","509ca9f3f8894e0f73000000","509cb2eff8894e7485020000","50a1e96af8894ec319000000","50a1e9bef8894e6c54000000","50a1f3b3f8894e6217000000","50a200a6f8894e525d000000","50a2212ef8894ee45d010000","50a25386f8894eb970010000","50a35cd0f8894ea89e000000","50a49ad3f8894e6ad9000000","50ac67f9f8894e9950010000"]}},["name","desc","order","put"]).limit(10) [ RunTime:0.000137s ]

[ 2013-01-10T14:12:13+08:00 ] 127.0.0.1 /ad/bill/lst
INFO: [ route_check ] --START--
INFO: Run CheckRoute Behavior [ RunTime:0.000075s ]
INFO: [ route_check ] --END-- [ RunTime:0.000137s ]
INFO: [ app_begin ] --START--
INFO: Run ReadHtmlCache Behavior [ RunTime:-0.000245s ]
INFO: [ app_begin ] --END-- [ RunTime:0.000113s ]
NOTIC: [8] Undefined offset: 2 /Users/adnetsalso/Sites/ad/Lib/Action/BillAction.class.php 第 225 行.
SQL: alsogood.getCollection(adseat) [ RunTime:0.000034s ]
NOTIC: [8] Undefined index: order /Users/adnetsalso/Sites/ad/ThinkPHP/Lib/Driver/Db/DbMongo.class.php 第 447 行.
SQL: alsogood.adseat.find({"website":{"$id":"509a04be96838cb770a61bd2"}},["_id"]) [ RunTime:0.000092s ]
SQL: alsogood.getCollection(bill) [ RunTime:0.000026s ]
NOTIC: [8] Undefined index: order /Users/adnetsalso/Sites/ad/ThinkPHP/Lib/Driver/Db/DbMongo.class.php 第 447 行.
SQL: alsogood.bill.find({"seat":{"$in":["509ca84af8894e3873000000","509ca88ef8894e7585000000","509ca90df8894e7485000000","509ca936f8894e758a000000","509ca986f8894e7585010000","509ca9b0f8894e7485010000","509ca9f3f8894e0f73000000","509cb2eff8894e7485020000","50a1e96af8894ec319000000","50a1e9bef8894e6c54000000","50a1f3b3f8894e6217000000","50a200a6f8894e525d000000","50a2212ef8894ee45d010000","50a25386f8894eb970010000","50a35cd0f8894ea89e000000","50a49ad3f8894e6ad9000000","50ac67f9f8894e9950010000"]}},["name","desc","order","put"]).limit(10) [ RunTime:0.000058s ]

[ 2013-01-10T14:12:42+08:00 ] 127.0.0.1 /ad/bill/lst
INFO: [ route_check ] --START--
INFO: Run CheckRoute Behavior [ RunTime:0.007441s ]
INFO: [ route_check ] --END-- [ RunTime:0.007657s ]
INFO: [ app_begin ] --START--
INFO: Run ReadHtmlCache Behavior [ RunTime:-0.000572s ]
INFO: [ app_begin ] --END-- [ RunTime:0.000218s ]
NOTIC: [8] Undefined offset: 2 /Users/adnetsalso/Sites/ad/Lib/Action/BillAction.class.php 第 225 行.
SQL: alsogood.getCollection(adseat) [ RunTime:0.000054s ]
NOTIC: [8] Undefined index: order /Users/adnetsalso/Sites/ad/ThinkPHP/Lib/Driver/Db/DbMongo.class.php 第 447 行.
SQL: alsogood.adseat.find({"website":{"$id":"509a04be96838cb770a61bd2"}},["_id"]) [ RunTime:0.000079s ]
SQL: alsogood.getCollection(bill) [ RunTime:0.000012s ]
NOTIC: [8] Undefined index: order /Users/adnetsalso/Sites/ad/ThinkPHP/Lib/Driver/Db/DbMongo.class.php 第 447 行.
SQL: alsogood.bill.find({"seat":{"$in":["509ca84af8894e3873000000","509ca88ef8894e7585000000","509ca90df8894e7485000000","509ca936f8894e758a000000","509ca986f8894e7585010000","509ca9b0f8894e7485010000","509ca9f3f8894e0f73000000","509cb2eff8894e7485020000","50a1e96af8894ec319000000","50a1e9bef8894e6c54000000","50a1f3b3f8894e6217000000","50a200a6f8894e525d000000","50a2212ef8894ee45d010000","50a25386f8894eb970010000","50a35cd0f8894ea89e000000","50a49ad3f8894e6ad9000000","50ac67f9f8894e9950010000"]}},["name","desc","order","put"]).limit(10) [ RunTime:0.000084s ]

[ 2013-01-10T14:13:11+08:00 ] 127.0.0.1 /ad/bill/lst
INFO: [ route_check ] --START--
INFO: Run CheckRoute Behavior [ RunTime:0.000192s ]
INFO: [ route_check ] --END-- [ RunTime:0.000423s ]
INFO: [ app_begin ] --START--
INFO: Run ReadHtmlCache Behavior [ RunTime:-0.000654s ]
INFO: [ app_begin ] --END-- [ RunTime:0.000325s ]
NOTIC: [8] Undefined offset: 2 /Users/adnetsalso/Sites/ad/Lib/Action/BillAction.class.php 第 225 行.
SQL: alsogood.getCollection(adseat) [ RunTime:0.000074s ]
NOTIC: [8] Undefined index: order /Users/adnetsalso/Sites/ad/ThinkPHP/Lib/Driver/Db/DbMongo.class.php 第 447 行.
SQL: alsogood.adseat.find({"website":{"$id":"509a04be96838cb770a61bd2"}},["_id"]) [ RunTime:0.000178s ]
SQL: alsogood.getCollection(bill) [ RunTime:0.000027s ]
NOTIC: [8] Undefined index: order /Users/adnetsalso/Sites/ad/ThinkPHP/Lib/Driver/Db/DbMongo.class.php 第 447 行.
SQL: alsogood.bill.find({"seat":{"$in":["509ca84af8894e3873000000","509ca88ef8894e7585000000","509ca90df8894e7485000000","509ca936f8894e758a000000","509ca986f8894e7585010000","509ca9b0f8894e7485010000","509ca9f3f8894e0f73000000","509cb2eff8894e7485020000","50a1e96af8894ec319000000","50a1e9bef8894e6c54000000","50a1f3b3f8894e6217000000","50a200a6f8894e525d000000","50a2212ef8894ee45d010000","50a25386f8894eb970010000","50a35cd0f8894ea89e000000","50a49ad3f8894e6ad9000000","50ac67f9f8894e9950010000"]}},["name","desc","order","put"]).limit(10) [ RunTime:0.000144s ]

[ 2013-01-10T14:14:02+08:00 ] 127.0.0.1 /ad/bill/lst
INFO: [ route_check ] --START--
INFO: Run CheckRoute Behavior [ RunTime:0.000159s ]
INFO: [ route_check ] --END-- [ RunTime:0.000350s ]
INFO: [ app_begin ] --START--
INFO: Run ReadHtmlCache Behavior [ RunTime:-0.001113s ]
INFO: [ app_begin ] --END-- [ RunTime:0.000284s ]
NOTIC: [8] Undefined offset: 2 /Users/adnetsalso/Sites/ad/Lib/Action/BillAction.class.php 第 225 行.
SQL: alsogood.getCollection(adseat) [ RunTime:0.000048s ]
NOTIC: [8] Undefined index: order /Users/adnetsalso/Sites/ad/ThinkPHP/Lib/Driver/Db/DbMongo.class.php 第 447 行.
SQL: alsogood.adseat.find({"website":{"$id":"509a04be96838cb770a61bd2"}},["_id"]) [ RunTime:0.005041s ]
SQL: alsogood.getCollection(bill) [ RunTime:0.000014s ]
NOTIC: [8] Undefined index: order /Users/adnetsalso/Sites/ad/ThinkPHP/Lib/Driver/Db/DbMongo.class.php 第 447 行.
SQL: alsogood.bill.find({"seat":{"$in":["509ca84af8894e3873000000","509ca88ef8894e7585000000","509ca90df8894e7485000000","509ca936f8894e758a000000","509ca986f8894e7585010000","509ca9b0f8894e7485010000","509ca9f3f8894e0f73000000","509cb2eff8894e7485020000","50a1e96af8894ec319000000","50a1e9bef8894e6c54000000","50a1f3b3f8894e6217000000","50a200a6f8894e525d000000","50a2212ef8894ee45d010000","50a25386f8894eb970010000","50a35cd0f8894ea89e000000","50a49ad3f8894e6ad9000000","50ac67f9f8894e9950010000"]}},["name","desc","order","put"]).limit(10) [ RunTime:0.000067s ]

[ 2013-01-10T14:32:44+08:00 ] 127.0.0.1 /ad/bill/lst
INFO: [ route_check ] --START--
INFO: Run CheckRoute Behavior [ RunTime:0.000146s ]
INFO: [ route_check ] --END-- [ RunTime:0.000333s ]
INFO: [ app_begin ] --START--
INFO: Run ReadHtmlCache Behavior [ RunTime:-0.001334s ]
INFO: [ app_begin ] --END-- [ RunTime:0.000232s ]
NOTIC: [8] Undefined offset: 2 /Users/adnetsalso/Sites/ad/Lib/Action/BillAction.class.php 第 225 行.
SQL: alsogood.getCollection(adseat) [ RunTime:0.000041s ]
NOTIC: [8] Undefined index: order /Users/adnetsalso/Sites/ad/ThinkPHP/Lib/Driver/Db/DbMongo.class.php 第 447 行.
SQL: alsogood.adseat.find({"website":{"$id":"509a04be96838cb770a61bd2"}},["_id"]) [ RunTime:0.014361s ]
SQL: alsogood.getCollection(bill) [ RunTime:0.000014s ]
NOTIC: [8] Undefined index: order /Users/adnetsalso/Sites/ad/ThinkPHP/Lib/Driver/Db/DbMongo.class.php 第 447 行.
SQL: alsogood.bill.find({"seat":{"$in":["509ca84af8894e3873000000","509ca88ef8894e7585000000","509ca90df8894e7485000000","509ca936f8894e758a000000","509ca986f8894e7585010000","509ca9b0f8894e7485010000","509ca9f3f8894e0f73000000","509cb2eff8894e7485020000","50a1e96af8894ec319000000","50a1e9bef8894e6c54000000","50a1f3b3f8894e6217000000","50a200a6f8894e525d000000","50a2212ef8894ee45d010000","50a25386f8894eb970010000","50a35cd0f8894ea89e000000","50a49ad3f8894e6ad9000000","50ac67f9f8894e9950010000"]}},["name","desc","order","put"]).limit(10) [ RunTime:0.000074s ]

[ 2013-01-10T14:52:19+08:00 ] 127.0.0.1 /ad/bill/lst
INFO: [ route_check ] --START--
INFO: Run CheckRoute Behavior [ RunTime:0.000124s ]
INFO: [ route_check ] --END-- [ RunTime:0.000219s ]
INFO: [ app_begin ] --START--
INFO: Run ReadHtmlCache Behavior [ RunTime:-0.000428s ]
INFO: [ app_begin ] --END-- [ RunTime:0.000091s ]
NOTIC: [8] Undefined offset: 2 /Users/adnetsalso/Sites/ad/Lib/Action/BillAction.class.php 第 225 行.
SQL: alsogood.getCollection(adseat) [ RunTime:0.000051s ]
NOTIC: [8] Undefined index: order /Users/adnetsalso/Sites/ad/ThinkPHP/Lib/Driver/Db/DbMongo.class.php 第 447 行.
SQL: alsogood.adseat.find({"website":{"$id":"509a04be96838cb770a61bd2"}},["_id"]) [ RunTime:0.000093s ]
SQL: alsogood.getCollection(bill) [ RunTime:0.000014s ]
NOTIC: [8] Undefined index: order /Users/adnetsalso/Sites/ad/ThinkPHP/Lib/Driver/Db/DbMongo.class.php 第 447 行.
SQL: alsogood.bill.find({"seat":{"$in":["509ca84af8894e3873000000","509ca88ef8894e7585000000","509ca90df8894e7485000000","509ca936f8894e758a000000","509ca986f8894e7585010000","509ca9b0f8894e7485010000","509ca9f3f8894e0f73000000","509cb2eff8894e7485020000","50a1e96af8894ec319000000","50a1e9bef8894e6c54000000","50a1f3b3f8894e6217000000","50a200a6f8894e525d000000","50a2212ef8894ee45d010000","50a25386f8894eb970010000","50a35cd0f8894ea89e000000","50a49ad3f8894e6ad9000000","50ac67f9f8894e9950010000"]}},["name","desc","order","put"]).limit(10) [ RunTime:0.000106s ]

[ 2013-01-10T15:09:39+08:00 ] 127.0.0.1 /ad/bill/lst
INFO: [ route_check ] --START--
INFO: Run CheckRoute Behavior [ RunTime:0.000113s ]
INFO: [ route_check ] --END-- [ RunTime:0.000251s ]
INFO: [ app_begin ] --START--
INFO: Run ReadHtmlCache Behavior [ RunTime:-0.000753s ]
INFO: [ app_begin ] --END-- [ RunTime:0.000158s ]
NOTIC: [8] Undefined offset: 2 /Users/adnetsalso/Sites/ad/Lib/Action/BillAction.class.php 第 225 行.
SQL: alsogood.getCollection(adseat) [ RunTime:0.000035s ]
NOTIC: [8] Undefined index: order /Users/adnetsalso/Sites/ad/ThinkPHP/Lib/Driver/Db/DbMongo.class.php 第 447 行.
SQL: alsogood.adseat.find({"website":{"$id":"509a04be96838cb770a61bd2"}},["_id"]) [ RunTime:0.000463s ]
SQL: alsogood.getCollection(bill) [ RunTime:0.000071s ]
NOTIC: [8] Undefined index: order /Users/adnetsalso/Sites/ad/ThinkPHP/Lib/Driver/Db/DbMongo.class.php 第 447 行.
SQL: alsogood.bill.find({"seat":{"$in":["509ca84af8894e3873000000","509ca88ef8894e7585000000","509ca90df8894e7485000000","509ca936f8894e758a000000","509ca986f8894e7585010000","509ca9b0f8894e7485010000","509ca9f3f8894e0f73000000","509cb2eff8894e7485020000","50a1e96af8894ec319000000","50a1e9bef8894e6c54000000","50a1f3b3f8894e6217000000","50a200a6f8894e525d000000","50a2212ef8894ee45d010000","50a25386f8894eb970010000","50a35cd0f8894ea89e000000","50a49ad3f8894e6ad9000000","50ac67f9f8894e9950010000"]}},["name","desc","order","put"]).limit(10) [ RunTime:0.000209s ]

[ 2013-01-10T15:10:44+08:00 ] 127.0.0.1 /ad/
INFO: [ app_begin ] --START--
INFO: Run ReadHtmlCache Behavior [ RunTime:0.000082s ]
INFO: [ app_begin ] --END-- [ RunTime:0.000173s ]
INFO: [ view_template ] --START--
INFO: Run LocationTemplate Behavior [ RunTime:-0.060058s ]
INFO: [ view_template ] --END-- [ RunTime:0.000259s ]
INFO: [ view_parse ] --START--
NOTIC: [8] Use of undefined constant ad - assumed 'ad' /Users/adnetsalso/Sites/ad/Runtime/Cache/ee8aea2c68b05ccae06baa3bc2f3d3c0.php 第 15 行.
NOTIC: [8] Use of undefined constant loca - assumed 'loca' /Users/adnetsalso/Sites/ad/Runtime/Cache/ee8aea2c68b05ccae06baa3bc2f3d3c0.php 第 23 行.
NOTIC: [8] Use of undefined constant mater - assumed 'mater' /Users/adnetsalso/Sites/ad/Runtime/Cache/ee8aea2c68b05ccae06baa3bc2f3d3c0.php 第 31 行.
INFO: Run ParseTemplate Behavior [ RunTime:-0.060337s ]
INFO: [ view_parse ] --END-- [ RunTime:0.069014s ]
INFO: [ view_filter ] --START--
INFO: Run ContentReplace Behavior [ RunTime:-0.129408s ]
INFO: Run TokenBuild Behavior [ RunTime:-0.129846s ]
INFO: Run WriteHtmlCache Behavior [ RunTime:-0.130000s ]
INFO: Run ShowRuntime Behavior [ RunTime:-0.130086s ]
INFO: [ view_filter ] --END-- [ RunTime:0.000856s ]
INFO: [ view_end ] --START--
INFO: Run ShowPageTrace Behavior [ RunTime:-0.130310s ]
INFO: [ view_end ] --END-- [ RunTime:0.000118s ]

[ 2013-01-10T15:14:01+08:00 ] 127.0.0.1 /ad/bill/lst
INFO: [ route_check ] --START--
INFO: Run CheckRoute Behavior [ RunTime:0.000110s ]
INFO: [ route_check ] --END-- [ RunTime:0.000215s ]
INFO: [ app_begin ] --START--
INFO: Run ReadHtmlCache Behavior [ RunTime:-0.000322s ]
INFO: [ app_begin ] --END-- [ RunTime:0.000133s ]
NOTIC: [8] Undefined offset: 2 /Users/adnetsalso/Sites/ad/Lib/Action/BillAction.class.php 第 225 行.
SQL: alsogood.getCollection(adseat) [ RunTime:0.000030s ]
NOTIC: [8] Undefined index: order /Users/adnetsalso/Sites/ad/ThinkPHP/Lib/Driver/Db/DbMongo.class.php 第 447 行.
SQL: alsogood.adseat.find({"website":{"$id":"509a04be96838cb770a61bd2"}},["_id"]) [ RunTime:0.000066s ]
SQL: alsogood.getCollection(bill) [ RunTime:0.000016s ]
NOTIC: [8] Undefined index: order /Users/adnetsalso/Sites/ad/ThinkPHP/Lib/Driver/Db/DbMongo.class.php 第 447 行.
SQL: alsogood.bill.find({"seat":{"$in":["509ca84af8894e3873000000","509ca88ef8894e7585000000","509ca90df8894e7485000000","509ca936f8894e758a000000","509ca986f8894e7585010000","509ca9b0f8894e7485010000","509ca9f3f8894e0f73000000","509cb2eff8894e7485020000","50a1e96af8894ec319000000","50a1e9bef8894e6c54000000","50a1f3b3f8894e6217000000","50a200a6f8894e525d000000","50a2212ef8894ee45d010000","50a25386f8894eb970010000","50a35cd0f8894ea89e000000","50a49ad3f8894e6ad9000000","50ac67f9f8894e9950010000"]}},["name","desc","order","put"]).limit(10) [ RunTime:0.000061s ]
NOTIC: [8] Undefined variable: stopTime /Users/adnetsalso/Sites/ad/Lib/Action/BillAction.class.php 第 248 行.
NOTIC: [8] Undefined variable: stopTime /Users/adnetsalso/Sites/ad/Lib/Action/BillAction.class.php 第 248 行.
NOTIC: [8] Undefined variable: stopTime /Users/adnetsalso/Sites/ad/Lib/Action/BillAction.class.php 第 248 行.
NOTIC: [8] Undefined variable: stopTime /Users/adnetsalso/Sites/ad/Lib/Action/BillAction.class.php 第 248 行.

[ 2013-01-10T15:14:16+08:00 ] 127.0.0.1 /ad/bill/lst
INFO: [ route_check ] --START--
INFO: Run CheckRoute Behavior [ RunTime:0.000084s ]
INFO: [ route_check ] --END-- [ RunTime:0.000154s ]
INFO: [ app_begin ] --START--
INFO: Run ReadHtmlCache Behavior [ RunTime:-0.000210s ]
INFO: [ app_begin ] --END-- [ RunTime:0.000087s ]
NOTIC: [8] Undefined offset: 2 /Users/adnetsalso/Sites/ad/Lib/Action/BillAction.class.php 第 225 行.
SQL: alsogood.getCollection(adseat) [ RunTime:0.000017s ]
NOTIC: [8] Undefined index: order /Users/adnetsalso/Sites/ad/ThinkPHP/Lib/Driver/Db/DbMongo.class.php 第 447 行.
SQL: alsogood.adseat.find({"website":{"$id":"509a04be96838cb770a61bd2"}},["_id"]) [ RunTime:0.000061s ]
SQL: alsogood.getCollection(bill) [ RunTime:0.000014s ]
NOTIC: [8] Undefined index: order /Users/adnetsalso/Sites/ad/ThinkPHP/Lib/Driver/Db/DbMongo.class.php 第 447 行.
SQL: alsogood.bill.find({"seat":{"$in":["509ca84af8894e3873000000","509ca88ef8894e7585000000","509ca90df8894e7485000000","509ca936f8894e758a000000","509ca986f8894e7585010000","509ca9b0f8894e7485010000","509ca9f3f8894e0f73000000","509cb2eff8894e7485020000","50a1e96af8894ec319000000","50a1e9bef8894e6c54000000","50a1f3b3f8894e6217000000","50a200a6f8894e525d000000","50a2212ef8894ee45d010000","50a25386f8894eb970010000","50a35cd0f8894ea89e000000","50a49ad3f8894e6ad9000000","50ac67f9f8894e9950010000"]}},["name","desc","order","put"]).limit(10) [ RunTime:0.000054s ]
NOTIC: [8] Undefined variable: stopTime /Users/adnetsalso/Sites/ad/Lib/Action/BillAction.class.php 第 248 行.
NOTIC: [8] Undefined variable: stopTime /Users/adnetsalso/Sites/ad/Lib/Action/BillAction.class.php 第 248 行.
NOTIC: [8] Undefined variable: stopTime /Users/adnetsalso/Sites/ad/Lib/Action/BillAction.class.php 第 248 行.
NOTIC: [8] Undefined variable: stopTime /Users/adnetsalso/Sites/ad/Lib/Action/BillAction.class.php 第 248 行.

[ 2013-01-10T15:14:39+08:00 ] 127.0.0.1 /ad/bill/lst
INFO: [ route_check ] --START--
INFO: Run CheckRoute Behavior [ RunTime:0.000072s ]
INFO: [ route_check ] --END-- [ RunTime:0.000126s ]
INFO: [ app_begin ] --START--
INFO: Run ReadHtmlCache Behavior [ RunTime:-0.000194s ]
INFO: [ app_begin ] --END-- [ RunTime:0.000087s ]
NOTIC: [8] Undefined offset: 2 /Users/adnetsalso/Sites/ad/Lib/Action/BillAction.class.php 第 225 行.
SQL: alsogood.getCollection(adseat) [ RunTime:0.000025s ]
NOTIC: [8] Undefined index: order /Users/adnetsalso/Sites/ad/ThinkPHP/Lib/Driver/Db/DbMongo.class.php 第 447 行.
SQL: alsogood.adseat.find({"website":{"$id":"509a04be96838cb770a61bd2"}},["_id"]) [ RunTime:0.000061s ]
SQL: alsogood.getCollection(bill) [ RunTime:0.000011s ]
NOTIC: [8] Undefined index: order /Users/adnetsalso/Sites/ad/ThinkPHP/Lib/Driver/Db/DbMongo.class.php 第 447 行.
SQL: alsogood.bill.find({"seat":{"$in":["509ca84af8894e3873000000","509ca88ef8894e7585000000","509ca90df8894e7485000000","509ca936f8894e758a000000","509ca986f8894e7585010000","509ca9b0f8894e7485010000","509ca9f3f8894e0f73000000","509cb2eff8894e7485020000","50a1e96af8894ec319000000","50a1e9bef8894e6c54000000","50a1f3b3f8894e6217000000","50a200a6f8894e525d000000","50a2212ef8894ee45d010000","50a25386f8894eb970010000","50a35cd0f8894ea89e000000","50a49ad3f8894e6ad9000000","50ac67f9f8894e9950010000"]}},["name","desc","order","put"]).limit(10) [ RunTime:0.000051s ]
NOTIC: [8] Undefined variable: stopTime /Users/adnetsalso/Sites/ad/Lib/Action/BillAction.class.php 第 250 行.
NOTIC: [8] Undefined variable: stopTime /Users/adnetsalso/Sites/ad/Lib/Action/BillAction.class.php 第 250 行.
NOTIC: [8] Undefined variable: stopTime /Users/adnetsalso/Sites/ad/Lib/Action/BillAction.class.php 第 250 行.
NOTIC: [8] Undefined variable: stopTime /Users/adnetsalso/Sites/ad/Lib/Action/BillAction.class.php 第 250 行.

[ 2013-01-10T15:14:57+08:00 ] 127.0.0.1 /ad/bill/lst
INFO: [ route_check ] --START--
INFO: Run CheckRoute Behavior [ RunTime:0.000130s ]
INFO: [ route_check ] --END-- [ RunTime:0.000226s ]
INFO: [ app_begin ] --START--
INFO: Run ReadHtmlCache Behavior [ RunTime:-0.000299s ]
INFO: [ app_begin ] --END-- [ RunTime:0.000133s ]
NOTIC: [8] Undefined offset: 2 /Users/adnetsalso/Sites/ad/Lib/Action/BillAction.class.php 第 225 行.
SQL: alsogood.getCollection(adseat) [ RunTime:0.000044s ]
NOTIC: [8] Undefined index: order /Users/adnetsalso/Sites/ad/ThinkPHP/Lib/Driver/Db/DbMongo.class.php 第 447 行.
SQL: alsogood.adseat.find({"website":{"$id":"509a04be96838cb770a61bd2"}},["_id"]) [ RunTime:0.007401s ]
SQL: alsogood.getCollection(bill) [ RunTime:0.000036s ]
NOTIC: [8] Undefined index: order /Users/adnetsalso/Sites/ad/ThinkPHP/Lib/Driver/Db/DbMongo.class.php 第 447 行.
SQL: alsogood.bill.find({"seat":{"$in":["509ca84af8894e3873000000","509ca88ef8894e7585000000","509ca90df8894e7485000000","509ca936f8894e758a000000","509ca986f8894e7585010000","509ca9b0f8894e7485010000","509ca9f3f8894e0f73000000","509cb2eff8894e7485020000","50a1e96af8894ec319000000","50a1e9bef8894e6c54000000","50a1f3b3f8894e6217000000","50a200a6f8894e525d000000","50a2212ef8894ee45d010000","50a25386f8894eb970010000","50a35cd0f8894ea89e000000","50a49ad3f8894e6ad9000000","50ac67f9f8894e9950010000"]}},["name","desc","order","put"]).limit(10) [ RunTime:0.000199s ]
NOTIC: [8] Undefined variable: stopTime /Users/adnetsalso/Sites/ad/Lib/Action/BillAction.class.php 第 250 行.
NOTIC: [8] Undefined variable: stopTime /Users/adnetsalso/Sites/ad/Lib/Action/BillAction.class.php 第 250 行.
NOTIC: [8] Undefined variable: stopTime /Users/adnetsalso/Sites/ad/Lib/Action/BillAction.class.php 第 250 行.
NOTIC: [8] Undefined variable: stopTime /Users/adnetsalso/Sites/ad/Lib/Action/BillAction.class.php 第 250 行.

[ 2013-01-10T15:15:13+08:00 ] 127.0.0.1 /ad/bill/lst
INFO: [ route_check ] --START--
INFO: Run CheckRoute Behavior [ RunTime:0.000062s ]
INFO: [ route_check ] --END-- [ RunTime:0.000116s ]
INFO: [ app_begin ] --START--
INFO: Run ReadHtmlCache Behavior [ RunTime:-0.000196s ]
INFO: [ app_begin ] --END-- [ RunTime:0.000087s ]
NOTIC: [8] Undefined offset: 2 /Users/adnetsalso/Sites/ad/Lib/Action/BillAction.class.php 第 225 行.
SQL: alsogood.getCollection(adseat) [ RunTime:0.000066s ]
NOTIC: [8] Undefined index: order /Users/adnetsalso/Sites/ad/ThinkPHP/Lib/Driver/Db/DbMongo.class.php 第 447 行.
SQL: alsogood.adseat.find({"website":{"$id":"509a04be96838cb770a61bd2"}},["_id"]) [ RunTime:0.000105s ]
SQL: alsogood.getCollection(bill) [ RunTime:0.000019s ]
NOTIC: [8] Undefined index: order /Users/adnetsalso/Sites/ad/ThinkPHP/Lib/Driver/Db/DbMongo.class.php 第 447 行.
SQL: alsogood.bill.find({"seat":{"$in":["509ca84af8894e3873000000","509ca88ef8894e7585000000","509ca90df8894e7485000000","509ca936f8894e758a000000","509ca986f8894e7585010000","509ca9b0f8894e7485010000","509ca9f3f8894e0f73000000","509cb2eff8894e7485020000","50a1e96af8894ec319000000","50a1e9bef8894e6c54000000","50a1f3b3f8894e6217000000","50a200a6f8894e525d000000","50a2212ef8894ee45d010000","50a25386f8894eb970010000","50a35cd0f8894ea89e000000","50a49ad3f8894e6ad9000000","50ac67f9f8894e9950010000"]}},["name","desc","order","put"]).limit(10) [ RunTime:0.000077s ]
NOTIC: [8] Undefined variable: stopTime /Users/adnetsalso/Sites/ad/Lib/Action/BillAction.class.php 第 250 行.
NOTIC: [8] Undefined variable: stopTime /Users/adnetsalso/Sites/ad/Lib/Action/BillAction.class.php 第 250 行.
NOTIC: [8] Undefined variable: stopTime /Users/adnetsalso/Sites/ad/Lib/Action/BillAction.class.php 第 250 行.
NOTIC: [8] Undefined variable: stopTime /Users/adnetsalso/Sites/ad/Lib/Action/BillAction.class.php 第 250 行.

[ 2013-01-10T15:15:21+08:00 ] 127.0.0.1 /ad/bill/lst
INFO: [ route_check ] --START--
INFO: Run CheckRoute Behavior [ RunTime:0.000087s ]
INFO: [ route_check ] --END-- [ RunTime:0.000169s ]
INFO: [ app_begin ] --START--
INFO: Run ReadHtmlCache Behavior [ RunTime:-0.000319s ]
INFO: [ app_begin ] --END-- [ RunTime:0.000143s ]
NOTIC: [8] Undefined offset: 2 /Users/adnetsalso/Sites/ad/Lib/Action/BillAction.class.php 第 225 行.
SQL: alsogood.getCollection(adseat) [ RunTime:0.000037s ]
NOTIC: [8] Undefined index: order /Users/adnetsalso/Sites/ad/ThinkPHP/Lib/Driver/Db/DbMongo.class.php 第 447 行.
SQL: alsogood.adseat.find({"website":{"$id":"509a04be96838cb770a61bd2"}},["_id"]) [ RunTime:0.000098s ]
SQL: alsogood.getCollection(bill) [ RunTime:0.000019s ]
NOTIC: [8] Undefined index: order /Users/adnetsalso/Sites/ad/ThinkPHP/Lib/Driver/Db/DbMongo.class.php 第 447 行.
SQL: alsogood.bill.find({"seat":{"$in":["509ca84af8894e3873000000","509ca88ef8894e7585000000","509ca90df8894e7485000000","509ca936f8894e758a000000","509ca986f8894e7585010000","509ca9b0f8894e7485010000","509ca9f3f8894e0f73000000","509cb2eff8894e7485020000","50a1e96af8894ec319000000","50a1e9bef8894e6c54000000","50a1f3b3f8894e6217000000","50a200a6f8894e525d000000","50a2212ef8894ee45d010000","50a25386f8894eb970010000","50a35cd0f8894ea89e000000","50a49ad3f8894e6ad9000000","50ac67f9f8894e9950010000"]}},["name","desc","order","put"]).limit(10) [ RunTime:0.000079s ]

[ 2013-01-10T15:15:30+08:00 ] 127.0.0.1 /ad/bill/lst
INFO: [ route_check ] --START--
INFO: Run CheckRoute Behavior [ RunTime:0.000112s ]
INFO: [ route_check ] --END-- [ RunTime:0.000206s ]
INFO: [ app_begin ] --START--
INFO: Run ReadHtmlCache Behavior [ RunTime:-0.000336s ]
INFO: [ app_begin ] --END-- [ RunTime:0.000133s ]
NOTIC: [8] Undefined offset: 2 /Users/adnetsalso/Sites/ad/Lib/Action/BillAction.class.php 第 225 行.
SQL: alsogood.getCollection(adseat) [ RunTime:0.000027s ]
NOTIC: [8] Undefined index: order /Users/adnetsalso/Sites/ad/ThinkPHP/Lib/Driver/Db/DbMongo.class.php 第 447 行.
SQL: alsogood.adseat.find({"website":{"$id":"509a04be96838cb770a61bd2"}},["_id"]) [ RunTime:0.000085s ]
SQL: alsogood.getCollection(bill) [ RunTime:0.000018s ]
NOTIC: [8] Undefined index: order /Users/adnetsalso/Sites/ad/ThinkPHP/Lib/Driver/Db/DbMongo.class.php 第 447 行.
SQL: alsogood.bill.find({"seat":{"$in":["509ca84af8894e3873000000","509ca88ef8894e7585000000","509ca90df8894e7485000000","509ca936f8894e758a000000","509ca986f8894e7585010000","509ca9b0f8894e7485010000","509ca9f3f8894e0f73000000","509cb2eff8894e7485020000","50a1e96af8894ec319000000","50a1e9bef8894e6c54000000","50a1f3b3f8894e6217000000","50a200a6f8894e525d000000","50a2212ef8894ee45d010000","50a25386f8894eb970010000","50a35cd0f8894ea89e000000","50a49ad3f8894e6ad9000000","50ac67f9f8894e9950010000"]}},["name","desc","order","put"]).limit(10) [ RunTime:0.000076s ]

[ 2013-01-10T15:17:06+08:00 ] 127.0.0.1 /ad/bill/lst
INFO: [ route_check ] --START--
INFO: Run CheckRoute Behavior [ RunTime:0.000111s ]
INFO: [ route_check ] --END-- [ RunTime:0.000202s ]
INFO: [ app_begin ] --START--
INFO: Run ReadHtmlCache Behavior [ RunTime:-0.000357s ]
INFO: [ app_begin ] --END-- [ RunTime:0.000169s ]
NOTIC: [8] Undefined offset: 2 /Users/adnetsalso/Sites/ad/Lib/Action/BillAction.class.php 第 225 行.
SQL: alsogood.getCollection(adseat) [ RunTime:0.000020s ]
NOTIC: [8] Undefined index: order /Users/adnetsalso/Sites/ad/ThinkPHP/Lib/Driver/Db/DbMongo.class.php 第 447 行.
SQL: alsogood.adseat.find({"website":{"$id":"509a04be96838cb770a61bd2"}},["_id"]) [ RunTime:0.000050s ]
SQL: alsogood.getCollection(bill) [ RunTime:0.000014s ]
NOTIC: [8] Undefined index: order /Users/adnetsalso/Sites/ad/ThinkPHP/Lib/Driver/Db/DbMongo.class.php 第 447 行.
SQL: alsogood.bill.find({"seat":{"$in":["509ca84af8894e3873000000","509ca88ef8894e7585000000","509ca90df8894e7485000000","509ca936f8894e758a000000","509ca986f8894e7585010000","509ca9b0f8894e7485010000","509ca9f3f8894e0f73000000","509cb2eff8894e7485020000","50a1e96af8894ec319000000","50a1e9bef8894e6c54000000","50a1f3b3f8894e6217000000","50a200a6f8894e525d000000","50a2212ef8894ee45d010000","50a25386f8894eb970010000","50a35cd0f8894ea89e000000","50a49ad3f8894e6ad9000000","50ac67f9f8894e9950010000"]}},["name","desc","order","put"]).limit(10) [ RunTime:0.000063s ]

[ 2013-01-10T15:19:19+08:00 ] 127.0.0.1 /ad/bill/lst
INFO: [ route_check ] --START--
INFO: Run CheckRoute Behavior [ RunTime:0.000065s ]
INFO: [ route_check ] --END-- [ RunTime:0.000120s ]
INFO: [ app_begin ] --START--
INFO: Run ReadHtmlCache Behavior [ RunTime:-0.000206s ]
INFO: [ app_begin ] --END-- [ RunTime:0.000096s ]
NOTIC: [8] Undefined offset: 2 /Users/adnetsalso/Sites/ad/Lib/Action/BillAction.class.php 第 225 行.
SQL: alsogood.getCollection(adseat) [ RunTime:0.000025s ]
NOTIC: [8] Undefined index: order /Users/adnetsalso/Sites/ad/ThinkPHP/Lib/Driver/Db/DbMongo.class.php 第 447 行.
SQL: alsogood.adseat.find({"website":{"$id":"509a04be96838cb770a61bd2"}},["_id"]) [ RunTime:0.000061s ]
SQL: alsogood.getCollection(bill) [ RunTime:0.000013s ]
NOTIC: [8] Undefined index: order /Users/adnetsalso/Sites/ad/ThinkPHP/Lib/Driver/Db/DbMongo.class.php 第 447 行.
SQL: alsogood.bill.find({"seat":{"$in":["509ca84af8894e3873000000","509ca88ef8894e7585000000","509ca90df8894e7485000000","509ca936f8894e758a000000","509ca986f8894e7585010000","509ca9b0f8894e7485010000","509ca9f3f8894e0f73000000","509cb2eff8894e7485020000","50a1e96af8894ec319000000","50a1e9bef8894e6c54000000","50a1f3b3f8894e6217000000","50a200a6f8894e525d000000","50a2212ef8894ee45d010000","50a25386f8894eb970010000","50a35cd0f8894ea89e000000","50a49ad3f8894e6ad9000000","50ac67f9f8894e9950010000"]}},["name","desc","order","put"]).limit(10) [ RunTime:0.000051s ]

[ 2013-01-10T15:19:28+08:00 ] 127.0.0.1 /ad/bill/lst
INFO: [ route_check ] --START--
INFO: Run CheckRoute Behavior [ RunTime:0.000090s ]
INFO: [ route_check ] --END-- [ RunTime:0.000163s ]
INFO: [ app_begin ] --START--
INFO: Run ReadHtmlCache Behavior [ RunTime:-0.000279s ]
INFO: [ app_begin ] --END-- [ RunTime:0.000132s ]
NOTIC: [8] Undefined offset: 2 /Users/adnetsalso/Sites/ad/Lib/Action/BillAction.class.php 第 225 行.
SQL: alsogood.getCollection(adseat) [ RunTime:0.000025s ]
NOTIC: [8] Undefined index: order /Users/adnetsalso/Sites/ad/ThinkPHP/Lib/Driver/Db/DbMongo.class.php 第 447 行.
SQL: alsogood.adseat.find({"website":{"$id":"509a04be96838cb770a61bd2"}},["_id"]) [ RunTime:0.000051s ]
SQL: alsogood.getCollection(bill) [ RunTime:0.000020s ]
NOTIC: [8] Undefined index: order /Users/adnetsalso/Sites/ad/ThinkPHP/Lib/Driver/Db/DbMongo.class.php 第 447 行.
SQL: alsogood.bill.find({"seat":{"$in":["509ca84af8894e3873000000","509ca88ef8894e7585000000","509ca90df8894e7485000000","509ca936f8894e758a000000","509ca986f8894e7585010000","509ca9b0f8894e7485010000","509ca9f3f8894e0f73000000","509cb2eff8894e7485020000","50a1e96af8894ec319000000","50a1e9bef8894e6c54000000","50a1f3b3f8894e6217000000","50a200a6f8894e525d000000","50a2212ef8894ee45d010000","50a25386f8894eb970010000","50a35cd0f8894ea89e000000","50a49ad3f8894e6ad9000000","50ac67f9f8894e9950010000"]}},["name","desc","order","put"]).limit(10) [ RunTime:0.000072s ]

[ 2013-01-10T15:20:43+08:00 ] 127.0.0.1 /ad/bill/lst
INFO: [ route_check ] --START--
INFO: Run CheckRoute Behavior [ RunTime:0.000074s ]
INFO: [ route_check ] --END-- [ RunTime:0.000137s ]
INFO: [ app_begin ] --START--
INFO: Run ReadHtmlCache Behavior [ RunTime:-0.000236s ]
INFO: [ app_begin ] --END-- [ RunTime:0.000109s ]
NOTIC: [8] Undefined offset: 2 /Users/adnetsalso/Sites/ad/Lib/Action/BillAction.class.php 第 225 行.
SQL: alsogood.getCollection(adseat) [ RunTime:0.000024s ]
NOTIC: [8] Undefined index: order /Users/adnetsalso/Sites/ad/ThinkPHP/Lib/Driver/Db/DbMongo.class.php 第 447 行.
SQL: alsogood.adseat.find({"website":{"$id":"509a04be96838cb770a61bd2"}},["_id"]) [ RunTime:0.000062s ]
SQL: alsogood.getCollection(bill) [ RunTime:0.000014s ]
NOTIC: [8] Undefined index: order /Users/adnetsalso/Sites/ad/ThinkPHP/Lib/Driver/Db/DbMongo.class.php 第 447 行.
SQL: alsogood.bill.find({"seat":{"$in":["509ca84af8894e3873000000","509ca88ef8894e7585000000","509ca90df8894e7485000000","509ca936f8894e758a000000","509ca986f8894e7585010000","509ca9b0f8894e7485010000","509ca9f3f8894e0f73000000","509cb2eff8894e7485020000","50a1e96af8894ec319000000","50a1e9bef8894e6c54000000","50a1f3b3f8894e6217000000","50a200a6f8894e525d000000","50a2212ef8894ee45d010000","50a25386f8894eb970010000","50a35cd0f8894ea89e000000","50a49ad3f8894e6ad9000000","50ac67f9f8894e9950010000"]}},["name","desc","order","put"]).limit(10) [ RunTime:0.013622s ]

[ 2013-01-10T15:26:40+08:00 ] 127.0.0.1 /ad/bill/lst
INFO: [ route_check ] --START--
INFO: Run CheckRoute Behavior [ RunTime:0.000079s ]
INFO: [ route_check ] --END-- [ RunTime:0.000151s ]
INFO: [ app_begin ] --START--
INFO: Run ReadHtmlCache Behavior [ RunTime:-0.000212s ]
INFO: [ app_begin ] --END-- [ RunTime:0.000094s ]
NOTIC: [8] Undefined offset: 2 /Users/adnetsalso/Sites/ad/Lib/Action/BillAction.class.php 第 225 行.
SQL: alsogood.getCollection(adseat) [ RunTime:0.000017s ]
NOTIC: [8] Undefined index: order /Users/adnetsalso/Sites/ad/ThinkPHP/Lib/Driver/Db/DbMongo.class.php 第 447 行.
SQL: alsogood.adseat.find({"website":{"$id":"509a04be96838cb770a61bd2"}},["_id"]) [ RunTime:0.000051s ]
SQL: alsogood.getCollection(bill) [ RunTime:0.000013s ]
NOTIC: [8] Undefined index: order /Users/adnetsalso/Sites/ad/ThinkPHP/Lib/Driver/Db/DbMongo.class.php 第 447 行.
SQL: alsogood.bill.find({"seat":{"$in":["509ca84af8894e3873000000","509ca88ef8894e7585000000","509ca90df8894e7485000000","509ca936f8894e758a000000","509ca986f8894e7585010000","509ca9b0f8894e7485010000","509ca9f3f8894e0f73000000","509cb2eff8894e7485020000","50a1e96af8894ec319000000","50a1e9bef8894e6c54000000","50a1f3b3f8894e6217000000","50a200a6f8894e525d000000","50a2212ef8894ee45d010000","50a25386f8894eb970010000","50a35cd0f8894ea89e000000","50a49ad3f8894e6ad9000000","50ac67f9f8894e9950010000"]}},["name","desc","order","put"]).limit(10) [ RunTime:0.000054s ]
NOTIC: [8] Trying to get property of non-object /Users/adnetsalso/Sites/ad/Lib/Action/BillAction.class.php 第 248 行.
NOTIC: [8] Trying to get property of non-object /Users/adnetsalso/Sites/ad/Lib/Action/BillAction.class.php 第 248 行.
NOTIC: [8] Trying to get property of non-object /Users/adnetsalso/Sites/ad/Lib/Action/BillAction.class.php 第 248 行.
NOTIC: [8] Trying to get property of non-object /Users/adnetsalso/Sites/ad/Lib/Action/BillAction.class.php 第 248 行.

[ 2013-01-10T15:34:58+08:00 ] ERR: [4] syntax error, unexpected '}' /Users/adnetsalso/Sites/ad/Lib/Action/BillAction.class.php 第 255 行.
[ 2013-01-10T15:35:08+08:00 ] 127.0.0.1 /ad/bill/lst
INFO: [ route_check ] --START--
INFO: Run CheckRoute Behavior [ RunTime:0.000064s ]
INFO: [ route_check ] --END-- [ RunTime:0.000117s ]
INFO: [ app_begin ] --START--
INFO: Run ReadHtmlCache Behavior [ RunTime:-0.000193s ]
INFO: [ app_begin ] --END-- [ RunTime:0.000087s ]
NOTIC: [8] Undefined offset: 2 /Users/adnetsalso/Sites/ad/Lib/Action/BillAction.class.php 第 225 行.
SQL: alsogood.getCollection(adseat) [ RunTime:0.000017s ]
NOTIC: [8] Undefined index: order /Users/adnetsalso/Sites/ad/ThinkPHP/Lib/Driver/Db/DbMongo.class.php 第 447 行.
SQL: alsogood.adseat.find({"website":{"$id":"509a04be96838cb770a61bd2"}},["_id"]) [ RunTime:0.000047s ]
SQL: alsogood.getCollection(bill) [ RunTime:0.000013s ]
NOTIC: [8] Undefined index: order /Users/adnetsalso/Sites/ad/ThinkPHP/Lib/Driver/Db/DbMongo.class.php 第 447 行.
SQL: alsogood.bill.find({"seat":{"$in":["509ca84af8894e3873000000","509ca88ef8894e7585000000","509ca90df8894e7485000000","509ca936f8894e758a000000","509ca986f8894e7585010000","509ca9b0f8894e7485010000","509ca9f3f8894e0f73000000","509cb2eff8894e7485020000","50a1e96af8894ec319000000","50a1e9bef8894e6c54000000","50a1f3b3f8894e6217000000","50a200a6f8894e525d000000","50a2212ef8894ee45d010000","50a25386f8894eb970010000","50a35cd0f8894ea89e000000","50a49ad3f8894e6ad9000000","50ac67f9f8894e9950010000"]}},["name","desc","order","put"]).limit(10) [ RunTime:0.000063s ]
NOTIC: [8] Undefined offset: 1 /Users/adnetsalso/Sites/ad/Lib/Action/BillAction.class.php 第 250 行.
NOTIC: [8] Trying to get property of non-object /Users/adnetsalso/Sites/ad/Lib/Action/BillAction.class.php 第 250 行.
NOTIC: [8] Undefined offset: 1 /Users/adnetsalso/Sites/ad/Lib/Action/BillAction.class.php 第 250 行.
NOTIC: [8] Trying to get property of non-object /Users/adnetsalso/Sites/ad/Lib/Action/BillAction.class.php 第 250 行.

[ 2013-01-10T15:37:05+08:00 ] 127.0.0.1 /ad/bill/lst
INFO: [ route_check ] --START--
INFO: Run CheckRoute Behavior [ RunTime:0.000074s ]
INFO: [ route_check ] --END-- [ RunTime:0.000134s ]
INFO: [ app_begin ] --START--
INFO: Run ReadHtmlCache Behavior [ RunTime:-0.000214s ]
INFO: [ app_begin ] --END-- [ RunTime:0.000095s ]
NOTIC: [8] Undefined offset: 2 /Users/adnetsalso/Sites/ad/Lib/Action/BillAction.class.php 第 225 行.
SQL: alsogood.getCollection(adseat) [ RunTime:0.000026s ]
NOTIC: [8] Undefined index: order /Users/adnetsalso/Sites/ad/ThinkPHP/Lib/Driver/Db/DbMongo.class.php 第 447 行.
SQL: alsogood.adseat.find({"website":{"$id":"509a04be96838cb770a61bd2"}},["_id"]) [ RunTime:0.000071s ]
SQL: alsogood.getCollection(bill) [ RunTime:0.000014s ]
NOTIC: [8] Undefined index: order /Users/adnetsalso/Sites/ad/ThinkPHP/Lib/Driver/Db/DbMongo.class.php 第 447 行.
SQL: alsogood.bill.find({"seat":{"$in":["509ca84af8894e3873000000","509ca88ef8894e7585000000","509ca90df8894e7485000000","509ca936f8894e758a000000","509ca986f8894e7585010000","509ca9b0f8894e7485010000","509ca9f3f8894e0f73000000","509cb2eff8894e7485020000","50a1e96af8894ec319000000","50a1e9bef8894e6c54000000","50a1f3b3f8894e6217000000","50a200a6f8894e525d000000","50a2212ef8894ee45d010000","50a25386f8894eb970010000","50a35cd0f8894ea89e000000","50a49ad3f8894e6ad9000000","50ac67f9f8894e9950010000"]}},["name","desc","order","put"]).limit(10) [ RunTime:0.000051s ]
NOTIC: [8] Undefined offset: 1 /Users/adnetsalso/Sites/ad/Lib/Action/BillAction.class.php 第 250 行.
NOTIC: [8] Trying to get property of non-object /Users/adnetsalso/Sites/ad/Lib/Action/BillAction.class.php 第 250 行.
NOTIC: [8] Undefined offset: 1 /Users/adnetsalso/Sites/ad/Lib/Action/BillAction.class.php 第 250 行.
NOTIC: [8] Trying to get property of non-object /Users/adnetsalso/Sites/ad/Lib/Action/BillAction.class.php 第 250 行.

[ 2013-01-10T15:37:32+08:00 ] 127.0.0.1 /ad/bill/lst
INFO: [ route_check ] --START--
INFO: Run CheckRoute Behavior [ RunTime:0.000065s ]
INFO: [ route_check ] --END-- [ RunTime:0.000121s ]
INFO: [ app_begin ] --START--
INFO: Run ReadHtmlCache Behavior [ RunTime:-0.000206s ]
INFO: [ app_begin ] --END-- [ RunTime:0.000093s ]
NOTIC: [8] Undefined offset: 2 /Users/adnetsalso/Sites/ad/Lib/Action/BillAction.class.php 第 225 行.
SQL: alsogood.getCollection(adseat) [ RunTime:0.000025s ]
NOTIC: [8] Undefined index: order /Users/adnetsalso/Sites/ad/ThinkPHP/Lib/Driver/Db/DbMongo.class.php 第 447 行.
SQL: alsogood.adseat.find({"website":{"$id":"509a04be96838cb770a61bd2"}},["_id"]) [ RunTime:0.000068s ]
SQL: alsogood.getCollection(bill) [ RunTime:0.000015s ]
NOTIC: [8] Undefined index: order /Users/adnetsalso/Sites/ad/ThinkPHP/Lib/Driver/Db/DbMongo.class.php 第 447 行.
SQL: alsogood.bill.find({"seat":{"$in":["509ca84af8894e3873000000","509ca88ef8894e7585000000","509ca90df8894e7485000000","509ca936f8894e758a000000","509ca986f8894e7585010000","509ca9b0f8894e7485010000","509ca9f3f8894e0f73000000","509cb2eff8894e7485020000","50a1e96af8894ec319000000","50a1e9bef8894e6c54000000","50a1f3b3f8894e6217000000","50a200a6f8894e525d000000","50a2212ef8894ee45d010000","50a25386f8894eb970010000","50a35cd0f8894ea89e000000","50a49ad3f8894e6ad9000000","50ac67f9f8894e9950010000"]}},["name","desc","order","put"]).limit(10) [ RunTime:0.000054s ]
NOTIC: [8] Undefined offset: 1 /Users/adnetsalso/Sites/ad/Lib/Action/BillAction.class.php 第 250 行.
NOTIC: [8] Trying to get property of non-object /Users/adnetsalso/Sites/ad/Lib/Action/BillAction.class.php 第 250 行.
NOTIC: [8] Undefined offset: 1 /Users/adnetsalso/Sites/ad/Lib/Action/BillAction.class.php 第 250 行.
NOTIC: [8] Trying to get property of non-object /Users/adnetsalso/Sites/ad/Lib/Action/BillAction.class.php 第 250 行.

[ 2013-01-10T15:37:52+08:00 ] 127.0.0.1 /ad/bill/lst
INFO: [ route_check ] --START--
INFO: Run CheckRoute Behavior [ RunTime:0.000088s ]
INFO: [ route_check ] --END-- [ RunTime:0.000162s ]
INFO: [ app_begin ] --START--
INFO: Run ReadHtmlCache Behavior [ RunTime:-0.000302s ]
INFO: [ app_begin ] --END-- [ RunTime:0.000132s ]
NOTIC: [8] Undefined offset: 2 /Users/adnetsalso/Sites/ad/Lib/Action/BillAction.class.php 第 225 行.
SQL: alsogood.getCollection(adseat) [ RunTime:0.000024s ]
NOTIC: [8] Undefined index: order /Users/adnetsalso/Sites/ad/ThinkPHP/Lib/Driver/Db/DbMongo.class.php 第 447 行.
SQL: alsogood.adseat.find({"website":{"$id":"509a04be96838cb770a61bd2"}},["_id"]) [ RunTime:0.000062s ]
SQL: alsogood.getCollection(bill) [ RunTime:0.000013s ]
NOTIC: [8] Undefined index: order /Users/adnetsalso/Sites/ad/ThinkPHP/Lib/Driver/Db/DbMongo.class.php 第 447 行.
SQL: alsogood.bill.find({"seat":{"$in":["509ca84af8894e3873000000","509ca88ef8894e7585000000","509ca90df8894e7485000000","509ca936f8894e758a000000","509ca986f8894e7585010000","509ca9b0f8894e7485010000","509ca9f3f8894e0f73000000","509cb2eff8894e7485020000","50a1e96af8894ec319000000","50a1e9bef8894e6c54000000","50a1f3b3f8894e6217000000","50a200a6f8894e525d000000","50a2212ef8894ee45d010000","50a25386f8894eb970010000","50a35cd0f8894ea89e000000","50a49ad3f8894e6ad9000000","50ac67f9f8894e9950010000"]}},["name","desc","order","put"]).limit(10) [ RunTime:0.000051s ]
NOTIC: [8] Undefined offset: 1 /Users/adnetsalso/Sites/ad/Lib/Action/BillAction.class.php 第 250 行.
NOTIC: [8] Trying to get property of non-object /Users/adnetsalso/Sites/ad/Lib/Action/BillAction.class.php 第 250 行.
NOTIC: [8] Undefined offset: 1 /Users/adnetsalso/Sites/ad/Lib/Action/BillAction.class.php 第 250 行.
NOTIC: [8] Trying to get property of non-object /Users/adnetsalso/Sites/ad/Lib/Action/BillAction.class.php 第 250 行.

