[ 2013-01-15T14:34:22+08:00 ] 127.0.0.1 /ad/
INFO: [ app_begin ] --START--
INFO: Run ReadHtmlCache Behavior [ RunTime:0.000206s ]
INFO: [ app_begin ] --END-- [ RunTime:0.000281s ]
INFO: [ view_template ] --START--
INFO: Run LocationTemplate Behavior [ RunTime:-0.144163s ]
INFO: [ view_template ] --END-- [ RunTime:0.036902s ]
INFO: [ view_parse ] --START--
NOTIC: [8] Use of undefined constant ad - assumed 'ad' /Users/adnetsalso/Sites/ad/Runtime/Cache/ee8aea2c68b05ccae06baa3bc2f3d3c0.php 第 15 行.
NOTIC: [8] Use of undefined constant loca - assumed 'loca' /Users/adnetsalso/Sites/ad/Runtime/Cache/ee8aea2c68b05ccae06baa3bc2f3d3c0.php 第 23 行.
NOTIC: [8] Use of undefined constant mater - assumed 'mater' /Users/adnetsalso/Sites/ad/Runtime/Cache/ee8aea2c68b05ccae06baa3bc2f3d3c0.php 第 31 行.
INFO: Run ParseTemplate Behavior [ RunTime:-0.181082s ]
INFO: [ view_parse ] --END-- [ RunTime:0.109359s ]
INFO: [ view_filter ] --START--
INFO: Run ContentReplace Behavior [ RunTime:-0.290531s ]
INFO: Run TokenBuild Behavior [ RunTime:-0.291032s ]
INFO: Run WriteHtmlCache Behavior [ RunTime:-0.291382s ]
INFO: Run ShowRuntime Behavior [ RunTime:-0.291598s ]
INFO: [ view_filter ] --END-- [ RunTime:0.001359s ]
INFO: [ view_end ] --START--
INFO: Run ShowPageTrace Behavior [ RunTime:-0.291953s ]
INFO: [ view_end ] --END-- [ RunTime:0.000245s ]

[ 2013-01-15T14:34:22+08:00 ] 127.0.0.1 /ad/bill/cnt/
INFO: [ route_check ] --START--
INFO: Run CheckRoute Behavior [ RunTime:0.000195s ]
INFO: [ route_check ] --END-- [ RunTime:0.000278s ]
INFO: [ app_begin ] --START--
INFO: Run ReadHtmlCache Behavior [ RunTime:-0.000336s ]
INFO: [ app_begin ] --END-- [ RunTime:0.000168s ]

[ 2013-01-15T14:34:22+08:00 ] 127.0.0.1 /ad/s/lgn
INFO: [ route_check ] --START--
INFO: Run CheckRoute Behavior [ RunTime:0.000096s ]
INFO: [ route_check ] --END-- [ RunTime:0.000165s ]
INFO: [ app_begin ] --START--
INFO: Run ReadHtmlCache Behavior [ RunTime:-0.000280s ]
INFO: [ app_begin ] --END-- [ RunTime:0.000139s ]
INFO: [ view_template ] --START--
INFO: Run LocationTemplate Behavior [ RunTime:-0.036384s ]
INFO: [ view_template ] --END-- [ RunTime:0.000301s ]
INFO: [ view_parse ] --START--
INFO: Run ParseTemplate Behavior [ RunTime:-0.036724s ]
INFO: [ view_parse ] --END-- [ RunTime:0.020539s ]
INFO: [ view_filter ] --START--
INFO: Run ContentReplace Behavior [ RunTime:-0.057287s ]
INFO: Run TokenBuild Behavior [ RunTime:-0.057382s ]
INFO: Run WriteHtmlCache Behavior [ RunTime:-0.057458s ]
INFO: Run ShowRuntime Behavior [ RunTime:-0.057512s ]
INFO: [ view_filter ] --END-- [ RunTime:0.000329s ]
INFO: [ view_end ] --START--
INFO: Run ShowPageTrace Behavior [ RunTime:-0.057658s ]
INFO: [ view_end ] --END-- [ RunTime:0.000087s ]

[ 2013-01-15T14:34:26+08:00 ] 127.0.0.1 /ad/index/loca
INFO: [ route_check ] --START--
INFO: Run CheckRoute Behavior [ RunTime:0.000065s ]
INFO: [ route_check ] --END-- [ RunTime:0.000121s ]
INFO: [ app_begin ] --START--
INFO: Run ReadHtmlCache Behavior [ RunTime:-0.000189s ]
INFO: [ app_begin ] --END-- [ RunTime:0.000096s ]

[ 2013-01-15T14:34:26+08:00 ] 127.0.0.1 /ad/s/lgn
INFO: [ route_check ] --START--
INFO: Run CheckRoute Behavior [ RunTime:0.000065s ]
INFO: [ route_check ] --END-- [ RunTime:0.000122s ]
INFO: [ app_begin ] --START--
INFO: Run ReadHtmlCache Behavior [ RunTime:-0.000190s ]
INFO: [ app_begin ] --END-- [ RunTime:0.000090s ]
INFO: [ view_template ] --START--
INFO: Run LocationTemplate Behavior [ RunTime:-0.000477s ]
INFO: [ view_template ] --END-- [ RunTime:0.000088s ]
INFO: [ view_parse ] --START--
INFO: Run ParseTemplate Behavior [ RunTime:-0.000589s ]
INFO: [ view_parse ] --END-- [ RunTime:0.001000s ]
INFO: [ view_filter ] --START--
INFO: Run ContentReplace Behavior [ RunTime:-0.001617s ]
INFO: Run TokenBuild Behavior [ RunTime:-0.001700s ]
INFO: Run WriteHtmlCache Behavior [ RunTime:-0.001770s ]
INFO: Run ShowRuntime Behavior [ RunTime:-0.001821s ]
INFO: [ view_filter ] --END-- [ RunTime:0.000299s ]
INFO: [ view_end ] --START--
INFO: Run ShowPageTrace Behavior [ RunTime:-0.001954s ]
INFO: [ view_end ] --END-- [ RunTime:0.000084s ]

[ 2013-01-15T14:34:28+08:00 ] 127.0.0.1 /ad/s/login
INFO: [ route_check ] --START--
INFO: Run CheckRoute Behavior [ RunTime:0.000092s ]
INFO: [ route_check ] --END-- [ RunTime:0.000171s ]
INFO: [ app_begin ] --START--
INFO: Run ReadHtmlCache Behavior [ RunTime:-0.000277s ]
INFO: [ app_begin ] --END-- [ RunTime:0.000119s ]
SQL: alsogood.getCollection(user) [ RunTime:0.000045s ]
NOTIC: [8] Undefined index: model /Users/adnetsalso/Sites/ad/ThinkPHP/Lib/Driver/Db/DbMongo.class.php 第 513 行.
SQL: alsogood.user.findOne({"email":"shiba@da.com","psd":"96e79218965eb72c92a549dd5a330112","state":1},["email","name","url"]) [ RunTime:0.025935s ]

[ 2013-01-15T14:34:28+08:00 ] 127.0.0.1 /ad/index/index
INFO: [ route_check ] --START--
INFO: Run CheckRoute Behavior [ RunTime:0.000075s ]
INFO: [ route_check ] --END-- [ RunTime:0.000138s ]
INFO: [ app_begin ] --START--
INFO: Run ReadHtmlCache Behavior [ RunTime:-0.000220s ]
INFO: [ app_begin ] --END-- [ RunTime:0.000096s ]
INFO: [ view_template ] --START--
INFO: Run LocationTemplate Behavior [ RunTime:-0.000615s ]
INFO: [ view_template ] --END-- [ RunTime:0.000102s ]
INFO: [ view_parse ] --START--
NOTIC: [8] Use of undefined constant ad - assumed 'ad' /Users/adnetsalso/Sites/ad/Runtime/Cache/ee8aea2c68b05ccae06baa3bc2f3d3c0.php 第 15 行.
NOTIC: [8] Use of undefined constant loca - assumed 'loca' /Users/adnetsalso/Sites/ad/Runtime/Cache/ee8aea2c68b05ccae06baa3bc2f3d3c0.php 第 23 行.
NOTIC: [8] Use of undefined constant mater - assumed 'mater' /Users/adnetsalso/Sites/ad/Runtime/Cache/ee8aea2c68b05ccae06baa3bc2f3d3c0.php 第 31 行.
INFO: Run ParseTemplate Behavior [ RunTime:-0.000744s ]
INFO: [ view_parse ] --END-- [ RunTime:0.002816s ]
INFO: [ view_filter ] --START--
INFO: Run ContentReplace Behavior [ RunTime:-0.003585s ]
INFO: Run TokenBuild Behavior [ RunTime:-0.003721s ]
INFO: Run WriteHtmlCache Behavior [ RunTime:-0.003796s ]
INFO: Run ShowRuntime Behavior [ RunTime:-0.003846s ]
INFO: [ view_filter ] --END-- [ RunTime:0.000362s ]
INFO: [ view_end ] --START--
INFO: Run ShowPageTrace Behavior [ RunTime:-0.003982s ]
INFO: [ view_end ] --END-- [ RunTime:0.000080s ]

[ 2013-01-15T14:34:28+08:00 ] 127.0.0.1 /ad/bill/cnt/
INFO: [ route_check ] --START--
INFO: Run CheckRoute Behavior [ RunTime:0.000113s ]
INFO: [ route_check ] --END-- [ RunTime:0.000194s ]
INFO: [ app_begin ] --START--
INFO: Run ReadHtmlCache Behavior [ RunTime:-0.000313s ]
INFO: [ app_begin ] --END-- [ RunTime:0.000162s ]
SQL: alsogood.getCollection(adseat) [ RunTime:0.000025s ]
SQL: alsogood.getCollection(website) [ RunTime:0.000026s ]
NOTIC: [8] Undefined index: model /Users/adnetsalso/Sites/ad/ThinkPHP/Lib/Driver/Db/DbMongo.class.php 第 513 行.
SQL: alsogood.website.findOne({"uid":{"$id":"509a041296838cb770a61bd0"}},["_id"]) [ RunTime:0.000484s ]
SQL: alsogood.getCollection(adseat) [ RunTime:0.000019s ]
NOTIC: [8] Undefined index: order /Users/adnetsalso/Sites/ad/ThinkPHP/Lib/Driver/Db/DbMongo.class.php 第 447 行.
SQL: alsogood.adseat.find({"website":{"$id":"509a04be96838cb770a61bd2"}},["_id"]) [ RunTime:0.000056s ]
SQL: alsogood.getCollection(bill) [ RunTime:0.000036s ]
NOTIC: [8] Undefined index: model /Users/adnetsalso/Sites/ad/ThinkPHP/Lib/Driver/Db/DbMongo.class.php 第 552 行.
SQL: alsogood.bill.find({"seat":{"$in":["509ca84af8894e3873000000","509ca88ef8894e7585000000","509ca90df8894e7485000000","509ca936f8894e758a000000","509ca986f8894e7585010000","509ca9b0f8894e7485010000","509ca9f3f8894e0f73000000","509cb2eff8894e7485020000","50a1e96af8894ec319000000","50a1e9bef8894e6c54000000","50a1f3b3f8894e6217000000","50a200a6f8894e525d000000","50a2212ef8894ee45d010000","50a25386f8894eb970010000","50a35cd0f8894ea89e000000","50a49ad3f8894e6ad9000000","50ac67f9f8894e9950010000"]}}).count() [ RunTime:0.000497s ]

[ 2013-01-15T14:34:28+08:00 ] 127.0.0.1 /ad/bill/lst/1
INFO: [ route_check ] --START--
INFO: Run CheckRoute Behavior [ RunTime:0.000070s ]
INFO: [ route_check ] --END-- [ RunTime:0.000140s ]
INFO: [ app_begin ] --START--
INFO: Run ReadHtmlCache Behavior [ RunTime:-0.000245s ]
INFO: [ app_begin ] --END-- [ RunTime:0.000112s ]
SQL: alsogood.getCollection(adseat) [ RunTime:0.000028s ]
NOTIC: [8] Undefined index: order /Users/adnetsalso/Sites/ad/ThinkPHP/Lib/Driver/Db/DbMongo.class.php 第 447 行.
SQL: alsogood.adseat.find({"website":{"$id":"509a04be96838cb770a61bd2"}},["_id"]) [ RunTime:0.000059s ]
SQL: alsogood.getCollection(bill) [ RunTime:0.000023s ]
SQL: alsogood.bill.find({"seat":{"$in":["509ca84af8894e3873000000","509ca88ef8894e7585000000","509ca90df8894e7485000000","509ca936f8894e758a000000","509ca986f8894e7585010000","509ca9b0f8894e7485010000","509ca9f3f8894e0f73000000","509cb2eff8894e7485020000","50a1e96af8894ec319000000","50a1e9bef8894e6c54000000","50a1f3b3f8894e6217000000","50a200a6f8894e525d000000","50a2212ef8894ee45d010000","50a25386f8894eb970010000","50a35cd0f8894ea89e000000","50a49ad3f8894e6ad9000000","50ac67f9f8894e9950010000"]},"put.time":{"$gte":{"sec":1358380800,"usec":0},"$lte":{"sec":1358899200,"usec":0}}},["name","desc","order","put"]).sort({"_id":-1}).limit(5) [ RunTime:0.000072s ]

[ 2013-01-15T14:34:30+08:00 ] 127.0.0.1 /ad/bill/lst/2
INFO: [ route_check ] --START--
INFO: Run CheckRoute Behavior [ RunTime:0.000066s ]
INFO: [ route_check ] --END-- [ RunTime:0.000115s ]
INFO: [ app_begin ] --START--
INFO: Run ReadHtmlCache Behavior [ RunTime:-0.000182s ]
INFO: [ app_begin ] --END-- [ RunTime:0.000092s ]
SQL: alsogood.getCollection(adseat) [ RunTime:0.000053s ]
NOTIC: [8] Undefined index: order /Users/adnetsalso/Sites/ad/ThinkPHP/Lib/Driver/Db/DbMongo.class.php 第 447 行.
SQL: alsogood.adseat.find({"website":{"$id":"509a04be96838cb770a61bd2"}},["_id"]) [ RunTime:0.000093s ]
SQL: alsogood.getCollection(bill) [ RunTime:0.000022s ]
SQL: alsogood.bill.find({"seat":{"$in":["509ca84af8894e3873000000","509ca88ef8894e7585000000","509ca90df8894e7485000000","509ca936f8894e758a000000","509ca986f8894e7585010000","509ca9b0f8894e7485010000","509ca9f3f8894e0f73000000","509cb2eff8894e7485020000","50a1e96af8894ec319000000","50a1e9bef8894e6c54000000","50a1f3b3f8894e6217000000","50a200a6f8894e525d000000","50a2212ef8894ee45d010000","50a25386f8894eb970010000","50a35cd0f8894ea89e000000","50a49ad3f8894e6ad9000000","50ac67f9f8894e9950010000"]},"put.time":{"$gte":{"sec":1358380800,"usec":0},"$lte":{"sec":1358899200,"usec":0}}},["name","desc","order","put"]).sort({"_id":-1}).skip(5).limit(5) [ RunTime:0.000074s ]
NOTIC: [2] Invalid argument supplied for foreach() /Users/adnetsalso/Sites/ad/Lib/Action/BillAction.class.php 第 215 行.

[ 2013-01-15T14:34:32+08:00 ] 127.0.0.1 /ad/bill/lst/3
INFO: [ route_check ] --START--
INFO: Run CheckRoute Behavior [ RunTime:0.000102s ]
INFO: [ route_check ] --END-- [ RunTime:0.000178s ]
INFO: [ app_begin ] --START--
INFO: Run ReadHtmlCache Behavior [ RunTime:-0.000269s ]
INFO: [ app_begin ] --END-- [ RunTime:0.000121s ]
SQL: alsogood.getCollection(adseat) [ RunTime:0.000027s ]
NOTIC: [8] Undefined index: order /Users/adnetsalso/Sites/ad/ThinkPHP/Lib/Driver/Db/DbMongo.class.php 第 447 行.
SQL: alsogood.adseat.find({"website":{"$id":"509a04be96838cb770a61bd2"}},["_id"]) [ RunTime:0.000063s ]
SQL: alsogood.getCollection(bill) [ RunTime:0.000016s ]
SQL: alsogood.bill.find({"seat":{"$in":["509ca84af8894e3873000000","509ca88ef8894e7585000000","509ca90df8894e7485000000","509ca936f8894e758a000000","509ca986f8894e7585010000","509ca9b0f8894e7485010000","509ca9f3f8894e0f73000000","509cb2eff8894e7485020000","50a1e96af8894ec319000000","50a1e9bef8894e6c54000000","50a1f3b3f8894e6217000000","50a200a6f8894e525d000000","50a2212ef8894ee45d010000","50a25386f8894eb970010000","50a35cd0f8894ea89e000000","50a49ad3f8894e6ad9000000","50ac67f9f8894e9950010000"]},"put.time":{"$gte":{"sec":1358380800,"usec":0},"$lte":{"sec":1358899200,"usec":0}}},["name","desc","order","put"]).sort({"_id":-1}).skip(10).limit(5) [ RunTime:0.000076s ]
NOTIC: [2] Invalid argument supplied for foreach() /Users/adnetsalso/Sites/ad/Lib/Action/BillAction.class.php 第 215 行.

[ 2013-01-15T14:34:32+08:00 ] 127.0.0.1 /ad/bill/lst/4
INFO: [ route_check ] --START--
INFO: Run CheckRoute Behavior [ RunTime:0.000103s ]
INFO: [ route_check ] --END-- [ RunTime:0.000176s ]
INFO: [ app_begin ] --START--
INFO: Run ReadHtmlCache Behavior [ RunTime:-0.000273s ]
INFO: [ app_begin ] --END-- [ RunTime:0.000147s ]
SQL: alsogood.getCollection(adseat) [ RunTime:0.000027s ]
NOTIC: [8] Undefined index: order /Users/adnetsalso/Sites/ad/ThinkPHP/Lib/Driver/Db/DbMongo.class.php 第 447 行.
SQL: alsogood.adseat.find({"website":{"$id":"509a04be96838cb770a61bd2"}},["_id"]) [ RunTime:0.000066s ]
SQL: alsogood.getCollection(bill) [ RunTime:0.000015s ]
SQL: alsogood.bill.find({"seat":{"$in":["509ca84af8894e3873000000","509ca88ef8894e7585000000","509ca90df8894e7485000000","509ca936f8894e758a000000","509ca986f8894e7585010000","509ca9b0f8894e7485010000","509ca9f3f8894e0f73000000","509cb2eff8894e7485020000","50a1e96af8894ec319000000","50a1e9bef8894e6c54000000","50a1f3b3f8894e6217000000","50a200a6f8894e525d000000","50a2212ef8894ee45d010000","50a25386f8894eb970010000","50a35cd0f8894ea89e000000","50a49ad3f8894e6ad9000000","50ac67f9f8894e9950010000"]},"put.time":{"$gte":{"sec":1358380800,"usec":0},"$lte":{"sec":1358899200,"usec":0}}},["name","desc","order","put"]).sort({"_id":-1}).skip(15).limit(5) [ RunTime:0.000046s ]
NOTIC: [2] Invalid argument supplied for foreach() /Users/adnetsalso/Sites/ad/Lib/Action/BillAction.class.php 第 215 行.

[ 2013-01-15T14:34:34+08:00 ] 127.0.0.1 /ad/bill/lst/1
INFO: [ route_check ] --START--
INFO: Run CheckRoute Behavior [ RunTime:0.000094s ]
INFO: [ route_check ] --END-- [ RunTime:0.000162s ]
INFO: [ app_begin ] --START--
INFO: Run ReadHtmlCache Behavior [ RunTime:-0.000266s ]
INFO: [ app_begin ] --END-- [ RunTime:0.000146s ]
SQL: alsogood.getCollection(adseat) [ RunTime:0.000024s ]
NOTIC: [8] Undefined index: order /Users/adnetsalso/Sites/ad/ThinkPHP/Lib/Driver/Db/DbMongo.class.php 第 447 行.
SQL: alsogood.adseat.find({"website":{"$id":"509a04be96838cb770a61bd2"}},["_id"]) [ RunTime:0.003314s ]
SQL: alsogood.getCollection(bill) [ RunTime:0.000024s ]
SQL: alsogood.bill.find({"seat":{"$in":["509ca84af8894e3873000000","509ca88ef8894e7585000000","509ca90df8894e7485000000","509ca936f8894e758a000000","509ca986f8894e7585010000","509ca9b0f8894e7485010000","509ca9f3f8894e0f73000000","509cb2eff8894e7485020000","50a1e96af8894ec319000000","50a1e9bef8894e6c54000000","50a1f3b3f8894e6217000000","50a200a6f8894e525d000000","50a2212ef8894ee45d010000","50a25386f8894eb970010000","50a35cd0f8894ea89e000000","50a49ad3f8894e6ad9000000","50ac67f9f8894e9950010000"]},"put.time":{"$gte":{"sec":1358380800,"usec":0},"$lte":{"sec":1358899200,"usec":0}}},["name","desc","order","put"]).sort({"_id":-1}).limit(5) [ RunTime:0.000067s ]

[ 2013-01-15T14:34:56+08:00 ] 127.0.0.1 /ad/bill/lst
INFO: [ route_check ] --START--
INFO: Run CheckRoute Behavior [ RunTime:0.000110s ]
INFO: [ route_check ] --END-- [ RunTime:0.000175s ]
INFO: [ app_begin ] --START--
INFO: Run ReadHtmlCache Behavior [ RunTime:-0.000300s ]
INFO: [ app_begin ] --END-- [ RunTime:0.000159s ]
NOTIC: [8] Undefined offset: 2 /Users/adnetsalso/Sites/ad/Lib/Action/BillAction.class.php 第 204 行.
SQL: alsogood.getCollection(adseat) [ RunTime:0.000027s ]
NOTIC: [8] Undefined index: order /Users/adnetsalso/Sites/ad/ThinkPHP/Lib/Driver/Db/DbMongo.class.php 第 447 行.
SQL: alsogood.adseat.find({"website":{"$id":"509a04be96838cb770a61bd2"}},["_id"]) [ RunTime:0.000084s ]
SQL: alsogood.getCollection(bill) [ RunTime:0.000012s ]
SQL: alsogood.bill.find({"seat":{"$in":["509ca84af8894e3873000000","509ca88ef8894e7585000000","509ca90df8894e7485000000","509ca936f8894e758a000000","509ca986f8894e7585010000","509ca9b0f8894e7485010000","509ca9f3f8894e0f73000000","509cb2eff8894e7485020000","50a1e96af8894ec319000000","50a1e9bef8894e6c54000000","50a1f3b3f8894e6217000000","50a200a6f8894e525d000000","50a2212ef8894ee45d010000","50a25386f8894eb970010000","50a35cd0f8894ea89e000000","50a49ad3f8894e6ad9000000","50ac67f9f8894e9950010000"]},"put.time":{"$gte":{"sec":1358380800,"usec":0},"$lte":{"sec":1358899200,"usec":0}}},["name","desc","order","put"]).sort({"_id":-1}).limit(5) [ RunTime:0.000052s ]

[ 2013-01-15T14:38:05+08:00 ] 127.0.0.1 /ad/bill/lst
INFO: [ route_check ] --START--
INFO: Run CheckRoute Behavior [ RunTime:0.000121s ]
INFO: [ route_check ] --END-- [ RunTime:0.000196s ]
INFO: [ app_begin ] --START--
INFO: Run ReadHtmlCache Behavior [ RunTime:-0.000349s ]
INFO: [ app_begin ] --END-- [ RunTime:0.000150s ]
NOTIC: [8] Undefined offset: 2 /Users/adnetsalso/Sites/ad/Lib/Action/BillAction.class.php 第 204 行.
SQL: alsogood.getCollection(adseat) [ RunTime:0.000019s ]
NOTIC: [8] Undefined index: order /Users/adnetsalso/Sites/ad/ThinkPHP/Lib/Driver/Db/DbMongo.class.php 第 447 行.
SQL: alsogood.adseat.find({"website":{"$id":"509a04be96838cb770a61bd2"}},["_id"]) [ RunTime:0.000056s ]
SQL: alsogood.getCollection(bill) [ RunTime:0.000030s ]
SQL: alsogood.bill.find({"seat":{"$in":["509ca84af8894e3873000000","509ca88ef8894e7585000000","509ca90df8894e7485000000","509ca936f8894e758a000000","509ca986f8894e7585010000","509ca9b0f8894e7485010000","509ca9f3f8894e0f73000000","509cb2eff8894e7485020000","50a1e96af8894ec319000000","50a1e9bef8894e6c54000000","50a1f3b3f8894e6217000000","50a200a6f8894e525d000000","50a2212ef8894ee45d010000","50a25386f8894eb970010000","50a35cd0f8894ea89e000000","50a49ad3f8894e6ad9000000","50ac67f9f8894e9950010000"]},"put.time":{"$gte":{"sec":1358380800,"usec":0},"$lte":{"sec":1358899200,"usec":0}}},["name","desc","order","put"]).sort({"_id":-1}).limit(5) [ RunTime:0.000058s ]

[ 2013-01-15T14:40:22+08:00 ] 127.0.0.1 /ad/bill/lst
INFO: [ route_check ] --START--
INFO: Run CheckRoute Behavior [ RunTime:0.000157s ]
INFO: [ route_check ] --END-- [ RunTime:0.000255s ]
INFO: [ app_begin ] --START--
INFO: Run ReadHtmlCache Behavior [ RunTime:-0.000420s ]
INFO: [ app_begin ] --END-- [ RunTime:0.000192s ]
NOTIC: [8] Undefined offset: 2 /Users/adnetsalso/Sites/ad/Lib/Action/BillAction.class.php 第 204 行.
SQL: alsogood.getCollection(adseat) [ RunTime:0.000021s ]
NOTIC: [8] Undefined index: order /Users/adnetsalso/Sites/ad/ThinkPHP/Lib/Driver/Db/DbMongo.class.php 第 447 行.
SQL: alsogood.adseat.find({"website":{"$id":"509a04be96838cb770a61bd2"}},["_id"]) [ RunTime:0.000058s ]
SQL: alsogood.getCollection(bill) [ RunTime:0.000016s ]
SQL: alsogood.bill.find({"seat":{"$in":["509ca84af8894e3873000000","509ca88ef8894e7585000000","509ca90df8894e7485000000","509ca936f8894e758a000000","509ca986f8894e7585010000","509ca9b0f8894e7485010000","509ca9f3f8894e0f73000000","509cb2eff8894e7485020000","50a1e96af8894ec319000000","50a1e9bef8894e6c54000000","50a1f3b3f8894e6217000000","50a200a6f8894e525d000000","50a2212ef8894ee45d010000","50a25386f8894eb970010000","50a35cd0f8894ea89e000000","50a49ad3f8894e6ad9000000","50ac67f9f8894e9950010000"]}},["name","desc","order","put"]).sort({"_id":-1}).limit(5) [ RunTime:0.000050s ]

[ 2013-01-15T14:40:33+08:00 ] 127.0.0.1 /ad/bill/lst
INFO: [ route_check ] --START--
INFO: Run CheckRoute Behavior [ RunTime:0.000136s ]
INFO: [ route_check ] --END-- [ RunTime:0.000284s ]
INFO: [ app_begin ] --START--
INFO: Run ReadHtmlCache Behavior [ RunTime:-0.000487s ]
INFO: [ app_begin ] --END-- [ RunTime:0.000197s ]
NOTIC: [8] Undefined offset: 2 /Users/adnetsalso/Sites/ad/Lib/Action/BillAction.class.php 第 204 行.
SQL: alsogood.getCollection(adseat) [ RunTime:0.000117s ]
NOTIC: [8] Undefined index: order /Users/adnetsalso/Sites/ad/ThinkPHP/Lib/Driver/Db/DbMongo.class.php 第 447 行.
SQL: alsogood.adseat.find({"website":{"$id":"509a04be96838cb770a61bd2"}},["_id"]) [ RunTime:0.000388s ]
SQL: alsogood.getCollection(bill) [ RunTime:0.000017s ]
SQL: alsogood.bill.find({"seat":{"$in":["509ca84af8894e3873000000","509ca88ef8894e7585000000","509ca90df8894e7485000000","509ca936f8894e758a000000","509ca986f8894e7585010000","509ca9b0f8894e7485010000","509ca9f3f8894e0f73000000","509cb2eff8894e7485020000","50a1e96af8894ec319000000","50a1e9bef8894e6c54000000","50a1f3b3f8894e6217000000","50a200a6f8894e525d000000","50a2212ef8894ee45d010000","50a25386f8894eb970010000","50a35cd0f8894ea89e000000","50a49ad3f8894e6ad9000000","50ac67f9f8894e9950010000"]},"put.time":{"$gte":{"sec":1358380800,"usec":0},"$lte":{"sec":1358899200,"usec":0}}},["name","desc","order","put"]).sort({"_id":-1}).limit(5) [ RunTime:0.000120s ]

[ 2013-01-15T14:47:15+08:00 ] 127.0.0.1 /ad/bill/lst
INFO: [ route_check ] --START--
INFO: Run CheckRoute Behavior [ RunTime:0.000152s ]
INFO: [ route_check ] --END-- [ RunTime:0.000300s ]
INFO: [ app_begin ] --START--
INFO: Run ReadHtmlCache Behavior [ RunTime:-0.000504s ]
INFO: [ app_begin ] --END-- [ RunTime:0.000232s ]
NOTIC: [8] Undefined offset: 2 /Users/adnetsalso/Sites/ad/Lib/Action/BillAction.class.php 第 204 行.
SQL: alsogood.getCollection(adseat) [ RunTime:0.000033s ]
NOTIC: [8] Undefined index: order /Users/adnetsalso/Sites/ad/ThinkPHP/Lib/Driver/Db/DbMongo.class.php 第 447 行.
SQL: alsogood.adseat.find({"website":{"$id":"509a04be96838cb770a61bd2"}},["_id"]) [ RunTime:0.000074s ]
SQL: alsogood.getCollection(bill) [ RunTime:0.000017s ]
SQL: alsogood.bill.find({"seat":{"$in":["509ca84af8894e3873000000","509ca88ef8894e7585000000","509ca90df8894e7485000000","509ca936f8894e758a000000","509ca986f8894e7585010000","509ca9b0f8894e7485010000","509ca9f3f8894e0f73000000","509cb2eff8894e7485020000","50a1e96af8894ec319000000","50a1e9bef8894e6c54000000","50a1f3b3f8894e6217000000","50a200a6f8894e525d000000","50a2212ef8894ee45d010000","50a25386f8894eb970010000","50a35cd0f8894ea89e000000","50a49ad3f8894e6ad9000000","50ac67f9f8894e9950010000"]}},["name","desc","order","put"]).sort({"_id":-1}).limit(5) [ RunTime:0.000050s ]

[ 2013-01-15T15:22:18+08:00 ] 127.0.0.1 /ad/index/index
INFO: [ route_check ] --START--
INFO: Run CheckRoute Behavior [ RunTime:0.000116s ]
INFO: [ route_check ] --END-- [ RunTime:0.000205s ]
INFO: [ app_begin ] --START--
INFO: Run ReadHtmlCache Behavior [ RunTime:-0.000335s ]
INFO: [ app_begin ] --END-- [ RunTime:0.000161s ]
INFO: [ view_template ] --START--
INFO: Run LocationTemplate Behavior [ RunTime:-0.001016s ]
INFO: [ view_template ] --END-- [ RunTime:0.000136s ]
INFO: [ view_parse ] --START--
NOTIC: [8] Use of undefined constant ad - assumed 'ad' /Users/adnetsalso/Sites/ad/Runtime/Cache/ee8aea2c68b05ccae06baa3bc2f3d3c0.php 第 15 行.
NOTIC: [8] Use of undefined constant loca - assumed 'loca' /Users/adnetsalso/Sites/ad/Runtime/Cache/ee8aea2c68b05ccae06baa3bc2f3d3c0.php 第 23 行.
NOTIC: [8] Use of undefined constant mater - assumed 'mater' /Users/adnetsalso/Sites/ad/Runtime/Cache/ee8aea2c68b05ccae06baa3bc2f3d3c0.php 第 31 行.
INFO: Run ParseTemplate Behavior [ RunTime:-0.001196s ]
INFO: [ view_parse ] --END-- [ RunTime:0.041751s ]
INFO: [ view_filter ] --START--
INFO: Run ContentReplace Behavior [ RunTime:-0.042967s ]
INFO: Run TokenBuild Behavior [ RunTime:-0.043194s ]
INFO: Run WriteHtmlCache Behavior [ RunTime:-0.043302s ]
INFO: Run ShowRuntime Behavior [ RunTime:-0.043381s ]
INFO: [ view_filter ] --END-- [ RunTime:0.000556s ]
INFO: [ view_end ] --START--
INFO: Run ShowPageTrace Behavior [ RunTime:-0.043577s ]
INFO: [ view_end ] --END-- [ RunTime:0.000108s ]

[ 2013-01-15T15:22:18+08:00 ] 127.0.0.1 /ad/bill/cnt/
INFO: [ route_check ] --START--
INFO: Run CheckRoute Behavior [ RunTime:0.000079s ]
INFO: [ route_check ] --END-- [ RunTime:0.000144s ]
INFO: [ app_begin ] --START--
INFO: Run ReadHtmlCache Behavior [ RunTime:-0.000295s ]
INFO: [ app_begin ] --END-- [ RunTime:0.000131s ]
SQL: alsogood.getCollection(adseat) [ RunTime:0.000027s ]
NOTIC: [8] Undefined index: order /Users/adnetsalso/Sites/ad/ThinkPHP/Lib/Driver/Db/DbMongo.class.php 第 447 行.
SQL: alsogood.adseat.find({"website":{"$id":"509a04be96838cb770a61bd2"}},["_id"]) [ RunTime:0.000061s ]
SQL: alsogood.getCollection(bill) [ RunTime:0.000019s ]
NOTIC: [8] Undefined index: model /Users/adnetsalso/Sites/ad/ThinkPHP/Lib/Driver/Db/DbMongo.class.php 第 552 行.
SQL: alsogood.bill.find({"seat":{"$in":["509ca84af8894e3873000000","509ca88ef8894e7585000000","509ca90df8894e7485000000","509ca936f8894e758a000000","509ca986f8894e7585010000","509ca9b0f8894e7485010000","509ca9f3f8894e0f73000000","509cb2eff8894e7485020000","50a1e96af8894ec319000000","50a1e9bef8894e6c54000000","50a1f3b3f8894e6217000000","50a200a6f8894e525d000000","50a2212ef8894ee45d010000","50a25386f8894eb970010000","50a35cd0f8894ea89e000000","50a49ad3f8894e6ad9000000","50ac67f9f8894e9950010000"]}}).count() [ RunTime:0.000416s ]

[ 2013-01-15T15:22:18+08:00 ] 127.0.0.1 /ad/bill/lst/1
INFO: [ route_check ] --START--
INFO: Run CheckRoute Behavior [ RunTime:0.000096s ]
INFO: [ route_check ] --END-- [ RunTime:0.000171s ]
INFO: [ app_begin ] --START--
INFO: Run ReadHtmlCache Behavior [ RunTime:-0.000256s ]
INFO: [ app_begin ] --END-- [ RunTime:0.000093s ]
SQL: alsogood.getCollection(adseat) [ RunTime:0.000016s ]
NOTIC: [8] Undefined index: order /Users/adnetsalso/Sites/ad/ThinkPHP/Lib/Driver/Db/DbMongo.class.php 第 447 行.
SQL: alsogood.adseat.find({"website":{"$id":"509a04be96838cb770a61bd2"}},["_id"]) [ RunTime:0.000065s ]
SQL: alsogood.getCollection(bill) [ RunTime:0.000015s ]
SQL: alsogood.bill.find({"seat":{"$in":["509ca84af8894e3873000000","509ca88ef8894e7585000000","509ca90df8894e7485000000","509ca936f8894e758a000000","509ca986f8894e7585010000","509ca9b0f8894e7485010000","509ca9f3f8894e0f73000000","509cb2eff8894e7485020000","50a1e96af8894ec319000000","50a1e9bef8894e6c54000000","50a1f3b3f8894e6217000000","50a200a6f8894e525d000000","50a2212ef8894ee45d010000","50a25386f8894eb970010000","50a35cd0f8894ea89e000000","50a49ad3f8894e6ad9000000","50ac67f9f8894e9950010000"]}},["name","desc","order","put"]).sort({"_id":-1}).limit(5) [ RunTime:0.000046s ]

[ 2013-01-15T15:22:38+08:00 ] 127.0.0.1 /ad/index/index
INFO: [ route_check ] --START--
INFO: Run CheckRoute Behavior [ RunTime:0.000090s ]
INFO: [ route_check ] --END-- [ RunTime:0.000158s ]
INFO: [ app_begin ] --START--
INFO: Run ReadHtmlCache Behavior [ RunTime:-0.000295s ]
INFO: [ app_begin ] --END-- [ RunTime:0.000152s ]
INFO: [ view_template ] --START--
INFO: Run LocationTemplate Behavior [ RunTime:-0.000948s ]
INFO: [ view_template ] --END-- [ RunTime:0.000177s ]
INFO: [ view_parse ] --START--
NOTIC: [8] Use of undefined constant ad - assumed 'ad' /Users/adnetsalso/Sites/ad/Runtime/Cache/ee8aea2c68b05ccae06baa3bc2f3d3c0.php 第 15 行.
NOTIC: [8] Use of undefined constant loca - assumed 'loca' /Users/adnetsalso/Sites/ad/Runtime/Cache/ee8aea2c68b05ccae06baa3bc2f3d3c0.php 第 23 行.
NOTIC: [8] Use of undefined constant mater - assumed 'mater' /Users/adnetsalso/Sites/ad/Runtime/Cache/ee8aea2c68b05ccae06baa3bc2f3d3c0.php 第 31 行.
INFO: Run ParseTemplate Behavior [ RunTime:-0.001174s ]
INFO: [ view_parse ] --END-- [ RunTime:0.003679s ]
INFO: [ view_filter ] --START--
INFO: Run ContentReplace Behavior [ RunTime:-0.004874s ]
INFO: Run TokenBuild Behavior [ RunTime:-0.005046s ]
INFO: Run WriteHtmlCache Behavior [ RunTime:-0.005173s ]
INFO: Run ShowRuntime Behavior [ RunTime:-0.005252s ]
INFO: [ view_filter ] --END-- [ RunTime:0.000503s ]
INFO: [ view_end ] --START--
INFO: Run ShowPageTrace Behavior [ RunTime:-0.005429s ]
INFO: [ view_end ] --END-- [ RunTime:0.000106s ]

[ 2013-01-15T15:22:38+08:00 ] 127.0.0.1 /ad/bill/cnt/
INFO: [ route_check ] --START--
INFO: Run CheckRoute Behavior [ RunTime:0.000113s ]
INFO: [ route_check ] --END-- [ RunTime:0.000192s ]
INFO: [ app_begin ] --START--
INFO: Run ReadHtmlCache Behavior [ RunTime:-0.000312s ]
INFO: [ app_begin ] --END-- [ RunTime:0.000164s ]
SQL: alsogood.getCollection(adseat) [ RunTime:0.000032s ]
NOTIC: [8] Undefined index: order /Users/adnetsalso/Sites/ad/ThinkPHP/Lib/Driver/Db/DbMongo.class.php 第 447 行.
SQL: alsogood.adseat.find({"website":{"$id":"509a04be96838cb770a61bd2"}},["_id"]) [ RunTime:0.000069s ]
SQL: alsogood.getCollection(bill) [ RunTime:0.000023s ]
NOTIC: [8] Undefined index: model /Users/adnetsalso/Sites/ad/ThinkPHP/Lib/Driver/Db/DbMongo.class.php 第 552 行.
SQL: alsogood.bill.find({"seat":{"$in":["509ca84af8894e3873000000","509ca88ef8894e7585000000","509ca90df8894e7485000000","509ca936f8894e758a000000","509ca986f8894e7585010000","509ca9b0f8894e7485010000","509ca9f3f8894e0f73000000","509cb2eff8894e7485020000","50a1e96af8894ec319000000","50a1e9bef8894e6c54000000","50a1f3b3f8894e6217000000","50a200a6f8894e525d000000","50a2212ef8894ee45d010000","50a25386f8894eb970010000","50a35cd0f8894ea89e000000","50a49ad3f8894e6ad9000000","50ac67f9f8894e9950010000"]}}).count() [ RunTime:0.000410s ]

[ 2013-01-15T15:22:38+08:00 ] 127.0.0.1 /ad/bill/lst/1
INFO: [ route_check ] --START--
INFO: Run CheckRoute Behavior [ RunTime:0.000122s ]
INFO: [ route_check ] --END-- [ RunTime:0.000216s ]
INFO: [ app_begin ] --START--
INFO: Run ReadHtmlCache Behavior [ RunTime:-0.000365s ]
INFO: [ app_begin ] --END-- [ RunTime:0.000240s ]
SQL: alsogood.getCollection(adseat) [ RunTime:0.000026s ]
NOTIC: [8] Undefined index: order /Users/adnetsalso/Sites/ad/ThinkPHP/Lib/Driver/Db/DbMongo.class.php 第 447 行.
SQL: alsogood.adseat.find({"website":{"$id":"509a04be96838cb770a61bd2"}},["_id"]) [ RunTime:0.000061s ]
SQL: alsogood.getCollection(bill) [ RunTime:0.000041s ]
SQL: alsogood.bill.find({"seat":{"$in":["509ca84af8894e3873000000","509ca88ef8894e7585000000","509ca90df8894e7485000000","509ca936f8894e758a000000","509ca986f8894e7585010000","509ca9b0f8894e7485010000","509ca9f3f8894e0f73000000","509cb2eff8894e7485020000","50a1e96af8894ec319000000","50a1e9bef8894e6c54000000","50a1f3b3f8894e6217000000","50a200a6f8894e525d000000","50a2212ef8894ee45d010000","50a25386f8894eb970010000","50a35cd0f8894ea89e000000","50a49ad3f8894e6ad9000000","50ac67f9f8894e9950010000"]}},["name","desc","order","put"]).sort({"_id":-1}).limit(5) [ RunTime:0.000064s ]

